{"cursor":0,"bookmark":{"seq":0,"timestamp":1766136769978},"event":{"channel":"monitor","type":"tool_manual_updated","tools":["insurance_filter","insurance_search","insurance_inspect"],"timestamp":1766136769978,"bookmark":{"seq":0,"timestamp":1766136769978}}}
{"cursor":1,"bookmark":{"seq":1,"timestamp":1766136769981},"event":{"channel":"monitor","type":"state_changed","state":"WORKING","bookmark":{"seq":1,"timestamp":1766136769981}}}
{"cursor":2,"bookmark":{"seq":2,"timestamp":1766136769981},"event":{"channel":"monitor","type":"breakpoint_changed","previous":"READY","current":"PRE_MODEL","timestamp":1766136769981,"bookmark":{"seq":2,"timestamp":1766136769981}}}
{"cursor":3,"bookmark":{"seq":3,"timestamp":1766136769984},"event":{"channel":"monitor","type":"breakpoint_changed","previous":"PRE_MODEL","current":"STREAMING_MODEL","timestamp":1766136769984,"bookmark":{"seq":3,"timestamp":1766136769984}}}
{"cursor":190,"bookmark":{"seq":190,"timestamp":1766136778361},"event":{"channel":"monitor","type":"token_usage","inputTokens":34,"outputTokens":620,"totalTokens":654,"bookmark":{"seq":190,"timestamp":1766136778361}}}
{"cursor":192,"bookmark":{"seq":192,"timestamp":1766136778363},"event":{"channel":"monitor","type":"step_complete","step":2,"bookmark":{"seq":192,"timestamp":1766136778363}}}
{"cursor":193,"bookmark":{"seq":193,"timestamp":1766136778363},"event":{"channel":"monitor","type":"state_changed","state":"READY","bookmark":{"seq":193,"timestamp":1766136778363}}}
{"cursor":194,"bookmark":{"seq":194,"timestamp":1766136778363},"event":{"channel":"monitor","type":"breakpoint_changed","previous":"STREAMING_MODEL","current":"READY","timestamp":1766136778363,"bookmark":{"seq":194,"timestamp":1766136778363}}}
{"cursor":195,"bookmark":{"seq":195,"timestamp":1766136809323},"event":{"channel":"monitor","type":"state_changed","state":"WORKING","bookmark":{"seq":195,"timestamp":1766136809323}}}
{"cursor":196,"bookmark":{"seq":196,"timestamp":1766136809323},"event":{"channel":"monitor","type":"breakpoint_changed","previous":"READY","current":"PRE_MODEL","timestamp":1766136809323,"bookmark":{"seq":196,"timestamp":1766136809323}}}
{"cursor":197,"bookmark":{"seq":197,"timestamp":1766136809324},"event":{"channel":"monitor","type":"breakpoint_changed","previous":"PRE_MODEL","current":"STREAMING_MODEL","timestamp":1766136809324,"bookmark":{"seq":197,"timestamp":1766136809324}}}
{"cursor":199,"bookmark":{"seq":199,"timestamp":1766136811463},"event":{"channel":"monitor","type":"token_usage","inputTokens":690,"outputTokens":42,"totalTokens":732,"bookmark":{"seq":199,"timestamp":1766136811463}}}
{"cursor":200,"bookmark":{"seq":200,"timestamp":1766136811466},"event":{"channel":"monitor","type":"breakpoint_changed","previous":"STREAMING_MODEL","current":"TOOL_PENDING","timestamp":1766136811466,"bookmark":{"seq":200,"timestamp":1766136811466}}}
{"cursor":202,"bookmark":{"seq":202,"timestamp":1766136811474},"event":{"channel":"monitor","type":"breakpoint_changed","previous":"TOOL_PENDING","current":"PRE_TOOL","timestamp":1766136811474,"bookmark":{"seq":202,"timestamp":1766136811474}}}
{"cursor":203,"bookmark":{"seq":203,"timestamp":1766136811474},"event":{"channel":"monitor","type":"breakpoint_changed","previous":"PRE_TOOL","current":"TOOL_EXECUTING","timestamp":1766136811474,"bookmark":{"seq":203,"timestamp":1766136811474}}}
{"cursor":204,"bookmark":{"seq":204,"timestamp":1766136811497},"event":{"channel":"monitor","type":"tool_executed","call":{"id":"call_202ao4253qe","name":"insurance_search","state":"COMPLETED","approval":{"required":false},"result":{"ok":true,"products":[{"id":40,"product_name":"友邦友型运动意外伤害保险（互联网专属）","score":80,"matches":{"description":"...包含意外事故保险金、骨折医疗、医药费用补偿及猝死保险金。...","extend_info":"{\"death_payout\": \"意外身故保险金\", \"sudden_death\": \"猝死保险金\", \"disability_payout\": \"意外伤残保险金\"}","coverage":"...• 意外身故保险金：在保险合同有效期内，若被保险人因遭受意外事故，且自该事故发生之日起一百八十日内身故的（不包括猝死），则本公司给付意外身故保险金予身故保险金受益人。 • 意外伤残保险金：在保险合同有效期内，若被保险人因遭受意外事故，且自该事故发生之日起一百八十日内导致伤残，..."}},{"id":7,"product_name":"友邦享运动意外伤害保险（互联网）","score":30,"matches":{"description":"一款包含意外身故、伤残及可选骨折医疗等责任的意外险。...","extend_info":"{\"death_payout\": \"意外身故保险金\", \"sudden_death\": \"猝死保险金\", \"disability_payout\": \"意外伤残保险金\"}","coverage":"...费用补偿金：在保险合同有效期内，若被保险人因遭受意外事故，且自该事故发生之日起一百八十日内因该事故所致伤害而经医院进行必要治疗，则给付意外医药费用补偿金。 • 猝死保险金：在保险合同有效期内，若被保险人发生猝死，则给付猝死保险金。..."}},{"id":29,"product_name":"友邦附加添益（2025）意外伤害保险","score":30,"matches":{"description":"包含一般意外、航空意外等责任的意外伤害保险产品。...","extend_info":"{\"death_payout\": \"一般/航空/特定/重大自然灾害\", \"sudden_death\": \"猝死保险金\", \"disability_payout\": \"一般/航空/特定/重大自然灾害\"}","coverage":"...金：被保险人因九种重大自然灾害的发生而遭受意外事故，且自该事故发生之日起一百八十日内导致伤残，按《人身保险伤残评定及代码》给付重大自然灾害意外伤残保险金。 • 猝死保险金：被保险人猝死，给付猝死保险金。 • 意外医药费用补偿金：被保险人因遭受意外事故，且自该事故发生之日起一百八十日内因该事故所致伤害而经医院进行必要治疗，给..."}},{"id":6,"product_name":"友邦乐运动意外伤害保险（互联网）","score":30,"matches":{"description":"一款包含意外身故、伤残及可选责任的保险产品。...","extend_info":"{\"death_payout\": \"意外身故保险金\", \"sudden_death\": \"猝死保险金\", \"disability_payout\": \"意外伤残保险金\"}","coverage":"...费用补偿金：在保险合同有效期内，若被保险人因遭受意外事故，且自该事故发生之日起一百八十日内因该事故所致伤害而经医院进行必要治疗，则给付意外医药费用补偿金。 • 猝死保险金：在保险合同有效期内，若被保险人发生猝死，则给付猝死保险金。..."}}]},"durationMs":23,"startedAt":1766136811474,"completedAt":1766136811497,"inputPreview":"{\"keyword\":\"猝死\",\"limit\":5}","auditTrail":[{"state":"PENDING","timestamp":1766136811466},{"state":"EXECUTING","timestamp":1766136811474,"note":"execution start"},{"state":"COMPLETED","timestamp":1766136811497,"note":"execution complete"}]},"bookmark":{"seq":204,"timestamp":1766136811497}}}
{"cursor":205,"bookmark":{"seq":205,"timestamp":1766136811497},"event":{"channel":"monitor","type":"breakpoint_changed","previous":"TOOL_EXECUTING","current":"POST_TOOL","timestamp":1766136811497,"bookmark":{"seq":205,"timestamp":1766136811497}}}
{"cursor":207,"bookmark":{"seq":207,"timestamp":1766136811499},"event":{"channel":"monitor","type":"state_changed","state":"READY","bookmark":{"seq":207,"timestamp":1766136811499}}}
{"cursor":208,"bookmark":{"seq":208,"timestamp":1766136811499},"event":{"channel":"monitor","type":"breakpoint_changed","previous":"POST_TOOL","current":"READY","timestamp":1766136811499,"bookmark":{"seq":208,"timestamp":1766136811499}}}
{"cursor":209,"bookmark":{"seq":209,"timestamp":1766136811499},"event":{"channel":"monitor","type":"state_changed","state":"WORKING","bookmark":{"seq":209,"timestamp":1766136811499}}}
{"cursor":210,"bookmark":{"seq":210,"timestamp":1766136811499},"event":{"channel":"monitor","type":"breakpoint_changed","previous":"READY","current":"PRE_MODEL","timestamp":1766136811499,"bookmark":{"seq":210,"timestamp":1766136811499}}}
{"cursor":211,"bookmark":{"seq":211,"timestamp":1766136811499},"event":{"channel":"monitor","type":"breakpoint_changed","previous":"PRE_MODEL","current":"STREAMING_MODEL","timestamp":1766136811499,"bookmark":{"seq":211,"timestamp":1766136811499}}}
{"cursor":213,"bookmark":{"seq":213,"timestamp":1766136814066},"event":{"channel":"monitor","type":"token_usage","inputTokens":1221,"outputTokens":61,"totalTokens":1282,"bookmark":{"seq":213,"timestamp":1766136814066}}}
{"cursor":214,"bookmark":{"seq":214,"timestamp":1766136814070},"event":{"channel":"monitor","type":"breakpoint_changed","previous":"STREAMING_MODEL","current":"TOOL_PENDING","timestamp":1766136814070,"bookmark":{"seq":214,"timestamp":1766136814070}}}
{"cursor":216,"bookmark":{"seq":216,"timestamp":1766136814072},"event":{"channel":"monitor","type":"breakpoint_changed","previous":"TOOL_PENDING","current":"PRE_TOOL","timestamp":1766136814072,"bookmark":{"seq":216,"timestamp":1766136814072}}}
{"cursor":217,"bookmark":{"seq":217,"timestamp":1766136814072},"event":{"channel":"monitor","type":"breakpoint_changed","previous":"PRE_TOOL","current":"TOOL_EXECUTING","timestamp":1766136814072,"bookmark":{"seq":217,"timestamp":1766136814072}}}
{"cursor":218,"bookmark":{"seq":218,"timestamp":1766136814082},"event":{"channel":"monitor","type":"tool_executed","call":{"id":"call_kv95ngxdsx","name":"insurance_filter","state":"COMPLETED","approval":{"required":false},"result":{"ok":true,"count":4,"products":[{"id":27,"product_name":"友邦附加万全如意 A 款豁免保费重大疾病保险","product_type":"重疾险","age_range":"18周岁至55周岁"},{"id":33,"product_name":"友邦附加盈如意顺心版提前给付重大疾病保险","product_type":"重疾险","age_range":"18周岁至55周岁"},{"id":42,"product_name":"友邦友如意顺心版（2025）重大疾病保险","product_type":"重疾险","age_range":"18周岁至55周岁"},{"id":30,"product_name":"友邦附加爱如意 D 款恶性肿瘤（重度）疾病保险","product_type":"重疾险","age_range":"男性0-50周岁，女性0-45周岁"}]},"durationMs":10,"startedAt":1766136814072,"completedAt":1766136814082,"inputPreview":"{\"age_min\":30,\"age_max\":30,\"product_type\":\"重疾险\"}","auditTrail":[{"state":"PENDING","timestamp":1766136814070},{"state":"EXECUTING","timestamp":1766136814072,"note":"execution start"},{"state":"COMPLETED","timestamp":1766136814082,"note":"execution complete"}]},"bookmark":{"seq":218,"timestamp":1766136814082}}}
{"cursor":219,"bookmark":{"seq":219,"timestamp":1766136814082},"event":{"channel":"monitor","type":"breakpoint_changed","previous":"TOOL_EXECUTING","current":"POST_TOOL","timestamp":1766136814082,"bookmark":{"seq":219,"timestamp":1766136814082}}}
{"cursor":221,"bookmark":{"seq":221,"timestamp":1766136814084},"event":{"channel":"monitor","type":"state_changed","state":"READY","bookmark":{"seq":221,"timestamp":1766136814084}}}
{"cursor":222,"bookmark":{"seq":222,"timestamp":1766136814084},"event":{"channel":"monitor","type":"breakpoint_changed","previous":"POST_TOOL","current":"READY","timestamp":1766136814084,"bookmark":{"seq":222,"timestamp":1766136814084}}}
{"cursor":223,"bookmark":{"seq":223,"timestamp":1766136814084},"event":{"channel":"monitor","type":"state_changed","state":"WORKING","bookmark":{"seq":223,"timestamp":1766136814084}}}
{"cursor":224,"bookmark":{"seq":224,"timestamp":1766136814084},"event":{"channel":"monitor","type":"breakpoint_changed","previous":"READY","current":"PRE_MODEL","timestamp":1766136814084,"bookmark":{"seq":224,"timestamp":1766136814084}}}
{"cursor":225,"bookmark":{"seq":225,"timestamp":1766136814084},"event":{"channel":"monitor","type":"breakpoint_changed","previous":"PRE_MODEL","current":"STREAMING_MODEL","timestamp":1766136814084,"bookmark":{"seq":225,"timestamp":1766136814084}}}
{"cursor":227,"bookmark":{"seq":227,"timestamp":1766136815354},"event":{"channel":"monitor","type":"token_usage","inputTokens":1708,"outputTokens":65,"totalTokens":1773,"bookmark":{"seq":227,"timestamp":1766136815354}}}
{"cursor":228,"bookmark":{"seq":228,"timestamp":1766136815375},"event":{"channel":"monitor","type":"breakpoint_changed","previous":"STREAMING_MODEL","current":"TOOL_PENDING","timestamp":1766136815375,"bookmark":{"seq":228,"timestamp":1766136815375}}}
{"cursor":230,"bookmark":{"seq":230,"timestamp":1766136815380},"event":{"channel":"monitor","type":"breakpoint_changed","previous":"TOOL_PENDING","current":"PRE_TOOL","timestamp":1766136815380,"bookmark":{"seq":230,"timestamp":1766136815380}}}
{"cursor":231,"bookmark":{"seq":231,"timestamp":1766136815380},"event":{"channel":"monitor","type":"breakpoint_changed","previous":"PRE_TOOL","current":"TOOL_EXECUTING","timestamp":1766136815380,"bookmark":{"seq":231,"timestamp":1766136815380}}}
{"cursor":232,"bookmark":{"seq":232,"timestamp":1766136815393},"event":{"channel":"monitor","type":"tool_executed","call":{"id":"call_7ck8ni6a78l","name":"insurance_inspect","state":"COMPLETED","approval":{"required":false},"result":{"ok":true,"data":{"product_name":"友邦友如意顺心版（2025）重大疾病保险","coverage_keys":["重度疾病保险金","中度疾病保险金","轻度疾病保险金","全残保险金","生命终末期保险金","身故保险金"],"extend_info_keys":["highlights","table_data","theme_color","coverage_list","illness_features"]}},"durationMs":13,"startedAt":1766136815380,"completedAt":1766136815393,"inputPreview":"{\"product_id\":42,\"fields\":\"product_name,coverage,extend_info\",\"view\":\"summary\"}","auditTrail":[{"state":"PENDING","timestamp":1766136815376},{"state":"EXECUTING","timestamp":1766136815380,"note":"execution start"},{"state":"COMPLETED","timestamp":1766136815393,"note":"execution complete"}]},"bookmark":{"seq":232,"timestamp":1766136815393}}}
{"cursor":233,"bookmark":{"seq":233,"timestamp":1766136815393},"event":{"channel":"monitor","type":"breakpoint_changed","previous":"TOOL_EXECUTING","current":"POST_TOOL","timestamp":1766136815393,"bookmark":{"seq":233,"timestamp":1766136815393}}}
{"cursor":235,"bookmark":{"seq":235,"timestamp":1766136815395},"event":{"channel":"monitor","type":"state_changed","state":"READY","bookmark":{"seq":235,"timestamp":1766136815395}}}
{"cursor":236,"bookmark":{"seq":236,"timestamp":1766136815395},"event":{"channel":"monitor","type":"breakpoint_changed","previous":"POST_TOOL","current":"READY","timestamp":1766136815395,"bookmark":{"seq":236,"timestamp":1766136815395}}}
{"cursor":237,"bookmark":{"seq":237,"timestamp":1766136815395},"event":{"channel":"monitor","type":"state_changed","state":"WORKING","bookmark":{"seq":237,"timestamp":1766136815395}}}
{"cursor":238,"bookmark":{"seq":238,"timestamp":1766136815395},"event":{"channel":"monitor","type":"breakpoint_changed","previous":"READY","current":"PRE_MODEL","timestamp":1766136815395,"bookmark":{"seq":238,"timestamp":1766136815395}}}
{"cursor":239,"bookmark":{"seq":239,"timestamp":1766136815395},"event":{"channel":"monitor","type":"breakpoint_changed","previous":"PRE_MODEL","current":"STREAMING_MODEL","timestamp":1766136815395,"bookmark":{"seq":239,"timestamp":1766136815395}}}
{"cursor":241,"bookmark":{"seq":241,"timestamp":1766136816526},"event":{"channel":"monitor","type":"token_usage","inputTokens":174,"outputTokens":64,"totalTokens":238,"bookmark":{"seq":241,"timestamp":1766136816526}}}
{"cursor":242,"bookmark":{"seq":242,"timestamp":1766136816531},"event":{"channel":"monitor","type":"breakpoint_changed","previous":"STREAMING_MODEL","current":"TOOL_PENDING","timestamp":1766136816531,"bookmark":{"seq":242,"timestamp":1766136816531}}}
{"cursor":244,"bookmark":{"seq":244,"timestamp":1766136816531},"event":{"channel":"monitor","type":"breakpoint_changed","previous":"TOOL_PENDING","current":"PRE_TOOL","timestamp":1766136816531,"bookmark":{"seq":244,"timestamp":1766136816531}}}
{"cursor":245,"bookmark":{"seq":245,"timestamp":1766136816531},"event":{"channel":"monitor","type":"breakpoint_changed","previous":"PRE_TOOL","current":"TOOL_EXECUTING","timestamp":1766136816531,"bookmark":{"seq":245,"timestamp":1766136816531}}}
{"cursor":246,"bookmark":{"seq":246,"timestamp":1766136816544},"event":{"channel":"monitor","type":"tool_executed","call":{"id":"call_80yrf0cxkx","name":"insurance_inspect","state":"COMPLETED","approval":{"required":false},"result":{"ok":true,"data":{"coverage":{"身故保险金":"给付金额等于身故时的基本保险金额。"}}},"durationMs":13,"startedAt":1766136816531,"completedAt":1766136816544,"inputPreview":"{\"product_id\":42,\"fields\":\"coverage.身故保险金\",\"view\":\"full\"}","auditTrail":[{"state":"PENDING","timestamp":1766136816531},{"state":"EXECUTING","timestamp":1766136816531,"note":"execution start"},{"state":"COMPLETED","timestamp":1766136816544,"note":"execution complete"}]},"bookmark":{"seq":246,"timestamp":1766136816544}}}
{"cursor":247,"bookmark":{"seq":247,"timestamp":1766136816545},"event":{"channel":"monitor","type":"breakpoint_changed","previous":"TOOL_EXECUTING","current":"POST_TOOL","timestamp":1766136816545,"bookmark":{"seq":247,"timestamp":1766136816545}}}
{"cursor":249,"bookmark":{"seq":249,"timestamp":1766136816547},"event":{"channel":"monitor","type":"state_changed","state":"READY","bookmark":{"seq":249,"timestamp":1766136816547}}}
{"cursor":250,"bookmark":{"seq":250,"timestamp":1766136816547},"event":{"channel":"monitor","type":"breakpoint_changed","previous":"POST_TOOL","current":"READY","timestamp":1766136816547,"bookmark":{"seq":250,"timestamp":1766136816547}}}
{"cursor":251,"bookmark":{"seq":251,"timestamp":1766136816547},"event":{"channel":"monitor","type":"state_changed","state":"WORKING","bookmark":{"seq":251,"timestamp":1766136816547}}}
{"cursor":252,"bookmark":{"seq":252,"timestamp":1766136816547},"event":{"channel":"monitor","type":"breakpoint_changed","previous":"READY","current":"PRE_MODEL","timestamp":1766136816547,"bookmark":{"seq":252,"timestamp":1766136816547}}}
{"cursor":253,"bookmark":{"seq":253,"timestamp":1766136816547},"event":{"channel":"monitor","type":"breakpoint_changed","previous":"PRE_MODEL","current":"STREAMING_MODEL","timestamp":1766136816547,"bookmark":{"seq":253,"timestamp":1766136816547}}}
{"cursor":255,"bookmark":{"seq":255,"timestamp":1766136817632},"event":{"channel":"monitor","type":"token_usage","inputTokens":69,"outputTokens":59,"totalTokens":128,"bookmark":{"seq":255,"timestamp":1766136817632}}}
{"cursor":256,"bookmark":{"seq":256,"timestamp":1766136817635},"event":{"channel":"monitor","type":"breakpoint_changed","previous":"STREAMING_MODEL","current":"TOOL_PENDING","timestamp":1766136817635,"bookmark":{"seq":256,"timestamp":1766136817635}}}
{"cursor":258,"bookmark":{"seq":258,"timestamp":1766136817635},"event":{"channel":"monitor","type":"breakpoint_changed","previous":"TOOL_PENDING","current":"PRE_TOOL","timestamp":1766136817635,"bookmark":{"seq":258,"timestamp":1766136817635}}}
{"cursor":259,"bookmark":{"seq":259,"timestamp":1766136817635},"event":{"channel":"monitor","type":"breakpoint_changed","previous":"PRE_TOOL","current":"TOOL_EXECUTING","timestamp":1766136817635,"bookmark":{"seq":259,"timestamp":1766136817635}}}
{"cursor":260,"bookmark":{"seq":260,"timestamp":1766136817653},"event":{"channel":"monitor","type":"tool_executed","call":{"id":"call_c8mvc7d27u7","name":"insurance_filter","state":"COMPLETED","approval":{"required":false},"result":{"ok":true,"count":7,"products":[{"id":9,"product_name":"友邦优享康惠医疗保险","product_type":"医疗险","age_range":"出生满七日至六十岁（计划一）；十八岁至六十岁（计划二、三）"},{"id":19,"product_name":"友邦深圳专属团体24医疗保险（互联网）","product_type":"医疗险","age_range":"无年龄限制"},{"id":26,"product_name":"友邦长保康惠长期医疗保险（费率可调）","product_type":"医疗险","age_range":"出生满七日至六十五岁，最高可续保至九十九岁"},{"id":35,"product_name":"友邦传世无忧（2024）高端医疗保险","product_type":"医疗险","age_range":"出生满三十日至七十岁，牙科部分为出生满三十日至六十五岁"},{"id":43,"product_name":"友邦友童无忧高端医疗保险","product_type":"医疗险","age_range":"出生满三十日至十二岁，十三岁至十四岁需满足特定条件"},{"id":54,"product_name":"友邦附加友童行住院费用补偿医疗保险","product_type":"医疗险","age_range":"3周岁至30周岁"},{"id":55,"product_name":"友邦附加四海无忧（2025）医疗保险","product_type":"医疗险","age_range":"出生满三十日至八十岁"}]},"durationMs":18,"startedAt":1766136817635,"completedAt":1766136817653,"inputPreview":"{\"age_min\":30,\"age_max\":30,\"product_type\":\"医疗险\"}","auditTrail":[{"state":"PENDING","timestamp":1766136817635},{"state":"EXECUTING","timestamp":1766136817635,"note":"execution start"},{"state":"COMPLETED","timestamp":1766136817653,"note":"execution complete"}]},"bookmark":{"seq":260,"timestamp":1766136817653}}}
{"cursor":261,"bookmark":{"seq":261,"timestamp":1766136817653},"event":{"channel":"monitor","type":"breakpoint_changed","previous":"TOOL_EXECUTING","current":"POST_TOOL","timestamp":1766136817653,"bookmark":{"seq":261,"timestamp":1766136817653}}}
{"cursor":263,"bookmark":{"seq":263,"timestamp":1766136817655},"event":{"channel":"monitor","type":"state_changed","state":"READY","bookmark":{"seq":263,"timestamp":1766136817655}}}
{"cursor":264,"bookmark":{"seq":264,"timestamp":1766136817655},"event":{"channel":"monitor","type":"breakpoint_changed","previous":"POST_TOOL","current":"READY","timestamp":1766136817655,"bookmark":{"seq":264,"timestamp":1766136817655}}}
{"cursor":265,"bookmark":{"seq":265,"timestamp":1766136817655},"event":{"channel":"monitor","type":"state_changed","state":"WORKING","bookmark":{"seq":265,"timestamp":1766136817655}}}
{"cursor":266,"bookmark":{"seq":266,"timestamp":1766136817655},"event":{"channel":"monitor","type":"breakpoint_changed","previous":"READY","current":"PRE_MODEL","timestamp":1766136817655,"bookmark":{"seq":266,"timestamp":1766136817655}}}
{"cursor":267,"bookmark":{"seq":267,"timestamp":1766136817655},"event":{"channel":"monitor","type":"breakpoint_changed","previous":"PRE_MODEL","current":"STREAMING_MODEL","timestamp":1766136817655,"bookmark":{"seq":267,"timestamp":1766136817655}}}
{"cursor":269,"bookmark":{"seq":269,"timestamp":1766136819010},"event":{"channel":"monitor","type":"token_usage","inputTokens":1351,"outputTokens":65,"totalTokens":1416,"bookmark":{"seq":269,"timestamp":1766136819010}}}
{"cursor":270,"bookmark":{"seq":270,"timestamp":1766136819014},"event":{"channel":"monitor","type":"breakpoint_changed","previous":"STREAMING_MODEL","current":"TOOL_PENDING","timestamp":1766136819014,"bookmark":{"seq":270,"timestamp":1766136819014}}}
{"cursor":272,"bookmark":{"seq":272,"timestamp":1766136819014},"event":{"channel":"monitor","type":"breakpoint_changed","previous":"TOOL_PENDING","current":"PRE_TOOL","timestamp":1766136819014,"bookmark":{"seq":272,"timestamp":1766136819014}}}
{"cursor":273,"bookmark":{"seq":273,"timestamp":1766136819014},"event":{"channel":"monitor","type":"breakpoint_changed","previous":"PRE_TOOL","current":"TOOL_EXECUTING","timestamp":1766136819014,"bookmark":{"seq":273,"timestamp":1766136819014}}}
{"cursor":274,"bookmark":{"seq":274,"timestamp":1766136819027},"event":{"channel":"monitor","type":"tool_executed","call":{"id":"call_enuk0x9gk7","name":"insurance_inspect","state":"COMPLETED","approval":{"required":false},"result":{"ok":true,"data":{"product_name":"友邦长保康惠长期医疗保险（费率可调）","coverage_keys":["一般医疗补偿金","重大疾病医疗补偿金","恶性肿瘤 CAR-T 疗法院外药品费补偿金","特别住院津贴保险金"],"extend_info_keys":["highlights","table_data","theme_color","coverage_list","medical_features"]}},"durationMs":13,"startedAt":1766136819014,"completedAt":1766136819027,"inputPreview":"{\"product_id\":26,\"fields\":\"product_name,coverage,extend_info\",\"view\":\"summary\"}","auditTrail":[{"state":"PENDING","timestamp":1766136819014},{"state":"EXECUTING","timestamp":1766136819014,"note":"execution start"},{"state":"COMPLETED","timestamp":1766136819027,"note":"execution complete"}]},"bookmark":{"seq":274,"timestamp":1766136819027}}}
{"cursor":275,"bookmark":{"seq":275,"timestamp":1766136819027},"event":{"channel":"monitor","type":"breakpoint_changed","previous":"TOOL_EXECUTING","current":"POST_TOOL","timestamp":1766136819027,"bookmark":{"seq":275,"timestamp":1766136819027}}}
{"cursor":277,"bookmark":{"seq":277,"timestamp":1766136819030},"event":{"channel":"monitor","type":"state_changed","state":"READY","bookmark":{"seq":277,"timestamp":1766136819030}}}
{"cursor":278,"bookmark":{"seq":278,"timestamp":1766136819030},"event":{"channel":"monitor","type":"breakpoint_changed","previous":"POST_TOOL","current":"READY","timestamp":1766136819030,"bookmark":{"seq":278,"timestamp":1766136819030}}}
{"cursor":279,"bookmark":{"seq":279,"timestamp":1766136819030},"event":{"channel":"monitor","type":"state_changed","state":"WORKING","bookmark":{"seq":279,"timestamp":1766136819030}}}
{"cursor":280,"bookmark":{"seq":280,"timestamp":1766136819030},"event":{"channel":"monitor","type":"breakpoint_changed","previous":"READY","current":"PRE_MODEL","timestamp":1766136819030,"bookmark":{"seq":280,"timestamp":1766136819030}}}
{"cursor":281,"bookmark":{"seq":281,"timestamp":1766136819030},"event":{"channel":"monitor","type":"breakpoint_changed","previous":"PRE_MODEL","current":"STREAMING_MODEL","timestamp":1766136819030,"bookmark":{"seq":281,"timestamp":1766136819030}}}
{"cursor":283,"bookmark":{"seq":283,"timestamp":1766136820358},"event":{"channel":"monitor","type":"token_usage","inputTokens":6297,"outputTokens":65,"totalTokens":6362,"bookmark":{"seq":283,"timestamp":1766136820358}}}
{"cursor":284,"bookmark":{"seq":284,"timestamp":1766136820380},"event":{"channel":"monitor","type":"breakpoint_changed","previous":"STREAMING_MODEL","current":"TOOL_PENDING","timestamp":1766136820380,"bookmark":{"seq":284,"timestamp":1766136820380}}}
{"cursor":286,"bookmark":{"seq":286,"timestamp":1766136820380},"event":{"channel":"monitor","type":"breakpoint_changed","previous":"TOOL_PENDING","current":"PRE_TOOL","timestamp":1766136820380,"bookmark":{"seq":286,"timestamp":1766136820380}}}
{"cursor":287,"bookmark":{"seq":287,"timestamp":1766136820380},"event":{"channel":"monitor","type":"breakpoint_changed","previous":"PRE_TOOL","current":"TOOL_EXECUTING","timestamp":1766136820380,"bookmark":{"seq":287,"timestamp":1766136820380}}}
{"cursor":288,"bookmark":{"seq":288,"timestamp":1766136820389},"event":{"channel":"monitor","type":"tool_executed","call":{"id":"call_sxoyojzlm0q","name":"insurance_inspect","state":"COMPLETED","approval":{"required":false},"result":{"ok":true,"data":{"product_name":"友邦传世无忧（2024）高端医疗保险","coverage_keys":["住院费用补偿金","手术费用补偿金","延伸医疗费用补偿金","指定门急诊费用补偿金","紧急费用补偿金","无理赔住院津贴","门急诊费用补偿金","可选部分——牙科医疗补偿金"],"extend_info_keys":["highlights","table_data","theme_color","coverage_list","medical_features"]}},"durationMs":9,"startedAt":1766136820380,"completedAt":1766136820389,"inputPreview":"{\"product_id\":35,\"fields\":\"product_name,coverage,extend_info\",\"view\":\"summary\"}","auditTrail":[{"state":"PENDING","timestamp":1766136820380},{"state":"EXECUTING","timestamp":1766136820380,"note":"execution start"},{"state":"COMPLETED","timestamp":1766136820389,"note":"execution complete"}]},"bookmark":{"seq":288,"timestamp":1766136820389}}}
{"cursor":289,"bookmark":{"seq":289,"timestamp":1766136820389},"event":{"channel":"monitor","type":"breakpoint_changed","previous":"TOOL_EXECUTING","current":"POST_TOOL","timestamp":1766136820389,"bookmark":{"seq":289,"timestamp":1766136820389}}}
{"cursor":291,"bookmark":{"seq":291,"timestamp":1766136820391},"event":{"channel":"monitor","type":"state_changed","state":"READY","bookmark":{"seq":291,"timestamp":1766136820391}}}
{"cursor":292,"bookmark":{"seq":292,"timestamp":1766136820391},"event":{"channel":"monitor","type":"breakpoint_changed","previous":"POST_TOOL","current":"READY","timestamp":1766136820391,"bookmark":{"seq":292,"timestamp":1766136820391}}}
{"cursor":293,"bookmark":{"seq":293,"timestamp":1766136820391},"event":{"channel":"monitor","type":"state_changed","state":"WORKING","bookmark":{"seq":293,"timestamp":1766136820391}}}
{"cursor":294,"bookmark":{"seq":294,"timestamp":1766136820391},"event":{"channel":"monitor","type":"breakpoint_changed","previous":"READY","current":"PRE_MODEL","timestamp":1766136820391,"bookmark":{"seq":294,"timestamp":1766136820391}}}
{"cursor":295,"bookmark":{"seq":295,"timestamp":1766136820391},"event":{"channel":"monitor","type":"breakpoint_changed","previous":"PRE_MODEL","current":"STREAMING_MODEL","timestamp":1766136820391,"bookmark":{"seq":295,"timestamp":1766136820391}}}
{"cursor":297,"bookmark":{"seq":297,"timestamp":1766136821888},"event":{"channel":"monitor","type":"token_usage","inputTokens":430,"outputTokens":61,"totalTokens":491,"bookmark":{"seq":297,"timestamp":1766136821888}}}
{"cursor":298,"bookmark":{"seq":298,"timestamp":1766136821892},"event":{"channel":"monitor","type":"breakpoint_changed","previous":"STREAMING_MODEL","current":"TOOL_PENDING","timestamp":1766136821892,"bookmark":{"seq":298,"timestamp":1766136821892}}}
{"cursor":300,"bookmark":{"seq":300,"timestamp":1766136821892},"event":{"channel":"monitor","type":"breakpoint_changed","previous":"TOOL_PENDING","current":"PRE_TOOL","timestamp":1766136821892,"bookmark":{"seq":300,"timestamp":1766136821892}}}
{"cursor":301,"bookmark":{"seq":301,"timestamp":1766136821892},"event":{"channel":"monitor","type":"breakpoint_changed","previous":"PRE_TOOL","current":"TOOL_EXECUTING","timestamp":1766136821892,"bookmark":{"seq":301,"timestamp":1766136821892}}}
{"cursor":302,"bookmark":{"seq":302,"timestamp":1766136821909},"event":{"channel":"monitor","type":"tool_executed","call":{"id":"call_1914j9a7zgn","name":"insurance_inspect","state":"COMPLETED","approval":{"required":false},"result":{"ok":true,"data":{"extend_info.highlights":"[{\"label\": \"最高保额\", \"value\": \"详见条款\"}, {\"label\": \"保障期限\", \"value\": \"一年\"}, {\"label\": \"等待期\", \"value\": \"除另有约定外，保险合同生效天起30天为等待期。特定情况等待期不同。\"}, {\"label\": \"险种类型\", \"value\": \"医疗险\"}]"}},"durationMs":17,"startedAt":1766136821892,"completedAt":1766136821909,"inputPreview":"{\"product_id\":35,\"fields\":\"extend_info.highlights\",\"view\":\"full\"}","auditTrail":[{"state":"PENDING","timestamp":1766136821892},{"state":"EXECUTING","timestamp":1766136821892,"note":"execution start"},{"state":"COMPLETED","timestamp":1766136821909,"note":"execution complete"}]},"bookmark":{"seq":302,"timestamp":1766136821909}}}
{"cursor":303,"bookmark":{"seq":303,"timestamp":1766136821910},"event":{"channel":"monitor","type":"breakpoint_changed","previous":"TOOL_EXECUTING","current":"POST_TOOL","timestamp":1766136821910,"bookmark":{"seq":303,"timestamp":1766136821910}}}
{"cursor":305,"bookmark":{"seq":305,"timestamp":1766136821913},"event":{"channel":"monitor","type":"state_changed","state":"READY","bookmark":{"seq":305,"timestamp":1766136821913}}}
{"cursor":306,"bookmark":{"seq":306,"timestamp":1766136821913},"event":{"channel":"monitor","type":"breakpoint_changed","previous":"POST_TOOL","current":"READY","timestamp":1766136821913,"bookmark":{"seq":306,"timestamp":1766136821913}}}
{"cursor":307,"bookmark":{"seq":307,"timestamp":1766136821913},"event":{"channel":"monitor","type":"state_changed","state":"WORKING","bookmark":{"seq":307,"timestamp":1766136821913}}}
{"cursor":308,"bookmark":{"seq":308,"timestamp":1766136821913},"event":{"channel":"monitor","type":"breakpoint_changed","previous":"READY","current":"PRE_MODEL","timestamp":1766136821913,"bookmark":{"seq":308,"timestamp":1766136821913}}}
{"cursor":309,"bookmark":{"seq":309,"timestamp":1766136821913},"event":{"channel":"monitor","type":"breakpoint_changed","previous":"PRE_MODEL","current":"STREAMING_MODEL","timestamp":1766136821913,"bookmark":{"seq":309,"timestamp":1766136821913}}}
{"cursor":311,"bookmark":{"seq":311,"timestamp":1766136848255},"event":{"channel":"monitor","type":"token_usage","inputTokens":4100,"outputTokens":65,"totalTokens":4165,"bookmark":{"seq":311,"timestamp":1766136848255}}}
{"cursor":312,"bookmark":{"seq":312,"timestamp":1766136848258},"event":{"channel":"monitor","type":"breakpoint_changed","previous":"STREAMING_MODEL","current":"TOOL_PENDING","timestamp":1766136848258,"bookmark":{"seq":312,"timestamp":1766136848258}}}
{"cursor":314,"bookmark":{"seq":314,"timestamp":1766136848258},"event":{"channel":"monitor","type":"breakpoint_changed","previous":"TOOL_PENDING","current":"PRE_TOOL","timestamp":1766136848258,"bookmark":{"seq":314,"timestamp":1766136848258}}}
{"cursor":315,"bookmark":{"seq":315,"timestamp":1766136848258},"event":{"channel":"monitor","type":"breakpoint_changed","previous":"PRE_TOOL","current":"TOOL_EXECUTING","timestamp":1766136848258,"bookmark":{"seq":315,"timestamp":1766136848258}}}
{"cursor":316,"bookmark":{"seq":316,"timestamp":1766136848277},"event":{"channel":"monitor","type":"tool_executed","call":{"id":"call_s1spymbe51","name":"insurance_inspect","state":"COMPLETED","approval":{"required":false},"result":{"ok":true,"data":{"product_name":"友邦友型运动意外伤害保险（互联网专属）","coverage_keys":["意外身故保险金","意外伤残保险金","意外骨折医疗保险金","意外医药费用补偿金","猝死保险金"],"extend_info_keys":["highlights","table_data","theme_color","accident_features"]}},"durationMs":19,"startedAt":1766136848258,"completedAt":1766136848277,"inputPreview":"{\"product_id\":40,\"fields\":\"product_name,coverage,extend_info\",\"view\":\"summary\"}","auditTrail":[{"state":"PENDING","timestamp":1766136848258},{"state":"EXECUTING","timestamp":1766136848258,"note":"execution start"},{"state":"COMPLETED","timestamp":1766136848277,"note":"execution complete"}]},"bookmark":{"seq":316,"timestamp":1766136848277}}}
{"cursor":317,"bookmark":{"seq":317,"timestamp":1766136848277},"event":{"channel":"monitor","type":"breakpoint_changed","previous":"TOOL_EXECUTING","current":"POST_TOOL","timestamp":1766136848277,"bookmark":{"seq":317,"timestamp":1766136848277}}}
{"cursor":319,"bookmark":{"seq":319,"timestamp":1766136848279},"event":{"channel":"monitor","type":"state_changed","state":"READY","bookmark":{"seq":319,"timestamp":1766136848279}}}
{"cursor":320,"bookmark":{"seq":320,"timestamp":1766136848279},"event":{"channel":"monitor","type":"breakpoint_changed","previous":"POST_TOOL","current":"READY","timestamp":1766136848279,"bookmark":{"seq":320,"timestamp":1766136848279}}}
{"cursor":321,"bookmark":{"seq":321,"timestamp":1766136848280},"event":{"channel":"monitor","type":"state_changed","state":"WORKING","bookmark":{"seq":321,"timestamp":1766136848280}}}
{"cursor":322,"bookmark":{"seq":322,"timestamp":1766136848280},"event":{"channel":"monitor","type":"breakpoint_changed","previous":"READY","current":"PRE_MODEL","timestamp":1766136848280,"bookmark":{"seq":322,"timestamp":1766136848280}}}
{"cursor":323,"bookmark":{"seq":323,"timestamp":1766136848280},"event":{"channel":"monitor","type":"breakpoint_changed","previous":"PRE_MODEL","current":"STREAMING_MODEL","timestamp":1766136848280,"bookmark":{"seq":323,"timestamp":1766136848280}}}
{"cursor":325,"bookmark":{"seq":325,"timestamp":1766136849987},"event":{"channel":"monitor","type":"token_usage","inputTokens":157,"outputTokens":61,"totalTokens":218,"bookmark":{"seq":325,"timestamp":1766136849987}}}
{"cursor":326,"bookmark":{"seq":326,"timestamp":1766136849991},"event":{"channel":"monitor","type":"breakpoint_changed","previous":"STREAMING_MODEL","current":"TOOL_PENDING","timestamp":1766136849991,"bookmark":{"seq":326,"timestamp":1766136849991}}}
{"cursor":328,"bookmark":{"seq":328,"timestamp":1766136849992},"event":{"channel":"monitor","type":"breakpoint_changed","previous":"TOOL_PENDING","current":"PRE_TOOL","timestamp":1766136849992,"bookmark":{"seq":328,"timestamp":1766136849992}}}
{"cursor":329,"bookmark":{"seq":329,"timestamp":1766136849992},"event":{"channel":"monitor","type":"breakpoint_changed","previous":"PRE_TOOL","current":"TOOL_EXECUTING","timestamp":1766136849992,"bookmark":{"seq":329,"timestamp":1766136849992}}}
{"cursor":330,"bookmark":{"seq":330,"timestamp":1766136850005},"event":{"channel":"monitor","type":"tool_executed","call":{"id":"call_75bv43zfwg6","name":"insurance_inspect","state":"COMPLETED","approval":{"required":false},"result":{"ok":true,"data":{"extend_info.table_data":"{\"rows\": [[\"0-17岁\", \"¥300\"], [\"18-40岁\", \"¥500\"], [\"41-60岁\", \"¥1,200\"]], \"title\": \"费率参考 (示例)\", \"headers\": [\"年龄\", \"年交保费\"]}"}},"durationMs":13,"startedAt":1766136849992,"completedAt":1766136850005,"inputPreview":"{\"product_id\":40,\"fields\":\"extend_info.table_data\",\"view\":\"full\"}","auditTrail":[{"state":"PENDING","timestamp":1766136849991},{"state":"EXECUTING","timestamp":1766136849992,"note":"execution start"},{"state":"COMPLETED","timestamp":1766136850005,"note":"execution complete"}]},"bookmark":{"seq":330,"timestamp":1766136850005}}}
{"cursor":331,"bookmark":{"seq":331,"timestamp":1766136850005},"event":{"channel":"monitor","type":"breakpoint_changed","previous":"TOOL_EXECUTING","current":"POST_TOOL","timestamp":1766136850005,"bookmark":{"seq":331,"timestamp":1766136850005}}}
{"cursor":333,"bookmark":{"seq":333,"timestamp":1766136850007},"event":{"channel":"monitor","type":"state_changed","state":"READY","bookmark":{"seq":333,"timestamp":1766136850007}}}
{"cursor":334,"bookmark":{"seq":334,"timestamp":1766136850007},"event":{"channel":"monitor","type":"breakpoint_changed","previous":"POST_TOOL","current":"READY","timestamp":1766136850007,"bookmark":{"seq":334,"timestamp":1766136850007}}}
{"cursor":335,"bookmark":{"seq":335,"timestamp":1766136850007},"event":{"channel":"monitor","type":"state_changed","state":"WORKING","bookmark":{"seq":335,"timestamp":1766136850007}}}
{"cursor":336,"bookmark":{"seq":336,"timestamp":1766136850008},"event":{"channel":"monitor","type":"breakpoint_changed","previous":"READY","current":"PRE_MODEL","timestamp":1766136850008,"bookmark":{"seq":336,"timestamp":1766136850008}}}
{"cursor":337,"bookmark":{"seq":337,"timestamp":1766136850008},"event":{"channel":"monitor","type":"breakpoint_changed","previous":"PRE_MODEL","current":"STREAMING_MODEL","timestamp":1766136850008,"bookmark":{"seq":337,"timestamp":1766136850008}}}
{"cursor":339,"bookmark":{"seq":339,"timestamp":1766136851243},"event":{"channel":"monitor","type":"token_usage","inputTokens":149,"outputTokens":61,"totalTokens":210,"bookmark":{"seq":339,"timestamp":1766136851243}}}
{"cursor":340,"bookmark":{"seq":340,"timestamp":1766136851275},"event":{"channel":"monitor","type":"breakpoint_changed","previous":"STREAMING_MODEL","current":"TOOL_PENDING","timestamp":1766136851275,"bookmark":{"seq":340,"timestamp":1766136851275}}}
{"cursor":342,"bookmark":{"seq":342,"timestamp":1766136851275},"event":{"channel":"monitor","type":"breakpoint_changed","previous":"TOOL_PENDING","current":"PRE_TOOL","timestamp":1766136851275,"bookmark":{"seq":342,"timestamp":1766136851275}}}
{"cursor":343,"bookmark":{"seq":343,"timestamp":1766136851275},"event":{"channel":"monitor","type":"breakpoint_changed","previous":"PRE_TOOL","current":"TOOL_EXECUTING","timestamp":1766136851275,"bookmark":{"seq":343,"timestamp":1766136851275}}}
{"cursor":344,"bookmark":{"seq":344,"timestamp":1766136851287},"event":{"channel":"monitor","type":"tool_executed","call":{"id":"call_v83v0teizyg","name":"insurance_inspect","state":"COMPLETED","approval":{"required":false},"result":{"ok":true,"data":{"extend_info.table_data":"{\"rows\": [[\"0-17岁\", \"¥300\"], [\"18-40岁\", \"¥500\"], [\"41-60岁\", \"¥1,200\"]], \"title\": \"费率参考 (示例)\", \"headers\": [\"年龄\", \"年交保费\"]}"}},"durationMs":11,"startedAt":1766136851275,"completedAt":1766136851286,"inputPreview":"{\"product_id\":7,\"fields\":\"extend_info.table_data\",\"view\":\"full\"}","auditTrail":[{"state":"PENDING","timestamp":1766136851275},{"state":"EXECUTING","timestamp":1766136851275,"note":"execution start"},{"state":"COMPLETED","timestamp":1766136851286,"note":"execution complete"}]},"bookmark":{"seq":344,"timestamp":1766136851287}}}
{"cursor":345,"bookmark":{"seq":345,"timestamp":1766136851287},"event":{"channel":"monitor","type":"breakpoint_changed","previous":"TOOL_EXECUTING","current":"POST_TOOL","timestamp":1766136851287,"bookmark":{"seq":345,"timestamp":1766136851287}}}
{"cursor":347,"bookmark":{"seq":347,"timestamp":1766136851288},"event":{"channel":"monitor","type":"state_changed","state":"READY","bookmark":{"seq":347,"timestamp":1766136851288}}}
{"cursor":348,"bookmark":{"seq":348,"timestamp":1766136851288},"event":{"channel":"monitor","type":"breakpoint_changed","previous":"POST_TOOL","current":"READY","timestamp":1766136851288,"bookmark":{"seq":348,"timestamp":1766136851288}}}
{"cursor":349,"bookmark":{"seq":349,"timestamp":1766136851288},"event":{"channel":"monitor","type":"state_changed","state":"WORKING","bookmark":{"seq":349,"timestamp":1766136851288}}}
{"cursor":350,"bookmark":{"seq":350,"timestamp":1766136851288},"event":{"channel":"monitor","type":"breakpoint_changed","previous":"READY","current":"PRE_MODEL","timestamp":1766136851288,"bookmark":{"seq":350,"timestamp":1766136851288}}}
{"cursor":351,"bookmark":{"seq":351,"timestamp":1766136851288},"event":{"channel":"monitor","type":"breakpoint_changed","previous":"PRE_MODEL","current":"STREAMING_MODEL","timestamp":1766136851288,"bookmark":{"seq":351,"timestamp":1766136851288}}}
{"cursor":694,"bookmark":{"seq":694,"timestamp":1766136869234},"event":{"channel":"monitor","type":"token_usage","inputTokens":1078,"outputTokens":1433,"totalTokens":2511,"bookmark":{"seq":694,"timestamp":1766136869234}}}
{"cursor":696,"bookmark":{"seq":696,"timestamp":1766136869237},"event":{"channel":"monitor","type":"step_complete","step":15,"bookmark":{"seq":696,"timestamp":1766136869237}}}
{"cursor":697,"bookmark":{"seq":697,"timestamp":1766136869237},"event":{"channel":"monitor","type":"state_changed","state":"READY","bookmark":{"seq":697,"timestamp":1766136869237}}}
{"cursor":698,"bookmark":{"seq":698,"timestamp":1766136869237},"event":{"channel":"monitor","type":"breakpoint_changed","previous":"STREAMING_MODEL","current":"READY","timestamp":1766136869237,"bookmark":{"seq":698,"timestamp":1766136869237}}}
