{"cursor":4,"bookmark":{"seq":4,"timestamp":1766137396994},"event":{"channel":"progress","type":"think_chunk_start","step":1,"bookmark":{"seq":4,"timestamp":1766137396994}}}
{"cursor":5,"bookmark":{"seq":5,"timestamp":1766137458080},"event":{"channel":"progress","type":"think_chunk","step":1,"delta":"```json\n","bookmark":{"seq":5,"timestamp":1766137458080}}}
{"cursor":6,"bookmark":{"seq":6,"timestamp":1766137458195},"event":{"channel":"progress","type":"think_chunk","step":1,"delta":"{\n  \"thought","bookmark":{"seq":6,"timestamp":1766137458195}}}
{"cursor":7,"bookmark":{"seq":7,"timestamp":1766137458196},"event":{"channel":"progress","type":"think_chunk","step":1,"delta":"\": \"用户提供","bookmark":{"seq":7,"timestamp":1766137458196}}}
{"cursor":8,"bookmark":{"seq":8,"timestamp":1766137458196},"event":{"channel":"progress","type":"think_chunk","step":1,"delta":"了一个文件路径，","bookmark":{"seq":8,"timestamp":1766137458196}}}
{"cursor":9,"bookmark":{"seq":9,"timestamp":1766137458196},"event":{"channel":"progress","type":"think_chunk","step":1,"delta":"但没有明确的","bookmark":{"seq":9,"timestamp":1766137458196}}}
{"cursor":10,"bookmark":{"seq":10,"timestamp":1766137458196},"event":{"channel":"progress","type":"think_chunk","step":1,"delta":"保险咨询","bookmark":{"seq":10,"timestamp":1766137458196}}}
{"cursor":11,"bookmark":{"seq":11,"timestamp":1766137458283},"event":{"channel":"progress","type":"think_chunk","step":1,"delta":"请求。需要先了解","bookmark":{"seq":11,"timestamp":1766137458283}}}
{"cursor":12,"bookmark":{"seq":12,"timestamp":1766137458283},"event":{"channel":"progress","type":"think_chunk","step":1,"delta":"用户的基本信息和","bookmark":{"seq":12,"timestamp":1766137458283}}}
{"cursor":13,"bookmark":{"seq":13,"timestamp":1766137458283},"event":{"channel":"progress","type":"think_chunk","step":1,"delta":"保险需求，","bookmark":{"seq":13,"timestamp":1766137458283}}}
{"cursor":14,"bookmark":{"seq":14,"timestamp":1766137458385},"event":{"channel":"progress","type":"think_chunk","step":1,"delta":"才能提供有","bookmark":{"seq":14,"timestamp":1766137458385}}}
{"cursor":15,"bookmark":{"seq":15,"timestamp":1766137458385},"event":{"channel":"progress","type":"think_chunk","step":1,"delta":"针对性的保险建议","bookmark":{"seq":15,"timestamp":1766137458385}}}
{"cursor":16,"bookmark":{"seq":16,"timestamp":1766137458418},"event":{"channel":"progress","type":"think_chunk","step":1,"delta":"。\",\n  \"customer","bookmark":{"seq":16,"timestamp":1766137458418}}}
{"cursor":17,"bookmark":{"seq":17,"timestamp":1766137458418},"event":{"channel":"progress","type":"think_chunk","step":1,"delta":"_profile\": {\n  ","bookmark":{"seq":17,"timestamp":1766137458418}}}
{"cursor":18,"bookmark":{"seq":18,"timestamp":1766137458440},"event":{"channel":"progress","type":"think_chunk","step":1,"delta":"  \"name\": \"","bookmark":{"seq":18,"timestamp":1766137458440}}}
{"cursor":19,"bookmark":{"seq":19,"timestamp":1766137458463},"event":{"channel":"progress","type":"think_chunk","step":1,"delta":"待确认\",\n","bookmark":{"seq":19,"timestamp":1766137458463}}}
{"cursor":20,"bookmark":{"seq":20,"timestamp":1766137458492},"event":{"channel":"progress","type":"think_chunk","step":1,"delta":"    \"role\": \"","bookmark":{"seq":20,"timestamp":1766137458492}}}
{"cursor":21,"bookmark":{"seq":21,"timestamp":1766137458514},"event":{"channel":"progress","type":"think_chunk","step":1,"delta":"待确认\",\n  ","bookmark":{"seq":21,"timestamp":1766137458514}}}
{"cursor":22,"bookmark":{"seq":22,"timestamp":1766137458546},"event":{"channel":"progress","type":"think_chunk","step":1,"delta":"  \"age\": \"","bookmark":{"seq":22,"timestamp":1766137458546}}}
{"cursor":23,"bookmark":{"seq":23,"timestamp":1766137458566},"event":{"channel":"progress","type":"think_chunk","step":1,"delta":"待确认","bookmark":{"seq":23,"timestamp":1766137458566}}}
{"cursor":24,"bookmark":{"seq":24,"timestamp":1766137458604},"event":{"channel":"progress","type":"think_chunk","step":1,"delta":"\",\n    \"annual_budget\":","bookmark":{"seq":24,"timestamp":1766137458604}}}
{"cursor":25,"bookmark":{"seq":25,"timestamp":1766137458646},"event":{"channel":"progress","type":"think_chunk","step":1,"delta":" \"待确认\",\n","bookmark":{"seq":25,"timestamp":1766137458646}}}
{"cursor":26,"bookmark":{"seq":26,"timestamp":1766137458669},"event":{"channel":"progress","type":"think_chunk","step":1,"delta":"    \"marital","bookmark":{"seq":26,"timestamp":1766137458669}}}
{"cursor":27,"bookmark":{"seq":27,"timestamp":1766137458882},"event":{"channel":"progress","type":"think_chunk","step":1,"delta":"_status\": \"待","bookmark":{"seq":27,"timestamp":1766137458882}}}
{"cursor":28,"bookmark":{"seq":28,"timestamp":1766137458883},"event":{"channel":"progress","type":"think_chunk","step":1,"delta":"确认\",\n    \"","bookmark":{"seq":28,"timestamp":1766137458883}}}
{"cursor":29,"bookmark":{"seq":29,"timestamp":1766137458883},"event":{"channel":"progress","type":"think_chunk","step":1,"delta":"annual_income\": \"","bookmark":{"seq":29,"timestamp":1766137458883}}}
{"cursor":30,"bookmark":{"seq":30,"timestamp":1766137458883},"event":{"channel":"progress","type":"think_chunk","step":1,"delta":"待确认\",\n  ","bookmark":{"seq":30,"timestamp":1766137458883}}}
{"cursor":31,"bookmark":{"seq":31,"timestamp":1766137458884},"event":{"channel":"progress","type":"think_chunk","step":1,"delta":"  \"location\": \"","bookmark":{"seq":31,"timestamp":1766137458884}}}
{"cursor":32,"bookmark":{"seq":32,"timestamp":1766137458884},"event":{"channel":"progress","type":"think_chunk","step":1,"delta":"待确认\",\n  ","bookmark":{"seq":32,"timestamp":1766137458884}}}
{"cursor":33,"bookmark":{"seq":33,"timestamp":1766137459027},"event":{"channel":"progress","type":"think_chunk","step":1,"delta":"  \"risk_factors","bookmark":{"seq":33,"timestamp":1766137459027}}}
{"cursor":34,"bookmark":{"seq":34,"timestamp":1766137459279},"event":{"channel":"progress","type":"think_chunk","step":1,"delta":"\": [\"待确认\"],\n","bookmark":{"seq":34,"timestamp":1766137459279}}}
{"cursor":35,"bookmark":{"seq":35,"timestamp":1766137459279},"event":{"channel":"progress","type":"think_chunk","step":1,"delta":"    \"needs\":","bookmark":{"seq":35,"timestamp":1766137459279}}}
{"cursor":36,"bookmark":{"seq":36,"timestamp":1766137459279},"event":{"channel":"progress","type":"think_chunk","step":1,"delta":" [\"待确认\"]\n","bookmark":{"seq":36,"timestamp":1766137459279}}}
{"cursor":37,"bookmark":{"seq":37,"timestamp":1766137459279},"event":{"channel":"progress","type":"think_chunk","step":1,"delta":"  },\n  \"","bookmark":{"seq":37,"timestamp":1766137459279}}}
{"cursor":38,"bookmark":{"seq":38,"timestamp":1766137459280},"event":{"channel":"progress","type":"think_chunk","step":1,"delta":"insight_summary\":","bookmark":{"seq":38,"timestamp":1766137459280}}}
{"cursor":39,"bookmark":{"seq":39,"timestamp":1766137459280},"event":{"channel":"progress","type":"think_chunk","step":1,"delta":" \"尚未","bookmark":{"seq":39,"timestamp":1766137459280}}}
{"cursor":40,"bookmark":{"seq":40,"timestamp":1766137459280},"event":{"channel":"progress","type":"think_chunk","step":1,"delta":"收集到客户的基本信息和","bookmark":{"seq":40,"timestamp":1766137459280}}}
{"cursor":41,"bookmark":{"seq":41,"timestamp":1766137459280},"event":{"channel":"progress","type":"think_chunk","step":1,"delta":"保险需求，需要","bookmark":{"seq":41,"timestamp":1766137459280}}}
{"cursor":42,"bookmark":{"seq":42,"timestamp":1766137459280},"event":{"channel":"progress","type":"think_chunk","step":1,"delta":"进一步了解客户的","bookmark":{"seq":42,"timestamp":1766137459280}}}
{"cursor":43,"bookmark":{"seq":43,"timestamp":1766137459280},"event":{"channel":"progress","type":"think_chunk","step":1,"delta":"年龄、职业、","bookmark":{"seq":43,"timestamp":1766137459280}}}
{"cursor":44,"bookmark":{"seq":44,"timestamp":1766137459280},"event":{"channel":"progress","type":"think_chunk","step":1,"delta":"收入水平","bookmark":{"seq":44,"timestamp":1766137459280}}}
{"cursor":45,"bookmark":{"seq":45,"timestamp":1766137459326},"event":{"channel":"progress","type":"think_chunk","step":1,"delta":"、预算和","bookmark":{"seq":45,"timestamp":1766137459326}}}
{"cursor":46,"bookmark":{"seq":46,"timestamp":1766137459326},"event":{"channel":"progress","type":"think_chunk","step":1,"delta":"具体保险需求","bookmark":{"seq":46,"timestamp":1766137459326}}}
{"cursor":47,"bookmark":{"seq":47,"timestamp":1766137459326},"event":{"channel":"progress","type":"think_chunk","step":1,"delta":"才能提供合适的","bookmark":{"seq":47,"timestamp":1766137459326}}}
{"cursor":48,"bookmark":{"seq":48,"timestamp":1766137459363},"event":{"channel":"progress","type":"think_chunk","step":1,"delta":"保险产品","bookmark":{"seq":48,"timestamp":1766137459363}}}
{"cursor":49,"bookmark":{"seq":49,"timestamp":1766137459524},"event":{"channel":"progress","type":"think_chunk","step":1,"delta":"建议。\",\n  \"recommendations\": [],\n","bookmark":{"seq":49,"timestamp":1766137459524}}}
{"cursor":50,"bookmark":{"seq":50,"timestamp":1766137459524},"event":{"channel":"progress","type":"think_chunk","step":1,"delta":"  \"questions\": [\n    \"","bookmark":{"seq":50,"timestamp":1766137459524}}}
{"cursor":51,"bookmark":{"seq":51,"timestamp":1766137459524},"event":{"channel":"progress","type":"think_chunk","step":1,"delta":"请问您的年龄和","bookmark":{"seq":51,"timestamp":1766137459524}}}
{"cursor":52,"bookmark":{"seq":52,"timestamp":1766137459524},"event":{"channel":"progress","type":"think_chunk","step":1,"delta":"职业是什么？\",\n","bookmark":{"seq":52,"timestamp":1766137459524}}}
{"cursor":53,"bookmark":{"seq":53,"timestamp":1766137459533},"event":{"channel":"progress","type":"think_chunk","step":1,"delta":"    \"您有什么","bookmark":{"seq":53,"timestamp":1766137459533}}}
{"cursor":54,"bookmark":{"seq":54,"timestamp":1766137459545},"event":{"channel":"progress","type":"think_chunk","step":1,"delta":"具体的保险需求","bookmark":{"seq":54,"timestamp":1766137459545}}}
{"cursor":55,"bookmark":{"seq":55,"timestamp":1766137459578},"event":{"channel":"progress","type":"think_chunk","step":1,"delta":"或担忧吗？","bookmark":{"seq":55,"timestamp":1766137459578}}}
{"cursor":56,"bookmark":{"seq":56,"timestamp":1766137459702},"event":{"channel":"progress","type":"think_chunk","step":1,"delta":"\"\n  ],\n","bookmark":{"seq":56,"timestamp":1766137459702}}}
{"cursor":57,"bookmark":{"seq":57,"timestamp":1766137459702},"event":{"channel":"progress","type":"think_chunk","step":1,"delta":"  \"next_actions\":","bookmark":{"seq":57,"timestamp":1766137459702}}}
{"cursor":58,"bookmark":{"seq":58,"timestamp":1766137459702},"event":{"channel":"progress","type":"think_chunk","step":1,"delta":" [\"提供基本","bookmark":{"seq":58,"timestamp":1766137459702}}}
{"cursor":59,"bookmark":{"seq":59,"timestamp":1766137459702},"event":{"channel":"progress","type":"think_chunk","step":1,"delta":"个人信息和保险需求","bookmark":{"seq":59,"timestamp":1766137459702}}}
{"cursor":60,"bookmark":{"seq":60,"timestamp":1766137459717},"event":{"channel":"progress","type":"think_chunk","step":1,"delta":"，以便获取","bookmark":{"seq":60,"timestamp":1766137459717}}}
{"cursor":61,"bookmark":{"seq":61,"timestamp":1766137459743},"event":{"channel":"progress","type":"think_chunk","step":1,"delta":"个性化的保险产品","bookmark":{"seq":61,"timestamp":1766137459743}}}
{"cursor":62,"bookmark":{"seq":62,"timestamp":1766137459772},"event":{"channel":"progress","type":"think_chunk","step":1,"delta":"推荐\"]\n}\n```","bookmark":{"seq":62,"timestamp":1766137459772}}}
{"cursor":63,"bookmark":{"seq":63,"timestamp":1766137459900},"event":{"channel":"progress","type":"think_chunk_end","step":1,"bookmark":{"seq":63,"timestamp":1766137459900}}}
{"cursor":65,"bookmark":{"seq":65,"timestamp":1766137459902},"event":{"channel":"progress","type":"done","step":1,"reason":"completed","bookmark":{"seq":65,"timestamp":1766137459902}}}
