{"cursor":4,"bookmark":{"seq":4,"timestamp":1766136676352},"event":{"channel":"progress","type":"think_chunk_start","step":1,"bookmark":{"seq":4,"timestamp":1766136676352}}}
{"cursor":5,"bookmark":{"seq":5,"timestamp":1766136678013},"event":{"channel":"progress","type":"think_chunk","step":1,"delta":"您好！我是","bookmark":{"seq":5,"timestamp":1766136678013}}}
{"cursor":6,"bookmark":{"seq":6,"timestamp":1766136678029},"event":{"channel":"progress","type":"think_chunk","step":1,"delta":"您的保险","bookmark":{"seq":6,"timestamp":1766136678029}}}
{"cursor":7,"bookmark":{"seq":7,"timestamp":1766136678068},"event":{"channel":"progress","type":"think_chunk","step":1,"delta":"策略顾问。我","bookmark":{"seq":7,"timestamp":1766136678068}}}
{"cursor":8,"bookmark":{"seq":8,"timestamp":1766136678114},"event":{"channel":"progress","type":"think_chunk","step":1,"delta":"注意到您想","bookmark":{"seq":8,"timestamp":1766136678114}}}
{"cursor":9,"bookmark":{"seq":9,"timestamp":1766136678153},"event":{"channel":"progress","type":"think_chunk","step":1,"delta":"为30岁的互联网","bookmark":{"seq":9,"timestamp":1766136678153}}}
{"cursor":10,"bookmark":{"seq":10,"timestamp":1766136678172},"event":{"channel":"progress","type":"think_chunk","step":1,"delta":"精英王宝","bookmark":{"seq":10,"timestamp":1766136678172}}}
{"cursor":11,"bookmark":{"seq":11,"timestamp":1766136678206},"event":{"channel":"progress","type":"think_chunk","step":1,"delta":"强配置","bookmark":{"seq":11,"timestamp":1766136678206}}}
{"cursor":12,"bookmark":{"seq":12,"timestamp":1766136678238},"event":{"channel":"progress","type":"think_chunk","step":1,"delta":"保险，但目前","bookmark":{"seq":12,"timestamp":1766136678238}}}
{"cursor":13,"bookmark":{"seq":13,"timestamp":1766136678272},"event":{"channel":"progress","type":"think_chunk","step":1,"delta":"信息还不够全面","bookmark":{"seq":13,"timestamp":1766136678272}}}
{"cursor":14,"bookmark":{"seq":14,"timestamp":1766136678313},"event":{"channel":"progress","type":"think_chunk","step":1,"delta":"。","bookmark":{"seq":14,"timestamp":1766136678313}}}
{"cursor":15,"bookmark":{"seq":15,"timestamp":1766136678331},"event":{"channel":"progress","type":"think_chunk","step":1,"delta":"为了提供精准","bookmark":{"seq":15,"timestamp":1766136678331}}}
{"cursor":16,"bookmark":{"seq":16,"timestamp":1766136678380},"event":{"channel":"progress","type":"think_chunk","step":1,"delta":"的保险方案建议","bookmark":{"seq":16,"timestamp":1766136678380}}}
{"cursor":17,"bookmark":{"seq":17,"timestamp":1766136678392},"event":{"channel":"progress","type":"think_chunk","step":1,"delta":"，我需要了解","bookmark":{"seq":17,"timestamp":1766136678392}}}
{"cursor":18,"bookmark":{"seq":18,"timestamp":1766136678448},"event":{"channel":"progress","type":"think_chunk","step":1,"delta":"以下关键信息","bookmark":{"seq":18,"timestamp":1766136678448}}}
{"cursor":19,"bookmark":{"seq":19,"timestamp":1766136678462},"event":{"channel":"progress","type":"think_chunk","step":1,"delta":"：\n\n```json\n","bookmark":{"seq":19,"timestamp":1766136678462}}}
{"cursor":20,"bookmark":{"seq":20,"timestamp":1766136678501},"event":{"channel":"progress","type":"think_chunk","step":1,"delta":"{\n  \"thought","bookmark":{"seq":20,"timestamp":1766136678501}}}
{"cursor":21,"bookmark":{"seq":21,"timestamp":1766136678539},"event":{"channel":"progress","type":"think_chunk","step":1,"delta":"\": \"用户","bookmark":{"seq":21,"timestamp":1766136678539}}}
{"cursor":22,"bookmark":{"seq":22,"timestamp":1766136678577},"event":{"channel":"progress","type":"think_chunk","step":1,"delta":"提供了姓名、","bookmark":{"seq":22,"timestamp":1766136678577}}}
{"cursor":23,"bookmark":{"seq":23,"timestamp":1766136678597},"event":{"channel":"progress","type":"think_chunk","step":1,"delta":"年龄和职业信息","bookmark":{"seq":23,"timestamp":1766136678597}}}
{"cursor":24,"bookmark":{"seq":24,"timestamp":1766136678637},"event":{"channel":"progress","type":"think_chunk","step":1,"delta":"，但缺失","bookmark":{"seq":24,"timestamp":1766136678637}}}
{"cursor":25,"bookmark":{"seq":25,"timestamp":1766136678663},"event":{"channel":"progress","type":"think_chunk","step":1,"delta":"了重要的","bookmark":{"seq":25,"timestamp":1766136678663}}}
{"cursor":26,"bookmark":{"seq":26,"timestamp":1766136678870},"event":{"channel":"progress","type":"think_chunk","step":1,"delta":"财务和","bookmark":{"seq":26,"timestamp":1766136678870}}}
{"cursor":27,"bookmark":{"seq":27,"timestamp":1766136678875},"event":{"channel":"progress","type":"think_chunk","step":1,"delta":"健康信息，","bookmark":{"seq":27,"timestamp":1766136678875}}}
{"cursor":28,"bookmark":{"seq":28,"timestamp":1766136678876},"event":{"channel":"progress","type":"think_chunk","step":1,"delta":"无法进行精准的产品","bookmark":{"seq":28,"timestamp":1766136678876}}}
{"cursor":29,"bookmark":{"seq":29,"timestamp":1766136678883},"event":{"channel":"progress","type":"think_chunk","step":1,"delta":"筛选和推荐","bookmark":{"seq":29,"timestamp":1766136678883}}}
{"cursor":30,"bookmark":{"seq":30,"timestamp":1766136678884},"event":{"channel":"progress","type":"think_chunk","step":1,"delta":"。需要收集","bookmark":{"seq":30,"timestamp":1766136678884}}}
{"cursor":31,"bookmark":{"seq":31,"timestamp":1766136679089},"event":{"channel":"progress","type":"think_chunk","step":1,"delta":"更多背景","bookmark":{"seq":31,"timestamp":1766136679089}}}
{"cursor":32,"bookmark":{"seq":32,"timestamp":1766136679090},"event":{"channel":"progress","type":"think_chunk","step":1,"delta":"信息来制定合适的","bookmark":{"seq":32,"timestamp":1766136679090}}}
{"cursor":33,"bookmark":{"seq":33,"timestamp":1766136679090},"event":{"channel":"progress","type":"think_chunk","step":1,"delta":"保险策略。\",\n","bookmark":{"seq":33,"timestamp":1766136679090}}}
{"cursor":34,"bookmark":{"seq":34,"timestamp":1766136679091},"event":{"channel":"progress","type":"think_chunk","step":1,"delta":"  \"customer_profile","bookmark":{"seq":34,"timestamp":1766136679091}}}
{"cursor":35,"bookmark":{"seq":35,"timestamp":1766136679092},"event":{"channel":"progress","type":"think_chunk","step":1,"delta":"\": {\n    \"","bookmark":{"seq":35,"timestamp":1766136679092}}}
{"cursor":36,"bookmark":{"seq":36,"timestamp":1766136679094},"event":{"channel":"progress","type":"think_chunk","step":1,"delta":"name\": \"王","bookmark":{"seq":36,"timestamp":1766136679094}}}
{"cursor":37,"bookmark":{"seq":37,"timestamp":1766136679096},"event":{"channel":"progress","type":"think_chunk","step":1,"delta":"宝强\",\n  ","bookmark":{"seq":37,"timestamp":1766136679096}}}
{"cursor":38,"bookmark":{"seq":38,"timestamp":1766136679096},"event":{"channel":"progress","type":"think_chunk","step":1,"delta":"  \"role\": \"","bookmark":{"seq":38,"timestamp":1766136679096}}}
{"cursor":39,"bookmark":{"seq":39,"timestamp":1766136679125},"event":{"channel":"progress","type":"think_chunk","step":1,"delta":"互联网精英\",\n  ","bookmark":{"seq":39,"timestamp":1766136679125}}}
{"cursor":40,"bookmark":{"seq":40,"timestamp":1766136679215},"event":{"channel":"progress","type":"think_chunk","step":1,"delta":"  \"age","bookmark":{"seq":40,"timestamp":1766136679215}}}
{"cursor":41,"bookmark":{"seq":41,"timestamp":1766136679263},"event":{"channel":"progress","type":"think_chunk","step":1,"delta":"\": \"30\",\n  ","bookmark":{"seq":41,"timestamp":1766136679263}}}
{"cursor":42,"bookmark":{"seq":42,"timestamp":1766136681206},"event":{"channel":"progress","type":"think_chunk","step":1,"delta":"  \"annual_budget\": \"待确认\",\n    \"mar","bookmark":{"seq":42,"timestamp":1766136681206}}}
{"cursor":43,"bookmark":{"seq":43,"timestamp":1766136681207},"event":{"channel":"progress","type":"think_chunk","step":1,"delta":"ital_status","bookmark":{"seq":43,"timestamp":1766136681207}}}
{"cursor":44,"bookmark":{"seq":44,"timestamp":1766136681222},"event":{"channel":"progress","type":"think_chunk","step":1,"delta":"\": \"","bookmark":{"seq":44,"timestamp":1766136681222}}}
{"cursor":45,"bookmark":{"seq":45,"timestamp":1766136681238},"event":{"channel":"progress","type":"think_chunk","step":1,"delta":"待确认","bookmark":{"seq":45,"timestamp":1766136681238}}}
{"cursor":46,"bookmark":{"seq":46,"timestamp":1766136681282},"event":{"channel":"progress","type":"think_chunk","step":1,"delta":"\",\n  ","bookmark":{"seq":46,"timestamp":1766136681282}}}
{"cursor":47,"bookmark":{"seq":47,"timestamp":1766136681288},"event":{"channel":"progress","type":"think_chunk","step":1,"delta":"  \"annual","bookmark":{"seq":47,"timestamp":1766136681288}}}
{"cursor":48,"bookmark":{"seq":48,"timestamp":1766136681310},"event":{"channel":"progress","type":"think_chunk","step":1,"delta":"_income\":","bookmark":{"seq":48,"timestamp":1766136681310}}}
{"cursor":49,"bookmark":{"seq":49,"timestamp":1766136681332},"event":{"channel":"progress","type":"think_chunk","step":1,"delta":" \"待","bookmark":{"seq":49,"timestamp":1766136681332}}}
{"cursor":50,"bookmark":{"seq":50,"timestamp":1766136681384},"event":{"channel":"progress","type":"think_chunk","step":1,"delta":"确认\",\n","bookmark":{"seq":50,"timestamp":1766136681384}}}
{"cursor":51,"bookmark":{"seq":51,"timestamp":1766136681389},"event":{"channel":"progress","type":"think_chunk","step":1,"delta":"    \"","bookmark":{"seq":51,"timestamp":1766136681389}}}
{"cursor":52,"bookmark":{"seq":52,"timestamp":1766136681411},"event":{"channel":"progress","type":"think_chunk","step":1,"delta":"location\":","bookmark":{"seq":52,"timestamp":1766136681411}}}
{"cursor":53,"bookmark":{"seq":53,"timestamp":1766136681432},"event":{"channel":"progress","type":"think_chunk","step":1,"delta":" \"待","bookmark":{"seq":53,"timestamp":1766136681432}}}
{"cursor":54,"bookmark":{"seq":54,"timestamp":1766136681463},"event":{"channel":"progress","type":"think_chunk","step":1,"delta":"确认\",\n","bookmark":{"seq":54,"timestamp":1766136681463}}}
{"cursor":55,"bookmark":{"seq":55,"timestamp":1766136681714},"event":{"channel":"progress","type":"think_chunk","step":1,"delta":"    \"risk_factors","bookmark":{"seq":55,"timestamp":1766136681714}}}
{"cursor":56,"bookmark":{"seq":56,"timestamp":1766136681743},"event":{"channel":"progress","type":"think_chunk","step":1,"delta":"\": [\"","bookmark":{"seq":56,"timestamp":1766136681743}}}
{"cursor":57,"bookmark":{"seq":57,"timestamp":1766136681795},"event":{"channel":"progress","type":"think_chunk","step":1,"delta":"待确认","bookmark":{"seq":57,"timestamp":1766136681795}}}
{"cursor":58,"bookmark":{"seq":58,"timestamp":1766136681795},"event":{"channel":"progress","type":"think_chunk","step":1,"delta":"\"],\n  ","bookmark":{"seq":58,"timestamp":1766136681795}}}
{"cursor":59,"bookmark":{"seq":59,"timestamp":1766136681822},"event":{"channel":"progress","type":"think_chunk","step":1,"delta":"  \"needs\": [\"","bookmark":{"seq":59,"timestamp":1766136681822}}}
{"cursor":60,"bookmark":{"seq":60,"timestamp":1766136681856},"event":{"channel":"progress","type":"think_chunk","step":1,"delta":"待确认\"]\n","bookmark":{"seq":60,"timestamp":1766136681856}}}
{"cursor":61,"bookmark":{"seq":61,"timestamp":1766136681889},"event":{"channel":"progress","type":"think_chunk","step":1,"delta":"  },\n  \"ins","bookmark":{"seq":61,"timestamp":1766136681889}}}
{"cursor":62,"bookmark":{"seq":62,"timestamp":1766136681922},"event":{"channel":"progress","type":"think_chunk","step":1,"delta":"ight_summary\": \"","bookmark":{"seq":62,"timestamp":1766136681922}}}
{"cursor":63,"bookmark":{"seq":63,"timestamp":1766136681979},"event":{"channel":"progress","type":"think_chunk","step":1,"delta":"已知客户为30","bookmark":{"seq":63,"timestamp":1766136681979}}}
{"cursor":64,"bookmark":{"seq":64,"timestamp":1766136681999},"event":{"channel":"progress","type":"think_chunk","step":1,"delta":"岁互联网精英，","bookmark":{"seq":64,"timestamp":1766136681999}}}
{"cursor":65,"bookmark":{"seq":65,"timestamp":1766136682025},"event":{"channel":"progress","type":"think_chunk","step":1,"delta":"但缺乏财务","bookmark":{"seq":65,"timestamp":1766136682025}}}
{"cursor":66,"bookmark":{"seq":66,"timestamp":1766136682228},"event":{"channel":"progress","type":"think_chunk","step":1,"delta":"状况、婚姻","bookmark":{"seq":66,"timestamp":1766136682228}}}
{"cursor":67,"bookmark":{"seq":67,"timestamp":1766136682229},"event":{"channel":"progress","type":"think_chunk","step":1,"delta":"状况、健康状况","bookmark":{"seq":67,"timestamp":1766136682229}}}
{"cursor":68,"bookmark":{"seq":68,"timestamp":1766136682229},"event":{"channel":"progress","type":"think_chunk","step":1,"delta":"、预算范围","bookmark":{"seq":68,"timestamp":1766136682229}}}
{"cursor":69,"bookmark":{"seq":69,"timestamp":1766136682230},"event":{"channel":"progress","type":"think_chunk","step":1,"delta":"等关键信息","bookmark":{"seq":69,"timestamp":1766136682230}}}
{"cursor":70,"bookmark":{"seq":70,"timestamp":1766136682274},"event":{"channel":"progress","type":"think_chunk","step":1,"delta":"，无法制定","bookmark":{"seq":70,"timestamp":1766136682274}}}
{"cursor":71,"bookmark":{"seq":71,"timestamp":1766136682275},"event":{"channel":"progress","type":"think_chunk","step":1,"delta":"针对性保险方案。\",\n","bookmark":{"seq":71,"timestamp":1766136682275}}}
{"cursor":72,"bookmark":{"seq":72,"timestamp":1766136682276},"event":{"channel":"progress","type":"think_chunk","step":1,"delta":"  \"recommendations","bookmark":{"seq":72,"timestamp":1766136682276}}}
{"cursor":73,"bookmark":{"seq":73,"timestamp":1766136682301},"event":{"channel":"progress","type":"think_chunk","step":1,"delta":"\": [],\n  \"","bookmark":{"seq":73,"timestamp":1766136682301}}}
{"cursor":74,"bookmark":{"seq":74,"timestamp":1766136682323},"event":{"channel":"progress","type":"think_chunk","step":1,"delta":"questions\": [\n","bookmark":{"seq":74,"timestamp":1766136682323}}}
{"cursor":75,"bookmark":{"seq":75,"timestamp":1766136682388},"event":{"channel":"progress","type":"think_chunk","step":1,"delta":"    \"1","bookmark":{"seq":75,"timestamp":1766136682388}}}
{"cursor":76,"bookmark":{"seq":76,"timestamp":1766136682389},"event":{"channel":"progress","type":"think_chunk","step":1,"delta":". 您的年度","bookmark":{"seq":76,"timestamp":1766136682389}}}
{"cursor":77,"bookmark":{"seq":77,"timestamp":1766136682430},"event":{"channel":"progress","type":"think_chunk","step":1,"delta":"预算或期望","bookmark":{"seq":77,"timestamp":1766136682430}}}
{"cursor":78,"bookmark":{"seq":78,"timestamp":1766136682468},"event":{"channel":"progress","type":"think_chunk","step":1,"delta":"的保费","bookmark":{"seq":78,"timestamp":1766136682468}}}
{"cursor":79,"bookmark":{"seq":79,"timestamp":1766136682487},"event":{"channel":"progress","type":"think_chunk","step":1,"delta":"支出范围是多少？","bookmark":{"seq":79,"timestamp":1766136682487}}}
{"cursor":80,"bookmark":{"seq":80,"timestamp":1766136682529},"event":{"channel":"progress","type":"think_chunk","step":1,"delta":"\",\n    \"2","bookmark":{"seq":80,"timestamp":1766136682529}}}
{"cursor":81,"bookmark":{"seq":81,"timestamp":1766136682560},"event":{"channel":"progress","type":"think_chunk","step":1,"delta":". 您的家庭","bookmark":{"seq":81,"timestamp":1766136682560}}}
{"cursor":82,"bookmark":{"seq":82,"timestamp":1766136682594},"event":{"channel":"progress","type":"think_chunk","step":1,"delta":"状况如何","bookmark":{"seq":82,"timestamp":1766136682594}}}
{"cursor":83,"bookmark":{"seq":83,"timestamp":1766136682631},"event":{"channel":"progress","type":"think_chunk","step":1,"delta":"？已婚/未婚","bookmark":{"seq":83,"timestamp":1766136682631}}}
{"cursor":84,"bookmark":{"seq":84,"timestamp":1766136682660},"event":{"channel":"progress","type":"think_chunk","step":1,"delta":"？有无子女/","bookmark":{"seq":84,"timestamp":1766136682660}}}
{"cursor":85,"bookmark":{"seq":85,"timestamp":1766136682696},"event":{"channel":"progress","type":"think_chunk","step":1,"delta":"父母需要","bookmark":{"seq":85,"timestamp":1766136682696}}}
{"cursor":86,"bookmark":{"seq":86,"timestamp":1766136682737},"event":{"channel":"progress","type":"think_chunk","step":1,"delta":"赡养？\"\n","bookmark":{"seq":86,"timestamp":1766136682737}}}
{"cursor":87,"bookmark":{"seq":87,"timestamp":1766136682786},"event":{"channel":"progress","type":"think_chunk","step":1,"delta":"  ],\n  \"","bookmark":{"seq":87,"timestamp":1766136682786}}}
{"cursor":88,"bookmark":{"seq":88,"timestamp":1766136682907},"event":{"channel":"progress","type":"think_chunk","step":1,"delta":"next_actions\": [\"","bookmark":{"seq":88,"timestamp":1766136682907}}}
{"cursor":89,"bookmark":{"seq":89,"timestamp":1766136682907},"event":{"channel":"progress","type":"think_chunk","step":1,"delta":"待收集基本信息","bookmark":{"seq":89,"timestamp":1766136682907}}}
{"cursor":90,"bookmark":{"seq":90,"timestamp":1766136682908},"event":{"channel":"progress","type":"think_chunk","step":1,"delta":"后进行","bookmark":{"seq":90,"timestamp":1766136682908}}}
{"cursor":91,"bookmark":{"seq":91,"timestamp":1766136682908},"event":{"channel":"progress","type":"think_chunk","step":1,"delta":"初步产品","bookmark":{"seq":91,"timestamp":1766136682908}}}
{"cursor":92,"bookmark":{"seq":92,"timestamp":1766136682919},"event":{"channel":"progress","type":"think_chunk","step":1,"delta":"筛选和推荐","bookmark":{"seq":92,"timestamp":1766136682919}}}
{"cursor":93,"bookmark":{"seq":93,"timestamp":1766136682961},"event":{"channel":"progress","type":"think_chunk","step":1,"delta":"\"]\n}\n```","bookmark":{"seq":93,"timestamp":1766136682961}}}
{"cursor":94,"bookmark":{"seq":94,"timestamp":1766136683064},"event":{"channel":"progress","type":"think_chunk_end","step":1,"bookmark":{"seq":94,"timestamp":1766136683064}}}
{"cursor":96,"bookmark":{"seq":96,"timestamp":1766136683073},"event":{"channel":"progress","type":"done","step":1,"reason":"completed","bookmark":{"seq":96,"timestamp":1766136683073}}}
{"cursor":103,"bookmark":{"seq":103,"timestamp":1766136733865},"event":{"channel":"progress","type":"think_chunk_start","step":3,"bookmark":{"seq":103,"timestamp":1766136733865}}}
{"cursor":104,"bookmark":{"seq":104,"timestamp":1766136735886},"event":{"channel":"progress","type":"think_chunk","step":3,"delta":"我","bookmark":{"seq":104,"timestamp":1766136735886}}}
{"cursor":105,"bookmark":{"seq":105,"timestamp":1766136735886},"event":{"channel":"progress","type":"think_chunk","step":3,"delta":"理解您","bookmark":{"seq":105,"timestamp":1766136735886}}}
{"cursor":106,"bookmark":{"seq":106,"timestamp":1766136735886},"event":{"channel":"progress","type":"think_chunk","step":3,"delta":"希望我","bookmark":{"seq":106,"timestamp":1766136735886}}}
{"cursor":107,"bookmark":{"seq":107,"timestamp":1766136735928},"event":{"channel":"progress","type":"think_chunk","step":3,"delta":"基于已有","bookmark":{"seq":107,"timestamp":1766136735928}}}
{"cursor":108,"bookmark":{"seq":108,"timestamp":1766136735968},"event":{"channel":"progress","type":"think_chunk","step":3,"delta":"信息提供方案","bookmark":{"seq":108,"timestamp":1766136735968}}}
{"cursor":109,"bookmark":{"seq":109,"timestamp":1766136736034},"event":{"channel":"progress","type":"think_chunk","step":3,"delta":"，但我作为","bookmark":{"seq":109,"timestamp":1766136736034}}}
{"cursor":110,"bookmark":{"seq":110,"timestamp":1766136736128},"event":{"channel":"progress","type":"think_chunk","step":3,"delta":"专业","bookmark":{"seq":110,"timestamp":1766136736128}}}
{"cursor":111,"bookmark":{"seq":111,"timestamp":1766136736192},"event":{"channel":"progress","type":"think_chunk","step":3,"delta":"保险顾","bookmark":{"seq":111,"timestamp":1766136736192}}}
{"cursor":112,"bookmark":{"seq":112,"timestamp":1766136736292},"event":{"channel":"progress","type":"think_chunk","step":3,"delta":"问，","bookmark":{"seq":112,"timestamp":1766136736292}}}
{"cursor":113,"bookmark":{"seq":113,"timestamp":1766136736350},"event":{"channel":"progress","type":"think_chunk","step":3,"delta":"需要","bookmark":{"seq":113,"timestamp":1766136736350}}}
{"cursor":114,"bookmark":{"seq":114,"timestamp":1766136736809},"event":{"channel":"progress","type":"think_chunk","step":3,"delta":"确保所有","bookmark":{"seq":114,"timestamp":1766136736809}}}
{"cursor":115,"bookmark":{"seq":115,"timestamp":1766136736810},"event":{"channel":"progress","type":"think_chunk","step":3,"delta":"推荐","bookmark":{"seq":115,"timestamp":1766136736810}}}
{"cursor":116,"bookmark":{"seq":116,"timestamp":1766136736810},"event":{"channel":"progress","type":"think_chunk","step":3,"delta":"都有准确的依据，避免","bookmark":{"seq":116,"timestamp":1766136736810}}}
{"cursor":117,"bookmark":{"seq":117,"timestamp":1766136736810},"event":{"channel":"progress","type":"think_chunk","step":3,"delta":"给出错误或不适当的信息。","bookmark":{"seq":117,"timestamp":1766136736810}}}
{"cursor":118,"bookmark":{"seq":118,"timestamp":1766136736848},"event":{"channel":"progress","type":"think_chunk","step":3,"delta":"我可以根据\"30岁互联网","bookmark":{"seq":118,"timestamp":1766136736848}}}
{"cursor":119,"bookmark":{"seq":119,"timestamp":1766136736907},"event":{"channel":"progress","type":"think_chunk","step":3,"delta":"精英\"这一有限信息，","bookmark":{"seq":119,"timestamp":1766136736907}}}
{"cursor":120,"bookmark":{"seq":120,"timestamp":1766136736907},"event":{"channel":"progress","type":"think_chunk","step":3,"delta":"为您提供初步的保险规划方向：\n\n```json\n{\n  \"","bookmark":{"seq":120,"timestamp":1766136736907}}}
{"cursor":121,"bookmark":{"seq":121,"timestamp":1766136736907},"event":{"channel":"progress","type":"think_chunk","step":3,"delta":"thought\": \"基于有限信息（30岁互联网精英）进行初步","bookmark":{"seq":121,"timestamp":1766136736907}}}
{"cursor":122,"bookmark":{"seq":122,"timestamp":1766136737139},"event":{"channel":"progress","type":"think_chunk","step":3,"delta":"分析，但","bookmark":{"seq":122,"timestamp":1766136737139}}}
{"cursor":123,"bookmark":{"seq":123,"timestamp":1766136737140},"event":{"channel":"progress","type":"think_chunk","step":3,"delta":"缺乏详细财务和","bookmark":{"seq":123,"timestamp":1766136737140}}}
{"cursor":124,"bookmark":{"seq":124,"timestamp":1766136737141},"event":{"channel":"progress","type":"think_chunk","step":3,"delta":"健康信息","bookmark":{"seq":124,"timestamp":1766136737141}}}
{"cursor":125,"bookmark":{"seq":125,"timestamp":1766136737174},"event":{"channel":"progress","type":"think_chunk","step":3,"delta":"，无法提供","bookmark":{"seq":125,"timestamp":1766136737174}}}
{"cursor":126,"bookmark":{"seq":126,"timestamp":1766136737234},"event":{"channel":"progress","type":"think_chunk","step":3,"delta":"精准产品","bookmark":{"seq":126,"timestamp":1766136737234}}}
{"cursor":127,"bookmark":{"seq":127,"timestamp":1766136737235},"event":{"channel":"progress","type":"think_chunk","step":3,"delta":"推荐。需要先","bookmark":{"seq":127,"timestamp":1766136737235}}}
{"cursor":128,"bookmark":{"seq":128,"timestamp":1766136737235},"event":{"channel":"progress","type":"think_chunk","step":3,"delta":"通过","bookmark":{"seq":128,"timestamp":1766136737235}}}
{"cursor":129,"bookmark":{"seq":129,"timestamp":1766136737235},"event":{"channel":"progress","type":"think_chunk","step":3,"delta":"工具","bookmark":{"seq":129,"timestamp":1766136737235}}}
{"cursor":130,"bookmark":{"seq":130,"timestamp":1766136737235},"event":{"channel":"progress","type":"think_chunk","step":3,"delta":"了解市","bookmark":{"seq":130,"timestamp":1766136737235}}}
{"cursor":131,"bookmark":{"seq":131,"timestamp":1766136737235},"event":{"channel":"progress","type":"think_chunk","step":3,"delta":"场上","bookmark":{"seq":131,"timestamp":1766136737235}}}
{"cursor":132,"bookmark":{"seq":132,"timestamp":1766136737325},"event":{"channel":"progress","type":"think_chunk","step":3,"delta":"适合30岁人群","bookmark":{"seq":132,"timestamp":1766136737325}}}
{"cursor":133,"bookmark":{"seq":133,"timestamp":1766136737374},"event":{"channel":"progress","type":"think_chunk","step":3,"delta":"的保险产品类型和特点。\",\n","bookmark":{"seq":133,"timestamp":1766136737374}}}
{"cursor":134,"bookmark":{"seq":134,"timestamp":1766136737438},"event":{"channel":"progress","type":"think_chunk","step":3,"delta":"  \"customer_profile\":","bookmark":{"seq":134,"timestamp":1766136737438}}}
{"cursor":135,"bookmark":{"seq":135,"timestamp":1766136737439},"event":{"channel":"progress","type":"think_chunk","step":3,"delta":" {\n    \"name","bookmark":{"seq":135,"timestamp":1766136737439}}}
{"cursor":136,"bookmark":{"seq":136,"timestamp":1766136737505},"event":{"channel":"progress","type":"think_chunk","step":3,"delta":"\": \"","bookmark":{"seq":136,"timestamp":1766136737505}}}
{"cursor":137,"bookmark":{"seq":137,"timestamp":1766136737505},"event":{"channel":"progress","type":"think_chunk","step":3,"delta":"王宝强\",\n","bookmark":{"seq":137,"timestamp":1766136737505}}}
{"cursor":138,"bookmark":{"seq":138,"timestamp":1766136737556},"event":{"channel":"progress","type":"think_chunk","step":3,"delta":"    \"","bookmark":{"seq":138,"timestamp":1766136737556}}}
{"cursor":139,"bookmark":{"seq":139,"timestamp":1766136737556},"event":{"channel":"progress","type":"think_chunk","step":3,"delta":"role\":","bookmark":{"seq":139,"timestamp":1766136737556}}}
{"cursor":140,"bookmark":{"seq":140,"timestamp":1766136737620},"event":{"channel":"progress","type":"think_chunk","step":3,"delta":" \"互联网精英\",\n  ","bookmark":{"seq":140,"timestamp":1766136737620}}}
{"cursor":141,"bookmark":{"seq":141,"timestamp":1766136737620},"event":{"channel":"progress","type":"think_chunk","step":3,"delta":"  \"a","bookmark":{"seq":141,"timestamp":1766136737620}}}
{"cursor":142,"bookmark":{"seq":142,"timestamp":1766136737684},"event":{"channel":"progress","type":"think_chunk","step":3,"delta":"ge\": \"30","bookmark":{"seq":142,"timestamp":1766136737684}}}
{"cursor":143,"bookmark":{"seq":143,"timestamp":1766136737684},"event":{"channel":"progress","type":"think_chunk","step":3,"delta":"\",\n    \"annual","bookmark":{"seq":143,"timestamp":1766136737684}}}
{"cursor":144,"bookmark":{"seq":144,"timestamp":1766136737737},"event":{"channel":"progress","type":"think_chunk","step":3,"delta":"_budget\":","bookmark":{"seq":144,"timestamp":1766136737737}}}
{"cursor":145,"bookmark":{"seq":145,"timestamp":1766136737737},"event":{"channel":"progress","type":"think_chunk","step":3,"delta":" \"待确认","bookmark":{"seq":145,"timestamp":1766136737737}}}
{"cursor":146,"bookmark":{"seq":146,"timestamp":1766136737812},"event":{"channel":"progress","type":"think_chunk","step":3,"delta":"\",\n","bookmark":{"seq":146,"timestamp":1766136737812}}}
{"cursor":147,"bookmark":{"seq":147,"timestamp":1766136737813},"event":{"channel":"progress","type":"think_chunk","step":3,"delta":"    \"marital","bookmark":{"seq":147,"timestamp":1766136737813}}}
{"cursor":148,"bookmark":{"seq":148,"timestamp":1766136737866},"event":{"channel":"progress","type":"think_chunk","step":3,"delta":"_status\":","bookmark":{"seq":148,"timestamp":1766136737866}}}
{"cursor":149,"bookmark":{"seq":149,"timestamp":1766136737866},"event":{"channel":"progress","type":"think_chunk","step":3,"delta":" \"待确认","bookmark":{"seq":149,"timestamp":1766136737866}}}
{"cursor":150,"bookmark":{"seq":150,"timestamp":1766136737936},"event":{"channel":"progress","type":"think_chunk","step":3,"delta":"\",\n    \"","bookmark":{"seq":150,"timestamp":1766136737936}}}
{"cursor":151,"bookmark":{"seq":151,"timestamp":1766136737937},"event":{"channel":"progress","type":"think_chunk","step":3,"delta":"annual_income\": \"","bookmark":{"seq":151,"timestamp":1766136737937}}}
{"cursor":152,"bookmark":{"seq":152,"timestamp":1766136737979},"event":{"channel":"progress","type":"think_chunk","step":3,"delta":"待确认\",\n","bookmark":{"seq":152,"timestamp":1766136737979}}}
{"cursor":153,"bookmark":{"seq":153,"timestamp":1766136738055},"event":{"channel":"progress","type":"think_chunk","step":3,"delta":"  ","bookmark":{"seq":153,"timestamp":1766136738055}}}
{"cursor":154,"bookmark":{"seq":154,"timestamp":1766136738101},"event":{"channel":"progress","type":"think_chunk","step":3,"delta":"  \"location\": \"","bookmark":{"seq":154,"timestamp":1766136738101}}}
{"cursor":155,"bookmark":{"seq":155,"timestamp":1766136738545},"event":{"channel":"progress","type":"think_chunk","step":3,"delta":"待确认\",\n  ","bookmark":{"seq":155,"timestamp":1766136738545}}}
{"cursor":156,"bookmark":{"seq":156,"timestamp":1766136738546},"event":{"channel":"progress","type":"think_chunk","step":3,"delta":"  \"risk","bookmark":{"seq":156,"timestamp":1766136738546}}}
{"cursor":157,"bookmark":{"seq":157,"timestamp":1766136738546},"event":{"channel":"progress","type":"think_chunk","step":3,"delta":"_factors\":","bookmark":{"seq":157,"timestamp":1766136738546}}}
{"cursor":158,"bookmark":{"seq":158,"timestamp":1766136738774},"event":{"channel":"progress","type":"think_chunk","step":3,"delta":" [\"工作","bookmark":{"seq":158,"timestamp":1766136738774}}}
{"cursor":159,"bookmark":{"seq":159,"timestamp":1766136738775},"event":{"channel":"progress","type":"think_chunk","step":3,"delta":"压力大","bookmark":{"seq":159,"timestamp":1766136738775}}}
{"cursor":160,"bookmark":{"seq":160,"timestamp":1766136738775},"event":{"channel":"progress","type":"think_chunk","step":3,"delta":"\", \"","bookmark":{"seq":160,"timestamp":1766136738775}}}
{"cursor":161,"bookmark":{"seq":161,"timestamp":1766136738775},"event":{"channel":"progress","type":"think_chunk","step":3,"delta":"久坐","bookmark":{"seq":161,"timestamp":1766136738775}}}
{"cursor":162,"bookmark":{"seq":162,"timestamp":1766136738775},"event":{"channel":"progress","type":"think_chunk","step":3,"delta":"不动\"],","bookmark":{"seq":162,"timestamp":1766136738775}}}
{"cursor":163,"bookmark":{"seq":163,"timestamp":1766136738775},"event":{"channel":"progress","type":"think_chunk","step":3,"delta":"\n  ","bookmark":{"seq":163,"timestamp":1766136738775}}}
{"cursor":164,"bookmark":{"seq":164,"timestamp":1766136738775},"event":{"channel":"progress","type":"think_chunk","step":3,"delta":"  \"needs\":","bookmark":{"seq":164,"timestamp":1766136738775}}}
{"cursor":165,"bookmark":{"seq":165,"timestamp":1766136738775},"event":{"channel":"progress","type":"think_chunk","step":3,"delta":" [\"基础","bookmark":{"seq":165,"timestamp":1766136738775}}}
{"cursor":166,"bookmark":{"seq":166,"timestamp":1766136738775},"event":{"channel":"progress","type":"think_chunk","step":3,"delta":"医疗保障","bookmark":{"seq":166,"timestamp":1766136738775}}}
{"cursor":167,"bookmark":{"seq":167,"timestamp":1766136738776},"event":{"channel":"progress","type":"think_chunk","step":3,"delta":"\", \"","bookmark":{"seq":167,"timestamp":1766136738776}}}
{"cursor":168,"bookmark":{"seq":168,"timestamp":1766136738776},"event":{"channel":"progress","type":"think_chunk","step":3,"delta":"重","bookmark":{"seq":168,"timestamp":1766136738776}}}
{"cursor":169,"bookmark":{"seq":169,"timestamp":1766136738777},"event":{"channel":"progress","type":"think_chunk","step":3,"delta":"疾保障","bookmark":{"seq":169,"timestamp":1766136738777}}}
{"cursor":170,"bookmark":{"seq":170,"timestamp":1766136738777},"event":{"channel":"progress","type":"think_chunk","step":3,"delta":"\"]\n","bookmark":{"seq":170,"timestamp":1766136738777}}}
{"cursor":171,"bookmark":{"seq":171,"timestamp":1766136738777},"event":{"channel":"progress","type":"think_chunk","step":3,"delta":"  },\n  \"","bookmark":{"seq":171,"timestamp":1766136738777}}}
{"cursor":172,"bookmark":{"seq":172,"timestamp":1766136738778},"event":{"channel":"progress","type":"think_chunk","step":3,"delta":"insight","bookmark":{"seq":172,"timestamp":1766136738778}}}
{"cursor":173,"bookmark":{"seq":173,"timestamp":1766136738894},"event":{"channel":"progress","type":"think_chunk","step":3,"delta":"_summary\":","bookmark":{"seq":173,"timestamp":1766136738894}}}
{"cursor":174,"bookmark":{"seq":174,"timestamp":1766136738995},"event":{"channel":"progress","type":"think_chunk","step":3,"delta":" \"针对","bookmark":{"seq":174,"timestamp":1766136738995}}}
{"cursor":175,"bookmark":{"seq":175,"timestamp":1766136739054},"event":{"channel":"progress","type":"think_chunk","step":3,"delta":"30岁","bookmark":{"seq":175,"timestamp":1766136739054}}}
{"cursor":176,"bookmark":{"seq":176,"timestamp":1766136739164},"event":{"channel":"progress","type":"think_chunk","step":3,"delta":"互联网精英","bookmark":{"seq":176,"timestamp":1766136739164}}}
{"cursor":177,"bookmark":{"seq":177,"timestamp":1766136739245},"event":{"channel":"progress","type":"think_chunk","step":3,"delta":"，通常","bookmark":{"seq":177,"timestamp":1766136739245}}}
{"cursor":178,"bookmark":{"seq":178,"timestamp":1766136739245},"event":{"channel":"progress","type":"think_chunk","step":3,"delta":"面临工作","bookmark":{"seq":178,"timestamp":1766136739245}}}
{"cursor":179,"bookmark":{"seq":179,"timestamp":1766136739246},"event":{"channel":"progress","type":"think_chunk","step":3,"delta":"压力大、","bookmark":{"seq":179,"timestamp":1766136739246}}}
{"cursor":180,"bookmark":{"seq":180,"timestamp":1766136739246},"event":{"channel":"progress","type":"think_chunk","step":3,"delta":"健康","bookmark":{"seq":180,"timestamp":1766136739246}}}
{"cursor":181,"bookmark":{"seq":181,"timestamp":1766136739312},"event":{"channel":"progress","type":"think_chunk","step":3,"delta":"风险增加等问题，建议优先","bookmark":{"seq":181,"timestamp":1766136739312}}}
{"cursor":182,"bookmark":{"seq":182,"timestamp":1766136739313},"event":{"channel":"progress","type":"think_chunk","step":3,"delta":"配置医疗险和重","bookmark":{"seq":182,"timestamp":1766136739313}}}
{"cursor":183,"bookmark":{"seq":183,"timestamp":1766136739313},"event":{"channel":"progress","type":"think_chunk","step":3,"delta":"疾险作为","bookmark":{"seq":183,"timestamp":1766136739313}}}
{"cursor":184,"bookmark":{"seq":184,"timestamp":1766136739313},"event":{"channel":"progress","type":"think_chunk","step":3,"delta":"基础保障","bookmark":{"seq":184,"timestamp":1766136739313}}}
{"cursor":185,"bookmark":{"seq":185,"timestamp":1766136739347},"event":{"channel":"progress","type":"think_chunk","step":3,"delta":"，同时","bookmark":{"seq":185,"timestamp":1766136739347}}}
{"cursor":186,"bookmark":{"seq":186,"timestamp":1766136739348},"event":{"channel":"progress","type":"think_chunk","step":3,"delta":"考虑意外","bookmark":{"seq":186,"timestamp":1766136739348}}}
{"cursor":187,"bookmark":{"seq":187,"timestamp":1766136739348},"event":{"channel":"progress","type":"think_chunk","step":3,"delta":"险和定期","bookmark":{"seq":187,"timestamp":1766136739348}}}
{"cursor":188,"bookmark":{"seq":188,"timestamp":1766136739348},"event":{"channel":"progress","type":"think_chunk","step":3,"delta":"寿","bookmark":{"seq":188,"timestamp":1766136739348}}}
{"cursor":189,"bookmark":{"seq":189,"timestamp":1766136739348},"event":{"channel":"progress","type":"think_chunk","step":3,"delta":"险。","bookmark":{"seq":189,"timestamp":1766136739348}}}
{"cursor":190,"bookmark":{"seq":190,"timestamp":1766136739348},"event":{"channel":"progress","type":"think_chunk","step":3,"delta":"但","bookmark":{"seq":190,"timestamp":1766136739348}}}
{"cursor":191,"bookmark":{"seq":191,"timestamp":1766136739348},"event":{"channel":"progress","type":"think_chunk","step":3,"delta":"缺乏具体财务状况","bookmark":{"seq":191,"timestamp":1766136739348}}}
{"cursor":192,"bookmark":{"seq":192,"timestamp":1766136739348},"event":{"channel":"progress","type":"think_chunk","step":3,"delta":"信息无法","bookmark":{"seq":192,"timestamp":1766136739348}}}
{"cursor":193,"bookmark":{"seq":193,"timestamp":1766136739348},"event":{"channel":"progress","type":"think_chunk","step":3,"delta":"确定保","bookmark":{"seq":193,"timestamp":1766136739348}}}
{"cursor":194,"bookmark":{"seq":194,"timestamp":1766136739349},"event":{"channel":"progress","type":"think_chunk","step":3,"delta":"额和","bookmark":{"seq":194,"timestamp":1766136739349}}}
{"cursor":195,"bookmark":{"seq":195,"timestamp":1766136739349},"event":{"channel":"progress","type":"think_chunk","step":3,"delta":"预算。\",\n","bookmark":{"seq":195,"timestamp":1766136739349}}}
{"cursor":196,"bookmark":{"seq":196,"timestamp":1766136739349},"event":{"channel":"progress","type":"think_chunk","step":3,"delta":"  \"","bookmark":{"seq":196,"timestamp":1766136739349}}}
{"cursor":197,"bookmark":{"seq":197,"timestamp":1766136739350},"event":{"channel":"progress","type":"think_chunk","step":3,"delta":"recommendations","bookmark":{"seq":197,"timestamp":1766136739350}}}
{"cursor":198,"bookmark":{"seq":198,"timestamp":1766136739350},"event":{"channel":"progress","type":"think_chunk","step":3,"delta":"\": [\n  ","bookmark":{"seq":198,"timestamp":1766136739350}}}
{"cursor":199,"bookmark":{"seq":199,"timestamp":1766136739409},"event":{"channel":"progress","type":"think_chunk","step":3,"delta":"  {\n","bookmark":{"seq":199,"timestamp":1766136739409}}}
{"cursor":200,"bookmark":{"seq":200,"timestamp":1766136739471},"event":{"channel":"progress","type":"think_chunk","step":3,"delta":"      \"product_id","bookmark":{"seq":200,"timestamp":1766136739471}}}
{"cursor":201,"bookmark":{"seq":201,"timestamp":1766136739471},"event":{"channel":"progress","type":"think_chunk","step":3,"delta":"\": \"","bookmark":{"seq":201,"timestamp":1766136739471}}}
{"cursor":202,"bookmark":{"seq":202,"timestamp":1766136739471},"event":{"channel":"progress","type":"think_chunk","step":3,"delta":"待确认","bookmark":{"seq":202,"timestamp":1766136739471}}}
{"cursor":203,"bookmark":{"seq":203,"timestamp":1766136739525},"event":{"channel":"progress","type":"think_chunk","step":3,"delta":"\",\n    ","bookmark":{"seq":203,"timestamp":1766136739525}}}
{"cursor":204,"bookmark":{"seq":204,"timestamp":1766136739615},"event":{"channel":"progress","type":"think_chunk","step":3,"delta":"  \"product_name\":","bookmark":{"seq":204,"timestamp":1766136739615}}}
{"cursor":205,"bookmark":{"seq":205,"timestamp":1766136739677},"event":{"channel":"progress","type":"think_chunk","step":3,"delta":" \"医疗险\",\n      \"product_type\": \"","bookmark":{"seq":205,"timestamp":1766136739677}}}
{"cursor":206,"bookmark":{"seq":206,"timestamp":1766136739736},"event":{"channel":"progress","type":"think_chunk","step":3,"delta":"医疗险","bookmark":{"seq":206,"timestamp":1766136739736}}}
{"cursor":207,"bookmark":{"seq":207,"timestamp":1766136739737},"event":{"channel":"progress","type":"think_chunk","step":3,"delta":"\",\n      \"customer","bookmark":{"seq":207,"timestamp":1766136739737}}}
{"cursor":208,"bookmark":{"seq":208,"timestamp":1766136739797},"event":{"channel":"progress","type":"think_chunk","step":3,"delta":"_fit\": \"适合","bookmark":{"seq":208,"timestamp":1766136739797}}}
{"cursor":209,"bookmark":{"seq":209,"timestamp":1766136739797},"event":{"channel":"progress","type":"think_chunk","step":3,"delta":"30岁","bookmark":{"seq":209,"timestamp":1766136739797}}}
{"cursor":210,"bookmark":{"seq":210,"timestamp":1766136739798},"event":{"channel":"progress","type":"think_chunk","step":3,"delta":"职场","bookmark":{"seq":210,"timestamp":1766136739798}}}
{"cursor":211,"bookmark":{"seq":211,"timestamp":1766136739866},"event":{"channel":"progress","type":"think_chunk","step":3,"delta":"人士","bookmark":{"seq":211,"timestamp":1766136739866}}}
{"cursor":212,"bookmark":{"seq":212,"timestamp":1766136739866},"event":{"channel":"progress","type":"think_chunk","step":3,"delta":"的基本","bookmark":{"seq":212,"timestamp":1766136739866}}}
{"cursor":213,"bookmark":{"seq":213,"timestamp":1766136739918},"event":{"channel":"progress","type":"think_chunk","step":3,"delta":"医疗保障，","bookmark":{"seq":213,"timestamp":1766136739918}}}
{"cursor":214,"bookmark":{"seq":214,"timestamp":1766136739919},"event":{"channel":"progress","type":"think_chunk","step":3,"delta":"可覆盖日常","bookmark":{"seq":214,"timestamp":1766136739919}}}
{"cursor":215,"bookmark":{"seq":215,"timestamp":1766136739979},"event":{"channel":"progress","type":"think_chunk","step":3,"delta":"医疗支出","bookmark":{"seq":215,"timestamp":1766136739979}}}
{"cursor":216,"bookmark":{"seq":216,"timestamp":1766136739979},"event":{"channel":"progress","type":"think_chunk","step":3,"delta":"和重大","bookmark":{"seq":216,"timestamp":1766136739979}}}
{"cursor":217,"bookmark":{"seq":217,"timestamp":1766136740059},"event":{"channel":"progress","type":"think_chunk","step":3,"delta":"疾病医疗","bookmark":{"seq":217,"timestamp":1766136740059}}}
{"cursor":218,"bookmark":{"seq":218,"timestamp":1766136740060},"event":{"channel":"progress","type":"think_chunk","step":3,"delta":"费用\",\n","bookmark":{"seq":218,"timestamp":1766136740060}}}
{"cursor":219,"bookmark":{"seq":219,"timestamp":1766136740101},"event":{"channel":"progress","type":"think_chunk","step":3,"delta":"      \"","bookmark":{"seq":219,"timestamp":1766136740101}}}
{"cursor":220,"bookmark":{"seq":220,"timestamp":1766136740102},"event":{"channel":"progress","type":"think_chunk","step":3,"delta":"coverage_high","bookmark":{"seq":220,"timestamp":1766136740102}}}
{"cursor":221,"bookmark":{"seq":221,"timestamp":1766136740167},"event":{"channel":"progress","type":"think_chunk","step":3,"delta":"lights\":","bookmark":{"seq":221,"timestamp":1766136740167}}}
{"cursor":222,"bookmark":{"seq":222,"timestamp":1766136740168},"event":{"channel":"progress","type":"think_chunk","step":3,"delta":" [\"覆盖","bookmark":{"seq":222,"timestamp":1766136740168}}}
{"cursor":223,"bookmark":{"seq":223,"timestamp":1766136740225},"event":{"channel":"progress","type":"think_chunk","step":3,"delta":"住院医疗","bookmark":{"seq":223,"timestamp":1766136740225}}}
{"cursor":224,"bookmark":{"seq":224,"timestamp":1766136740226},"event":{"channel":"progress","type":"think_chunk","step":3,"delta":"费用\", \"","bookmark":{"seq":224,"timestamp":1766136740226}}}
{"cursor":225,"bookmark":{"seq":225,"timestamp":1766136740292},"event":{"channel":"progress","type":"think_chunk","step":3,"delta":"可","bookmark":{"seq":225,"timestamp":1766136740292}}}
{"cursor":226,"bookmark":{"seq":226,"timestamp":1766136740292},"event":{"channel":"progress","type":"think_chunk","step":3,"delta":"附加特","bookmark":{"seq":226,"timestamp":1766136740292}}}
{"cursor":227,"bookmark":{"seq":227,"timestamp":1766136740371},"event":{"channel":"progress","type":"think_chunk","step":3,"delta":"需","bookmark":{"seq":227,"timestamp":1766136740371}}}
{"cursor":228,"bookmark":{"seq":228,"timestamp":1766136740429},"event":{"channel":"progress","type":"think_chunk","step":3,"delta":"医疗\", \"","bookmark":{"seq":228,"timestamp":1766136740429}}}
{"cursor":229,"bookmark":{"seq":229,"timestamp":1766136740429},"event":{"channel":"progress","type":"think_chunk","step":3,"delta":"保费","bookmark":{"seq":229,"timestamp":1766136740429}}}
{"cursor":230,"bookmark":{"seq":230,"timestamp":1766136740429},"event":{"channel":"progress","type":"think_chunk","step":3,"delta":"相对","bookmark":{"seq":230,"timestamp":1766136740429}}}
{"cursor":231,"bookmark":{"seq":231,"timestamp":1766136740429},"event":{"channel":"progress","type":"think_chunk","step":3,"delta":"较低\"],\n","bookmark":{"seq":231,"timestamp":1766136740429}}}
{"cursor":232,"bookmark":{"seq":232,"timestamp":1766136740490},"event":{"channel":"progress","type":"think_chunk","step":3,"delta":"      \"","bookmark":{"seq":232,"timestamp":1766136740490}}}
{"cursor":233,"bookmark":{"seq":233,"timestamp":1766136740491},"event":{"channel":"progress","type":"think_chunk","step":3,"delta":"tool_e","bookmark":{"seq":233,"timestamp":1766136740491}}}
{"cursor":234,"bookmark":{"seq":234,"timestamp":1766136740491},"event":{"channel":"progress","type":"think_chunk","step":3,"delta":"vidence\":","bookmark":{"seq":234,"timestamp":1766136740491}}}
{"cursor":235,"bookmark":{"seq":235,"timestamp":1766136740548},"event":{"channel":"progress","type":"think_chunk","step":3,"delta":" [\n      ","bookmark":{"seq":235,"timestamp":1766136740548}}}
{"cursor":236,"bookmark":{"seq":236,"timestamp":1766136740618},"event":{"channel":"progress","type":"think_chunk","step":3,"delta":"  {\n          \"tool","bookmark":{"seq":236,"timestamp":1766136740618}}}
{"cursor":237,"bookmark":{"seq":237,"timestamp":1766136740618},"event":{"channel":"progress","type":"think_chunk","step":3,"delta":"\": \"insurance_filter","bookmark":{"seq":237,"timestamp":1766136740618}}}
{"cursor":238,"bookmark":{"seq":238,"timestamp":1766136740697},"event":{"channel":"progress","type":"think_chunk","step":3,"delta":"\",\n          \"query","bookmark":{"seq":238,"timestamp":1766136740697}}}
{"cursor":239,"bookmark":{"seq":239,"timestamp":1766136740698},"event":{"channel":"progress","type":"think_chunk","step":3,"delta":"\": \"","bookmark":{"seq":239,"timestamp":1766136740698}}}
{"cursor":240,"bookmark":{"seq":240,"timestamp":1766136740753},"event":{"channel":"progress","type":"think_chunk","step":3,"delta":"过滤","bookmark":{"seq":240,"timestamp":1766136740753}}}
{"cursor":241,"bookmark":{"seq":241,"timestamp":1766136740753},"event":{"channel":"progress","type":"think_chunk","step":3,"delta":"30岁","bookmark":{"seq":241,"timestamp":1766136740753}}}
{"cursor":242,"bookmark":{"seq":242,"timestamp":1766136740839},"event":{"channel":"progress","type":"think_chunk","step":3,"delta":"人群适用的医疗险","bookmark":{"seq":242,"timestamp":1766136740839}}}
{"cursor":243,"bookmark":{"seq":243,"timestamp":1766136740902},"event":{"channel":"progress","type":"think_chunk","step":3,"delta":"产品\",\n","bookmark":{"seq":243,"timestamp":1766136740902}}}
{"cursor":244,"bookmark":{"seq":244,"timestamp":1766136740902},"event":{"channel":"progress","type":"think_chunk","step":3,"delta":"          \"","bookmark":{"seq":244,"timestamp":1766136740902}}}
{"cursor":245,"bookmark":{"seq":245,"timestamp":1766136740902},"event":{"channel":"progress","type":"think_chunk","step":3,"delta":"evidence\": \"","bookmark":{"seq":245,"timestamp":1766136740902}}}
{"cursor":246,"bookmark":{"seq":246,"timestamp":1766136740961},"event":{"channel":"progress","type":"think_chunk","step":3,"delta":"30","bookmark":{"seq":246,"timestamp":1766136740961}}}
{"cursor":247,"bookmark":{"seq":247,"timestamp":1766136740962},"event":{"channel":"progress","type":"think_chunk","step":3,"delta":"岁人群","bookmark":{"seq":247,"timestamp":1766136740962}}}
{"cursor":248,"bookmark":{"seq":248,"timestamp":1766136741045},"event":{"channel":"progress","type":"think_chunk","step":3,"delta":"适用","bookmark":{"seq":248,"timestamp":1766136741045}}}
{"cursor":249,"bookmark":{"seq":249,"timestamp":1766136741106},"event":{"channel":"progress","type":"think_chunk","step":3,"delta":"医疗险产品筛选结果\"\n        }\n","bookmark":{"seq":249,"timestamp":1766136741106}}}
{"cursor":250,"bookmark":{"seq":250,"timestamp":1766136741106},"event":{"channel":"progress","type":"think_chunk","step":3,"delta":"      ],\n    ","bookmark":{"seq":250,"timestamp":1766136741106}}}
{"cursor":251,"bookmark":{"seq":251,"timestamp":1766136741170},"event":{"channel":"progress","type":"think_chunk","step":3,"delta":"  \"disclaimer","bookmark":{"seq":251,"timestamp":1766136741170}}}
{"cursor":252,"bookmark":{"seq":252,"timestamp":1766136741171},"event":{"channel":"progress","type":"think_chunk","step":3,"delta":"\": \"","bookmark":{"seq":252,"timestamp":1766136741171}}}
{"cursor":253,"bookmark":{"seq":253,"timestamp":1766136741171},"event":{"channel":"progress","type":"think_chunk","step":3,"delta":"具体","bookmark":{"seq":253,"timestamp":1766136741171}}}
{"cursor":254,"bookmark":{"seq":254,"timestamp":1766136741235},"event":{"channel":"progress","type":"think_chunk","step":3,"delta":"产品","bookmark":{"seq":254,"timestamp":1766136741235}}}
{"cursor":255,"bookmark":{"seq":255,"timestamp":1766136741235},"event":{"channel":"progress","type":"think_chunk","step":3,"delta":"推荐需要根据","bookmark":{"seq":255,"timestamp":1766136741235}}}
{"cursor":256,"bookmark":{"seq":256,"timestamp":1766136741288},"event":{"channel":"progress","type":"think_chunk","step":3,"delta":"客户","bookmark":{"seq":256,"timestamp":1766136741288}}}
{"cursor":257,"bookmark":{"seq":257,"timestamp":1766136741288},"event":{"channel":"progress","type":"think_chunk","step":3,"delta":"实际","bookmark":{"seq":257,"timestamp":1766136741288}}}
{"cursor":258,"bookmark":{"seq":258,"timestamp":1766136741352},"event":{"channel":"progress","type":"think_chunk","step":3,"delta":"健康状况","bookmark":{"seq":258,"timestamp":1766136741352}}}
{"cursor":259,"bookmark":{"seq":259,"timestamp":1766136741353},"event":{"channel":"progress","type":"think_chunk","step":3,"delta":"、收入和","bookmark":{"seq":259,"timestamp":1766136741353}}}
{"cursor":260,"bookmark":{"seq":260,"timestamp":1766136741414},"event":{"channel":"progress","type":"think_chunk","step":3,"delta":"预算确定","bookmark":{"seq":260,"timestamp":1766136741414}}}
{"cursor":261,"bookmark":{"seq":261,"timestamp":1766136741414},"event":{"channel":"progress","type":"think_chunk","step":3,"delta":"。\"\n","bookmark":{"seq":261,"timestamp":1766136741414}}}
{"cursor":262,"bookmark":{"seq":262,"timestamp":1766136741414},"event":{"channel":"progress","type":"think_chunk","step":3,"delta":"    }\n","bookmark":{"seq":262,"timestamp":1766136741414}}}
{"cursor":263,"bookmark":{"seq":263,"timestamp":1766136741471},"event":{"channel":"progress","type":"think_chunk","step":3,"delta":"  ],\n","bookmark":{"seq":263,"timestamp":1766136741471}}}
{"cursor":264,"bookmark":{"seq":264,"timestamp":1766136741471},"event":{"channel":"progress","type":"think_chunk","step":3,"delta":"  \"questions\":","bookmark":{"seq":264,"timestamp":1766136741471}}}
{"cursor":265,"bookmark":{"seq":265,"timestamp":1766136741643},"event":{"channel":"progress","type":"think_chunk","step":3,"delta":" [\n    \"","bookmark":{"seq":265,"timestamp":1766136741643}}}
{"cursor":266,"bookmark":{"seq":266,"timestamp":1766136741643},"event":{"channel":"progress","type":"think_chunk","step":3,"delta":"1. 您","bookmark":{"seq":266,"timestamp":1766136741643}}}
{"cursor":267,"bookmark":{"seq":267,"timestamp":1766136741644},"event":{"channel":"progress","type":"think_chunk","step":3,"delta":"的年度","bookmark":{"seq":267,"timestamp":1766136741644}}}
{"cursor":268,"bookmark":{"seq":268,"timestamp":1766136741644},"event":{"channel":"progress","type":"think_chunk","step":3,"delta":"预算范围","bookmark":{"seq":268,"timestamp":1766136741644}}}
{"cursor":269,"bookmark":{"seq":269,"timestamp":1766136741653},"event":{"channel":"progress","type":"think_chunk","step":3,"delta":"是多少？","bookmark":{"seq":269,"timestamp":1766136741653}}}
{"cursor":270,"bookmark":{"seq":270,"timestamp":1766136741653},"event":{"channel":"progress","type":"think_chunk","step":3,"delta":"\",\n    \"2","bookmark":{"seq":270,"timestamp":1766136741653}}}
{"cursor":271,"bookmark":{"seq":271,"timestamp":1766136741716},"event":{"channel":"progress","type":"think_chunk","step":3,"delta":". 您","bookmark":{"seq":271,"timestamp":1766136741716}}}
{"cursor":272,"bookmark":{"seq":272,"timestamp":1766136741717},"event":{"channel":"progress","type":"think_chunk","step":3,"delta":"的年收入大约","bookmark":{"seq":272,"timestamp":1766136741717}}}
{"cursor":273,"bookmark":{"seq":273,"timestamp":1766136741862},"event":{"channel":"progress","type":"think_chunk","step":3,"delta":"在","bookmark":{"seq":273,"timestamp":1766136741862}}}
{"cursor":274,"bookmark":{"seq":274,"timestamp":1766136742033},"event":{"channel":"progress","type":"think_chunk","step":3,"delta":"什么水平？\"\n  ],\n  \"","bookmark":{"seq":274,"timestamp":1766136742033}}}
{"cursor":275,"bookmark":{"seq":275,"timestamp":1766136742034},"event":{"channel":"progress","type":"think_chunk","step":3,"delta":"next_actions","bookmark":{"seq":275,"timestamp":1766136742034}}}
{"cursor":276,"bookmark":{"seq":276,"timestamp":1766136742035},"event":{"channel":"progress","type":"think_chunk","step":3,"delta":"\": [\"","bookmark":{"seq":276,"timestamp":1766136742035}}}
{"cursor":277,"bookmark":{"seq":277,"timestamp":1766136742138},"event":{"channel":"progress","type":"think_chunk","step":3,"delta":"根据客户","bookmark":{"seq":277,"timestamp":1766136742138}}}
{"cursor":278,"bookmark":{"seq":278,"timestamp":1766136742138},"event":{"channel":"progress","type":"think_chunk","step":3,"delta":"财务","bookmark":{"seq":278,"timestamp":1766136742138}}}
{"cursor":279,"bookmark":{"seq":279,"timestamp":1766136742153},"event":{"channel":"progress","type":"think_chunk","step":3,"delta":"信息筛选","bookmark":{"seq":279,"timestamp":1766136742153}}}
{"cursor":280,"bookmark":{"seq":280,"timestamp":1766136742154},"event":{"channel":"progress","type":"think_chunk","step":3,"delta":"合适","bookmark":{"seq":280,"timestamp":1766136742154}}}
{"cursor":281,"bookmark":{"seq":281,"timestamp":1766136742229},"event":{"channel":"progress","type":"think_chunk","step":3,"delta":"产品，进一步","bookmark":{"seq":281,"timestamp":1766136742229}}}
{"cursor":282,"bookmark":{"seq":282,"timestamp":1766136742230},"event":{"channel":"progress","type":"think_chunk","step":3,"delta":"确认","bookmark":{"seq":282,"timestamp":1766136742230}}}
{"cursor":283,"bookmark":{"seq":283,"timestamp":1766136742269},"event":{"channel":"progress","type":"think_chunk","step":3,"delta":"健康状况","bookmark":{"seq":283,"timestamp":1766136742269}}}
{"cursor":284,"bookmark":{"seq":284,"timestamp":1766136742270},"event":{"channel":"progress","type":"think_chunk","step":3,"delta":"和保障","bookmark":{"seq":284,"timestamp":1766136742270}}}
{"cursor":285,"bookmark":{"seq":285,"timestamp":1766136742341},"event":{"channel":"progress","type":"think_chunk","step":3,"delta":"需求\"]\n}\n```","bookmark":{"seq":285,"timestamp":1766136742341}}}
{"cursor":286,"bookmark":{"seq":286,"timestamp":1766136742537},"event":{"channel":"progress","type":"think_chunk_end","step":3,"bookmark":{"seq":286,"timestamp":1766136742537}}}
{"cursor":288,"bookmark":{"seq":288,"timestamp":1766136742541},"event":{"channel":"progress","type":"done","step":3,"reason":"completed","bookmark":{"seq":288,"timestamp":1766136742541}}}
