{"cursor":4,"bookmark":{"seq":4,"timestamp":1766132854748},"event":{"channel":"progress","type":"think_chunk_start","step":1,"bookmark":{"seq":4,"timestamp":1766132854748}}}
{"cursor":5,"bookmark":{"seq":5,"timestamp":1766132856760},"event":{"channel":"progress","type":"think_chunk","step":1,"delta":"```json\n{\n","bookmark":{"seq":5,"timestamp":1766132856760}}}
{"cursor":6,"bookmark":{"seq":6,"timestamp":1766132856783},"event":{"channel":"progress","type":"think_chunk","step":1,"delta":"  \"thought","bookmark":{"seq":6,"timestamp":1766132856783}}}
{"cursor":7,"bookmark":{"seq":7,"timestamp":1766132856802},"event":{"channel":"progress","type":"think_chunk","step":1,"delta":"\": \"","bookmark":{"seq":7,"timestamp":1766132856802}}}
{"cursor":8,"bookmark":{"seq":8,"timestamp":1766132856836},"event":{"channel":"progress","type":"think_chunk","step":1,"delta":"已确认","bookmark":{"seq":8,"timestamp":1766132856836}}}
{"cursor":9,"bookmark":{"seq":9,"timestamp":1766132856850},"event":{"channel":"progress","type":"think_chunk","step":1,"delta":"部分","bookmark":{"seq":9,"timestamp":1766132856850}}}
{"cursor":10,"bookmark":{"seq":10,"timestamp":1766132856877},"event":{"channel":"progress","type":"think_chunk","step":1,"delta":"客户信息","bookmark":{"seq":10,"timestamp":1766132856877}}}
{"cursor":11,"bookmark":{"seq":11,"timestamp":1766132856906},"event":{"channel":"progress","type":"think_chunk","step":1,"delta":"（","bookmark":{"seq":11,"timestamp":1766132856906}}}
{"cursor":12,"bookmark":{"seq":12,"timestamp":1766132856925},"event":{"channel":"progress","type":"think_chunk","step":1,"delta":"姓名：","bookmark":{"seq":12,"timestamp":1766132856925}}}
{"cursor":13,"bookmark":{"seq":13,"timestamp":1766132856953},"event":{"channel":"progress","type":"think_chunk","step":1,"delta":"九九","bookmark":{"seq":13,"timestamp":1766132856953}}}
{"cursor":14,"bookmark":{"seq":14,"timestamp":1766132856973},"event":{"channel":"progress","type":"think_chunk","step":1,"delta":"，年龄","bookmark":{"seq":14,"timestamp":1766132856973}}}
{"cursor":15,"bookmark":{"seq":15,"timestamp":1766132857008},"event":{"channel":"progress","type":"think_chunk","step":1,"delta":"：30","bookmark":{"seq":15,"timestamp":1766132857008}}}
{"cursor":16,"bookmark":{"seq":16,"timestamp":1766132857044},"event":{"channel":"progress","type":"think_chunk","step":1,"delta":"岁，职业","bookmark":{"seq":16,"timestamp":1766132857044}}}
{"cursor":17,"bookmark":{"seq":17,"timestamp":1766132857196},"event":{"channel":"progress","type":"think_chunk","step":1,"delta":"：独立开发者","bookmark":{"seq":17,"timestamp":1766132857196}}}
{"cursor":18,"bookmark":{"seq":18,"timestamp":1766132857196},"event":{"channel":"progress","type":"think_chunk","step":1,"delta":"，","bookmark":{"seq":18,"timestamp":1766132857196}}}
{"cursor":19,"bookmark":{"seq":19,"timestamp":1766132857205},"event":{"channel":"progress","type":"think_chunk","step":1,"delta":"所在地","bookmark":{"seq":19,"timestamp":1766132857205}}}
{"cursor":20,"bookmark":{"seq":20,"timestamp":1766132857214},"event":{"channel":"progress","type":"think_chunk","step":1,"delta":"：上海","bookmark":{"seq":20,"timestamp":1766132857214}}}
{"cursor":21,"bookmark":{"seq":21,"timestamp":1766132857214},"event":{"channel":"progress","type":"think_chunk","step":1,"delta":"，健康状况","bookmark":{"seq":21,"timestamp":1766132857214}}}
{"cursor":22,"bookmark":{"seq":22,"timestamp":1766132857215},"event":{"channel":"progress","type":"think_chunk","step":1,"delta":"风险","bookmark":{"seq":22,"timestamp":1766132857215}}}
{"cursor":23,"bookmark":{"seq":23,"timestamp":1766132857217},"event":{"channel":"progress","type":"think_chunk","step":1,"delta":"：","bookmark":{"seq":23,"timestamp":1766132857217}}}
{"cursor":24,"bookmark":{"seq":24,"timestamp":1766132857228},"event":{"channel":"progress","type":"think_chunk","step":1,"delta":"睡眠","bookmark":{"seq":24,"timestamp":1766132857228}}}
{"cursor":25,"bookmark":{"seq":25,"timestamp":1766132857259},"event":{"channel":"progress","type":"think_chunk","step":1,"delta":"不足、","bookmark":{"seq":25,"timestamp":1766132857259}}}
{"cursor":26,"bookmark":{"seq":26,"timestamp":1766132857281},"event":{"channel":"progress","type":"think_chunk","step":1,"delta":"熬夜早起","bookmark":{"seq":26,"timestamp":1766132857281}}}
{"cursor":27,"bookmark":{"seq":27,"timestamp":1766132857299},"event":{"channel":"progress","type":"think_chunk","step":1,"delta":"）。","bookmark":{"seq":27,"timestamp":1766132857299}}}
{"cursor":28,"bookmark":{"seq":28,"timestamp":1766132857324},"event":{"channel":"progress","type":"think_chunk","step":1,"delta":"仍","bookmark":{"seq":28,"timestamp":1766132857324}}}
{"cursor":29,"bookmark":{"seq":29,"timestamp":1766132857348},"event":{"channel":"progress","type":"think_chunk","step":1,"delta":"缺失","bookmark":{"seq":29,"timestamp":1766132857348}}}
{"cursor":30,"bookmark":{"seq":30,"timestamp":1766132857373},"event":{"channel":"progress","type":"think_chunk","step":1,"delta":"关键","bookmark":{"seq":30,"timestamp":1766132857373}}}
{"cursor":31,"bookmark":{"seq":31,"timestamp":1766132857396},"event":{"channel":"progress","type":"think_chunk","step":1,"delta":"信息：","bookmark":{"seq":31,"timestamp":1766132857396}}}
{"cursor":32,"bookmark":{"seq":32,"timestamp":1766132857431},"event":{"channel":"progress","type":"think_chunk","step":1,"delta":"年收入","bookmark":{"seq":32,"timestamp":1766132857431}}}
{"cursor":33,"bookmark":{"seq":33,"timestamp":1766132857508},"event":{"channel":"progress","type":"think_chunk","step":1,"delta":"、婚姻","bookmark":{"seq":33,"timestamp":1766132857508}}}
{"cursor":34,"bookmark":{"seq":34,"timestamp":1766132857508},"event":{"channel":"progress","type":"think_chunk","step":1,"delta":"状态","bookmark":{"seq":34,"timestamp":1766132857508}}}
{"cursor":35,"bookmark":{"seq":35,"timestamp":1766132858108},"event":{"channel":"progress","type":"think_chunk","step":1,"delta":"、预算范围、","bookmark":{"seq":35,"timestamp":1766132858108}}}
{"cursor":36,"bookmark":{"seq":36,"timestamp":1766132858130},"event":{"channel":"progress","type":"think_chunk","step":1,"delta":"具体保险","bookmark":{"seq":36,"timestamp":1766132858130}}}
{"cursor":37,"bookmark":{"seq":37,"timestamp":1766132858202},"event":{"channel":"progress","type":"think_chunk","step":1,"delta":"需求。","bookmark":{"seq":37,"timestamp":1766132858202}}}
{"cursor":38,"bookmark":{"seq":38,"timestamp":1766132858205},"event":{"channel":"progress","type":"think_chunk","step":1,"delta":"需要通过","bookmark":{"seq":38,"timestamp":1766132858205}}}
{"cursor":39,"bookmark":{"seq":39,"timestamp":1766132858366},"event":{"channel":"progress","type":"think_chunk","step":1,"delta":"insurance","bookmark":{"seq":39,"timestamp":1766132858366}}}
{"cursor":40,"bookmark":{"seq":40,"timestamp":1766132858379},"event":{"channel":"progress","type":"think_chunk","step":1,"delta":"_filter","bookmark":{"seq":40,"timestamp":1766132858379}}}
{"cursor":41,"bookmark":{"seq":41,"timestamp":1766132858391},"event":{"channel":"progress","type":"think_chunk","step":1,"delta":"工具筛选","bookmark":{"seq":41,"timestamp":1766132858391}}}
{"cursor":42,"bookmark":{"seq":42,"timestamp":1766132858391},"event":{"channel":"progress","type":"think_chunk","step":1,"delta":"适合30","bookmark":{"seq":42,"timestamp":1766132858391}}}
{"cursor":43,"bookmark":{"seq":43,"timestamp":1766132858392},"event":{"channel":"progress","type":"think_chunk","step":1,"delta":"岁女性的","bookmark":{"seq":43,"timestamp":1766132858392}}}
{"cursor":44,"bookmark":{"seq":44,"timestamp":1766132858392},"event":{"channel":"progress","type":"think_chunk","step":1,"delta":"保险","bookmark":{"seq":44,"timestamp":1766132858392}}}
{"cursor":45,"bookmark":{"seq":45,"timestamp":1766132859030},"event":{"channel":"progress","type":"think_chunk","step":1,"delta":"产品，","bookmark":{"seq":45,"timestamp":1766132859030}}}
{"cursor":46,"bookmark":{"seq":46,"timestamp":1766132859065},"event":{"channel":"progress","type":"think_chunk","step":1,"delta":"但需要","bookmark":{"seq":46,"timestamp":1766132859065}}}
{"cursor":47,"bookmark":{"seq":47,"timestamp":1766132859094},"event":{"channel":"progress","type":"think_chunk","step":1,"delta":"先明确","bookmark":{"seq":47,"timestamp":1766132859094}}}
{"cursor":48,"bookmark":{"seq":48,"timestamp":1766132859126},"event":{"channel":"progress","type":"think_chunk","step":1,"delta":"预算和","bookmark":{"seq":48,"timestamp":1766132859126}}}
{"cursor":49,"bookmark":{"seq":49,"timestamp":1766132859152},"event":{"channel":"progress","type":"think_chunk","step":1,"delta":"产品类型","bookmark":{"seq":49,"timestamp":1766132859152}}}
{"cursor":50,"bookmark":{"seq":50,"timestamp":1766132859181},"event":{"channel":"progress","type":"think_chunk","step":1,"delta":"偏好。\",\n","bookmark":{"seq":50,"timestamp":1766132859181}}}
{"cursor":51,"bookmark":{"seq":51,"timestamp":1766132859213},"event":{"channel":"progress","type":"think_chunk","step":1,"delta":"  \"","bookmark":{"seq":51,"timestamp":1766132859213}}}
{"cursor":52,"bookmark":{"seq":52,"timestamp":1766132859237},"event":{"channel":"progress","type":"think_chunk","step":1,"delta":"customer_profile","bookmark":{"seq":52,"timestamp":1766132859237}}}
{"cursor":53,"bookmark":{"seq":53,"timestamp":1766132859267},"event":{"channel":"progress","type":"think_chunk","step":1,"delta":"\": {\n","bookmark":{"seq":53,"timestamp":1766132859267}}}
{"cursor":54,"bookmark":{"seq":54,"timestamp":1766132859293},"event":{"channel":"progress","type":"think_chunk","step":1,"delta":"    \"","bookmark":{"seq":54,"timestamp":1766132859293}}}
{"cursor":55,"bookmark":{"seq":55,"timestamp":1766132859322},"event":{"channel":"progress","type":"think_chunk","step":1,"delta":"name\":","bookmark":{"seq":55,"timestamp":1766132859322}}}
{"cursor":56,"bookmark":{"seq":56,"timestamp":1766132859353},"event":{"channel":"progress","type":"think_chunk","step":1,"delta":" \"九","bookmark":{"seq":56,"timestamp":1766132859353}}}
{"cursor":57,"bookmark":{"seq":57,"timestamp":1766132859376},"event":{"channel":"progress","type":"think_chunk","step":1,"delta":"九\",\n","bookmark":{"seq":57,"timestamp":1766132859376}}}
{"cursor":58,"bookmark":{"seq":58,"timestamp":1766132859403},"event":{"channel":"progress","type":"think_chunk","step":1,"delta":"    \"","bookmark":{"seq":58,"timestamp":1766132859403}}}
{"cursor":59,"bookmark":{"seq":59,"timestamp":1766132859432},"event":{"channel":"progress","type":"think_chunk","step":1,"delta":"role\":","bookmark":{"seq":59,"timestamp":1766132859432}}}
{"cursor":60,"bookmark":{"seq":60,"timestamp":1766132859462},"event":{"channel":"progress","type":"think_chunk","step":1,"delta":" \"独立","bookmark":{"seq":60,"timestamp":1766132859462}}}
{"cursor":61,"bookmark":{"seq":61,"timestamp":1766132859489},"event":{"channel":"progress","type":"think_chunk","step":1,"delta":"开发者\",\n","bookmark":{"seq":61,"timestamp":1766132859489}}}
{"cursor":62,"bookmark":{"seq":62,"timestamp":1766132859515},"event":{"channel":"progress","type":"think_chunk","step":1,"delta":"    \"","bookmark":{"seq":62,"timestamp":1766132859515}}}
{"cursor":63,"bookmark":{"seq":63,"timestamp":1766132859542},"event":{"channel":"progress","type":"think_chunk","step":1,"delta":"age\":","bookmark":{"seq":63,"timestamp":1766132859542}}}
{"cursor":64,"bookmark":{"seq":64,"timestamp":1766132859565},"event":{"channel":"progress","type":"think_chunk","step":1,"delta":" \"","bookmark":{"seq":64,"timestamp":1766132859565}}}
{"cursor":65,"bookmark":{"seq":65,"timestamp":1766132859595},"event":{"channel":"progress","type":"think_chunk","step":1,"delta":"30\",\n","bookmark":{"seq":65,"timestamp":1766132859595}}}
{"cursor":66,"bookmark":{"seq":66,"timestamp":1766132859649},"event":{"channel":"progress","type":"think_chunk","step":1,"delta":"    \"","bookmark":{"seq":66,"timestamp":1766132859649}}}
{"cursor":67,"bookmark":{"seq":67,"timestamp":1766132859660},"event":{"channel":"progress","type":"think_chunk","step":1,"delta":"annual_budget","bookmark":{"seq":67,"timestamp":1766132859660}}}
{"cursor":68,"bookmark":{"seq":68,"timestamp":1766132859680},"event":{"channel":"progress","type":"think_chunk","step":1,"delta":"\": \"","bookmark":{"seq":68,"timestamp":1766132859680}}}
{"cursor":69,"bookmark":{"seq":69,"timestamp":1766132859708},"event":{"channel":"progress","type":"think_chunk","step":1,"delta":"待确认","bookmark":{"seq":69,"timestamp":1766132859708}}}
{"cursor":70,"bookmark":{"seq":70,"timestamp":1766132859726},"event":{"channel":"progress","type":"think_chunk","step":1,"delta":"\",\n  ","bookmark":{"seq":70,"timestamp":1766132859726}}}
{"cursor":71,"bookmark":{"seq":71,"timestamp":1766132859756},"event":{"channel":"progress","type":"think_chunk","step":1,"delta":"  \"mar","bookmark":{"seq":71,"timestamp":1766132859756}}}
{"cursor":72,"bookmark":{"seq":72,"timestamp":1766132859780},"event":{"channel":"progress","type":"think_chunk","step":1,"delta":"ital_status","bookmark":{"seq":72,"timestamp":1766132859780}}}
{"cursor":73,"bookmark":{"seq":73,"timestamp":1766132859819},"event":{"channel":"progress","type":"think_chunk","step":1,"delta":"\": \"","bookmark":{"seq":73,"timestamp":1766132859819}}}
{"cursor":74,"bookmark":{"seq":74,"timestamp":1766132859828},"event":{"channel":"progress","type":"think_chunk","step":1,"delta":"待确认","bookmark":{"seq":74,"timestamp":1766132859828}}}
{"cursor":75,"bookmark":{"seq":75,"timestamp":1766132859847},"event":{"channel":"progress","type":"think_chunk","step":1,"delta":"\",\n  ","bookmark":{"seq":75,"timestamp":1766132859847}}}
{"cursor":76,"bookmark":{"seq":76,"timestamp":1766132859882},"event":{"channel":"progress","type":"think_chunk","step":1,"delta":"  \"annual","bookmark":{"seq":76,"timestamp":1766132859882}}}
{"cursor":77,"bookmark":{"seq":77,"timestamp":1766132859929},"event":{"channel":"progress","type":"think_chunk","step":1,"delta":"_income\": \"待","bookmark":{"seq":77,"timestamp":1766132859929}}}
{"cursor":78,"bookmark":{"seq":78,"timestamp":1766132859961},"event":{"channel":"progress","type":"think_chunk","step":1,"delta":"确认\",\n    \"","bookmark":{"seq":78,"timestamp":1766132859961}}}
{"cursor":79,"bookmark":{"seq":79,"timestamp":1766132859980},"event":{"channel":"progress","type":"think_chunk","step":1,"delta":"location\":","bookmark":{"seq":79,"timestamp":1766132859980}}}
{"cursor":80,"bookmark":{"seq":80,"timestamp":1766132860011},"event":{"channel":"progress","type":"think_chunk","step":1,"delta":" \"上海","bookmark":{"seq":80,"timestamp":1766132860011}}}
{"cursor":81,"bookmark":{"seq":81,"timestamp":1766132860029},"event":{"channel":"progress","type":"think_chunk","step":1,"delta":"\",\n    \"r","bookmark":{"seq":81,"timestamp":1766132860029}}}
{"cursor":82,"bookmark":{"seq":82,"timestamp":1766132860066},"event":{"channel":"progress","type":"think_chunk","step":1,"delta":"isk_factors\":","bookmark":{"seq":82,"timestamp":1766132860066}}}
{"cursor":83,"bookmark":{"seq":83,"timestamp":1766132860086},"event":{"channel":"progress","type":"think_chunk","step":1,"delta":" [\"睡眠","bookmark":{"seq":83,"timestamp":1766132860086}}}
{"cursor":84,"bookmark":{"seq":84,"timestamp":1766132860116},"event":{"channel":"progress","type":"think_chunk","step":1,"delta":"时间","bookmark":{"seq":84,"timestamp":1766132860116}}}
{"cursor":85,"bookmark":{"seq":85,"timestamp":1766132860160},"event":{"channel":"progress","type":"think_chunk","step":1,"delta":"较少\", \"","bookmark":{"seq":85,"timestamp":1766132860160}}}
{"cursor":86,"bookmark":{"seq":86,"timestamp":1766132860172},"event":{"channel":"progress","type":"think_chunk","step":1,"delta":"熬夜\",","bookmark":{"seq":86,"timestamp":1766132860172}}}
{"cursor":87,"bookmark":{"seq":87,"timestamp":1766132860230},"event":{"channel":"progress","type":"think_chunk","step":1,"delta":" \"早起\"],\n  ","bookmark":{"seq":87,"timestamp":1766132860230}}}
{"cursor":88,"bookmark":{"seq":88,"timestamp":1766132860231},"event":{"channel":"progress","type":"think_chunk","step":1,"delta":"  \"needs","bookmark":{"seq":88,"timestamp":1766132860231}}}
{"cursor":89,"bookmark":{"seq":89,"timestamp":1766132860256},"event":{"channel":"progress","type":"think_chunk","step":1,"delta":"\": [\"","bookmark":{"seq":89,"timestamp":1766132860256}}}
{"cursor":90,"bookmark":{"seq":90,"timestamp":1766132860292},"event":{"channel":"progress","type":"think_chunk","step":1,"delta":"待确认\"]\n","bookmark":{"seq":90,"timestamp":1766132860292}}}
{"cursor":91,"bookmark":{"seq":91,"timestamp":1766132860332},"event":{"channel":"progress","type":"think_chunk","step":1,"delta":"  },\n  \"ins","bookmark":{"seq":91,"timestamp":1766132860332}}}
{"cursor":92,"bookmark":{"seq":92,"timestamp":1766132860380},"event":{"channel":"progress","type":"think_chunk","step":1,"delta":"ight_summary\": \"","bookmark":{"seq":92,"timestamp":1766132860380}}}
{"cursor":93,"bookmark":{"seq":93,"timestamp":1766132860411},"event":{"channel":"progress","type":"think_chunk","step":1,"delta":"客户是","bookmark":{"seq":93,"timestamp":1766132860411}}}
{"cursor":94,"bookmark":{"seq":94,"timestamp":1766132860435},"event":{"channel":"progress","type":"think_chunk","step":1,"delta":"30岁独立开发者，","bookmark":{"seq":94,"timestamp":1766132860435}}}
{"cursor":95,"bookmark":{"seq":95,"timestamp":1766132860463},"event":{"channel":"progress","type":"think_chunk","step":1,"delta":"面临","bookmark":{"seq":95,"timestamp":1766132860463}}}
{"cursor":96,"bookmark":{"seq":96,"timestamp":1766132860568},"event":{"channel":"progress","type":"think_chunk","step":1,"delta":"睡眠不足和熬夜","bookmark":{"seq":96,"timestamp":1766132860568}}}
{"cursor":97,"bookmark":{"seq":97,"timestamp":1766132860607},"event":{"channel":"progress","type":"think_chunk","step":1,"delta":"的健康","bookmark":{"seq":97,"timestamp":1766132860607}}}
{"cursor":98,"bookmark":{"seq":98,"timestamp":1766132860608},"event":{"channel":"progress","type":"think_chunk","step":1,"delta":"风险，但缺乏","bookmark":{"seq":98,"timestamp":1766132860608}}}
{"cursor":99,"bookmark":{"seq":99,"timestamp":1766132860611},"event":{"channel":"progress","type":"think_chunk","step":1,"delta":"收入、预算和","bookmark":{"seq":99,"timestamp":1766132860611}}}
{"cursor":100,"bookmark":{"seq":100,"timestamp":1766132860638},"event":{"channel":"progress","type":"think_chunk","step":1,"delta":"具体保险需求信息","bookmark":{"seq":100,"timestamp":1766132860638}}}
{"cursor":101,"bookmark":{"seq":101,"timestamp":1766132860681},"event":{"channel":"progress","type":"think_chunk","step":1,"delta":"，无法精准","bookmark":{"seq":101,"timestamp":1766132860681}}}
{"cursor":102,"bookmark":{"seq":102,"timestamp":1766132860701},"event":{"channel":"progress","type":"think_chunk","step":1,"delta":"推荐产品","bookmark":{"seq":102,"timestamp":1766132860701}}}
{"cursor":103,"bookmark":{"seq":103,"timestamp":1766132860743},"event":{"channel":"progress","type":"think_chunk","step":1,"delta":"。\",\n  \"recommend","bookmark":{"seq":103,"timestamp":1766132860743}}}
{"cursor":104,"bookmark":{"seq":104,"timestamp":1766132860783},"event":{"channel":"progress","type":"think_chunk","step":1,"delta":"ations\": [],\n","bookmark":{"seq":104,"timestamp":1766132860783}}}
{"cursor":105,"bookmark":{"seq":105,"timestamp":1766132860822},"event":{"channel":"progress","type":"think_chunk","step":1,"delta":"  \"questions\": [\n","bookmark":{"seq":105,"timestamp":1766132860822}}}
{"cursor":106,"bookmark":{"seq":106,"timestamp":1766132860848},"event":{"channel":"progress","type":"think_chunk","step":1,"delta":"    \"","bookmark":{"seq":106,"timestamp":1766132860848}}}
{"cursor":107,"bookmark":{"seq":107,"timestamp":1766132860884},"event":{"channel":"progress","type":"think_chunk","step":1,"delta":"请问您的年收入","bookmark":{"seq":107,"timestamp":1766132860884}}}
{"cursor":108,"bookmark":{"seq":108,"timestamp":1766132860933},"event":{"channel":"progress","type":"think_chunk","step":1,"delta":"大约在什么","bookmark":{"seq":108,"timestamp":1766132860933}}}
{"cursor":109,"bookmark":{"seq":109,"timestamp":1766132860980},"event":{"channel":"progress","type":"think_chunk","step":1,"delta":"范围？\",\n","bookmark":{"seq":109,"timestamp":1766132860980}}}
{"cursor":110,"bookmark":{"seq":110,"timestamp":1766132860987},"event":{"channel":"progress","type":"think_chunk","step":1,"delta":"    \"","bookmark":{"seq":110,"timestamp":1766132860987}}}
{"cursor":111,"bookmark":{"seq":111,"timestamp":1766132861009},"event":{"channel":"progress","type":"think_chunk","step":1,"delta":"您希望","bookmark":{"seq":111,"timestamp":1766132861009}}}
{"cursor":112,"bookmark":{"seq":112,"timestamp":1766132861042},"event":{"channel":"progress","type":"think_chunk","step":1,"delta":"每年","bookmark":{"seq":112,"timestamp":1766132861042}}}
{"cursor":113,"bookmark":{"seq":113,"timestamp":1766132861079},"event":{"channel":"progress","type":"think_chunk","step":1,"delta":"投入多少预算在","bookmark":{"seq":113,"timestamp":1766132861079}}}
{"cursor":114,"bookmark":{"seq":114,"timestamp":1766132861099},"event":{"channel":"progress","type":"think_chunk","step":1,"delta":"保险上？","bookmark":{"seq":114,"timestamp":1766132861099}}}
{"cursor":115,"bookmark":{"seq":115,"timestamp":1766132861123},"event":{"channel":"progress","type":"think_chunk","step":1,"delta":"\"\n","bookmark":{"seq":115,"timestamp":1766132861123}}}
{"cursor":116,"bookmark":{"seq":116,"timestamp":1766132861239},"event":{"channel":"progress","type":"think_chunk","step":1,"delta":"  ],\n  \"","bookmark":{"seq":116,"timestamp":1766132861239}}}
{"cursor":117,"bookmark":{"seq":117,"timestamp":1766132861506},"event":{"channel":"progress","type":"think_chunk","step":1,"delta":"next_actions\": []\n}\n```","bookmark":{"seq":117,"timestamp":1766132861506}}}
{"cursor":118,"bookmark":{"seq":118,"timestamp":1766132861615},"event":{"channel":"progress","type":"think_chunk_end","step":1,"bookmark":{"seq":118,"timestamp":1766132861615}}}
{"cursor":120,"bookmark":{"seq":120,"timestamp":1766132861630},"event":{"channel":"progress","type":"done","step":1,"reason":"completed","bookmark":{"seq":120,"timestamp":1766132861630}}}
