{"cursor":4,"bookmark":{"seq":4,"timestamp":1766133439857},"event":{"channel":"progress","type":"think_chunk_start","step":1,"bookmark":{"seq":4,"timestamp":1766133439857}}}
{"cursor":5,"bookmark":{"seq":5,"timestamp":1766133445101},"event":{"channel":"progress","type":"think_chunk","step":1,"delta":"我来帮您","bookmark":{"seq":5,"timestamp":1766133445101}}}
{"cursor":6,"bookmark":{"seq":6,"timestamp":1766133445102},"event":{"channel":"progress","type":"think_chunk","step":1,"delta":"查找所有重","bookmark":{"seq":6,"timestamp":1766133445102}}}
{"cursor":7,"bookmark":{"seq":7,"timestamp":1766133445134},"event":{"channel":"progress","type":"think_chunk","step":1,"delta":"疾险产品。","bookmark":{"seq":7,"timestamp":1766133445134}}}
{"cursor":8,"bookmark":{"seq":8,"timestamp":1766133445202},"event":{"channel":"progress","type":"think_chunk","step":1,"delta":"首先我","bookmark":{"seq":8,"timestamp":1766133445202}}}
{"cursor":9,"bookmark":{"seq":9,"timestamp":1766133445202},"event":{"channel":"progress","type":"think_chunk","step":1,"delta":"需要使用筛选","bookmark":{"seq":9,"timestamp":1766133445202}}}
{"cursor":10,"bookmark":{"seq":10,"timestamp":1766133445235},"event":{"channel":"progress","type":"think_chunk","step":1,"delta":"工具来获取","bookmark":{"seq":10,"timestamp":1766133445235}}}
{"cursor":11,"bookmark":{"seq":11,"timestamp":1766133445282},"event":{"channel":"progress","type":"think_chunk","step":1,"delta":"重疾险产品","bookmark":{"seq":11,"timestamp":1766133445282}}}
{"cursor":12,"bookmark":{"seq":12,"timestamp":1766133445384},"event":{"channel":"progress","type":"think_chunk","step":1,"delta":"列表，但需要","bookmark":{"seq":12,"timestamp":1766133445384}}}
{"cursor":13,"bookmark":{"seq":13,"timestamp":1766133445444},"event":{"channel":"progress","type":"think_chunk","step":1,"delta":"您提供年龄范围","bookmark":{"seq":13,"timestamp":1766133445444}}}
{"cursor":14,"bookmark":{"seq":14,"timestamp":1766133445462},"event":{"channel":"progress","type":"think_chunk","step":1,"delta":"信息。\n\n为了准确","bookmark":{"seq":14,"timestamp":1766133445462}}}
{"cursor":15,"bookmark":{"seq":15,"timestamp":1766133445669},"event":{"channel":"progress","type":"think_chunk","step":1,"delta":"查询重疾","bookmark":{"seq":15,"timestamp":1766133445669}}}
{"cursor":16,"bookmark":{"seq":16,"timestamp":1766133445669},"event":{"channel":"progress","type":"think_chunk","step":1,"delta":"险产品，我","bookmark":{"seq":16,"timestamp":1766133445669}}}
{"cursor":17,"bookmark":{"seq":17,"timestamp":1766133445669},"event":{"channel":"progress","type":"think_chunk","step":1,"delta":"需要知道您的年龄","bookmark":{"seq":17,"timestamp":1766133445669}}}
{"cursor":18,"bookmark":{"seq":18,"timestamp":1766133445669},"event":{"channel":"progress","type":"think_chunk","step":1,"delta":"范围。请问您的","bookmark":{"seq":18,"timestamp":1766133445669}}}
{"cursor":19,"bookmark":{"seq":19,"timestamp":1766133445669},"event":{"channel":"progress","type":"think_chunk","step":1,"delta":"年龄在哪个","bookmark":{"seq":19,"timestamp":1766133445669}}}
{"cursor":20,"bookmark":{"seq":20,"timestamp":1766133445802},"event":{"channel":"progress","type":"think_chunk","step":1,"delta":"区间内？例如","bookmark":{"seq":20,"timestamp":1766133445802}}}
{"cursor":21,"bookmark":{"seq":21,"timestamp":1766133445928},"event":{"channel":"progress","type":"think_chunk","step":1,"delta":"：25-","bookmark":{"seq":21,"timestamp":1766133445928}}}
{"cursor":22,"bookmark":{"seq":22,"timestamp":1766133445928},"event":{"channel":"progress","type":"think_chunk","step":1,"delta":"35岁或","bookmark":{"seq":22,"timestamp":1766133445928}}}
{"cursor":23,"bookmark":{"seq":23,"timestamp":1766133445928},"event":{"channel":"progress","type":"think_chunk","step":1,"delta":"40-50","bookmark":{"seq":23,"timestamp":1766133445928}}}
{"cursor":24,"bookmark":{"seq":24,"timestamp":1766133445928},"event":{"channel":"progress","type":"think_chunk","step":1,"delta":"岁等。\n","bookmark":{"seq":24,"timestamp":1766133445928}}}
{"cursor":25,"bookmark":{"seq":25,"timestamp":1766133446159},"event":{"channel":"progress","type":"think_chunk_end","step":1,"bookmark":{"seq":25,"timestamp":1766133446159}}}
{"cursor":28,"bookmark":{"seq":28,"timestamp":1766133446160},"event":{"channel":"progress","type":"tool:start","call":{"id":"call_5kqe8isdbeb","name":"customer_profile","state":"PENDING","approval":{"required":false},"inputPreview":"{\"age\":\"待确认\"}","auditTrail":[{"state":"PENDING","timestamp":1766133446160}]},"bookmark":{"seq":28,"timestamp":1766133446160}}}
{"cursor":35,"bookmark":{"seq":35,"timestamp":1766133446162},"event":{"channel":"progress","type":"think_chunk_start","step":2,"bookmark":{"seq":35,"timestamp":1766133446162}}}
{"cursor":36,"bookmark":{"seq":36,"timestamp":1766133447059},"event":{"channel":"progress","type":"think_chunk","step":2,"delta":"我需要先","bookmark":{"seq":36,"timestamp":1766133447059}}}
{"cursor":37,"bookmark":{"seq":37,"timestamp":1766133447062},"event":{"channel":"progress","type":"think_chunk","step":2,"delta":"了解您的年龄范围","bookmark":{"seq":37,"timestamp":1766133447062}}}
{"cursor":38,"bookmark":{"seq":38,"timestamp":1766133447073},"event":{"channel":"progress","type":"think_chunk","step":2,"delta":"才能为您筛选","bookmark":{"seq":38,"timestamp":1766133447073}}}
{"cursor":39,"bookmark":{"seq":39,"timestamp":1766133447098},"event":{"channel":"progress","type":"think_chunk","step":2,"delta":"重疾","bookmark":{"seq":39,"timestamp":1766133447098}}}
{"cursor":40,"bookmark":{"seq":40,"timestamp":1766133447124},"event":{"channel":"progress","type":"think_chunk","step":2,"delta":"险产品","bookmark":{"seq":40,"timestamp":1766133447124}}}
{"cursor":41,"bookmark":{"seq":41,"timestamp":1766133447147},"event":{"channel":"progress","type":"think_chunk","step":2,"delta":"。请问您的年龄","bookmark":{"seq":41,"timestamp":1766133447147}}}
{"cursor":42,"bookmark":{"seq":42,"timestamp":1766133447186},"event":{"channel":"progress","type":"think_chunk","step":2,"delta":"在哪个","bookmark":{"seq":42,"timestamp":1766133447186}}}
{"cursor":43,"bookmark":{"seq":43,"timestamp":1766133447224},"event":{"channel":"progress","type":"think_chunk","step":2,"delta":"区间内？例如","bookmark":{"seq":43,"timestamp":1766133447224}}}
{"cursor":44,"bookmark":{"seq":44,"timestamp":1766133447255},"event":{"channel":"progress","type":"think_chunk","step":2,"delta":"：\n-","bookmark":{"seq":44,"timestamp":1766133447255}}}
{"cursor":45,"bookmark":{"seq":45,"timestamp":1766133447286},"event":{"channel":"progress","type":"think_chunk","step":2,"delta":" 18-25","bookmark":{"seq":45,"timestamp":1766133447286}}}
{"cursor":46,"bookmark":{"seq":46,"timestamp":1766133447320},"event":{"channel":"progress","type":"think_chunk","step":2,"delta":"岁\n","bookmark":{"seq":46,"timestamp":1766133447320}}}
{"cursor":47,"bookmark":{"seq":47,"timestamp":1766133447349},"event":{"channel":"progress","type":"think_chunk","step":2,"delta":"- 26-","bookmark":{"seq":47,"timestamp":1766133447349}}}
{"cursor":48,"bookmark":{"seq":48,"timestamp":1766133447387},"event":{"channel":"progress","type":"think_chunk","step":2,"delta":"35岁 \n","bookmark":{"seq":48,"timestamp":1766133447387}}}
{"cursor":49,"bookmark":{"seq":49,"timestamp":1766133447452},"event":{"channel":"progress","type":"think_chunk","step":2,"delta":"- 36-","bookmark":{"seq":49,"timestamp":1766133447452}}}
{"cursor":50,"bookmark":{"seq":50,"timestamp":1766133447461},"event":{"channel":"progress","type":"think_chunk","step":2,"delta":"45岁\n-","bookmark":{"seq":50,"timestamp":1766133447461}}}
{"cursor":51,"bookmark":{"seq":51,"timestamp":1766133447484},"event":{"channel":"progress","type":"think_chunk","step":2,"delta":" 46","bookmark":{"seq":51,"timestamp":1766133447484}}}
{"cursor":52,"bookmark":{"seq":52,"timestamp":1766133447510},"event":{"channel":"progress","type":"think_chunk","step":2,"delta":"-55岁\n","bookmark":{"seq":52,"timestamp":1766133447510}}}
{"cursor":53,"bookmark":{"seq":53,"timestamp":1766133447576},"event":{"channel":"progress","type":"think_chunk","step":2,"delta":"- 56-","bookmark":{"seq":53,"timestamp":1766133447576}}}
{"cursor":54,"bookmark":{"seq":54,"timestamp":1766133447587},"event":{"channel":"progress","type":"think_chunk","step":2,"delta":"60岁\n\n","bookmark":{"seq":54,"timestamp":1766133447587}}}
{"cursor":55,"bookmark":{"seq":55,"timestamp":1766133447626},"event":{"channel":"progress","type":"think_chunk","step":2,"delta":"请提供您的年龄","bookmark":{"seq":55,"timestamp":1766133447626}}}
{"cursor":56,"bookmark":{"seq":56,"timestamp":1766133447660},"event":{"channel":"progress","type":"think_chunk","step":2,"delta":"范围，这样我","bookmark":{"seq":56,"timestamp":1766133447660}}}
{"cursor":57,"bookmark":{"seq":57,"timestamp":1766133447705},"event":{"channel":"progress","type":"think_chunk","step":2,"delta":"就能为您查询","bookmark":{"seq":57,"timestamp":1766133447705}}}
{"cursor":58,"bookmark":{"seq":58,"timestamp":1766133447831},"event":{"channel":"progress","type":"think_chunk","step":2,"delta":"到合适的","bookmark":{"seq":58,"timestamp":1766133447831}}}
{"cursor":59,"bookmark":{"seq":59,"timestamp":1766133448110},"event":{"channel":"progress","type":"think_chunk","step":2,"delta":"重疾险","bookmark":{"seq":59,"timestamp":1766133448110}}}
{"cursor":60,"bookmark":{"seq":60,"timestamp":1766133448342},"event":{"channel":"progress","type":"think_chunk","step":2,"delta":"产品","bookmark":{"seq":60,"timestamp":1766133448342}}}
{"cursor":61,"bookmark":{"seq":61,"timestamp":1766133448411},"event":{"channel":"progress","type":"think_chunk","step":2,"delta":"了","bookmark":{"seq":61,"timestamp":1766133448411}}}
{"cursor":62,"bookmark":{"seq":62,"timestamp":1766133448509},"event":{"channel":"progress","type":"think_chunk","step":2,"delta":"。","bookmark":{"seq":62,"timestamp":1766133448509}}}
{"cursor":63,"bookmark":{"seq":63,"timestamp":1766133448612},"event":{"channel":"progress","type":"think_chunk_end","step":2,"bookmark":{"seq":63,"timestamp":1766133448612}}}
{"cursor":65,"bookmark":{"seq":65,"timestamp":1766133448636},"event":{"channel":"progress","type":"done","step":2,"reason":"completed","bookmark":{"seq":65,"timestamp":1766133448636}}}
