{"cursor":0,"bookmark":{"seq":0,"timestamp":1766137510655},"event":{"channel":"monitor","type":"tool_manual_updated","tools":["insurance_filter","insurance_search","insurance_inspect"],"timestamp":1766137510655,"bookmark":{"seq":0,"timestamp":1766137510655}}}
{"cursor":1,"bookmark":{"seq":1,"timestamp":1766137510656},"event":{"channel":"monitor","type":"state_changed","state":"WORKING","bookmark":{"seq":1,"timestamp":1766137510656}}}
{"cursor":2,"bookmark":{"seq":2,"timestamp":1766137510656},"event":{"channel":"monitor","type":"breakpoint_changed","previous":"READY","current":"PRE_MODEL","timestamp":1766137510656,"bookmark":{"seq":2,"timestamp":1766137510656}}}
{"cursor":3,"bookmark":{"seq":3,"timestamp":1766137510658},"event":{"channel":"monitor","type":"breakpoint_changed","previous":"PRE_MODEL","current":"STREAMING_MODEL","timestamp":1766137510658,"bookmark":{"seq":3,"timestamp":1766137510658}}}
{"cursor":36,"bookmark":{"seq":36,"timestamp":1766137514115},"event":{"channel":"monitor","type":"token_usage","inputTokens":4,"outputTokens":191,"totalTokens":195,"bookmark":{"seq":36,"timestamp":1766137514115}}}
{"cursor":38,"bookmark":{"seq":38,"timestamp":1766137514128},"event":{"channel":"monitor","type":"step_complete","step":2,"bookmark":{"seq":38,"timestamp":1766137514128}}}
{"cursor":39,"bookmark":{"seq":39,"timestamp":1766137514128},"event":{"channel":"monitor","type":"state_changed","state":"READY","bookmark":{"seq":39,"timestamp":1766137514128}}}
{"cursor":40,"bookmark":{"seq":40,"timestamp":1766137514128},"event":{"channel":"monitor","type":"breakpoint_changed","previous":"STREAMING_MODEL","current":"READY","timestamp":1766137514128,"bookmark":{"seq":40,"timestamp":1766137514128}}}
{"cursor":41,"bookmark":{"seq":41,"timestamp":1766137519302},"event":{"channel":"monitor","type":"state_changed","state":"WORKING","bookmark":{"seq":41,"timestamp":1766137519302}}}
{"cursor":42,"bookmark":{"seq":42,"timestamp":1766137519302},"event":{"channel":"monitor","type":"breakpoint_changed","previous":"READY","current":"PRE_MODEL","timestamp":1766137519302,"bookmark":{"seq":42,"timestamp":1766137519302}}}
{"cursor":43,"bookmark":{"seq":43,"timestamp":1766137519304},"event":{"channel":"monitor","type":"breakpoint_changed","previous":"PRE_MODEL","current":"STREAMING_MODEL","timestamp":1766137519304,"bookmark":{"seq":43,"timestamp":1766137519304}}}
{"cursor":77,"bookmark":{"seq":77,"timestamp":1766137522016},"event":{"channel":"monitor","type":"token_usage","inputTokens":10,"outputTokens":186,"totalTokens":196,"bookmark":{"seq":77,"timestamp":1766137522016}}}
{"cursor":79,"bookmark":{"seq":79,"timestamp":1766137522018},"event":{"channel":"monitor","type":"step_complete","step":4,"bookmark":{"seq":79,"timestamp":1766137522018}}}
{"cursor":80,"bookmark":{"seq":80,"timestamp":1766137522018},"event":{"channel":"monitor","type":"state_changed","state":"READY","bookmark":{"seq":80,"timestamp":1766137522018}}}
{"cursor":81,"bookmark":{"seq":81,"timestamp":1766137522018},"event":{"channel":"monitor","type":"breakpoint_changed","previous":"STREAMING_MODEL","current":"READY","timestamp":1766137522018,"bookmark":{"seq":81,"timestamp":1766137522018}}}
{"cursor":82,"bookmark":{"seq":82,"timestamp":1766137528078},"event":{"channel":"monitor","type":"state_changed","state":"WORKING","bookmark":{"seq":82,"timestamp":1766137528078}}}
{"cursor":83,"bookmark":{"seq":83,"timestamp":1766137528078},"event":{"channel":"monitor","type":"breakpoint_changed","previous":"READY","current":"PRE_MODEL","timestamp":1766137528078,"bookmark":{"seq":83,"timestamp":1766137528078}}}
{"cursor":84,"bookmark":{"seq":84,"timestamp":1766137528080},"event":{"channel":"monitor","type":"breakpoint_changed","previous":"PRE_MODEL","current":"STREAMING_MODEL","timestamp":1766137528080,"bookmark":{"seq":84,"timestamp":1766137528080}}}
{"cursor":119,"bookmark":{"seq":119,"timestamp":1766137532065},"event":{"channel":"monitor","type":"token_usage","inputTokens":9,"outputTokens":175,"totalTokens":184,"bookmark":{"seq":119,"timestamp":1766137532065}}}
{"cursor":121,"bookmark":{"seq":121,"timestamp":1766137532069},"event":{"channel":"monitor","type":"step_complete","step":6,"bookmark":{"seq":121,"timestamp":1766137532069}}}
{"cursor":122,"bookmark":{"seq":122,"timestamp":1766137532069},"event":{"channel":"monitor","type":"state_changed","state":"READY","bookmark":{"seq":122,"timestamp":1766137532069}}}
{"cursor":123,"bookmark":{"seq":123,"timestamp":1766137532069},"event":{"channel":"monitor","type":"breakpoint_changed","previous":"STREAMING_MODEL","current":"READY","timestamp":1766137532069,"bookmark":{"seq":123,"timestamp":1766137532069}}}
{"cursor":124,"bookmark":{"seq":124,"timestamp":1766137537730},"event":{"channel":"monitor","type":"state_changed","state":"WORKING","bookmark":{"seq":124,"timestamp":1766137537730}}}
{"cursor":125,"bookmark":{"seq":125,"timestamp":1766137537730},"event":{"channel":"monitor","type":"breakpoint_changed","previous":"READY","current":"PRE_MODEL","timestamp":1766137537730,"bookmark":{"seq":125,"timestamp":1766137537730}}}
{"cursor":126,"bookmark":{"seq":126,"timestamp":1766137537733},"event":{"channel":"monitor","type":"breakpoint_changed","previous":"PRE_MODEL","current":"STREAMING_MODEL","timestamp":1766137537733,"bookmark":{"seq":126,"timestamp":1766137537733}}}
{"cursor":189,"bookmark":{"seq":189,"timestamp":1766137542189},"event":{"channel":"monitor","type":"token_usage","inputTokens":39,"outputTokens":381,"totalTokens":420,"bookmark":{"seq":189,"timestamp":1766137542189}}}
{"cursor":191,"bookmark":{"seq":191,"timestamp":1766137542193},"event":{"channel":"monitor","type":"step_complete","step":8,"bookmark":{"seq":191,"timestamp":1766137542193}}}
{"cursor":192,"bookmark":{"seq":192,"timestamp":1766137542193},"event":{"channel":"monitor","type":"state_changed","state":"READY","bookmark":{"seq":192,"timestamp":1766137542193}}}
{"cursor":193,"bookmark":{"seq":193,"timestamp":1766137542193},"event":{"channel":"monitor","type":"breakpoint_changed","previous":"STREAMING_MODEL","current":"READY","timestamp":1766137542193,"bookmark":{"seq":193,"timestamp":1766137542193}}}
