{"cursor":0,"bookmark":{"seq":0,"timestamp":1766133609131},"event":{"channel":"monitor","type":"tool_manual_updated","tools":["insurance_filter","insurance_search","insurance_inspect"],"timestamp":1766133609131,"bookmark":{"seq":0,"timestamp":1766133609131}}}
{"cursor":1,"bookmark":{"seq":1,"timestamp":1766133609132},"event":{"channel":"monitor","type":"state_changed","state":"WORKING","bookmark":{"seq":1,"timestamp":1766133609132}}}
{"cursor":2,"bookmark":{"seq":2,"timestamp":1766133609132},"event":{"channel":"monitor","type":"breakpoint_changed","previous":"READY","current":"PRE_MODEL","timestamp":1766133609132,"bookmark":{"seq":2,"timestamp":1766133609132}}}
{"cursor":3,"bookmark":{"seq":3,"timestamp":1766133609133},"event":{"channel":"monitor","type":"breakpoint_changed","previous":"PRE_MODEL","current":"STREAMING_MODEL","timestamp":1766133609133,"bookmark":{"seq":3,"timestamp":1766133609133}}}
{"cursor":393,"bookmark":{"seq":393,"timestamp":1766133628470},"event":{"channel":"monitor","type":"token_usage","inputTokens":53,"outputTokens":1747,"totalTokens":1800,"bookmark":{"seq":393,"timestamp":1766133628470}}}
{"cursor":395,"bookmark":{"seq":395,"timestamp":1766133628475},"event":{"channel":"monitor","type":"step_complete","step":2,"bookmark":{"seq":395,"timestamp":1766133628475}}}
{"cursor":396,"bookmark":{"seq":396,"timestamp":1766133628475},"event":{"channel":"monitor","type":"state_changed","state":"READY","bookmark":{"seq":396,"timestamp":1766133628475}}}
{"cursor":397,"bookmark":{"seq":397,"timestamp":1766133628475},"event":{"channel":"monitor","type":"breakpoint_changed","previous":"STREAMING_MODEL","current":"READY","timestamp":1766133628475,"bookmark":{"seq":397,"timestamp":1766133628475}}}
{"cursor":398,"bookmark":{"seq":398,"timestamp":1766133648052},"event":{"channel":"monitor","type":"state_changed","state":"WORKING","bookmark":{"seq":398,"timestamp":1766133648052}}}
{"cursor":399,"bookmark":{"seq":399,"timestamp":1766133648053},"event":{"channel":"monitor","type":"breakpoint_changed","previous":"READY","current":"PRE_MODEL","timestamp":1766133648053,"bookmark":{"seq":399,"timestamp":1766133648053}}}
{"cursor":400,"bookmark":{"seq":400,"timestamp":1766133648055},"event":{"channel":"monitor","type":"breakpoint_changed","previous":"PRE_MODEL","current":"STREAMING_MODEL","timestamp":1766133648055,"bookmark":{"seq":400,"timestamp":1766133648055}}}
{"cursor":402,"bookmark":{"seq":402,"timestamp":1766133658309},"event":{"channel":"monitor","type":"token_usage","inputTokens":1830,"outputTokens":61,"totalTokens":1891,"bookmark":{"seq":402,"timestamp":1766133658309}}}
{"cursor":403,"bookmark":{"seq":403,"timestamp":1766133658313},"event":{"channel":"monitor","type":"breakpoint_changed","previous":"STREAMING_MODEL","current":"TOOL_PENDING","timestamp":1766133658313,"bookmark":{"seq":403,"timestamp":1766133658313}}}
{"cursor":405,"bookmark":{"seq":405,"timestamp":1766133658325},"event":{"channel":"monitor","type":"breakpoint_changed","previous":"TOOL_PENDING","current":"PRE_TOOL","timestamp":1766133658325,"bookmark":{"seq":405,"timestamp":1766133658325}}}
{"cursor":406,"bookmark":{"seq":406,"timestamp":1766133658325},"event":{"channel":"monitor","type":"breakpoint_changed","previous":"PRE_TOOL","current":"TOOL_EXECUTING","timestamp":1766133658325,"bookmark":{"seq":406,"timestamp":1766133658325}}}
{"cursor":408,"bookmark":{"seq":408,"timestamp":1766133658327},"event":{"channel":"monitor","type":"error","severity":"warn","phase":"tool","message":"Connection failed: request to http://localhost:8000/api/tools/inspect?product_id=101&fields=coverage%2Cextend_info&view=summary failed, reason: ","detail":{"ok":false,"error":"Connection failed: request to http://localhost:8000/api/tools/inspect?product_id=101&fields=coverage%2Cextend_info&view=summary failed, reason: ","errorType":"logical","retryable":true},"bookmark":{"seq":408,"timestamp":1766133658327}}}
{"cursor":409,"bookmark":{"seq":409,"timestamp":1766133658327},"event":{"channel":"monitor","type":"breakpoint_changed","previous":"TOOL_EXECUTING","current":"POST_TOOL","timestamp":1766133658327,"bookmark":{"seq":409,"timestamp":1766133658327}}}
{"cursor":411,"bookmark":{"seq":411,"timestamp":1766133658329},"event":{"channel":"monitor","type":"state_changed","state":"READY","bookmark":{"seq":411,"timestamp":1766133658329}}}
{"cursor":412,"bookmark":{"seq":412,"timestamp":1766133658329},"event":{"channel":"monitor","type":"breakpoint_changed","previous":"POST_TOOL","current":"READY","timestamp":1766133658329,"bookmark":{"seq":412,"timestamp":1766133658329}}}
{"cursor":413,"bookmark":{"seq":413,"timestamp":1766133658329},"event":{"channel":"monitor","type":"state_changed","state":"WORKING","bookmark":{"seq":413,"timestamp":1766133658329}}}
{"cursor":414,"bookmark":{"seq":414,"timestamp":1766133658329},"event":{"channel":"monitor","type":"breakpoint_changed","previous":"READY","current":"PRE_MODEL","timestamp":1766133658329,"bookmark":{"seq":414,"timestamp":1766133658329}}}
{"cursor":415,"bookmark":{"seq":415,"timestamp":1766133658329},"event":{"channel":"monitor","type":"breakpoint_changed","previous":"PRE_MODEL","current":"STREAMING_MODEL","timestamp":1766133658329,"bookmark":{"seq":415,"timestamp":1766133658329}}}
{"cursor":417,"bookmark":{"seq":417,"timestamp":1766133660979},"event":{"channel":"monitor","type":"token_usage","inputTokens":232,"outputTokens":61,"totalTokens":293,"bookmark":{"seq":417,"timestamp":1766133660979}}}
{"cursor":418,"bookmark":{"seq":418,"timestamp":1766133660985},"event":{"channel":"monitor","type":"breakpoint_changed","previous":"STREAMING_MODEL","current":"TOOL_PENDING","timestamp":1766133660985,"bookmark":{"seq":418,"timestamp":1766133660985}}}
{"cursor":420,"bookmark":{"seq":420,"timestamp":1766133660985},"event":{"channel":"monitor","type":"breakpoint_changed","previous":"TOOL_PENDING","current":"PRE_TOOL","timestamp":1766133660985,"bookmark":{"seq":420,"timestamp":1766133660985}}}
{"cursor":421,"bookmark":{"seq":421,"timestamp":1766133660985},"event":{"channel":"monitor","type":"breakpoint_changed","previous":"PRE_TOOL","current":"TOOL_EXECUTING","timestamp":1766133660985,"bookmark":{"seq":421,"timestamp":1766133660985}}}
{"cursor":423,"bookmark":{"seq":423,"timestamp":1766133660987},"event":{"channel":"monitor","type":"error","severity":"warn","phase":"tool","message":"Connection failed: request to http://localhost:8000/api/tools/inspect?product_id=102&fields=coverage%2Cextend_info&view=summary failed, reason: ","detail":{"ok":false,"error":"Connection failed: request to http://localhost:8000/api/tools/inspect?product_id=102&fields=coverage%2Cextend_info&view=summary failed, reason: ","errorType":"logical","retryable":true},"bookmark":{"seq":423,"timestamp":1766133660987}}}
{"cursor":424,"bookmark":{"seq":424,"timestamp":1766133660987},"event":{"channel":"monitor","type":"breakpoint_changed","previous":"TOOL_EXECUTING","current":"POST_TOOL","timestamp":1766133660987,"bookmark":{"seq":424,"timestamp":1766133660987}}}
{"cursor":426,"bookmark":{"seq":426,"timestamp":1766133660990},"event":{"channel":"monitor","type":"state_changed","state":"READY","bookmark":{"seq":426,"timestamp":1766133660990}}}
{"cursor":427,"bookmark":{"seq":427,"timestamp":1766133660990},"event":{"channel":"monitor","type":"breakpoint_changed","previous":"POST_TOOL","current":"READY","timestamp":1766133660990,"bookmark":{"seq":427,"timestamp":1766133660990}}}
{"cursor":428,"bookmark":{"seq":428,"timestamp":1766133660990},"event":{"channel":"monitor","type":"state_changed","state":"WORKING","bookmark":{"seq":428,"timestamp":1766133660990}}}
{"cursor":429,"bookmark":{"seq":429,"timestamp":1766133660990},"event":{"channel":"monitor","type":"breakpoint_changed","previous":"READY","current":"PRE_MODEL","timestamp":1766133660990,"bookmark":{"seq":429,"timestamp":1766133660990}}}
{"cursor":430,"bookmark":{"seq":430,"timestamp":1766133660990},"event":{"channel":"monitor","type":"breakpoint_changed","previous":"PRE_MODEL","current":"STREAMING_MODEL","timestamp":1766133660990,"bookmark":{"seq":430,"timestamp":1766133660990}}}
{"cursor":432,"bookmark":{"seq":432,"timestamp":1766133663124},"event":{"channel":"monitor","type":"token_usage","inputTokens":5115,"outputTokens":61,"totalTokens":5176,"bookmark":{"seq":432,"timestamp":1766133663124}}}
{"cursor":433,"bookmark":{"seq":433,"timestamp":1766133663138},"event":{"channel":"monitor","type":"breakpoint_changed","previous":"STREAMING_MODEL","current":"TOOL_PENDING","timestamp":1766133663138,"bookmark":{"seq":433,"timestamp":1766133663138}}}
{"cursor":435,"bookmark":{"seq":435,"timestamp":1766133663138},"event":{"channel":"monitor","type":"breakpoint_changed","previous":"TOOL_PENDING","current":"PRE_TOOL","timestamp":1766133663138,"bookmark":{"seq":435,"timestamp":1766133663138}}}
{"cursor":436,"bookmark":{"seq":436,"timestamp":1766133663138},"event":{"channel":"monitor","type":"breakpoint_changed","previous":"PRE_TOOL","current":"TOOL_EXECUTING","timestamp":1766133663138,"bookmark":{"seq":436,"timestamp":1766133663138}}}
{"cursor":438,"bookmark":{"seq":438,"timestamp":1766133663143},"event":{"channel":"monitor","type":"error","severity":"warn","phase":"tool","message":"Connection failed: request to http://localhost:8000/api/tools/inspect?product_id=103&fields=coverage%2Cextend_info&view=summary failed, reason: ","detail":{"ok":false,"error":"Connection failed: request to http://localhost:8000/api/tools/inspect?product_id=103&fields=coverage%2Cextend_info&view=summary failed, reason: ","errorType":"logical","retryable":true},"bookmark":{"seq":438,"timestamp":1766133663143}}}
{"cursor":439,"bookmark":{"seq":439,"timestamp":1766133663143},"event":{"channel":"monitor","type":"breakpoint_changed","previous":"TOOL_EXECUTING","current":"POST_TOOL","timestamp":1766133663143,"bookmark":{"seq":439,"timestamp":1766133663143}}}
{"cursor":441,"bookmark":{"seq":441,"timestamp":1766133663146},"event":{"channel":"monitor","type":"state_changed","state":"READY","bookmark":{"seq":441,"timestamp":1766133663146}}}
{"cursor":442,"bookmark":{"seq":442,"timestamp":1766133663146},"event":{"channel":"monitor","type":"breakpoint_changed","previous":"POST_TOOL","current":"READY","timestamp":1766133663146,"bookmark":{"seq":442,"timestamp":1766133663146}}}
{"cursor":443,"bookmark":{"seq":443,"timestamp":1766133663146},"event":{"channel":"monitor","type":"state_changed","state":"WORKING","bookmark":{"seq":443,"timestamp":1766133663146}}}
{"cursor":444,"bookmark":{"seq":444,"timestamp":1766133663146},"event":{"channel":"monitor","type":"breakpoint_changed","previous":"READY","current":"PRE_MODEL","timestamp":1766133663146,"bookmark":{"seq":444,"timestamp":1766133663146}}}
{"cursor":445,"bookmark":{"seq":445,"timestamp":1766133663146},"event":{"channel":"monitor","type":"breakpoint_changed","previous":"PRE_MODEL","current":"STREAMING_MODEL","timestamp":1766133663146,"bookmark":{"seq":445,"timestamp":1766133663146}}}
{"cursor":447,"bookmark":{"seq":447,"timestamp":1766133665154},"event":{"channel":"monitor","type":"token_usage","inputTokens":232,"outputTokens":61,"totalTokens":293,"bookmark":{"seq":447,"timestamp":1766133665154}}}
{"cursor":448,"bookmark":{"seq":448,"timestamp":1766133665159},"event":{"channel":"monitor","type":"breakpoint_changed","previous":"STREAMING_MODEL","current":"TOOL_PENDING","timestamp":1766133665159,"bookmark":{"seq":448,"timestamp":1766133665159}}}
{"cursor":450,"bookmark":{"seq":450,"timestamp":1766133665159},"event":{"channel":"monitor","type":"breakpoint_changed","previous":"TOOL_PENDING","current":"PRE_TOOL","timestamp":1766133665159,"bookmark":{"seq":450,"timestamp":1766133665159}}}
{"cursor":451,"bookmark":{"seq":451,"timestamp":1766133665159},"event":{"channel":"monitor","type":"breakpoint_changed","previous":"PRE_TOOL","current":"TOOL_EXECUTING","timestamp":1766133665159,"bookmark":{"seq":451,"timestamp":1766133665159}}}
{"cursor":453,"bookmark":{"seq":453,"timestamp":1766133665162},"event":{"channel":"monitor","type":"error","severity":"warn","phase":"tool","message":"Connection failed: request to http://localhost:8000/api/tools/inspect?product_id=104&fields=coverage%2Cextend_info&view=summary failed, reason: ","detail":{"ok":false,"error":"Connection failed: request to http://localhost:8000/api/tools/inspect?product_id=104&fields=coverage%2Cextend_info&view=summary failed, reason: ","errorType":"logical","retryable":true},"bookmark":{"seq":453,"timestamp":1766133665162}}}
{"cursor":454,"bookmark":{"seq":454,"timestamp":1766133665162},"event":{"channel":"monitor","type":"breakpoint_changed","previous":"TOOL_EXECUTING","current":"POST_TOOL","timestamp":1766133665162,"bookmark":{"seq":454,"timestamp":1766133665162}}}
{"cursor":456,"bookmark":{"seq":456,"timestamp":1766133665165},"event":{"channel":"monitor","type":"state_changed","state":"READY","bookmark":{"seq":456,"timestamp":1766133665165}}}
{"cursor":457,"bookmark":{"seq":457,"timestamp":1766133665165},"event":{"channel":"monitor","type":"breakpoint_changed","previous":"POST_TOOL","current":"READY","timestamp":1766133665165,"bookmark":{"seq":457,"timestamp":1766133665165}}}
{"cursor":458,"bookmark":{"seq":458,"timestamp":1766133665165},"event":{"channel":"monitor","type":"state_changed","state":"WORKING","bookmark":{"seq":458,"timestamp":1766133665165}}}
{"cursor":459,"bookmark":{"seq":459,"timestamp":1766133665165},"event":{"channel":"monitor","type":"breakpoint_changed","previous":"READY","current":"PRE_MODEL","timestamp":1766133665165,"bookmark":{"seq":459,"timestamp":1766133665165}}}
{"cursor":460,"bookmark":{"seq":460,"timestamp":1766133665166},"event":{"channel":"monitor","type":"breakpoint_changed","previous":"PRE_MODEL","current":"STREAMING_MODEL","timestamp":1766133665166,"bookmark":{"seq":460,"timestamp":1766133665166}}}
{"cursor":462,"bookmark":{"seq":462,"timestamp":1766133670509},"event":{"channel":"monitor","type":"token_usage","inputTokens":232,"outputTokens":61,"totalTokens":293,"bookmark":{"seq":462,"timestamp":1766133670509}}}
{"cursor":463,"bookmark":{"seq":463,"timestamp":1766133670516},"event":{"channel":"monitor","type":"breakpoint_changed","previous":"STREAMING_MODEL","current":"TOOL_PENDING","timestamp":1766133670516,"bookmark":{"seq":463,"timestamp":1766133670516}}}
{"cursor":465,"bookmark":{"seq":465,"timestamp":1766133670516},"event":{"channel":"monitor","type":"breakpoint_changed","previous":"TOOL_PENDING","current":"PRE_TOOL","timestamp":1766133670516,"bookmark":{"seq":465,"timestamp":1766133670516}}}
{"cursor":466,"bookmark":{"seq":466,"timestamp":1766133670516},"event":{"channel":"monitor","type":"breakpoint_changed","previous":"PRE_TOOL","current":"TOOL_EXECUTING","timestamp":1766133670516,"bookmark":{"seq":466,"timestamp":1766133670516}}}
{"cursor":468,"bookmark":{"seq":468,"timestamp":1766133670518},"event":{"channel":"monitor","type":"error","severity":"warn","phase":"tool","message":"Connection failed: request to http://localhost:8000/api/tools/inspect?product_id=105&fields=coverage%2Cextend_info&view=summary failed, reason: ","detail":{"ok":false,"error":"Connection failed: request to http://localhost:8000/api/tools/inspect?product_id=105&fields=coverage%2Cextend_info&view=summary failed, reason: ","errorType":"logical","retryable":true},"bookmark":{"seq":468,"timestamp":1766133670518}}}
{"cursor":469,"bookmark":{"seq":469,"timestamp":1766133670518},"event":{"channel":"monitor","type":"breakpoint_changed","previous":"TOOL_EXECUTING","current":"POST_TOOL","timestamp":1766133670518,"bookmark":{"seq":469,"timestamp":1766133670518}}}
{"cursor":471,"bookmark":{"seq":471,"timestamp":1766133670521},"event":{"channel":"monitor","type":"state_changed","state":"READY","bookmark":{"seq":471,"timestamp":1766133670521}}}
{"cursor":472,"bookmark":{"seq":472,"timestamp":1766133670521},"event":{"channel":"monitor","type":"breakpoint_changed","previous":"POST_TOOL","current":"READY","timestamp":1766133670521,"bookmark":{"seq":472,"timestamp":1766133670521}}}
{"cursor":473,"bookmark":{"seq":473,"timestamp":1766133670521},"event":{"channel":"monitor","type":"state_changed","state":"WORKING","bookmark":{"seq":473,"timestamp":1766133670521}}}
{"cursor":474,"bookmark":{"seq":474,"timestamp":1766133670521},"event":{"channel":"monitor","type":"breakpoint_changed","previous":"READY","current":"PRE_MODEL","timestamp":1766133670521,"bookmark":{"seq":474,"timestamp":1766133670521}}}
{"cursor":475,"bookmark":{"seq":475,"timestamp":1766133670521},"event":{"channel":"monitor","type":"breakpoint_changed","previous":"PRE_MODEL","current":"STREAMING_MODEL","timestamp":1766133670521,"bookmark":{"seq":475,"timestamp":1766133670521}}}
{"cursor":477,"bookmark":{"seq":477,"timestamp":1766133672787},"event":{"channel":"monitor","type":"token_usage","inputTokens":1108,"outputTokens":51,"totalTokens":1159,"bookmark":{"seq":477,"timestamp":1766133672787}}}
{"cursor":478,"bookmark":{"seq":478,"timestamp":1766133672792},"event":{"channel":"monitor","type":"breakpoint_changed","previous":"STREAMING_MODEL","current":"TOOL_PENDING","timestamp":1766133672792,"bookmark":{"seq":478,"timestamp":1766133672792}}}
{"cursor":480,"bookmark":{"seq":480,"timestamp":1766133672793},"event":{"channel":"monitor","type":"breakpoint_changed","previous":"TOOL_PENDING","current":"PRE_TOOL","timestamp":1766133672793,"bookmark":{"seq":480,"timestamp":1766133672793}}}
{"cursor":481,"bookmark":{"seq":481,"timestamp":1766133672793},"event":{"channel":"monitor","type":"breakpoint_changed","previous":"PRE_TOOL","current":"TOOL_EXECUTING","timestamp":1766133672793,"bookmark":{"seq":481,"timestamp":1766133672793}}}
{"cursor":483,"bookmark":{"seq":483,"timestamp":1766133672795},"event":{"channel":"monitor","type":"error","severity":"warn","phase":"tool","message":"Connection failed: request to http://localhost:8000/api/tools/search?keyword=30%E5%B2%81%E7%94%B7%E6%80%A7+%E9%87%8D%E7%96%BE%E9%99%A9+%E4%BF%9D%E8%B4%B9&limit=5 failed, reason: ","detail":{"ok":false,"error":"Connection failed: request to http://localhost:8000/api/tools/search?keyword=30%E5%B2%81%E7%94%B7%E6%80%A7+%E9%87%8D%E7%96%BE%E9%99%A9+%E4%BF%9D%E8%B4%B9&limit=5 failed, reason: ","errorType":"logical","retryable":true},"bookmark":{"seq":483,"timestamp":1766133672795}}}
{"cursor":484,"bookmark":{"seq":484,"timestamp":1766133672795},"event":{"channel":"monitor","type":"breakpoint_changed","previous":"TOOL_EXECUTING","current":"POST_TOOL","timestamp":1766133672795,"bookmark":{"seq":484,"timestamp":1766133672795}}}
{"cursor":486,"bookmark":{"seq":486,"timestamp":1766133672798},"event":{"channel":"monitor","type":"state_changed","state":"READY","bookmark":{"seq":486,"timestamp":1766133672798}}}
{"cursor":487,"bookmark":{"seq":487,"timestamp":1766133672798},"event":{"channel":"monitor","type":"breakpoint_changed","previous":"POST_TOOL","current":"READY","timestamp":1766133672798,"bookmark":{"seq":487,"timestamp":1766133672798}}}
{"cursor":488,"bookmark":{"seq":488,"timestamp":1766133672798},"event":{"channel":"monitor","type":"state_changed","state":"WORKING","bookmark":{"seq":488,"timestamp":1766133672798}}}
{"cursor":489,"bookmark":{"seq":489,"timestamp":1766133672798},"event":{"channel":"monitor","type":"breakpoint_changed","previous":"READY","current":"PRE_MODEL","timestamp":1766133672798,"bookmark":{"seq":489,"timestamp":1766133672798}}}
{"cursor":490,"bookmark":{"seq":490,"timestamp":1766133672798},"event":{"channel":"monitor","type":"breakpoint_changed","previous":"PRE_MODEL","current":"STREAMING_MODEL","timestamp":1766133672798,"bookmark":{"seq":490,"timestamp":1766133672798}}}
{"cursor":707,"bookmark":{"seq":707,"timestamp":1766133681897},"event":{"channel":"monitor","type":"token_usage","inputTokens":3705,"outputTokens":772,"totalTokens":4477,"bookmark":{"seq":707,"timestamp":1766133681897}}}
{"cursor":709,"bookmark":{"seq":709,"timestamp":1766133681900},"event":{"channel":"monitor","type":"step_complete","step":10,"bookmark":{"seq":709,"timestamp":1766133681900}}}
{"cursor":710,"bookmark":{"seq":710,"timestamp":1766133681900},"event":{"channel":"monitor","type":"state_changed","state":"READY","bookmark":{"seq":710,"timestamp":1766133681900}}}
{"cursor":711,"bookmark":{"seq":711,"timestamp":1766133681900},"event":{"channel":"monitor","type":"breakpoint_changed","previous":"STREAMING_MODEL","current":"READY","timestamp":1766133681900,"bookmark":{"seq":711,"timestamp":1766133681900}}}
