{"cursor":4,"bookmark":{"seq":4,"timestamp":1766131916348},"event":{"channel":"progress","type":"think_chunk_start","step":1,"bookmark":{"seq":4,"timestamp":1766131916348}}}
{"cursor":5,"bookmark":{"seq":5,"timestamp":1766131918941},"event":{"channel":"progress","type":"think_chunk","step":1,"delta":"```","bookmark":{"seq":5,"timestamp":1766131918941}}}
{"cursor":6,"bookmark":{"seq":6,"timestamp":1766131918997},"event":{"channel":"progress","type":"think_chunk","step":1,"delta":"json\n","bookmark":{"seq":6,"timestamp":1766131918997}}}
{"cursor":7,"bookmark":{"seq":7,"timestamp":1766131918998},"event":{"channel":"progress","type":"think_chunk","step":1,"delta":"{\n","bookmark":{"seq":7,"timestamp":1766131918998}}}
{"cursor":8,"bookmark":{"seq":8,"timestamp":1766131919059},"event":{"channel":"progress","type":"think_chunk","step":1,"delta":"  \"thought","bookmark":{"seq":8,"timestamp":1766131919059}}}
{"cursor":9,"bookmark":{"seq":9,"timestamp":1766131919059},"event":{"channel":"progress","type":"think_chunk","step":1,"delta":"\": \"用户","bookmark":{"seq":9,"timestamp":1766131919059}}}
{"cursor":10,"bookmark":{"seq":10,"timestamp":1766131919119},"event":{"channel":"progress","type":"think_chunk","step":1,"delta":"打招呼","bookmark":{"seq":10,"timestamp":1766131919119}}}
{"cursor":11,"bookmark":{"seq":11,"timestamp":1766131919120},"event":{"channel":"progress","type":"think_chunk","step":1,"delta":"后","bookmark":{"seq":11,"timestamp":1766131919120}}}
{"cursor":12,"bookmark":{"seq":12,"timestamp":1766131919185},"event":{"channel":"progress","type":"think_chunk","step":1,"delta":"需要快速建立","bookmark":{"seq":12,"timestamp":1766131919185}}}
{"cursor":13,"bookmark":{"seq":13,"timestamp":1766131919185},"event":{"channel":"progress","type":"think_chunk","step":1,"delta":"专业","bookmark":{"seq":13,"timestamp":1766131919185}}}
{"cursor":14,"bookmark":{"seq":14,"timestamp":1766131919185},"event":{"channel":"progress","type":"think_chunk","step":1,"delta":"信任，","bookmark":{"seq":14,"timestamp":1766131919185}}}
{"cursor":15,"bookmark":{"seq":15,"timestamp":1766131919435},"event":{"channel":"progress","type":"think_chunk","step":1,"delta":"根据固定","bookmark":{"seq":15,"timestamp":1766131919435}}}
{"cursor":16,"bookmark":{"seq":16,"timestamp":1766131919492},"event":{"channel":"progress","type":"think_chunk","step":1,"delta":"客户画像","bookmark":{"seq":16,"timestamp":1766131919492}}}
{"cursor":17,"bookmark":{"seq":17,"timestamp":1766131919493},"event":{"channel":"progress","type":"think_chunk","step":1,"delta":"王志","bookmark":{"seq":17,"timestamp":1766131919493}}}
{"cursor":18,"bookmark":{"seq":18,"timestamp":1766131919553},"event":{"channel":"progress","type":"think_chunk","step":1,"delta":"远(42岁","bookmark":{"seq":18,"timestamp":1766131919553}}}
{"cursor":19,"bookmark":{"seq":19,"timestamp":1766131919614},"event":{"channel":"progress","type":"think_chunk","step":1,"delta":"科技公司CTO)","bookmark":{"seq":19,"timestamp":1766131919614}}}
{"cursor":20,"bookmark":{"seq":20,"timestamp":1766131919614},"event":{"channel":"progress","type":"think_chunk","step":1,"delta":"进行初步保险需求","bookmark":{"seq":20,"timestamp":1766131919614}}}
{"cursor":21,"bookmark":{"seq":21,"timestamp":1766131919841},"event":{"channel":"progress","type":"think_chunk","step":1,"delta":"梳理","bookmark":{"seq":21,"timestamp":1766131919841}}}
{"cursor":22,"bookmark":{"seq":22,"timestamp":1766131919902},"event":{"channel":"progress","type":"think_chunk","step":1,"delta":"，下","bookmark":{"seq":22,"timestamp":1766131919902}}}
{"cursor":23,"bookmark":{"seq":23,"timestamp":1766131919902},"event":{"channel":"progress","type":"think_chunk","step":1,"delta":"一步将","bookmark":{"seq":23,"timestamp":1766131919902}}}
{"cursor":24,"bookmark":{"seq":24,"timestamp":1766131919902},"event":{"channel":"progress","type":"think_chunk","step":1,"delta":"通过","bookmark":{"seq":24,"timestamp":1766131919902}}}
{"cursor":25,"bookmark":{"seq":25,"timestamp":1766131919903},"event":{"channel":"progress","type":"think_chunk","step":1,"delta":"筛选工具获取","bookmark":{"seq":25,"timestamp":1766131919903}}}
{"cursor":26,"bookmark":{"seq":26,"timestamp":1766131919903},"event":{"channel":"progress","type":"think_chunk","step":1,"delta":"匹配产品。\",\n","bookmark":{"seq":26,"timestamp":1766131919903}}}
{"cursor":27,"bookmark":{"seq":27,"timestamp":1766131919903},"event":{"channel":"progress","type":"think_chunk","step":1,"delta":"  \"c","bookmark":{"seq":27,"timestamp":1766131919903}}}
{"cursor":28,"bookmark":{"seq":28,"timestamp":1766131919959},"event":{"channel":"progress","type":"think_chunk","step":1,"delta":"ustomer_profile","bookmark":{"seq":28,"timestamp":1766131919959}}}
{"cursor":29,"bookmark":{"seq":29,"timestamp":1766131919959},"event":{"channel":"progress","type":"think_chunk","step":1,"delta":"\": {\n    \"","bookmark":{"seq":29,"timestamp":1766131919959}}}
{"cursor":30,"bookmark":{"seq":30,"timestamp":1766131920019},"event":{"channel":"progress","type":"think_chunk","step":1,"delta":"name\":","bookmark":{"seq":30,"timestamp":1766131920019}}}
{"cursor":31,"bookmark":{"seq":31,"timestamp":1766131920020},"event":{"channel":"progress","type":"think_chunk","step":1,"delta":" \"王志","bookmark":{"seq":31,"timestamp":1766131920020}}}
{"cursor":32,"bookmark":{"seq":32,"timestamp":1766131920079},"event":{"channel":"progress","type":"think_chunk","step":1,"delta":"远\",\n  ","bookmark":{"seq":32,"timestamp":1766131920079}}}
{"cursor":33,"bookmark":{"seq":33,"timestamp":1766131920140},"event":{"channel":"progress","type":"think_chunk","step":1,"delta":"  \"role","bookmark":{"seq":33,"timestamp":1766131920140}}}
{"cursor":34,"bookmark":{"seq":34,"timestamp":1766131920141},"event":{"channel":"progress","type":"think_chunk","step":1,"delta":"\": \"科技公司 C","bookmark":{"seq":34,"timestamp":1766131920141}}}
{"cursor":35,"bookmark":{"seq":35,"timestamp":1766131920207},"event":{"channel":"progress","type":"think_chunk","step":1,"delta":"TO\",\n","bookmark":{"seq":35,"timestamp":1766131920207}}}
{"cursor":36,"bookmark":{"seq":36,"timestamp":1766131920207},"event":{"channel":"progress","type":"think_chunk","step":1,"delta":"    \"age\":","bookmark":{"seq":36,"timestamp":1766131920207}}}
{"cursor":37,"bookmark":{"seq":37,"timestamp":1766131920261},"event":{"channel":"progress","type":"think_chunk","step":1,"delta":" 42,\n  ","bookmark":{"seq":37,"timestamp":1766131920261}}}
{"cursor":38,"bookmark":{"seq":38,"timestamp":1766131920324},"event":{"channel":"progress","type":"think_chunk","step":1,"delta":"  \"annual_budget\":","bookmark":{"seq":38,"timestamp":1766131920324}}}
{"cursor":39,"bookmark":{"seq":39,"timestamp":1766131920325},"event":{"channel":"progress","type":"think_chunk","step":1,"delta":" \"5","bookmark":{"seq":39,"timestamp":1766131920325}}}
{"cursor":40,"bookmark":{"seq":40,"timestamp":1766131920387},"event":{"channel":"progress","type":"think_chunk","step":1,"delta":"-8万\",\n","bookmark":{"seq":40,"timestamp":1766131920387}}}
{"cursor":41,"bookmark":{"seq":41,"timestamp":1766131920387},"event":{"channel":"progress","type":"think_chunk","step":1,"delta":"    \"mar","bookmark":{"seq":41,"timestamp":1766131920387}}}
{"cursor":42,"bookmark":{"seq":42,"timestamp":1766131920444},"event":{"channel":"progress","type":"think_chunk","step":1,"delta":"ital_status\":","bookmark":{"seq":42,"timestamp":1766131920444}}}
{"cursor":43,"bookmark":{"seq":43,"timestamp":1766131920444},"event":{"channel":"progress","type":"think_chunk","step":1,"delta":" \"已婚已育","bookmark":{"seq":43,"timestamp":1766131920444}}}
{"cursor":44,"bookmark":{"seq":44,"timestamp":1766131920504},"event":{"channel":"progress","type":"think_chunk","step":1,"delta":"\",\n    \"annual","bookmark":{"seq":44,"timestamp":1766131920504}}}
{"cursor":45,"bookmark":{"seq":45,"timestamp":1766131920505},"event":{"channel":"progress","type":"think_chunk","step":1,"delta":"_income\":","bookmark":{"seq":45,"timestamp":1766131920505}}}
{"cursor":46,"bookmark":{"seq":46,"timestamp":1766131920564},"event":{"channel":"progress","type":"think_chunk","step":1,"delta":" \"80","bookmark":{"seq":46,"timestamp":1766131920564}}}
{"cursor":47,"bookmark":{"seq":47,"timestamp":1766131920565},"event":{"channel":"progress","type":"think_chunk","step":1,"delta":"万+\",\n  ","bookmark":{"seq":47,"timestamp":1766131920565}}}
{"cursor":48,"bookmark":{"seq":48,"timestamp":1766131920632},"event":{"channel":"progress","type":"think_chunk","step":1,"delta":"  \"location\": \"","bookmark":{"seq":48,"timestamp":1766131920632}}}
{"cursor":49,"bookmark":{"seq":49,"timestamp":1766131920632},"event":{"channel":"progress","type":"think_chunk","step":1,"delta":"北京海淀","bookmark":{"seq":49,"timestamp":1766131920632}}}
{"cursor":50,"bookmark":{"seq":50,"timestamp":1766131920686},"event":{"channel":"progress","type":"think_chunk","step":1,"delta":"\",\n    \"risk","bookmark":{"seq":50,"timestamp":1766131920686}}}
{"cursor":51,"bookmark":{"seq":51,"timestamp":1766131920686},"event":{"channel":"progress","type":"think_chunk","step":1,"delta":"_factors\": [\"经常","bookmark":{"seq":51,"timestamp":1766131920686}}}
{"cursor":52,"bookmark":{"seq":52,"timestamp":1766131920748},"event":{"channel":"progress","type":"think_chunk","step":1,"delta":"应酬\", \"","bookmark":{"seq":52,"timestamp":1766131920748}}}
{"cursor":53,"bookmark":{"seq":53,"timestamp":1766131920749},"event":{"channel":"progress","type":"think_chunk","step":1,"delta":"轻度脂肪","bookmark":{"seq":53,"timestamp":1766131920749}}}
{"cursor":54,"bookmark":{"seq":54,"timestamp":1766131920836},"event":{"channel":"progress","type":"think_chunk","step":1,"delta":"肝\", \"吸烟","bookmark":{"seq":54,"timestamp":1766131920836}}}
{"cursor":55,"bookmark":{"seq":55,"timestamp":1766131920880},"event":{"channel":"progress","type":"think_chunk","step":1,"delta":"史(待确认","bookmark":{"seq":55,"timestamp":1766131920880}}}
{"cursor":56,"bookmark":{"seq":56,"timestamp":1766131920880},"event":{"channel":"progress","type":"think_chunk","step":1,"delta":")\"],\n  ","bookmark":{"seq":56,"timestamp":1766131920880}}}
{"cursor":57,"bookmark":{"seq":57,"timestamp":1766131920881},"event":{"channel":"progress","type":"think_chunk","step":1,"delta":"  \"needs","bookmark":{"seq":57,"timestamp":1766131920881}}}
{"cursor":58,"bookmark":{"seq":58,"timestamp":1766131920941},"event":{"channel":"progress","type":"think_chunk","step":1,"delta":"\": [\"保费","bookmark":{"seq":58,"timestamp":1766131920941}}}
{"cursor":59,"bookmark":{"seq":59,"timestamp":1766131920942},"event":{"channel":"progress","type":"think_chunk","step":1,"delta":"压力\", \"","bookmark":{"seq":59,"timestamp":1766131920942}}}
{"cursor":60,"bookmark":{"seq":60,"timestamp":1766131921019},"event":{"channel":"progress","type":"think_chunk","step":1,"delta":"子女教育\",","bookmark":{"seq":60,"timestamp":1766131921019}}}
{"cursor":61,"bookmark":{"seq":61,"timestamp":1766131921019},"event":{"channel":"progress","type":"think_chunk","step":1,"delta":" \"隐私防护\"]\n","bookmark":{"seq":61,"timestamp":1766131921019}}}
{"cursor":62,"bookmark":{"seq":62,"timestamp":1766131921105},"event":{"channel":"progress","type":"think_chunk","step":1,"delta":"  },\n  \"insight","bookmark":{"seq":62,"timestamp":1766131921105}}}
{"cursor":63,"bookmark":{"seq":63,"timestamp":1766131921162},"event":{"channel":"progress","type":"think_chunk","step":1,"delta":"_summary\": \"王","bookmark":{"seq":63,"timestamp":1766131921162}}}
{"cursor":64,"bookmark":{"seq":64,"timestamp":1766131921162},"event":{"channel":"progress","type":"think_chunk","step":1,"delta":"总作为","bookmark":{"seq":64,"timestamp":1766131921162}}}
{"cursor":65,"bookmark":{"seq":65,"timestamp":1766131921163},"event":{"channel":"progress","type":"think_chunk","step":1,"delta":"42岁科技公司","bookmark":{"seq":65,"timestamp":1766131921163}}}
{"cursor":66,"bookmark":{"seq":66,"timestamp":1766131921223},"event":{"channel":"progress","type":"think_chunk","step":1,"delta":"高管，面临","bookmark":{"seq":66,"timestamp":1766131921223}}}
{"cursor":67,"bookmark":{"seq":67,"timestamp":1766131921223},"event":{"channel":"progress","type":"think_chunk","step":1,"delta":"高收入但","bookmark":{"seq":67,"timestamp":1766131921223}}}
{"cursor":68,"bookmark":{"seq":68,"timestamp":1766131921284},"event":{"channel":"progress","type":"think_chunk","step":1,"delta":"预算有限的","bookmark":{"seq":68,"timestamp":1766131921284}}}
{"cursor":69,"bookmark":{"seq":69,"timestamp":1766131921284},"event":{"channel":"progress","type":"think_chunk","step":1,"delta":"保险配置","bookmark":{"seq":69,"timestamp":1766131921284}}}
{"cursor":70,"bookmark":{"seq":70,"timestamp":1766131921345},"event":{"channel":"progress","type":"think_chunk","step":1,"delta":"挑战","bookmark":{"seq":70,"timestamp":1766131921345}}}
{"cursor":71,"bookmark":{"seq":71,"timestamp":1766131921345},"event":{"channel":"progress","type":"think_chunk","step":1,"delta":"，需重点保障","bookmark":{"seq":71,"timestamp":1766131921345}}}
{"cursor":72,"bookmark":{"seq":72,"timestamp":1766131921422},"event":{"channel":"progress","type":"think_chunk","step":1,"delta":"健康","bookmark":{"seq":72,"timestamp":1766131921422}}}
{"cursor":73,"bookmark":{"seq":73,"timestamp":1766131921423},"event":{"channel":"progress","type":"think_chunk","step":1,"delta":"风险和子女教育","bookmark":{"seq":73,"timestamp":1766131921423}}}
{"cursor":74,"bookmark":{"seq":74,"timestamp":1766131921464},"event":{"channel":"progress","type":"think_chunk","step":1,"delta":"需求。\",\n  \"","bookmark":{"seq":74,"timestamp":1766131921464}}}
{"cursor":75,"bookmark":{"seq":75,"timestamp":1766131921465},"event":{"channel":"progress","type":"think_chunk","step":1,"delta":"recommendations","bookmark":{"seq":75,"timestamp":1766131921465}}}
{"cursor":76,"bookmark":{"seq":76,"timestamp":1766131921527},"event":{"channel":"progress","type":"think_chunk","step":1,"delta":"\": [],\n  \"","bookmark":{"seq":76,"timestamp":1766131921527}}}
{"cursor":77,"bookmark":{"seq":77,"timestamp":1766131921689},"event":{"channel":"progress","type":"think_chunk","step":1,"delta":"questions\": [\"请问","bookmark":{"seq":77,"timestamp":1766131921689}}}
{"cursor":78,"bookmark":{"seq":78,"timestamp":1766131921744},"event":{"channel":"progress","type":"think_chunk","step":1,"delta":"王总，","bookmark":{"seq":78,"timestamp":1766131921744}}}
{"cursor":79,"bookmark":{"seq":79,"timestamp":1766131921744},"event":{"channel":"progress","type":"think_chunk","step":1,"delta":"您希望","bookmark":{"seq":79,"timestamp":1766131921744}}}
{"cursor":80,"bookmark":{"seq":80,"timestamp":1766131921745},"event":{"channel":"progress","type":"think_chunk","step":1,"delta":"优先配置哪类","bookmark":{"seq":80,"timestamp":1766131921745}}}
{"cursor":81,"bookmark":{"seq":81,"timestamp":1766131921745},"event":{"channel":"progress","type":"think_chunk","step":1,"delta":"保险产品？如","bookmark":{"seq":81,"timestamp":1766131921745}}}
{"cursor":82,"bookmark":{"seq":82,"timestamp":1766131921745},"event":{"channel":"progress","type":"think_chunk","step":1,"delta":"重疾险、","bookmark":{"seq":82,"timestamp":1766131921745}}}
{"cursor":83,"bookmark":{"seq":83,"timestamp":1766131921745},"event":{"channel":"progress","type":"think_chunk","step":1,"delta":"医疗险或其他","bookmark":{"seq":83,"timestamp":1766131921745}}}
{"cursor":84,"bookmark":{"seq":84,"timestamp":1766131921802},"event":{"channel":"progress","type":"think_chunk","step":1,"delta":"？\"],\n","bookmark":{"seq":84,"timestamp":1766131921802}}}
{"cursor":85,"bookmark":{"seq":85,"timestamp":1766131921803},"event":{"channel":"progress","type":"think_chunk","step":1,"delta":"  \"next","bookmark":{"seq":85,"timestamp":1766131921803}}}
{"cursor":86,"bookmark":{"seq":86,"timestamp":1766131921934},"event":{"channel":"progress","type":"think_chunk","step":1,"delta":"_actions\":","bookmark":{"seq":86,"timestamp":1766131921934}}}
{"cursor":87,"bookmark":{"seq":87,"timestamp":1766131921994},"event":{"channel":"progress","type":"think_chunk","step":1,"delta":" [\"等待","bookmark":{"seq":87,"timestamp":1766131921994}}}
{"cursor":88,"bookmark":{"seq":88,"timestamp":1766131921994},"event":{"channel":"progress","type":"think_chunk","step":1,"delta":"客户明确","bookmark":{"seq":88,"timestamp":1766131921994}}}
{"cursor":89,"bookmark":{"seq":89,"timestamp":1766131921995},"event":{"channel":"progress","type":"think_chunk","step":1,"delta":"需求方向后，","bookmark":{"seq":89,"timestamp":1766131921995}}}
{"cursor":90,"bookmark":{"seq":90,"timestamp":1766131921995},"event":{"channel":"progress","type":"think_chunk","step":1,"delta":"通过精准","bookmark":{"seq":90,"timestamp":1766131921995}}}
{"cursor":91,"bookmark":{"seq":91,"timestamp":1766131922049},"event":{"channel":"progress","type":"think_chunk","step":1,"delta":"筛选工具获取符合","bookmark":{"seq":91,"timestamp":1766131922049}}}
{"cursor":92,"bookmark":{"seq":92,"timestamp":1766131922050},"event":{"channel":"progress","type":"think_chunk","step":1,"delta":"年龄、预算","bookmark":{"seq":92,"timestamp":1766131922050}}}
{"cursor":93,"bookmark":{"seq":93,"timestamp":1766131922111},"event":{"channel":"progress","type":"think_chunk","step":1,"delta":"和风险特征","bookmark":{"seq":93,"timestamp":1766131922111}}}
{"cursor":94,"bookmark":{"seq":94,"timestamp":1766131922111},"event":{"channel":"progress","type":"think_chunk","step":1,"delta":"的产品方案\"]\n}\n","bookmark":{"seq":94,"timestamp":1766131922111}}}
{"cursor":95,"bookmark":{"seq":95,"timestamp":1766131922112},"event":{"channel":"progress","type":"think_chunk","step":1,"delta":"```","bookmark":{"seq":95,"timestamp":1766131922112}}}
{"cursor":96,"bookmark":{"seq":96,"timestamp":1766131922424},"event":{"channel":"progress","type":"think_chunk_end","step":1,"bookmark":{"seq":96,"timestamp":1766131922424}}}
{"cursor":98,"bookmark":{"seq":98,"timestamp":1766131922432},"event":{"channel":"progress","type":"done","step":1,"reason":"completed","bookmark":{"seq":98,"timestamp":1766131922432}}}
