{"cursor":0,"bookmark":{"seq":0,"timestamp":1766133512955},"event":{"channel":"monitor","type":"tool_manual_updated","tools":["insurance_filter","insurance_search","insurance_inspect"],"timestamp":1766133512955,"bookmark":{"seq":0,"timestamp":1766133512955}}}
{"cursor":1,"bookmark":{"seq":1,"timestamp":1766133512956},"event":{"channel":"monitor","type":"state_changed","state":"WORKING","bookmark":{"seq":1,"timestamp":1766133512956}}}
{"cursor":2,"bookmark":{"seq":2,"timestamp":1766133512956},"event":{"channel":"monitor","type":"breakpoint_changed","previous":"READY","current":"PRE_MODEL","timestamp":1766133512956,"bookmark":{"seq":2,"timestamp":1766133512956}}}
{"cursor":3,"bookmark":{"seq":3,"timestamp":1766133512957},"event":{"channel":"monitor","type":"breakpoint_changed","previous":"PRE_MODEL","current":"STREAMING_MODEL","timestamp":1766133512957,"bookmark":{"seq":3,"timestamp":1766133512957}}}
{"cursor":68,"bookmark":{"seq":68,"timestamp":1766133516333},"event":{"channel":"monitor","type":"token_usage","inputTokens":50,"outputTokens":403,"totalTokens":453,"bookmark":{"seq":68,"timestamp":1766133516333}}}
{"cursor":69,"bookmark":{"seq":69,"timestamp":1766133516335},"event":{"channel":"monitor","type":"breakpoint_changed","previous":"STREAMING_MODEL","current":"TOOL_PENDING","timestamp":1766133516335,"bookmark":{"seq":69,"timestamp":1766133516335}}}
{"cursor":71,"bookmark":{"seq":71,"timestamp":1766133516340},"event":{"channel":"monitor","type":"breakpoint_changed","previous":"TOOL_PENDING","current":"PRE_TOOL","timestamp":1766133516340,"bookmark":{"seq":71,"timestamp":1766133516340}}}
{"cursor":72,"bookmark":{"seq":72,"timestamp":1766133516340},"event":{"channel":"monitor","type":"breakpoint_changed","previous":"PRE_TOOL","current":"TOOL_EXECUTING","timestamp":1766133516340,"bookmark":{"seq":72,"timestamp":1766133516340}}}
{"cursor":73,"bookmark":{"seq":73,"timestamp":1766133516348},"event":{"channel":"monitor","type":"tool_executed","call":{"id":"call_vouo4zdj9","name":"insurance_filter","state":"COMPLETED","approval":{"required":false},"result":{"ok":true,"count":4,"products":[{"id":27,"product_name":"友邦附加万全如意 A 款豁免保费重大疾病保险","product_type":"重疾险","age_range":"18周岁至55周岁"},{"id":33,"product_name":"友邦附加盈如意顺心版提前给付重大疾病保险","product_type":"重疾险","age_range":"18周岁至55周岁"},{"id":42,"product_name":"友邦友如意顺心版（2025）重大疾病保险","product_type":"重疾险","age_range":"18周岁至55周岁"},{"id":30,"product_name":"友邦附加爱如意 D 款恶性肿瘤（重度）疾病保险","product_type":"重疾险","age_range":"男性0-50周岁，女性0-45周岁"}]},"durationMs":8,"startedAt":1766133516340,"completedAt":1766133516348,"inputPreview":"{\"age_min\":30,\"age_max\":30,\"product_type\":\"重疾险\"}","auditTrail":[{"state":"PENDING","timestamp":1766133516335},{"state":"EXECUTING","timestamp":1766133516340,"note":"execution start"},{"state":"COMPLETED","timestamp":1766133516348,"note":"execution complete"}]},"bookmark":{"seq":73,"timestamp":1766133516348}}}
{"cursor":74,"bookmark":{"seq":74,"timestamp":1766133516348},"event":{"channel":"monitor","type":"breakpoint_changed","previous":"TOOL_EXECUTING","current":"POST_TOOL","timestamp":1766133516348,"bookmark":{"seq":74,"timestamp":1766133516348}}}
{"cursor":76,"bookmark":{"seq":76,"timestamp":1766133516365},"event":{"channel":"monitor","type":"state_changed","state":"READY","bookmark":{"seq":76,"timestamp":1766133516365}}}
{"cursor":77,"bookmark":{"seq":77,"timestamp":1766133516365},"event":{"channel":"monitor","type":"breakpoint_changed","previous":"POST_TOOL","current":"READY","timestamp":1766133516365,"bookmark":{"seq":77,"timestamp":1766133516365}}}
{"cursor":78,"bookmark":{"seq":78,"timestamp":1766133516365},"event":{"channel":"monitor","type":"state_changed","state":"WORKING","bookmark":{"seq":78,"timestamp":1766133516365}}}
{"cursor":79,"bookmark":{"seq":79,"timestamp":1766133516365},"event":{"channel":"monitor","type":"breakpoint_changed","previous":"READY","current":"PRE_MODEL","timestamp":1766133516365,"bookmark":{"seq":79,"timestamp":1766133516365}}}
{"cursor":80,"bookmark":{"seq":80,"timestamp":1766133516365},"event":{"channel":"monitor","type":"breakpoint_changed","previous":"PRE_MODEL","current":"STREAMING_MODEL","timestamp":1766133516365,"bookmark":{"seq":80,"timestamp":1766133516365}}}
{"cursor":82,"bookmark":{"seq":82,"timestamp":1766133518081},"event":{"channel":"monitor","type":"token_usage","inputTokens":800,"outputTokens":75,"totalTokens":875,"bookmark":{"seq":82,"timestamp":1766133518081}}}
{"cursor":83,"bookmark":{"seq":83,"timestamp":1766133518082},"event":{"channel":"monitor","type":"breakpoint_changed","previous":"STREAMING_MODEL","current":"TOOL_PENDING","timestamp":1766133518082,"bookmark":{"seq":83,"timestamp":1766133518082}}}
{"cursor":85,"bookmark":{"seq":85,"timestamp":1766133518083},"event":{"channel":"monitor","type":"breakpoint_changed","previous":"TOOL_PENDING","current":"PRE_TOOL","timestamp":1766133518083,"bookmark":{"seq":85,"timestamp":1766133518083}}}
{"cursor":86,"bookmark":{"seq":86,"timestamp":1766133518083},"event":{"channel":"monitor","type":"breakpoint_changed","previous":"PRE_TOOL","current":"TOOL_EXECUTING","timestamp":1766133518083,"bookmark":{"seq":86,"timestamp":1766133518083}}}
{"cursor":87,"bookmark":{"seq":87,"timestamp":1766133518090},"event":{"channel":"monitor","type":"tool_executed","call":{"id":"call_s44czymoke","name":"insurance_inspect","state":"COMPLETED","approval":{"required":false},"result":{"ok":true,"data":{"product_type":"重疾险","age_range":"18周岁至55周岁","product_name":"友邦附加万全如意 A 款豁免保费重大疾病保险","coverage_keys":["等待期","身故豁免保险费","全残豁免保险费","重度疾病豁免保险费"],"extend_info_keys":["highlights","table_data","theme_color","coverage_list","illness_features"]}},"durationMs":7,"startedAt":1766133518083,"completedAt":1766133518090,"inputPreview":"{\"product_id\":27,\"fields\":\"product_name,product_type,age_range,coverage,extend_info\",\"view\":\"summary\"}","auditTrail":[{"state":"PENDING","timestamp":1766133518082},{"state":"EXECUTING","timestamp":1766133518083,"note":"execution start"},{"state":"COMPLETED","timestamp":1766133518090,"note":"execution complete"}]},"bookmark":{"seq":87,"timestamp":1766133518090}}}
{"cursor":88,"bookmark":{"seq":88,"timestamp":1766133518090},"event":{"channel":"monitor","type":"breakpoint_changed","previous":"TOOL_EXECUTING","current":"POST_TOOL","timestamp":1766133518090,"bookmark":{"seq":88,"timestamp":1766133518090}}}
{"cursor":90,"bookmark":{"seq":90,"timestamp":1766133518092},"event":{"channel":"monitor","type":"state_changed","state":"READY","bookmark":{"seq":90,"timestamp":1766133518092}}}
{"cursor":91,"bookmark":{"seq":91,"timestamp":1766133518092},"event":{"channel":"monitor","type":"breakpoint_changed","previous":"POST_TOOL","current":"READY","timestamp":1766133518092,"bookmark":{"seq":91,"timestamp":1766133518092}}}
{"cursor":92,"bookmark":{"seq":92,"timestamp":1766133518092},"event":{"channel":"monitor","type":"state_changed","state":"WORKING","bookmark":{"seq":92,"timestamp":1766133518092}}}
{"cursor":93,"bookmark":{"seq":93,"timestamp":1766133518092},"event":{"channel":"monitor","type":"breakpoint_changed","previous":"READY","current":"PRE_MODEL","timestamp":1766133518092,"bookmark":{"seq":93,"timestamp":1766133518092}}}
{"cursor":94,"bookmark":{"seq":94,"timestamp":1766133518092},"event":{"channel":"monitor","type":"breakpoint_changed","previous":"PRE_MODEL","current":"STREAMING_MODEL","timestamp":1766133518092,"bookmark":{"seq":94,"timestamp":1766133518092}}}
{"cursor":96,"bookmark":{"seq":96,"timestamp":1766133519514},"event":{"channel":"monitor","type":"token_usage","inputTokens":1069,"outputTokens":75,"totalTokens":1144,"bookmark":{"seq":96,"timestamp":1766133519514}}}
{"cursor":97,"bookmark":{"seq":97,"timestamp":1766133519515},"event":{"channel":"monitor","type":"breakpoint_changed","previous":"STREAMING_MODEL","current":"TOOL_PENDING","timestamp":1766133519515,"bookmark":{"seq":97,"timestamp":1766133519515}}}
{"cursor":99,"bookmark":{"seq":99,"timestamp":1766133519516},"event":{"channel":"monitor","type":"breakpoint_changed","previous":"TOOL_PENDING","current":"PRE_TOOL","timestamp":1766133519516,"bookmark":{"seq":99,"timestamp":1766133519516}}}
{"cursor":100,"bookmark":{"seq":100,"timestamp":1766133519516},"event":{"channel":"monitor","type":"breakpoint_changed","previous":"PRE_TOOL","current":"TOOL_EXECUTING","timestamp":1766133519516,"bookmark":{"seq":100,"timestamp":1766133519516}}}
{"cursor":101,"bookmark":{"seq":101,"timestamp":1766133519524},"event":{"channel":"monitor","type":"tool_executed","call":{"id":"call_79wyulrxf2l","name":"insurance_inspect","state":"COMPLETED","approval":{"required":false},"result":{"ok":true,"data":{"product_type":"重疾险","age_range":"18周岁至55周岁","product_name":"友邦附加盈如意顺心版提前给付重大疾病保险","coverage_keys":["重度疾病保险金","特别保障保险金","中度疾病保险金","轻度疾病保险金"],"extend_info_keys":["highlights","table_data","theme_color","coverage_list","illness_features"]}},"durationMs":8,"startedAt":1766133519516,"completedAt":1766133519524,"inputPreview":"{\"product_id\":33,\"fields\":\"product_name,product_type,age_range,coverage,extend_info\",\"view\":\"summary\"}","auditTrail":[{"state":"PENDING","timestamp":1766133519515},{"state":"EXECUTING","timestamp":1766133519516,"note":"execution start"},{"state":"COMPLETED","timestamp":1766133519524,"note":"execution complete"}]},"bookmark":{"seq":101,"timestamp":1766133519524}}}
{"cursor":102,"bookmark":{"seq":102,"timestamp":1766133519524},"event":{"channel":"monitor","type":"breakpoint_changed","previous":"TOOL_EXECUTING","current":"POST_TOOL","timestamp":1766133519524,"bookmark":{"seq":102,"timestamp":1766133519524}}}
{"cursor":104,"bookmark":{"seq":104,"timestamp":1766133519527},"event":{"channel":"monitor","type":"state_changed","state":"READY","bookmark":{"seq":104,"timestamp":1766133519527}}}
{"cursor":105,"bookmark":{"seq":105,"timestamp":1766133519527},"event":{"channel":"monitor","type":"breakpoint_changed","previous":"POST_TOOL","current":"READY","timestamp":1766133519527,"bookmark":{"seq":105,"timestamp":1766133519527}}}
{"cursor":106,"bookmark":{"seq":106,"timestamp":1766133519527},"event":{"channel":"monitor","type":"state_changed","state":"WORKING","bookmark":{"seq":106,"timestamp":1766133519527}}}
{"cursor":107,"bookmark":{"seq":107,"timestamp":1766133519527},"event":{"channel":"monitor","type":"breakpoint_changed","previous":"READY","current":"PRE_MODEL","timestamp":1766133519527,"bookmark":{"seq":107,"timestamp":1766133519527}}}
{"cursor":108,"bookmark":{"seq":108,"timestamp":1766133519528},"event":{"channel":"monitor","type":"breakpoint_changed","previous":"PRE_MODEL","current":"STREAMING_MODEL","timestamp":1766133519528,"bookmark":{"seq":108,"timestamp":1766133519528}}}
{"cursor":110,"bookmark":{"seq":110,"timestamp":1766133547213},"event":{"channel":"monitor","type":"token_usage","inputTokens":3355,"outputTokens":75,"totalTokens":3430,"bookmark":{"seq":110,"timestamp":1766133547213}}}
{"cursor":111,"bookmark":{"seq":111,"timestamp":1766133547224},"event":{"channel":"monitor","type":"breakpoint_changed","previous":"STREAMING_MODEL","current":"TOOL_PENDING","timestamp":1766133547224,"bookmark":{"seq":111,"timestamp":1766133547224}}}
{"cursor":113,"bookmark":{"seq":113,"timestamp":1766133547224},"event":{"channel":"monitor","type":"breakpoint_changed","previous":"TOOL_PENDING","current":"PRE_TOOL","timestamp":1766133547224,"bookmark":{"seq":113,"timestamp":1766133547224}}}
{"cursor":114,"bookmark":{"seq":114,"timestamp":1766133547224},"event":{"channel":"monitor","type":"breakpoint_changed","previous":"PRE_TOOL","current":"TOOL_EXECUTING","timestamp":1766133547224,"bookmark":{"seq":114,"timestamp":1766133547224}}}
{"cursor":115,"bookmark":{"seq":115,"timestamp":1766133547238},"event":{"channel":"monitor","type":"tool_executed","call":{"id":"call_jsq8obod6qq","name":"insurance_inspect","state":"COMPLETED","approval":{"required":false},"result":{"ok":true,"data":{"product_type":"重疾险","age_range":"18周岁至55周岁","product_name":"友邦友如意顺心版（2025）重大疾病保险","coverage_keys":["重度疾病保险金","中度疾病保险金","轻度疾病保险金","全残保险金","生命终末期保险金","身故保险金"],"extend_info_keys":["highlights","table_data","theme_color","coverage_list","illness_features"]}},"durationMs":14,"startedAt":1766133547224,"completedAt":1766133547238,"inputPreview":"{\"product_id\":42,\"fields\":\"product_name,product_type,age_range,coverage,extend_info\",\"view\":\"summary\"}","auditTrail":[{"state":"PENDING","timestamp":1766133547224},{"state":"EXECUTING","timestamp":1766133547224,"note":"execution start"},{"state":"COMPLETED","timestamp":1766133547238,"note":"execution complete"}]},"bookmark":{"seq":115,"timestamp":1766133547238}}}
{"cursor":116,"bookmark":{"seq":116,"timestamp":1766133547238},"event":{"channel":"monitor","type":"breakpoint_changed","previous":"TOOL_EXECUTING","current":"POST_TOOL","timestamp":1766133547238,"bookmark":{"seq":116,"timestamp":1766133547238}}}
{"cursor":118,"bookmark":{"seq":118,"timestamp":1766133547240},"event":{"channel":"monitor","type":"state_changed","state":"READY","bookmark":{"seq":118,"timestamp":1766133547240}}}
{"cursor":119,"bookmark":{"seq":119,"timestamp":1766133547240},"event":{"channel":"monitor","type":"breakpoint_changed","previous":"POST_TOOL","current":"READY","timestamp":1766133547240,"bookmark":{"seq":119,"timestamp":1766133547240}}}
{"cursor":120,"bookmark":{"seq":120,"timestamp":1766133547240},"event":{"channel":"monitor","type":"state_changed","state":"WORKING","bookmark":{"seq":120,"timestamp":1766133547240}}}
{"cursor":121,"bookmark":{"seq":121,"timestamp":1766133547240},"event":{"channel":"monitor","type":"breakpoint_changed","previous":"READY","current":"PRE_MODEL","timestamp":1766133547240,"bookmark":{"seq":121,"timestamp":1766133547240}}}
{"cursor":122,"bookmark":{"seq":122,"timestamp":1766133547240},"event":{"channel":"monitor","type":"breakpoint_changed","previous":"PRE_MODEL","current":"STREAMING_MODEL","timestamp":1766133547240,"bookmark":{"seq":122,"timestamp":1766133547240}}}
{"cursor":124,"bookmark":{"seq":124,"timestamp":1766133575763},"event":{"channel":"monitor","type":"token_usage","inputTokens":1607,"outputTokens":75,"totalTokens":1682,"bookmark":{"seq":124,"timestamp":1766133575763}}}
{"cursor":125,"bookmark":{"seq":125,"timestamp":1766133575767},"event":{"channel":"monitor","type":"breakpoint_changed","previous":"STREAMING_MODEL","current":"TOOL_PENDING","timestamp":1766133575767,"bookmark":{"seq":125,"timestamp":1766133575767}}}
{"cursor":127,"bookmark":{"seq":127,"timestamp":1766133575767},"event":{"channel":"monitor","type":"breakpoint_changed","previous":"TOOL_PENDING","current":"PRE_TOOL","timestamp":1766133575767,"bookmark":{"seq":127,"timestamp":1766133575767}}}
{"cursor":128,"bookmark":{"seq":128,"timestamp":1766133575767},"event":{"channel":"monitor","type":"breakpoint_changed","previous":"PRE_TOOL","current":"TOOL_EXECUTING","timestamp":1766133575767,"bookmark":{"seq":128,"timestamp":1766133575767}}}
{"cursor":129,"bookmark":{"seq":129,"timestamp":1766133575780},"event":{"channel":"monitor","type":"tool_executed","call":{"id":"call_0el4lil8tbsr","name":"insurance_inspect","state":"COMPLETED","approval":{"required":false},"result":{"ok":true,"data":{"product_type":"重疾险","age_range":"男性0-50周岁，女性0-45周岁","product_name":"友邦附加爱如意 D 款恶性肿瘤（重度）疾病保险","coverage_keys":["等待期","豁免保险费","第一次“恶性肿瘤——重度”保险金","第二次“恶性肿瘤——重度”保险金"],"extend_info_keys":["highlights","table_data","theme_color","cancer_clause","coverage_list","illness_features"]}},"durationMs":13,"startedAt":1766133575767,"completedAt":1766133575780,"inputPreview":"{\"product_id\":30,\"fields\":\"product_name,product_type,age_range,coverage,extend_info\",\"view\":\"summary\"}","auditTrail":[{"state":"PENDING","timestamp":1766133575767},{"state":"EXECUTING","timestamp":1766133575767,"note":"execution start"},{"state":"COMPLETED","timestamp":1766133575780,"note":"execution complete"}]},"bookmark":{"seq":129,"timestamp":1766133575780}}}
{"cursor":130,"bookmark":{"seq":130,"timestamp":1766133575780},"event":{"channel":"monitor","type":"breakpoint_changed","previous":"TOOL_EXECUTING","current":"POST_TOOL","timestamp":1766133575780,"bookmark":{"seq":130,"timestamp":1766133575780}}}
{"cursor":132,"bookmark":{"seq":132,"timestamp":1766133575782},"event":{"channel":"monitor","type":"state_changed","state":"READY","bookmark":{"seq":132,"timestamp":1766133575782}}}
{"cursor":133,"bookmark":{"seq":133,"timestamp":1766133575782},"event":{"channel":"monitor","type":"breakpoint_changed","previous":"POST_TOOL","current":"READY","timestamp":1766133575782,"bookmark":{"seq":133,"timestamp":1766133575782}}}
{"cursor":134,"bookmark":{"seq":134,"timestamp":1766133575782},"event":{"channel":"monitor","type":"state_changed","state":"WORKING","bookmark":{"seq":134,"timestamp":1766133575782}}}
{"cursor":135,"bookmark":{"seq":135,"timestamp":1766133575782},"event":{"channel":"monitor","type":"breakpoint_changed","previous":"READY","current":"PRE_MODEL","timestamp":1766133575782,"bookmark":{"seq":135,"timestamp":1766133575782}}}
{"cursor":136,"bookmark":{"seq":136,"timestamp":1766133575782},"event":{"channel":"monitor","type":"breakpoint_changed","previous":"PRE_MODEL","current":"STREAMING_MODEL","timestamp":1766133575782,"bookmark":{"seq":136,"timestamp":1766133575782}}}
{"cursor":138,"bookmark":{"seq":138,"timestamp":1766133577856},"event":{"channel":"monitor","type":"token_usage","inputTokens":1018,"outputTokens":64,"totalTokens":1082,"bookmark":{"seq":138,"timestamp":1766133577856}}}
{"cursor":139,"bookmark":{"seq":139,"timestamp":1766133577857},"event":{"channel":"monitor","type":"breakpoint_changed","previous":"STREAMING_MODEL","current":"TOOL_PENDING","timestamp":1766133577857,"bookmark":{"seq":139,"timestamp":1766133577857}}}
{"cursor":141,"bookmark":{"seq":141,"timestamp":1766133577857},"event":{"channel":"monitor","type":"breakpoint_changed","previous":"TOOL_PENDING","current":"PRE_TOOL","timestamp":1766133577857,"bookmark":{"seq":141,"timestamp":1766133577857}}}
{"cursor":142,"bookmark":{"seq":142,"timestamp":1766133577857},"event":{"channel":"monitor","type":"breakpoint_changed","previous":"PRE_TOOL","current":"TOOL_EXECUTING","timestamp":1766133577857,"bookmark":{"seq":142,"timestamp":1766133577857}}}
{"cursor":144,"bookmark":{"seq":144,"timestamp":1766133577858},"event":{"channel":"monitor","type":"error","severity":"warn","phase":"tool","message":"Connection failed: request to http://localhost:8000/api/tools/inspect?product_id=33&fields=coverage.%E9%87%8D%E5%BA%A6%E7%96%BE%E7%97%85%E4%BF%9D%E9%99%A9%E9%87%91&view=full failed, reason: ","detail":{"ok":false,"error":"Connection failed: request to http://localhost:8000/api/tools/inspect?product_id=33&fields=coverage.%E9%87%8D%E5%BA%A6%E7%96%BE%E7%97%85%E4%BF%9D%E9%99%A9%E9%87%91&view=full failed, reason: ","errorType":"logical","retryable":true},"bookmark":{"seq":144,"timestamp":1766133577858}}}
{"cursor":145,"bookmark":{"seq":145,"timestamp":1766133577858},"event":{"channel":"monitor","type":"breakpoint_changed","previous":"TOOL_EXECUTING","current":"POST_TOOL","timestamp":1766133577858,"bookmark":{"seq":145,"timestamp":1766133577858}}}
{"cursor":147,"bookmark":{"seq":147,"timestamp":1766133577861},"event":{"channel":"monitor","type":"state_changed","state":"READY","bookmark":{"seq":147,"timestamp":1766133577861}}}
{"cursor":148,"bookmark":{"seq":148,"timestamp":1766133577861},"event":{"channel":"monitor","type":"breakpoint_changed","previous":"POST_TOOL","current":"READY","timestamp":1766133577861,"bookmark":{"seq":148,"timestamp":1766133577861}}}
{"cursor":149,"bookmark":{"seq":149,"timestamp":1766133577861},"event":{"channel":"monitor","type":"state_changed","state":"WORKING","bookmark":{"seq":149,"timestamp":1766133577861}}}
{"cursor":150,"bookmark":{"seq":150,"timestamp":1766133577861},"event":{"channel":"monitor","type":"breakpoint_changed","previous":"READY","current":"PRE_MODEL","timestamp":1766133577861,"bookmark":{"seq":150,"timestamp":1766133577861}}}
{"cursor":151,"bookmark":{"seq":151,"timestamp":1766133577861},"event":{"channel":"monitor","type":"breakpoint_changed","previous":"PRE_MODEL","current":"STREAMING_MODEL","timestamp":1766133577861,"bookmark":{"seq":151,"timestamp":1766133577861}}}
{"cursor":153,"bookmark":{"seq":153,"timestamp":1766133581412},"event":{"channel":"monitor","type":"token_usage","inputTokens":5016,"outputTokens":75,"totalTokens":5091,"bookmark":{"seq":153,"timestamp":1766133581412}}}
{"cursor":154,"bookmark":{"seq":154,"timestamp":1766133581415},"event":{"channel":"monitor","type":"breakpoint_changed","previous":"STREAMING_MODEL","current":"TOOL_PENDING","timestamp":1766133581415,"bookmark":{"seq":154,"timestamp":1766133581415}}}
{"cursor":156,"bookmark":{"seq":156,"timestamp":1766133581415},"event":{"channel":"monitor","type":"breakpoint_changed","previous":"TOOL_PENDING","current":"PRE_TOOL","timestamp":1766133581415,"bookmark":{"seq":156,"timestamp":1766133581415}}}
{"cursor":157,"bookmark":{"seq":157,"timestamp":1766133581415},"event":{"channel":"monitor","type":"breakpoint_changed","previous":"PRE_TOOL","current":"TOOL_EXECUTING","timestamp":1766133581415,"bookmark":{"seq":157,"timestamp":1766133581415}}}
{"cursor":159,"bookmark":{"seq":159,"timestamp":1766133581417},"event":{"channel":"monitor","type":"error","severity":"warn","phase":"tool","message":"Connection failed: request to http://localhost:8000/api/tools/inspect?product_id=33&fields=product_name%2Cproduct_type%2Cage_range%2Ccoverage%2Cextend_info&view=full failed, reason: ","detail":{"ok":false,"error":"Connection failed: request to http://localhost:8000/api/tools/inspect?product_id=33&fields=product_name%2Cproduct_type%2Cage_range%2Ccoverage%2Cextend_info&view=full failed, reason: ","errorType":"logical","retryable":true},"bookmark":{"seq":159,"timestamp":1766133581417}}}
{"cursor":160,"bookmark":{"seq":160,"timestamp":1766133581418},"event":{"channel":"monitor","type":"breakpoint_changed","previous":"TOOL_EXECUTING","current":"POST_TOOL","timestamp":1766133581418,"bookmark":{"seq":160,"timestamp":1766133581418}}}
{"cursor":162,"bookmark":{"seq":162,"timestamp":1766133581420},"event":{"channel":"monitor","type":"state_changed","state":"READY","bookmark":{"seq":162,"timestamp":1766133581420}}}
{"cursor":163,"bookmark":{"seq":163,"timestamp":1766133581420},"event":{"channel":"monitor","type":"breakpoint_changed","previous":"POST_TOOL","current":"READY","timestamp":1766133581420,"bookmark":{"seq":163,"timestamp":1766133581420}}}
{"cursor":164,"bookmark":{"seq":164,"timestamp":1766133581420},"event":{"channel":"monitor","type":"state_changed","state":"WORKING","bookmark":{"seq":164,"timestamp":1766133581420}}}
{"cursor":165,"bookmark":{"seq":165,"timestamp":1766133581420},"event":{"channel":"monitor","type":"breakpoint_changed","previous":"READY","current":"PRE_MODEL","timestamp":1766133581420,"bookmark":{"seq":165,"timestamp":1766133581420}}}
{"cursor":166,"bookmark":{"seq":166,"timestamp":1766133581420},"event":{"channel":"monitor","type":"breakpoint_changed","previous":"PRE_MODEL","current":"STREAMING_MODEL","timestamp":1766133581420,"bookmark":{"seq":166,"timestamp":1766133581420}}}
{"cursor":168,"bookmark":{"seq":168,"timestamp":1766133588458},"event":{"channel":"monitor","type":"token_usage","inputTokens":987,"outputTokens":75,"totalTokens":1062,"bookmark":{"seq":168,"timestamp":1766133588458}}}
{"cursor":169,"bookmark":{"seq":169,"timestamp":1766133588463},"event":{"channel":"monitor","type":"breakpoint_changed","previous":"STREAMING_MODEL","current":"TOOL_PENDING","timestamp":1766133588463,"bookmark":{"seq":169,"timestamp":1766133588463}}}
{"cursor":171,"bookmark":{"seq":171,"timestamp":1766133588463},"event":{"channel":"monitor","type":"breakpoint_changed","previous":"TOOL_PENDING","current":"PRE_TOOL","timestamp":1766133588463,"bookmark":{"seq":171,"timestamp":1766133588463}}}
{"cursor":172,"bookmark":{"seq":172,"timestamp":1766133588463},"event":{"channel":"monitor","type":"breakpoint_changed","previous":"PRE_TOOL","current":"TOOL_EXECUTING","timestamp":1766133588463,"bookmark":{"seq":172,"timestamp":1766133588463}}}
{"cursor":174,"bookmark":{"seq":174,"timestamp":1766133588465},"event":{"channel":"monitor","type":"error","severity":"warn","phase":"tool","message":"Connection failed: request to http://localhost:8000/api/tools/inspect?product_id=30&fields=product_name%2Cproduct_type%2Cage_range%2Ccoverage%2Cextend_info&view=full failed, reason: ","detail":{"ok":false,"error":"Connection failed: request to http://localhost:8000/api/tools/inspect?product_id=30&fields=product_name%2Cproduct_type%2Cage_range%2Ccoverage%2Cextend_info&view=full failed, reason: ","errorType":"logical","retryable":true},"bookmark":{"seq":174,"timestamp":1766133588465}}}
{"cursor":175,"bookmark":{"seq":175,"timestamp":1766133588466},"event":{"channel":"monitor","type":"breakpoint_changed","previous":"TOOL_EXECUTING","current":"POST_TOOL","timestamp":1766133588466,"bookmark":{"seq":175,"timestamp":1766133588466}}}
{"cursor":177,"bookmark":{"seq":177,"timestamp":1766133588468},"event":{"channel":"monitor","type":"state_changed","state":"READY","bookmark":{"seq":177,"timestamp":1766133588468}}}
{"cursor":178,"bookmark":{"seq":178,"timestamp":1766133588468},"event":{"channel":"monitor","type":"breakpoint_changed","previous":"POST_TOOL","current":"READY","timestamp":1766133588468,"bookmark":{"seq":178,"timestamp":1766133588468}}}
{"cursor":179,"bookmark":{"seq":179,"timestamp":1766133588468},"event":{"channel":"monitor","type":"state_changed","state":"WORKING","bookmark":{"seq":179,"timestamp":1766133588468}}}
{"cursor":180,"bookmark":{"seq":180,"timestamp":1766133588468},"event":{"channel":"monitor","type":"breakpoint_changed","previous":"READY","current":"PRE_MODEL","timestamp":1766133588468,"bookmark":{"seq":180,"timestamp":1766133588468}}}
{"cursor":181,"bookmark":{"seq":181,"timestamp":1766133588468},"event":{"channel":"monitor","type":"breakpoint_changed","previous":"PRE_MODEL","current":"STREAMING_MODEL","timestamp":1766133588468,"bookmark":{"seq":181,"timestamp":1766133588468}}}
{"cursor":183,"bookmark":{"seq":183,"timestamp":1766133590812},"event":{"channel":"monitor","type":"token_usage","inputTokens":632,"outputTokens":75,"totalTokens":707,"bookmark":{"seq":183,"timestamp":1766133590812}}}
{"cursor":184,"bookmark":{"seq":184,"timestamp":1766133590819},"event":{"channel":"monitor","type":"breakpoint_changed","previous":"STREAMING_MODEL","current":"TOOL_PENDING","timestamp":1766133590819,"bookmark":{"seq":184,"timestamp":1766133590819}}}
{"cursor":186,"bookmark":{"seq":186,"timestamp":1766133590819},"event":{"channel":"monitor","type":"breakpoint_changed","previous":"TOOL_PENDING","current":"PRE_TOOL","timestamp":1766133590819,"bookmark":{"seq":186,"timestamp":1766133590819}}}
{"cursor":187,"bookmark":{"seq":187,"timestamp":1766133590819},"event":{"channel":"monitor","type":"breakpoint_changed","previous":"PRE_TOOL","current":"TOOL_EXECUTING","timestamp":1766133590819,"bookmark":{"seq":187,"timestamp":1766133590819}}}
{"cursor":189,"bookmark":{"seq":189,"timestamp":1766133590823},"event":{"channel":"monitor","type":"error","severity":"warn","phase":"tool","message":"Connection failed: request to http://localhost:8000/api/tools/inspect?product_id=27&fields=product_name%2Cproduct_type%2Cage_range%2Ccoverage%2Cextend_info&view=full failed, reason: ","detail":{"ok":false,"error":"Connection failed: request to http://localhost:8000/api/tools/inspect?product_id=27&fields=product_name%2Cproduct_type%2Cage_range%2Ccoverage%2Cextend_info&view=full failed, reason: ","errorType":"logical","retryable":true},"bookmark":{"seq":189,"timestamp":1766133590823}}}
{"cursor":190,"bookmark":{"seq":190,"timestamp":1766133590823},"event":{"channel":"monitor","type":"breakpoint_changed","previous":"TOOL_EXECUTING","current":"POST_TOOL","timestamp":1766133590823,"bookmark":{"seq":190,"timestamp":1766133590823}}}
{"cursor":192,"bookmark":{"seq":192,"timestamp":1766133590826},"event":{"channel":"monitor","type":"state_changed","state":"READY","bookmark":{"seq":192,"timestamp":1766133590826}}}
{"cursor":193,"bookmark":{"seq":193,"timestamp":1766133590826},"event":{"channel":"monitor","type":"breakpoint_changed","previous":"POST_TOOL","current":"READY","timestamp":1766133590826,"bookmark":{"seq":193,"timestamp":1766133590826}}}
{"cursor":194,"bookmark":{"seq":194,"timestamp":1766133590826},"event":{"channel":"monitor","type":"state_changed","state":"WORKING","bookmark":{"seq":194,"timestamp":1766133590826}}}
{"cursor":195,"bookmark":{"seq":195,"timestamp":1766133590826},"event":{"channel":"monitor","type":"breakpoint_changed","previous":"READY","current":"PRE_MODEL","timestamp":1766133590826,"bookmark":{"seq":195,"timestamp":1766133590826}}}
{"cursor":196,"bookmark":{"seq":196,"timestamp":1766133590826},"event":{"channel":"monitor","type":"breakpoint_changed","previous":"PRE_MODEL","current":"STREAMING_MODEL","timestamp":1766133590826,"bookmark":{"seq":196,"timestamp":1766133590826}}}
{"cursor":198,"bookmark":{"seq":198,"timestamp":1766133592262},"event":{"channel":"monitor","type":"token_usage","inputTokens":1973,"outputTokens":75,"totalTokens":2048,"bookmark":{"seq":198,"timestamp":1766133592262}}}
{"cursor":199,"bookmark":{"seq":199,"timestamp":1766133592267},"event":{"channel":"monitor","type":"breakpoint_changed","previous":"STREAMING_MODEL","current":"TOOL_PENDING","timestamp":1766133592267,"bookmark":{"seq":199,"timestamp":1766133592267}}}
{"cursor":201,"bookmark":{"seq":201,"timestamp":1766133592267},"event":{"channel":"monitor","type":"breakpoint_changed","previous":"TOOL_PENDING","current":"PRE_TOOL","timestamp":1766133592267,"bookmark":{"seq":201,"timestamp":1766133592267}}}
{"cursor":202,"bookmark":{"seq":202,"timestamp":1766133592267},"event":{"channel":"monitor","type":"breakpoint_changed","previous":"PRE_TOOL","current":"TOOL_EXECUTING","timestamp":1766133592267,"bookmark":{"seq":202,"timestamp":1766133592267}}}
{"cursor":204,"bookmark":{"seq":204,"timestamp":1766133592269},"event":{"channel":"monitor","type":"error","severity":"warn","phase":"tool","message":"Connection failed: request to http://localhost:8000/api/tools/inspect?product_id=42&fields=product_name%2Cproduct_type%2Cage_range%2Ccoverage%2Cextend_info&view=full failed, reason: ","detail":{"ok":false,"error":"Connection failed: request to http://localhost:8000/api/tools/inspect?product_id=42&fields=product_name%2Cproduct_type%2Cage_range%2Ccoverage%2Cextend_info&view=full failed, reason: ","errorType":"logical","retryable":true},"bookmark":{"seq":204,"timestamp":1766133592269}}}
{"cursor":205,"bookmark":{"seq":205,"timestamp":1766133592269},"event":{"channel":"monitor","type":"breakpoint_changed","previous":"TOOL_EXECUTING","current":"POST_TOOL","timestamp":1766133592269,"bookmark":{"seq":205,"timestamp":1766133592269}}}
{"cursor":207,"bookmark":{"seq":207,"timestamp":1766133592271},"event":{"channel":"monitor","type":"state_changed","state":"READY","bookmark":{"seq":207,"timestamp":1766133592271}}}
{"cursor":208,"bookmark":{"seq":208,"timestamp":1766133592271},"event":{"channel":"monitor","type":"breakpoint_changed","previous":"POST_TOOL","current":"READY","timestamp":1766133592271,"bookmark":{"seq":208,"timestamp":1766133592271}}}
{"cursor":209,"bookmark":{"seq":209,"timestamp":1766133592271},"event":{"channel":"monitor","type":"state_changed","state":"WORKING","bookmark":{"seq":209,"timestamp":1766133592271}}}
{"cursor":210,"bookmark":{"seq":210,"timestamp":1766133592272},"event":{"channel":"monitor","type":"breakpoint_changed","previous":"READY","current":"PRE_MODEL","timestamp":1766133592272,"bookmark":{"seq":210,"timestamp":1766133592272}}}
{"cursor":211,"bookmark":{"seq":211,"timestamp":1766133592272},"event":{"channel":"monitor","type":"breakpoint_changed","previous":"PRE_MODEL","current":"STREAMING_MODEL","timestamp":1766133592272,"bookmark":{"seq":211,"timestamp":1766133592272}}}
{"cursor":602,"bookmark":{"seq":602,"timestamp":1766133604115},"event":{"channel":"monitor","type":"token_usage","inputTokens":279,"outputTokens":1383,"totalTokens":1662,"bookmark":{"seq":602,"timestamp":1766133604115}}}
{"cursor":604,"bookmark":{"seq":604,"timestamp":1766133604116},"event":{"channel":"monitor","type":"step_complete","step":12,"bookmark":{"seq":604,"timestamp":1766133604116}}}
{"cursor":605,"bookmark":{"seq":605,"timestamp":1766133604116},"event":{"channel":"monitor","type":"state_changed","state":"READY","bookmark":{"seq":605,"timestamp":1766133604116}}}
{"cursor":606,"bookmark":{"seq":606,"timestamp":1766133604116},"event":{"channel":"monitor","type":"breakpoint_changed","previous":"STREAMING_MODEL","current":"READY","timestamp":1766133604116,"bookmark":{"seq":606,"timestamp":1766133604116}}}
