{"cursor":4,"bookmark":{"seq":4,"timestamp":1765928865595},"event":{"channel":"progress","type":"think_chunk_start","step":1,"bookmark":{"seq":4,"timestamp":1765928865595}}}
{"cursor":5,"bookmark":{"seq":5,"timestamp":1765928867639},"event":{"channel":"progress","type":"think_chunk","step":1,"delta":"```json","bookmark":{"seq":5,"timestamp":1765928867639}}}
{"cursor":6,"bookmark":{"seq":6,"timestamp":1765928867688},"event":{"channel":"progress","type":"think_chunk","step":1,"delta":"\n{\n","bookmark":{"seq":6,"timestamp":1765928867688}}}
{"cursor":7,"bookmark":{"seq":7,"timestamp":1765928867751},"event":{"channel":"progress","type":"think_chunk","step":1,"delta":"  \"","bookmark":{"seq":7,"timestamp":1765928867751}}}
{"cursor":8,"bookmark":{"seq":8,"timestamp":1765928867751},"event":{"channel":"progress","type":"think_chunk","step":1,"delta":"thought\":","bookmark":{"seq":8,"timestamp":1765928867751}}}
{"cursor":9,"bookmark":{"seq":9,"timestamp":1765928867811},"event":{"channel":"progress","type":"think_chunk","step":1,"delta":" \"用户","bookmark":{"seq":9,"timestamp":1765928867811}}}
{"cursor":10,"bookmark":{"seq":10,"timestamp":1765928867870},"event":{"channel":"progress","type":"think_chunk","step":1,"delta":"进行了","bookmark":{"seq":10,"timestamp":1765928867870}}}
{"cursor":11,"bookmark":{"seq":11,"timestamp":1765928867943},"event":{"channel":"progress","type":"think_chunk","step":1,"delta":"简单的问候","bookmark":{"seq":11,"timestamp":1765928867943}}}
{"cursor":12,"bookmark":{"seq":12,"timestamp":1765928867943},"event":{"channel":"progress","type":"think_chunk","step":1,"delta":"，需要","bookmark":{"seq":12,"timestamp":1765928867943}}}
{"cursor":13,"bookmark":{"seq":13,"timestamp":1765928868000},"event":{"channel":"progress","type":"think_chunk","step":1,"delta":"开启","bookmark":{"seq":13,"timestamp":1765928868000}}}
{"cursor":14,"bookmark":{"seq":14,"timestamp":1765928868057},"event":{"channel":"progress","type":"think_chunk","step":1,"delta":"对话并","bookmark":{"seq":14,"timestamp":1765928868057}}}
{"cursor":15,"bookmark":{"seq":15,"timestamp":1765928868057},"event":{"channel":"progress","type":"think_chunk","step":1,"delta":"引导","bookmark":{"seq":15,"timestamp":1765928868057}}}
{"cursor":16,"bookmark":{"seq":16,"timestamp":1765928868113},"event":{"channel":"progress","type":"think_chunk","step":1,"delta":"用户提供","bookmark":{"seq":16,"timestamp":1765928868113}}}
{"cursor":17,"bookmark":{"seq":17,"timestamp":1765928868174},"event":{"channel":"progress","type":"think_chunk","step":1,"delta":"保险","bookmark":{"seq":17,"timestamp":1765928868174}}}
{"cursor":18,"bookmark":{"seq":18,"timestamp":1765928868174},"event":{"channel":"progress","type":"think_chunk","step":1,"delta":"需求","bookmark":{"seq":18,"timestamp":1765928868174}}}
{"cursor":19,"bookmark":{"seq":19,"timestamp":1765928868253},"event":{"channel":"progress","type":"think_chunk","step":1,"delta":"信息。\",\n","bookmark":{"seq":19,"timestamp":1765928868253}}}
{"cursor":20,"bookmark":{"seq":20,"timestamp":1765928868298},"event":{"channel":"progress","type":"think_chunk","step":1,"delta":"  \"","bookmark":{"seq":20,"timestamp":1765928868298}}}
{"cursor":21,"bookmark":{"seq":21,"timestamp":1765928868298},"event":{"channel":"progress","type":"think_chunk","step":1,"delta":"message\":","bookmark":{"seq":21,"timestamp":1765928868298}}}
{"cursor":22,"bookmark":{"seq":22,"timestamp":1765928868358},"event":{"channel":"progress","type":"think_chunk","step":1,"delta":" \"您好","bookmark":{"seq":22,"timestamp":1765928868358}}}
{"cursor":23,"bookmark":{"seq":23,"timestamp":1765928868441},"event":{"channel":"progress","type":"think_chunk","step":1,"delta":"！我是","bookmark":{"seq":23,"timestamp":1765928868441}}}
{"cursor":24,"bookmark":{"seq":24,"timestamp":1765928868441},"event":{"channel":"progress","type":"think_chunk","step":1,"delta":"您的专业","bookmark":{"seq":24,"timestamp":1765928868441}}}
{"cursor":25,"bookmark":{"seq":25,"timestamp":1765928868492},"event":{"channel":"progress","type":"think_chunk","step":1,"delta":"保险顾问","bookmark":{"seq":25,"timestamp":1765928868492}}}
{"cursor":26,"bookmark":{"seq":26,"timestamp":1765928868540},"event":{"channel":"progress","type":"think_chunk","step":1,"delta":"。很高兴","bookmark":{"seq":26,"timestamp":1765928868540}}}
{"cursor":27,"bookmark":{"seq":27,"timestamp":1765928868601},"event":{"channel":"progress","type":"think_chunk","step":1,"delta":"为您提供","bookmark":{"seq":27,"timestamp":1765928868601}}}
{"cursor":28,"bookmark":{"seq":28,"timestamp":1765928868601},"event":{"channel":"progress","type":"think_chunk","step":1,"delta":"咨询服务","bookmark":{"seq":28,"timestamp":1765928868601}}}
{"cursor":29,"bookmark":{"seq":29,"timestamp":1765928868661},"event":{"channel":"progress","type":"think_chunk","step":1,"delta":"。","bookmark":{"seq":29,"timestamp":1765928868661}}}
{"cursor":30,"bookmark":{"seq":30,"timestamp":1765928868722},"event":{"channel":"progress","type":"think_chunk","step":1,"delta":"为了更好地","bookmark":{"seq":30,"timestamp":1765928868722}}}
{"cursor":31,"bookmark":{"seq":31,"timestamp":1765928868722},"event":{"channel":"progress","type":"think_chunk","step":1,"delta":"为您推荐","bookmark":{"seq":31,"timestamp":1765928868722}}}
{"cursor":32,"bookmark":{"seq":32,"timestamp":1765928868782},"event":{"channel":"progress","type":"think_chunk","step":1,"delta":"合适的保险","bookmark":{"seq":32,"timestamp":1765928868782}}}
{"cursor":33,"bookmark":{"seq":33,"timestamp":1765928868847},"event":{"channel":"progress","type":"think_chunk","step":1,"delta":"产品，","bookmark":{"seq":33,"timestamp":1765928868847}}}
{"cursor":34,"bookmark":{"seq":34,"timestamp":1765928868847},"event":{"channel":"progress","type":"think_chunk","step":1,"delta":"请问","bookmark":{"seq":34,"timestamp":1765928868847}}}
{"cursor":35,"bookmark":{"seq":35,"timestamp":1765928868904},"event":{"channel":"progress","type":"think_chunk","step":1,"delta":"您是想","bookmark":{"seq":35,"timestamp":1765928868904}}}
{"cursor":36,"bookmark":{"seq":36,"timestamp":1765928868967},"event":{"channel":"progress","type":"think_chunk","step":1,"delta":"了解哪种","bookmark":{"seq":36,"timestamp":1765928868967}}}
{"cursor":37,"bookmark":{"seq":37,"timestamp":1765928868967},"event":{"channel":"progress","type":"think_chunk","step":1,"delta":"类型的保险","bookmark":{"seq":37,"timestamp":1765928868967}}}
{"cursor":38,"bookmark":{"seq":38,"timestamp":1765928869034},"event":{"channel":"progress","type":"think_chunk","step":1,"delta":"呢？","bookmark":{"seq":38,"timestamp":1765928869034}}}
{"cursor":39,"bookmark":{"seq":39,"timestamp":1765928869086},"event":{"channel":"progress","type":"think_chunk","step":1,"delta":"比如重","bookmark":{"seq":39,"timestamp":1765928869086}}}
{"cursor":40,"bookmark":{"seq":40,"timestamp":1765928869086},"event":{"channel":"progress","type":"think_chunk","step":1,"delta":"疾险","bookmark":{"seq":40,"timestamp":1765928869086}}}
{"cursor":41,"bookmark":{"seq":41,"timestamp":1765928869146},"event":{"channel":"progress","type":"think_chunk","step":1,"delta":"、医疗","bookmark":{"seq":41,"timestamp":1765928869146}}}
{"cursor":42,"bookmark":{"seq":42,"timestamp":1765928869206},"event":{"channel":"progress","type":"think_chunk","step":1,"delta":"险、","bookmark":{"seq":42,"timestamp":1765928869206}}}
{"cursor":43,"bookmark":{"seq":43,"timestamp":1765928869288},"event":{"channel":"progress","type":"think_chunk","step":1,"delta":"意外险","bookmark":{"seq":43,"timestamp":1765928869288}}}
{"cursor":44,"bookmark":{"seq":44,"timestamp":1765928869289},"event":{"channel":"progress","type":"think_chunk","step":1,"delta":"等","bookmark":{"seq":44,"timestamp":1765928869289}}}
{"cursor":45,"bookmark":{"seq":45,"timestamp":1765928869331},"event":{"channel":"progress","type":"think_chunk","step":1,"delta":"？","bookmark":{"seq":45,"timestamp":1765928869331}}}
{"cursor":46,"bookmark":{"seq":46,"timestamp":1765928869392},"event":{"channel":"progress","type":"think_chunk","step":1,"delta":"\",\n","bookmark":{"seq":46,"timestamp":1765928869392}}}
{"cursor":47,"bookmark":{"seq":47,"timestamp":1765928869392},"event":{"channel":"progress","type":"think_chunk","step":1,"delta":"  \"ui","bookmark":{"seq":47,"timestamp":1765928869392}}}
{"cursor":48,"bookmark":{"seq":48,"timestamp":1765928869450},"event":{"channel":"progress","type":"think_chunk","step":1,"delta":"_s","bookmark":{"seq":48,"timestamp":1765928869450}}}
{"cursor":49,"bookmark":{"seq":49,"timestamp":1765928869509},"event":{"channel":"progress","type":"think_chunk","step":1,"delta":"uggestions\":","bookmark":{"seq":49,"timestamp":1765928869509}}}
{"cursor":50,"bookmark":{"seq":50,"timestamp":1765928869509},"event":{"channel":"progress","type":"think_chunk","step":1,"delta":" {\n  ","bookmark":{"seq":50,"timestamp":1765928869509}}}
{"cursor":51,"bookmark":{"seq":51,"timestamp":1765928869580},"event":{"channel":"progress","type":"think_chunk","step":1,"delta":"  \"quick","bookmark":{"seq":51,"timestamp":1765928869580}}}
{"cursor":52,"bookmark":{"seq":52,"timestamp":1765928869630},"event":{"channel":"progress","type":"think_chunk","step":1,"delta":"_replies","bookmark":{"seq":52,"timestamp":1765928869630}}}
{"cursor":53,"bookmark":{"seq":53,"timestamp":1765928869692},"event":{"channel":"progress","type":"think_chunk","step":1,"delta":"\": [\"","bookmark":{"seq":53,"timestamp":1765928869692}}}
{"cursor":54,"bookmark":{"seq":54,"timestamp":1765928869692},"event":{"channel":"progress","type":"think_chunk","step":1,"delta":"重疾","bookmark":{"seq":54,"timestamp":1765928869692}}}
{"cursor":55,"bookmark":{"seq":55,"timestamp":1765928869751},"event":{"channel":"progress","type":"think_chunk","step":1,"delta":"险\",","bookmark":{"seq":55,"timestamp":1765928869751}}}
{"cursor":56,"bookmark":{"seq":56,"timestamp":1765928869812},"event":{"channel":"progress","type":"think_chunk","step":1,"delta":" \"医疗","bookmark":{"seq":56,"timestamp":1765928869812}}}
{"cursor":57,"bookmark":{"seq":57,"timestamp":1765928869813},"event":{"channel":"progress","type":"think_chunk","step":1,"delta":"险\",","bookmark":{"seq":57,"timestamp":1765928869813}}}
{"cursor":58,"bookmark":{"seq":58,"timestamp":1765928869889},"event":{"channel":"progress","type":"think_chunk","step":1,"delta":" \"意外","bookmark":{"seq":58,"timestamp":1765928869889}}}
{"cursor":59,"bookmark":{"seq":59,"timestamp":1765928869944},"event":{"channel":"progress","type":"think_chunk","step":1,"delta":"险\",","bookmark":{"seq":59,"timestamp":1765928869944}}}
{"cursor":60,"bookmark":{"seq":60,"timestamp":1765928869944},"event":{"channel":"progress","type":"think_chunk","step":1,"delta":" \"寿","bookmark":{"seq":60,"timestamp":1765928869944}}}
{"cursor":61,"bookmark":{"seq":61,"timestamp":1765928869993},"event":{"channel":"progress","type":"think_chunk","step":1,"delta":"险\"],\n","bookmark":{"seq":61,"timestamp":1765928869993}}}
{"cursor":62,"bookmark":{"seq":62,"timestamp":1765928870056},"event":{"channel":"progress","type":"think_chunk","step":1,"delta":"    \"","bookmark":{"seq":62,"timestamp":1765928870056}}}
{"cursor":63,"bookmark":{"seq":63,"timestamp":1765928870056},"event":{"channel":"progress","type":"think_chunk","step":1,"delta":"follow_up","bookmark":{"seq":63,"timestamp":1765928870056}}}
{"cursor":64,"bookmark":{"seq":64,"timestamp":1765928870115},"event":{"channel":"progress","type":"think_chunk","step":1,"delta":"_prompts","bookmark":{"seq":64,"timestamp":1765928870115}}}
{"cursor":65,"bookmark":{"seq":65,"timestamp":1765928870179},"event":{"channel":"progress","type":"think_chunk","step":1,"delta":"\": [\"","bookmark":{"seq":65,"timestamp":1765928870179}}}
{"cursor":66,"bookmark":{"seq":66,"timestamp":1765928870236},"event":{"channel":"progress","type":"think_chunk","step":1,"delta":"我想","bookmark":{"seq":66,"timestamp":1765928870236}}}
{"cursor":67,"bookmark":{"seq":67,"timestamp":1765928870236},"event":{"channel":"progress","type":"think_chunk","step":1,"delta":"为家人","bookmark":{"seq":67,"timestamp":1765928870236}}}
{"cursor":68,"bookmark":{"seq":68,"timestamp":1765928870300},"event":{"channel":"progress","type":"think_chunk","step":1,"delta":"购买保险","bookmark":{"seq":68,"timestamp":1765928870300}}}
{"cursor":69,"bookmark":{"seq":69,"timestamp":1765928870359},"event":{"channel":"progress","type":"think_chunk","step":1,"delta":"\", \"","bookmark":{"seq":69,"timestamp":1765928870359}}}
{"cursor":70,"bookmark":{"seq":70,"timestamp":1765928870422},"event":{"channel":"progress","type":"think_chunk","step":1,"delta":"对现有保险","bookmark":{"seq":70,"timestamp":1765928870422}}}
{"cursor":71,"bookmark":{"seq":71,"timestamp":1765928870480},"event":{"channel":"progress","type":"think_chunk","step":1,"delta":"有","bookmark":{"seq":71,"timestamp":1765928870480}}}
{"cursor":72,"bookmark":{"seq":72,"timestamp":1765928870480},"event":{"channel":"progress","type":"think_chunk","step":1,"delta":"疑问\"]\n","bookmark":{"seq":72,"timestamp":1765928870480}}}
{"cursor":73,"bookmark":{"seq":73,"timestamp":1765928870541},"event":{"channel":"progress","type":"think_chunk","step":1,"delta":"  }\n","bookmark":{"seq":73,"timestamp":1765928870541}}}
{"cursor":74,"bookmark":{"seq":74,"timestamp":1765928870605},"event":{"channel":"progress","type":"think_chunk","step":1,"delta":"}\n```","bookmark":{"seq":74,"timestamp":1765928870605}}}
{"cursor":75,"bookmark":{"seq":75,"timestamp":1765928870674},"event":{"channel":"progress","type":"think_chunk_end","step":1,"bookmark":{"seq":75,"timestamp":1765928870674}}}
{"cursor":77,"bookmark":{"seq":77,"timestamp":1765928870693},"event":{"channel":"progress","type":"done","step":1,"reason":"completed","bookmark":{"seq":77,"timestamp":1765928870693}}}
{"cursor":84,"bookmark":{"seq":84,"timestamp":1765928883388},"event":{"channel":"progress","type":"think_chunk_start","step":3,"bookmark":{"seq":84,"timestamp":1765928883388}}}
{"cursor":85,"bookmark":{"seq":85,"timestamp":1765928885253},"event":{"channel":"progress","type":"think_chunk","step":3,"delta":"```","bookmark":{"seq":85,"timestamp":1765928885253}}}
{"cursor":86,"bookmark":{"seq":86,"timestamp":1765928885294},"event":{"channel":"progress","type":"think_chunk","step":3,"delta":"json\n","bookmark":{"seq":86,"timestamp":1765928885294}}}
{"cursor":87,"bookmark":{"seq":87,"timestamp":1765928885326},"event":{"channel":"progress","type":"think_chunk","step":3,"delta":"{\n","bookmark":{"seq":87,"timestamp":1765928885326}}}
{"cursor":88,"bookmark":{"seq":88,"timestamp":1765928885389},"event":{"channel":"progress","type":"think_chunk","step":3,"delta":"  \"thought","bookmark":{"seq":88,"timestamp":1765928885389}}}
{"cursor":89,"bookmark":{"seq":89,"timestamp":1765928885426},"event":{"channel":"progress","type":"think_chunk","step":3,"delta":"\": \"","bookmark":{"seq":89,"timestamp":1765928885426}}}
{"cursor":90,"bookmark":{"seq":90,"timestamp":1765928885460},"event":{"channel":"progress","type":"think_chunk","step":3,"delta":"用户表示","bookmark":{"seq":90,"timestamp":1765928885460}}}
{"cursor":91,"bookmark":{"seq":91,"timestamp":1765928885505},"event":{"channel":"progress","type":"think_chunk","step":3,"delta":"想为","bookmark":{"seq":91,"timestamp":1765928885505}}}
{"cursor":92,"bookmark":{"seq":92,"timestamp":1765928885551},"event":{"channel":"progress","type":"think_chunk","step":3,"delta":"家人购买","bookmark":{"seq":92,"timestamp":1765928885551}}}
{"cursor":93,"bookmark":{"seq":93,"timestamp":1765928885589},"event":{"channel":"progress","type":"think_chunk","step":3,"delta":"保险，","bookmark":{"seq":93,"timestamp":1765928885589}}}
{"cursor":94,"bookmark":{"seq":94,"timestamp":1765928885635},"event":{"channel":"progress","type":"think_chunk","step":3,"delta":"这是一个很好的","bookmark":{"seq":94,"timestamp":1765928885635}}}
{"cursor":95,"bookmark":{"seq":95,"timestamp":1765928885677},"event":{"channel":"progress","type":"think_chunk","step":3,"delta":"开端","bookmark":{"seq":95,"timestamp":1765928885677}}}
{"cursor":96,"bookmark":{"seq":96,"timestamp":1765928885723},"event":{"channel":"progress","type":"think_chunk","step":3,"delta":"。为了","bookmark":{"seq":96,"timestamp":1765928885723}}}
{"cursor":97,"bookmark":{"seq":97,"timestamp":1765928885766},"event":{"channel":"progress","type":"think_chunk","step":3,"delta":"提供精准","bookmark":{"seq":97,"timestamp":1765928885766}}}
{"cursor":98,"bookmark":{"seq":98,"timestamp":1765928885807},"event":{"channel":"progress","type":"think_chunk","step":3,"delta":"的保险","bookmark":{"seq":98,"timestamp":1765928885807}}}
{"cursor":99,"bookmark":{"seq":99,"timestamp":1765928885851},"event":{"channel":"progress","type":"think_chunk","step":3,"delta":"建议，","bookmark":{"seq":99,"timestamp":1765928885851}}}
{"cursor":100,"bookmark":{"seq":100,"timestamp":1765928885893},"event":{"channel":"progress","type":"think_chunk","step":3,"delta":"我需要","bookmark":{"seq":100,"timestamp":1765928885893}}}
{"cursor":101,"bookmark":{"seq":101,"timestamp":1765928885938},"event":{"channel":"progress","type":"think_chunk","step":3,"delta":"收集","bookmark":{"seq":101,"timestamp":1765928885938}}}
{"cursor":102,"bookmark":{"seq":102,"timestamp":1765928886212},"event":{"channel":"progress","type":"think_chunk","step":3,"delta":"更多信息","bookmark":{"seq":102,"timestamp":1765928886212}}}
{"cursor":103,"bookmark":{"seq":103,"timestamp":1765928886212},"event":{"channel":"progress","type":"think_chunk","step":3,"delta":"，","bookmark":{"seq":103,"timestamp":1765928886212}}}
{"cursor":104,"bookmark":{"seq":104,"timestamp":1765928886212},"event":{"channel":"progress","type":"think_chunk","step":3,"delta":"包括家庭","bookmark":{"seq":104,"timestamp":1765928886212}}}
{"cursor":105,"bookmark":{"seq":105,"timestamp":1765928886212},"event":{"channel":"progress","type":"think_chunk","step":3,"delta":"结构","bookmark":{"seq":105,"timestamp":1765928886212}}}
{"cursor":106,"bookmark":{"seq":106,"timestamp":1765928886213},"event":{"channel":"progress","type":"think_chunk","step":3,"delta":"、具体","bookmark":{"seq":106,"timestamp":1765928886213}}}
{"cursor":107,"bookmark":{"seq":107,"timestamp":1765928886213},"event":{"channel":"progress","type":"think_chunk","step":3,"delta":"需求","bookmark":{"seq":107,"timestamp":1765928886213}}}
{"cursor":108,"bookmark":{"seq":108,"timestamp":1765928886246},"event":{"channel":"progress","type":"think_chunk","step":3,"delta":"以及","bookmark":{"seq":108,"timestamp":1765928886246}}}
{"cursor":109,"bookmark":{"seq":109,"timestamp":1765928886289},"event":{"channel":"progress","type":"think_chunk","step":3,"delta":"预算等","bookmark":{"seq":109,"timestamp":1765928886289}}}
{"cursor":110,"bookmark":{"seq":110,"timestamp":1765928886341},"event":{"channel":"progress","type":"think_chunk","step":3,"delta":"。\",\n","bookmark":{"seq":110,"timestamp":1765928886341}}}
{"cursor":111,"bookmark":{"seq":111,"timestamp":1765928886379},"event":{"channel":"progress","type":"think_chunk","step":3,"delta":"  \"","bookmark":{"seq":111,"timestamp":1765928886379}}}
{"cursor":112,"bookmark":{"seq":112,"timestamp":1765928886418},"event":{"channel":"progress","type":"think_chunk","step":3,"delta":"message\":","bookmark":{"seq":112,"timestamp":1765928886418}}}
{"cursor":113,"bookmark":{"seq":113,"timestamp":1765928886460},"event":{"channel":"progress","type":"think_chunk","step":3,"delta":" \"好的","bookmark":{"seq":113,"timestamp":1765928886460}}}
{"cursor":114,"bookmark":{"seq":114,"timestamp":1765928886504},"event":{"channel":"progress","type":"think_chunk","step":3,"delta":"，为","bookmark":{"seq":114,"timestamp":1765928886504}}}
{"cursor":115,"bookmark":{"seq":115,"timestamp":1765928886548},"event":{"channel":"progress","type":"think_chunk","step":3,"delta":"家人购买","bookmark":{"seq":115,"timestamp":1765928886548}}}
{"cursor":116,"bookmark":{"seq":116,"timestamp":1765928886596},"event":{"channel":"progress","type":"think_chunk","step":3,"delta":"保险是很","bookmark":{"seq":116,"timestamp":1765928886596}}}
{"cursor":117,"bookmark":{"seq":117,"timestamp":1765928886633},"event":{"channel":"progress","type":"think_chunk","step":3,"delta":"负","bookmark":{"seq":117,"timestamp":1765928886633}}}
{"cursor":118,"bookmark":{"seq":118,"timestamp":1765928886683},"event":{"channel":"progress","type":"think_chunk","step":3,"delta":"责任的决定","bookmark":{"seq":118,"timestamp":1765928886683}}}
{"cursor":119,"bookmark":{"seq":119,"timestamp":1765928886720},"event":{"channel":"progress","type":"think_chunk","step":3,"delta":"。为了","bookmark":{"seq":119,"timestamp":1765928886720}}}
{"cursor":120,"bookmark":{"seq":120,"timestamp":1765928886765},"event":{"channel":"progress","type":"think_chunk","step":3,"delta":"给您和家人","bookmark":{"seq":120,"timestamp":1765928886765}}}
{"cursor":121,"bookmark":{"seq":121,"timestamp":1765928886809},"event":{"channel":"progress","type":"think_chunk","step":3,"delta":"推荐","bookmark":{"seq":121,"timestamp":1765928886809}}}
{"cursor":122,"bookmark":{"seq":122,"timestamp":1765928886853},"event":{"channel":"progress","type":"think_chunk","step":3,"delta":"最合适的","bookmark":{"seq":122,"timestamp":1765928886853}}}
{"cursor":123,"bookmark":{"seq":123,"timestamp":1765928886895},"event":{"channel":"progress","type":"think_chunk","step":3,"delta":"保障","bookmark":{"seq":123,"timestamp":1765928886895}}}
{"cursor":124,"bookmark":{"seq":124,"timestamp":1765928886938},"event":{"channel":"progress","type":"think_chunk","step":3,"delta":"方案，","bookmark":{"seq":124,"timestamp":1765928886938}}}
{"cursor":125,"bookmark":{"seq":125,"timestamp":1765928886992},"event":{"channel":"progress","type":"think_chunk","step":3,"delta":"我需要","bookmark":{"seq":125,"timestamp":1765928886992}}}
{"cursor":126,"bookmark":{"seq":126,"timestamp":1765928887024},"event":{"channel":"progress","type":"think_chunk","step":3,"delta":"了解一些","bookmark":{"seq":126,"timestamp":1765928887024}}}
{"cursor":127,"bookmark":{"seq":127,"timestamp":1765928887069},"event":{"channel":"progress","type":"think_chunk","step":3,"delta":"基本信息：","bookmark":{"seq":127,"timestamp":1765928887069}}}
{"cursor":128,"bookmark":{"seq":128,"timestamp":1765928887111},"event":{"channel":"progress","type":"think_chunk","step":3,"delta":"\\n","bookmark":{"seq":128,"timestamp":1765928887111}}}
{"cursor":129,"bookmark":{"seq":129,"timestamp":1765928887153},"event":{"channel":"progress","type":"think_chunk","step":3,"delta":"\\n1","bookmark":{"seq":129,"timestamp":1765928887153}}}
{"cursor":130,"bookmark":{"seq":130,"timestamp":1765928887200},"event":{"channel":"progress","type":"think_chunk","step":3,"delta":". 您","bookmark":{"seq":130,"timestamp":1765928887200}}}
{"cursor":131,"bookmark":{"seq":131,"timestamp":1765928887255},"event":{"channel":"progress","type":"think_chunk","step":3,"delta":"的","bookmark":{"seq":131,"timestamp":1765928887255}}}
{"cursor":132,"bookmark":{"seq":132,"timestamp":1765928887285},"event":{"channel":"progress","type":"think_chunk","step":3,"delta":"年龄","bookmark":{"seq":132,"timestamp":1765928887285}}}
{"cursor":133,"bookmark":{"seq":133,"timestamp":1765928887329},"event":{"channel":"progress","type":"think_chunk","step":3,"delta":"和","bookmark":{"seq":133,"timestamp":1765928887329}}}
{"cursor":134,"bookmark":{"seq":134,"timestamp":1765928887402},"event":{"channel":"progress","type":"think_chunk","step":3,"delta":"家庭成员","bookmark":{"seq":134,"timestamp":1765928887402}}}
{"cursor":135,"bookmark":{"seq":135,"timestamp":1765928887457},"event":{"channel":"progress","type":"think_chunk","step":3,"delta":"的年龄结构","bookmark":{"seq":135,"timestamp":1765928887457}}}
{"cursor":136,"bookmark":{"seq":136,"timestamp":1765928887521},"event":{"channel":"progress","type":"think_chunk","step":3,"delta":"是怎样的","bookmark":{"seq":136,"timestamp":1765928887521}}}
{"cursor":137,"bookmark":{"seq":137,"timestamp":1765928887547},"event":{"channel":"progress","type":"think_chunk","step":3,"delta":"？\\","bookmark":{"seq":137,"timestamp":1765928887547}}}
{"cursor":138,"bookmark":{"seq":138,"timestamp":1765928887587},"event":{"channel":"progress","type":"think_chunk","step":3,"delta":"n2","bookmark":{"seq":138,"timestamp":1765928887587}}}
{"cursor":139,"bookmark":{"seq":139,"timestamp":1765928887636},"event":{"channel":"progress","type":"think_chunk","step":3,"delta":". 您","bookmark":{"seq":139,"timestamp":1765928887636}}}
{"cursor":140,"bookmark":{"seq":140,"timestamp":1765928887684},"event":{"channel":"progress","type":"think_chunk","step":3,"delta":"主要","bookmark":{"seq":140,"timestamp":1765928887684}}}
{"cursor":141,"bookmark":{"seq":141,"timestamp":1765928887730},"event":{"channel":"progress","type":"think_chunk","step":3,"delta":"想为","bookmark":{"seq":141,"timestamp":1765928887730}}}
{"cursor":142,"bookmark":{"seq":142,"timestamp":1765928887761},"event":{"channel":"progress","type":"think_chunk","step":3,"delta":"哪","bookmark":{"seq":142,"timestamp":1765928887761}}}
{"cursor":143,"bookmark":{"seq":143,"timestamp":1765928887808},"event":{"channel":"progress","type":"think_chunk","step":3,"delta":"位家庭成员","bookmark":{"seq":143,"timestamp":1765928887808}}}
{"cursor":144,"bookmark":{"seq":144,"timestamp":1765928887916},"event":{"channel":"progress","type":"think_chunk","step":3,"delta":"配置","bookmark":{"seq":144,"timestamp":1765928887916}}}
{"cursor":145,"bookmark":{"seq":145,"timestamp":1765928887916},"event":{"channel":"progress","type":"think_chunk","step":3,"delta":"保险？","bookmark":{"seq":145,"timestamp":1765928887916}}}
{"cursor":146,"bookmark":{"seq":146,"timestamp":1765928887934},"event":{"channel":"progress","type":"think_chunk","step":3,"delta":"\\n","bookmark":{"seq":146,"timestamp":1765928887934}}}
{"cursor":147,"bookmark":{"seq":147,"timestamp":1765928887978},"event":{"channel":"progress","type":"think_chunk","step":3,"delta":"3.","bookmark":{"seq":147,"timestamp":1765928887978}}}
{"cursor":148,"bookmark":{"seq":148,"timestamp":1765928888045},"event":{"channel":"progress","type":"think_chunk","step":3,"delta":" 您考虑","bookmark":{"seq":148,"timestamp":1765928888045}}}
{"cursor":149,"bookmark":{"seq":149,"timestamp":1765928888075},"event":{"channel":"progress","type":"think_chunk","step":3,"delta":"的年度","bookmark":{"seq":149,"timestamp":1765928888075}}}
{"cursor":150,"bookmark":{"seq":150,"timestamp":1765928888116},"event":{"channel":"progress","type":"think_chunk","step":3,"delta":"预算大概是","bookmark":{"seq":150,"timestamp":1765928888116}}}
{"cursor":151,"bookmark":{"seq":151,"timestamp":1765928888160},"event":{"channel":"progress","type":"think_chunk","step":3,"delta":"多少？","bookmark":{"seq":151,"timestamp":1765928888160}}}
{"cursor":152,"bookmark":{"seq":152,"timestamp":1765928888202},"event":{"channel":"progress","type":"think_chunk","step":3,"delta":"\\n","bookmark":{"seq":152,"timestamp":1765928888202}}}
{"cursor":153,"bookmark":{"seq":153,"timestamp":1765928888237},"event":{"channel":"progress","type":"think_chunk","step":3,"delta":"4.","bookmark":{"seq":153,"timestamp":1765928888237}}}
{"cursor":154,"bookmark":{"seq":154,"timestamp":1765928888277},"event":{"channel":"progress","type":"think_chunk","step":3,"delta":" 您","bookmark":{"seq":154,"timestamp":1765928888277}}}
{"cursor":155,"bookmark":{"seq":155,"timestamp":1765928888321},"event":{"channel":"progress","type":"think_chunk","step":3,"delta":"最关注","bookmark":{"seq":155,"timestamp":1765928888321}}}
{"cursor":156,"bookmark":{"seq":156,"timestamp":1765928888360},"event":{"channel":"progress","type":"think_chunk","step":3,"delta":"的风险","bookmark":{"seq":156,"timestamp":1765928888360}}}
{"cursor":157,"bookmark":{"seq":157,"timestamp":1765928888609},"event":{"channel":"progress","type":"think_chunk","step":3,"delta":"保障是什么","bookmark":{"seq":157,"timestamp":1765928888609}}}
{"cursor":158,"bookmark":{"seq":158,"timestamp":1765928888609},"event":{"channel":"progress","type":"think_chunk","step":3,"delta":"？","bookmark":{"seq":158,"timestamp":1765928888609}}}
{"cursor":159,"bookmark":{"seq":159,"timestamp":1765928888609},"event":{"channel":"progress","type":"think_chunk","step":3,"delta":"比如医疗费用","bookmark":{"seq":159,"timestamp":1765928888609}}}
{"cursor":160,"bookmark":{"seq":160,"timestamp":1765928888609},"event":{"channel":"progress","type":"think_chunk","step":3,"delta":"、重大","bookmark":{"seq":160,"timestamp":1765928888609}}}
{"cursor":161,"bookmark":{"seq":161,"timestamp":1765928888609},"event":{"channel":"progress","type":"think_chunk","step":3,"delta":"疾病、","bookmark":{"seq":161,"timestamp":1765928888609}}}
{"cursor":162,"bookmark":{"seq":162,"timestamp":1765928888650},"event":{"channel":"progress","type":"think_chunk","step":3,"delta":"意外伤害","bookmark":{"seq":162,"timestamp":1765928888650}}}
{"cursor":163,"bookmark":{"seq":163,"timestamp":1765928888692},"event":{"channel":"progress","type":"think_chunk","step":3,"delta":"等。\",\n","bookmark":{"seq":163,"timestamp":1765928888692}}}
{"cursor":164,"bookmark":{"seq":164,"timestamp":1765928888733},"event":{"channel":"progress","type":"think_chunk","step":3,"delta":"  \"","bookmark":{"seq":164,"timestamp":1765928888733}}}
{"cursor":165,"bookmark":{"seq":165,"timestamp":1765928888775},"event":{"channel":"progress","type":"think_chunk","step":3,"delta":"ui_s","bookmark":{"seq":165,"timestamp":1765928888775}}}
{"cursor":166,"bookmark":{"seq":166,"timestamp":1765928888816},"event":{"channel":"progress","type":"think_chunk","step":3,"delta":"uggestions\":","bookmark":{"seq":166,"timestamp":1765928888816}}}
{"cursor":167,"bookmark":{"seq":167,"timestamp":1765928888857},"event":{"channel":"progress","type":"think_chunk","step":3,"delta":" {\n  ","bookmark":{"seq":167,"timestamp":1765928888857}}}
{"cursor":168,"bookmark":{"seq":168,"timestamp":1765928888918},"event":{"channel":"progress","type":"think_chunk","step":3,"delta":"  \"quick","bookmark":{"seq":168,"timestamp":1765928888918}}}
{"cursor":169,"bookmark":{"seq":169,"timestamp":1765928888950},"event":{"channel":"progress","type":"think_chunk","step":3,"delta":"_replies","bookmark":{"seq":169,"timestamp":1765928888950}}}
{"cursor":170,"bookmark":{"seq":170,"timestamp":1765928889067},"event":{"channel":"progress","type":"think_chunk","step":3,"delta":"\": [\"","bookmark":{"seq":170,"timestamp":1765928889067}}}
{"cursor":171,"bookmark":{"seq":171,"timestamp":1765928889209},"event":{"channel":"progress","type":"think_chunk","step":3,"delta":"为","bookmark":{"seq":171,"timestamp":1765928889209}}}
{"cursor":172,"bookmark":{"seq":172,"timestamp":1765928889211},"event":{"channel":"progress","type":"think_chunk","step":3,"delta":"30岁","bookmark":{"seq":172,"timestamp":1765928889211}}}
{"cursor":173,"bookmark":{"seq":173,"timestamp":1765928889211},"event":{"channel":"progress","type":"think_chunk","step":3,"delta":"夫妻投保","bookmark":{"seq":173,"timestamp":1765928889211}}}
{"cursor":174,"bookmark":{"seq":174,"timestamp":1765928889215},"event":{"channel":"progress","type":"think_chunk","step":3,"delta":"\", \"","bookmark":{"seq":174,"timestamp":1765928889215}}}
{"cursor":175,"bookmark":{"seq":175,"timestamp":1765928889215},"event":{"channel":"progress","type":"think_chunk","step":3,"delta":"为孩子购买","bookmark":{"seq":175,"timestamp":1765928889215}}}
{"cursor":176,"bookmark":{"seq":176,"timestamp":1765928889255},"event":{"channel":"progress","type":"think_chunk","step":3,"delta":"保险\",","bookmark":{"seq":176,"timestamp":1765928889255}}}
{"cursor":177,"bookmark":{"seq":177,"timestamp":1765928889299},"event":{"channel":"progress","type":"think_chunk","step":3,"delta":" \"预算","bookmark":{"seq":177,"timestamp":1765928889299}}}
{"cursor":178,"bookmark":{"seq":178,"timestamp":1765928889345},"event":{"channel":"progress","type":"think_chunk","step":3,"delta":"500","bookmark":{"seq":178,"timestamp":1765928889345}}}
{"cursor":179,"bookmark":{"seq":179,"timestamp":1765928889384},"event":{"channel":"progress","type":"think_chunk","step":3,"delta":"0-","bookmark":{"seq":179,"timestamp":1765928889384}}}
{"cursor":180,"bookmark":{"seq":180,"timestamp":1765928889427},"event":{"channel":"progress","type":"think_chunk","step":3,"delta":"100","bookmark":{"seq":180,"timestamp":1765928889427}}}
{"cursor":181,"bookmark":{"seq":181,"timestamp":1765928889470},"event":{"channel":"progress","type":"think_chunk","step":3,"delta":"00元","bookmark":{"seq":181,"timestamp":1765928889470}}}
{"cursor":182,"bookmark":{"seq":182,"timestamp":1765928889539},"event":{"channel":"progress","type":"think_chunk","step":3,"delta":"\", \"","bookmark":{"seq":182,"timestamp":1765928889539}}}
{"cursor":183,"bookmark":{"seq":183,"timestamp":1765928889565},"event":{"channel":"progress","type":"think_chunk","step":3,"delta":"考虑重","bookmark":{"seq":183,"timestamp":1765928889565}}}
{"cursor":184,"bookmark":{"seq":184,"timestamp":1765928889602},"event":{"channel":"progress","type":"think_chunk","step":3,"delta":"疾","bookmark":{"seq":184,"timestamp":1765928889602}}}
{"cursor":185,"bookmark":{"seq":185,"timestamp":1765928889649},"event":{"channel":"progress","type":"think_chunk","step":3,"delta":"和","bookmark":{"seq":185,"timestamp":1765928889649}}}
{"cursor":186,"bookmark":{"seq":186,"timestamp":1765928889721},"event":{"channel":"progress","type":"think_chunk","step":3,"delta":"意外","bookmark":{"seq":186,"timestamp":1765928889721}}}
{"cursor":187,"bookmark":{"seq":187,"timestamp":1765928889731},"event":{"channel":"progress","type":"think_chunk","step":3,"delta":"风险","bookmark":{"seq":187,"timestamp":1765928889731}}}
{"cursor":188,"bookmark":{"seq":188,"timestamp":1765928889773},"event":{"channel":"progress","type":"think_chunk","step":3,"delta":"\"],\n  ","bookmark":{"seq":188,"timestamp":1765928889773}}}
{"cursor":189,"bookmark":{"seq":189,"timestamp":1765928889820},"event":{"channel":"progress","type":"think_chunk","step":3,"delta":"  \"follow","bookmark":{"seq":189,"timestamp":1765928889820}}}
{"cursor":190,"bookmark":{"seq":190,"timestamp":1765928889860},"event":{"channel":"progress","type":"think_chunk","step":3,"delta":"_up_prom","bookmark":{"seq":190,"timestamp":1765928889860}}}
{"cursor":191,"bookmark":{"seq":191,"timestamp":1765928889903},"event":{"channel":"progress","type":"think_chunk","step":3,"delta":"pts\":","bookmark":{"seq":191,"timestamp":1765928889903}}}
{"cursor":192,"bookmark":{"seq":192,"timestamp":1765928889963},"event":{"channel":"progress","type":"think_chunk","step":3,"delta":" [\"家庭成员","bookmark":{"seq":192,"timestamp":1765928889963}}}
{"cursor":193,"bookmark":{"seq":193,"timestamp":1765928889990},"event":{"channel":"progress","type":"think_chunk","step":3,"delta":"都有","bookmark":{"seq":193,"timestamp":1765928889990}}}
{"cursor":194,"bookmark":{"seq":194,"timestamp":1765928890053},"event":{"channel":"progress","type":"think_chunk","step":3,"delta":"社保","bookmark":{"seq":194,"timestamp":1765928890053}}}
{"cursor":195,"bookmark":{"seq":195,"timestamp":1765928890078},"event":{"channel":"progress","type":"think_chunk","step":3,"delta":"吗？","bookmark":{"seq":195,"timestamp":1765928890078}}}
{"cursor":196,"bookmark":{"seq":196,"timestamp":1765928890125},"event":{"channel":"progress","type":"think_chunk","step":3,"delta":"\", \"","bookmark":{"seq":196,"timestamp":1765928890125}}}
{"cursor":197,"bookmark":{"seq":197,"timestamp":1765928890167},"event":{"channel":"progress","type":"think_chunk","step":3,"delta":"家族","bookmark":{"seq":197,"timestamp":1765928890167}}}
{"cursor":198,"bookmark":{"seq":198,"timestamp":1765928890208},"event":{"channel":"progress","type":"think_chunk","step":3,"delta":"有什么","bookmark":{"seq":198,"timestamp":1765928890208}}}
{"cursor":199,"bookmark":{"seq":199,"timestamp":1765928890263},"event":{"channel":"progress","type":"think_chunk","step":3,"delta":"遗传","bookmark":{"seq":199,"timestamp":1765928890263}}}
{"cursor":200,"bookmark":{"seq":200,"timestamp":1765928890294},"event":{"channel":"progress","type":"think_chunk","step":3,"delta":"病史吗","bookmark":{"seq":200,"timestamp":1765928890294}}}
{"cursor":201,"bookmark":{"seq":201,"timestamp":1765928890343},"event":{"channel":"progress","type":"think_chunk","step":3,"delta":"？\"]\n","bookmark":{"seq":201,"timestamp":1765928890343}}}
{"cursor":202,"bookmark":{"seq":202,"timestamp":1765928890388},"event":{"channel":"progress","type":"think_chunk","step":3,"delta":"  }\n","bookmark":{"seq":202,"timestamp":1765928890388}}}
{"cursor":203,"bookmark":{"seq":203,"timestamp":1765928890434},"event":{"channel":"progress","type":"think_chunk","step":3,"delta":"}\n```","bookmark":{"seq":203,"timestamp":1765928890434}}}
{"cursor":204,"bookmark":{"seq":204,"timestamp":1765928890547},"event":{"channel":"progress","type":"think_chunk_end","step":3,"bookmark":{"seq":204,"timestamp":1765928890547}}}
{"cursor":206,"bookmark":{"seq":206,"timestamp":1765928890554},"event":{"channel":"progress","type":"done","step":3,"reason":"completed","bookmark":{"seq":206,"timestamp":1765928890554}}}
