{"cursor":4,"bookmark":{"seq":4,"timestamp":1765929095785},"event":{"channel":"progress","type":"think_chunk_start","step":1,"bookmark":{"seq":4,"timestamp":1765929095785}}}
{"cursor":5,"bookmark":{"seq":5,"timestamp":1765929097960},"event":{"channel":"progress","type":"think_chunk","step":1,"delta":"```","bookmark":{"seq":5,"timestamp":1765929097960}}}
{"cursor":6,"bookmark":{"seq":6,"timestamp":1765929097960},"event":{"channel":"progress","type":"think_chunk","step":1,"delta":"json\n","bookmark":{"seq":6,"timestamp":1765929097960}}}
{"cursor":7,"bookmark":{"seq":7,"timestamp":1765929097960},"event":{"channel":"progress","type":"think_chunk","step":1,"delta":"{\n","bookmark":{"seq":7,"timestamp":1765929097960}}}
{"cursor":8,"bookmark":{"seq":8,"timestamp":1765929098023},"event":{"channel":"progress","type":"think_chunk","step":1,"delta":"  \"thought","bookmark":{"seq":8,"timestamp":1765929098023}}}
{"cursor":9,"bookmark":{"seq":9,"timestamp":1765929098023},"event":{"channel":"progress","type":"think_chunk","step":1,"delta":"\": \"","bookmark":{"seq":9,"timestamp":1765929098023}}}
{"cursor":10,"bookmark":{"seq":10,"timestamp":1765929098082},"event":{"channel":"progress","type":"think_chunk","step":1,"delta":"用户简单","bookmark":{"seq":10,"timestamp":1765929098082}}}
{"cursor":11,"bookmark":{"seq":11,"timestamp":1765929098082},"event":{"channel":"progress","type":"think_chunk","step":1,"delta":"打招呼","bookmark":{"seq":11,"timestamp":1765929098082}}}
{"cursor":12,"bookmark":{"seq":12,"timestamp":1765929098141},"event":{"channel":"progress","type":"think_chunk","step":1,"delta":"，需要","bookmark":{"seq":12,"timestamp":1765929098141}}}
{"cursor":13,"bookmark":{"seq":13,"timestamp":1765929098141},"event":{"channel":"progress","type":"think_chunk","step":1,"delta":"引导","bookmark":{"seq":13,"timestamp":1765929098141}}}
{"cursor":14,"bookmark":{"seq":14,"timestamp":1765929098201},"event":{"channel":"progress","type":"think_chunk","step":1,"delta":"进入","bookmark":{"seq":14,"timestamp":1765929098201}}}
{"cursor":15,"bookmark":{"seq":15,"timestamp":1765929098201},"event":{"channel":"progress","type":"think_chunk","step":1,"delta":"保险咨询","bookmark":{"seq":15,"timestamp":1765929098201}}}
{"cursor":16,"bookmark":{"seq":16,"timestamp":1765929098262},"event":{"channel":"progress","type":"think_chunk","step":1,"delta":"流程","bookmark":{"seq":16,"timestamp":1765929098262}}}
{"cursor":17,"bookmark":{"seq":17,"timestamp":1765929098262},"event":{"channel":"progress","type":"think_chunk","step":1,"delta":"。应该","bookmark":{"seq":17,"timestamp":1765929098262}}}
{"cursor":18,"bookmark":{"seq":18,"timestamp":1765929098323},"event":{"channel":"progress","type":"think_chunk","step":1,"delta":"主动","bookmark":{"seq":18,"timestamp":1765929098323}}}
{"cursor":19,"bookmark":{"seq":19,"timestamp":1765929098323},"event":{"channel":"progress","type":"think_chunk","step":1,"delta":"介绍","bookmark":{"seq":19,"timestamp":1765929098323}}}
{"cursor":20,"bookmark":{"seq":20,"timestamp":1765929098323},"event":{"channel":"progress","type":"think_chunk","step":1,"delta":"自己并","bookmark":{"seq":20,"timestamp":1765929098323}}}
{"cursor":21,"bookmark":{"seq":21,"timestamp":1765929098383},"event":{"channel":"progress","type":"think_chunk","step":1,"delta":"询问基本","bookmark":{"seq":21,"timestamp":1765929098383}}}
{"cursor":22,"bookmark":{"seq":22,"timestamp":1765929098383},"event":{"channel":"progress","type":"think_chunk","step":1,"delta":"需求信息","bookmark":{"seq":22,"timestamp":1765929098383}}}
{"cursor":23,"bookmark":{"seq":23,"timestamp":1765929098452},"event":{"channel":"progress","type":"think_chunk","step":1,"delta":"。\",\n","bookmark":{"seq":23,"timestamp":1765929098452}}}
{"cursor":24,"bookmark":{"seq":24,"timestamp":1765929098453},"event":{"channel":"progress","type":"think_chunk","step":1,"delta":"  \"message","bookmark":{"seq":24,"timestamp":1765929098453}}}
{"cursor":25,"bookmark":{"seq":25,"timestamp":1765929098505},"event":{"channel":"progress","type":"think_chunk","step":1,"delta":"\": \"","bookmark":{"seq":25,"timestamp":1765929098505}}}
{"cursor":26,"bookmark":{"seq":26,"timestamp":1765929098505},"event":{"channel":"progress","type":"think_chunk","step":1,"delta":"您好！","bookmark":{"seq":26,"timestamp":1765929098505}}}
{"cursor":27,"bookmark":{"seq":27,"timestamp":1765929098573},"event":{"channel":"progress","type":"think_chunk","step":1,"delta":"我是您的","bookmark":{"seq":27,"timestamp":1765929098573}}}
{"cursor":28,"bookmark":{"seq":28,"timestamp":1765929098573},"event":{"channel":"progress","type":"think_chunk","step":1,"delta":"保险","bookmark":{"seq":28,"timestamp":1765929098573}}}
{"cursor":29,"bookmark":{"seq":29,"timestamp":1765929098630},"event":{"channel":"progress","type":"think_chunk","step":1,"delta":"销售助理","bookmark":{"seq":29,"timestamp":1765929098630}}}
{"cursor":30,"bookmark":{"seq":30,"timestamp":1765929098630},"event":{"channel":"progress","type":"think_chunk","step":1,"delta":"，很高兴","bookmark":{"seq":30,"timestamp":1765929098630}}}
{"cursor":31,"bookmark":{"seq":31,"timestamp":1765929098687},"event":{"channel":"progress","type":"think_chunk","step":1,"delta":"为您提供","bookmark":{"seq":31,"timestamp":1765929098687}}}
{"cursor":32,"bookmark":{"seq":32,"timestamp":1765929098687},"event":{"channel":"progress","type":"think_chunk","step":1,"delta":"专业的","bookmark":{"seq":32,"timestamp":1765929098687}}}
{"cursor":33,"bookmark":{"seq":33,"timestamp":1765929098687},"event":{"channel":"progress","type":"think_chunk","step":1,"delta":"保险咨询服务","bookmark":{"seq":33,"timestamp":1765929098687}}}
{"cursor":34,"bookmark":{"seq":34,"timestamp":1765929098754},"event":{"channel":"progress","type":"think_chunk","step":1,"delta":"。我可以","bookmark":{"seq":34,"timestamp":1765929098754}}}
{"cursor":35,"bookmark":{"seq":35,"timestamp":1765929098754},"event":{"channel":"progress","type":"think_chunk","step":1,"delta":"帮助","bookmark":{"seq":35,"timestamp":1765929098754}}}
{"cursor":36,"bookmark":{"seq":36,"timestamp":1765929098813},"event":{"channel":"progress","type":"think_chunk","step":1,"delta":"您根据","bookmark":{"seq":36,"timestamp":1765929098813}}}
{"cursor":37,"bookmark":{"seq":37,"timestamp":1765929098814},"event":{"channel":"progress","type":"think_chunk","step":1,"delta":"年龄","bookmark":{"seq":37,"timestamp":1765929098814}}}
{"cursor":38,"bookmark":{"seq":38,"timestamp":1765929098869},"event":{"channel":"progress","type":"think_chunk","step":1,"delta":"、职业","bookmark":{"seq":38,"timestamp":1765929098869}}}
{"cursor":39,"bookmark":{"seq":39,"timestamp":1765929098869},"event":{"channel":"progress","type":"think_chunk","step":1,"delta":"、家庭","bookmark":{"seq":39,"timestamp":1765929098869}}}
{"cursor":40,"bookmark":{"seq":40,"timestamp":1765929098929},"event":{"channel":"progress","type":"think_chunk","step":1,"delta":"结构和","bookmark":{"seq":40,"timestamp":1765929098929}}}
{"cursor":41,"bookmark":{"seq":41,"timestamp":1765929098929},"event":{"channel":"progress","type":"think_chunk","step":1,"delta":"预算，","bookmark":{"seq":41,"timestamp":1765929098929}}}
{"cursor":42,"bookmark":{"seq":42,"timestamp":1765929098989},"event":{"channel":"progress","type":"think_chunk","step":1,"delta":"为您和家人","bookmark":{"seq":42,"timestamp":1765929098989}}}
{"cursor":43,"bookmark":{"seq":43,"timestamp":1765929098989},"event":{"channel":"progress","type":"think_chunk","step":1,"delta":"定制","bookmark":{"seq":43,"timestamp":1765929098989}}}
{"cursor":44,"bookmark":{"seq":44,"timestamp":1765929098989},"event":{"channel":"progress","type":"think_chunk","step":1,"delta":"最适合的","bookmark":{"seq":44,"timestamp":1765929098989}}}
{"cursor":45,"bookmark":{"seq":45,"timestamp":1765929099052},"event":{"channel":"progress","type":"think_chunk","step":1,"delta":"保障方案","bookmark":{"seq":45,"timestamp":1765929099052}}}
{"cursor":46,"bookmark":{"seq":46,"timestamp":1765929099052},"event":{"channel":"progress","type":"think_chunk","step":1,"delta":"。\n\n","bookmark":{"seq":46,"timestamp":1765929099052}}}
{"cursor":47,"bookmark":{"seq":47,"timestamp":1765929099110},"event":{"channel":"progress","type":"think_chunk","step":1,"delta":"请问您","bookmark":{"seq":47,"timestamp":1765929099110}}}
{"cursor":48,"bookmark":{"seq":48,"timestamp":1765929099110},"event":{"channel":"progress","type":"think_chunk","step":1,"delta":"是想","bookmark":{"seq":48,"timestamp":1765929099110}}}
{"cursor":49,"bookmark":{"seq":49,"timestamp":1765929099170},"event":{"channel":"progress","type":"think_chunk","step":1,"delta":"为自己","bookmark":{"seq":49,"timestamp":1765929099170}}}
{"cursor":50,"bookmark":{"seq":50,"timestamp":1765929099170},"event":{"channel":"progress","type":"think_chunk","step":1,"delta":"还是","bookmark":{"seq":50,"timestamp":1765929099170}}}
{"cursor":51,"bookmark":{"seq":51,"timestamp":1765929099233},"event":{"channel":"progress","type":"think_chunk","step":1,"delta":"家人","bookmark":{"seq":51,"timestamp":1765929099233}}}
{"cursor":52,"bookmark":{"seq":52,"timestamp":1765929099234},"event":{"channel":"progress","type":"think_chunk","step":1,"delta":"咨询","bookmark":{"seq":52,"timestamp":1765929099234}}}
{"cursor":53,"bookmark":{"seq":53,"timestamp":1765929099293},"event":{"channel":"progress","type":"think_chunk","step":1,"delta":"保险呢","bookmark":{"seq":53,"timestamp":1765929099293}}}
{"cursor":54,"bookmark":{"seq":54,"timestamp":1765929099293},"event":{"channel":"progress","type":"think_chunk","step":1,"delta":"？\",\n","bookmark":{"seq":54,"timestamp":1765929099293}}}
{"cursor":55,"bookmark":{"seq":55,"timestamp":1765929099293},"event":{"channel":"progress","type":"think_chunk","step":1,"delta":"  \"","bookmark":{"seq":55,"timestamp":1765929099293}}}
{"cursor":56,"bookmark":{"seq":56,"timestamp":1765929099355},"event":{"channel":"progress","type":"think_chunk","step":1,"delta":"ui_s","bookmark":{"seq":56,"timestamp":1765929099355}}}
{"cursor":57,"bookmark":{"seq":57,"timestamp":1765929099355},"event":{"channel":"progress","type":"think_chunk","step":1,"delta":"uggestions\":","bookmark":{"seq":57,"timestamp":1765929099355}}}
{"cursor":58,"bookmark":{"seq":58,"timestamp":1765929099414},"event":{"channel":"progress","type":"think_chunk","step":1,"delta":" {\n  ","bookmark":{"seq":58,"timestamp":1765929099414}}}
{"cursor":59,"bookmark":{"seq":59,"timestamp":1765929099414},"event":{"channel":"progress","type":"think_chunk","step":1,"delta":"  \"quick","bookmark":{"seq":59,"timestamp":1765929099414}}}
{"cursor":60,"bookmark":{"seq":60,"timestamp":1765929099474},"event":{"channel":"progress","type":"think_chunk","step":1,"delta":"_replies","bookmark":{"seq":60,"timestamp":1765929099474}}}
{"cursor":61,"bookmark":{"seq":61,"timestamp":1765929099474},"event":{"channel":"progress","type":"think_chunk","step":1,"delta":"\": [\"","bookmark":{"seq":61,"timestamp":1765929099474}}}
{"cursor":62,"bookmark":{"seq":62,"timestamp":1765929099543},"event":{"channel":"progress","type":"think_chunk","step":1,"delta":"为自己咨询","bookmark":{"seq":62,"timestamp":1765929099543}}}
{"cursor":63,"bookmark":{"seq":63,"timestamp":1765929099543},"event":{"channel":"progress","type":"think_chunk","step":1,"delta":"\", \"","bookmark":{"seq":63,"timestamp":1765929099543}}}
{"cursor":64,"bookmark":{"seq":64,"timestamp":1765929099644},"event":{"channel":"progress","type":"think_chunk","step":1,"delta":"为家人","bookmark":{"seq":64,"timestamp":1765929099644}}}
{"cursor":65,"bookmark":{"seq":65,"timestamp":1765929099644},"event":{"channel":"progress","type":"think_chunk","step":1,"delta":"咨询\",","bookmark":{"seq":65,"timestamp":1765929099644}}}
{"cursor":66,"bookmark":{"seq":66,"timestamp":1765929099644},"event":{"channel":"progress","type":"think_chunk","step":1,"delta":" \"先","bookmark":{"seq":66,"timestamp":1765929099644}}}
{"cursor":67,"bookmark":{"seq":67,"timestamp":1765929099658},"event":{"channel":"progress","type":"think_chunk","step":1,"delta":"了解各类","bookmark":{"seq":67,"timestamp":1765929099658}}}
{"cursor":68,"bookmark":{"seq":68,"timestamp":1765929099659},"event":{"channel":"progress","type":"think_chunk","step":1,"delta":"保险\",","bookmark":{"seq":68,"timestamp":1765929099659}}}
{"cursor":69,"bookmark":{"seq":69,"timestamp":1765929099809},"event":{"channel":"progress","type":"think_chunk","step":1,"delta":" \"已有","bookmark":{"seq":69,"timestamp":1765929099809}}}
{"cursor":70,"bookmark":{"seq":70,"timestamp":1765929099809},"event":{"channel":"progress","type":"think_chunk","step":1,"delta":"保险","bookmark":{"seq":70,"timestamp":1765929099809}}}
{"cursor":71,"bookmark":{"seq":71,"timestamp":1765929099809},"event":{"channel":"progress","type":"think_chunk","step":1,"delta":"需要","bookmark":{"seq":71,"timestamp":1765929099809}}}
{"cursor":72,"bookmark":{"seq":72,"timestamp":1765929099809},"event":{"channel":"progress","type":"think_chunk","step":1,"delta":"补充\"],\n","bookmark":{"seq":72,"timestamp":1765929099809}}}
{"cursor":73,"bookmark":{"seq":73,"timestamp":1765929099836},"event":{"channel":"progress","type":"think_chunk","step":1,"delta":"    \"","bookmark":{"seq":73,"timestamp":1765929099836}}}
{"cursor":74,"bookmark":{"seq":74,"timestamp":1765929099837},"event":{"channel":"progress","type":"think_chunk","step":1,"delta":"follow_up","bookmark":{"seq":74,"timestamp":1765929099837}}}
{"cursor":75,"bookmark":{"seq":75,"timestamp":1765929099837},"event":{"channel":"progress","type":"think_chunk","step":1,"delta":"_prompts","bookmark":{"seq":75,"timestamp":1765929099837}}}
{"cursor":76,"bookmark":{"seq":76,"timestamp":1765929099952},"event":{"channel":"progress","type":"think_chunk","step":1,"delta":"\": [\"","bookmark":{"seq":76,"timestamp":1765929099952}}}
{"cursor":77,"bookmark":{"seq":77,"timestamp":1765929099990},"event":{"channel":"progress","type":"think_chunk","step":1,"delta":"通常","bookmark":{"seq":77,"timestamp":1765929099990}}}
{"cursor":78,"bookmark":{"seq":78,"timestamp":1765929100118},"event":{"channel":"progress","type":"think_chunk","step":1,"delta":"什么","bookmark":{"seq":78,"timestamp":1765929100118}}}
{"cursor":79,"bookmark":{"seq":79,"timestamp":1765929100118},"event":{"channel":"progress","type":"think_chunk","step":1,"delta":"年龄开始","bookmark":{"seq":79,"timestamp":1765929100118}}}
{"cursor":80,"bookmark":{"seq":80,"timestamp":1765929100118},"event":{"channel":"progress","type":"think_chunk","step":1,"delta":"考虑","bookmark":{"seq":80,"timestamp":1765929100118}}}
{"cursor":81,"bookmark":{"seq":81,"timestamp":1765929100118},"event":{"channel":"progress","type":"think_chunk","step":1,"delta":"保险比较好","bookmark":{"seq":81,"timestamp":1765929100118}}}
{"cursor":82,"bookmark":{"seq":82,"timestamp":1765929100146},"event":{"channel":"progress","type":"think_chunk","step":1,"delta":"？\"]\n","bookmark":{"seq":82,"timestamp":1765929100146}}}
{"cursor":83,"bookmark":{"seq":83,"timestamp":1765929100146},"event":{"channel":"progress","type":"think_chunk","step":1,"delta":"  }\n","bookmark":{"seq":83,"timestamp":1765929100146}}}
{"cursor":84,"bookmark":{"seq":84,"timestamp":1765929100214},"event":{"channel":"progress","type":"think_chunk","step":1,"delta":"}\n```","bookmark":{"seq":84,"timestamp":1765929100214}}}
{"cursor":85,"bookmark":{"seq":85,"timestamp":1765929100268},"event":{"channel":"progress","type":"think_chunk_end","step":1,"bookmark":{"seq":85,"timestamp":1765929100268}}}
{"cursor":87,"bookmark":{"seq":87,"timestamp":1765929100276},"event":{"channel":"progress","type":"done","step":1,"reason":"completed","bookmark":{"seq":87,"timestamp":1765929100276}}}
