{"cursor":4,"bookmark":{"seq":4,"timestamp":1766189776197},"event":{"channel":"progress","type":"think_chunk_start","step":1,"bookmark":{"seq":4,"timestamp":1766189776197}}}
{"cursor":5,"bookmark":{"seq":5,"timestamp":1766189778024},"event":{"channel":"progress","type":"think_chunk","step":1,"delta":"您好！我是","bookmark":{"seq":5,"timestamp":1766189778024}}}
{"cursor":6,"bookmark":{"seq":6,"timestamp":1766189778024},"event":{"channel":"progress","type":"think_chunk","step":1,"delta":"您的数智保险","bookmark":{"seq":6,"timestamp":1766189778024}}}
{"cursor":7,"bookmark":{"seq":7,"timestamp":1766189778024},"event":{"channel":"progress","type":"think_chunk","step":1,"delta":"策略官。为了","bookmark":{"seq":7,"timestamp":1766189778024}}}
{"cursor":8,"bookmark":{"seq":8,"timestamp":1766189778024},"event":{"channel":"progress","type":"think_chunk","step":1,"delta":"能够为您提供最","bookmark":{"seq":8,"timestamp":1766189778024}}}
{"cursor":9,"bookmark":{"seq":9,"timestamp":1766189778067},"event":{"channel":"progress","type":"think_chunk","step":1,"delta":"合适的保险建议","bookmark":{"seq":9,"timestamp":1766189778067}}}
{"cursor":10,"bookmark":{"seq":10,"timestamp":1766189778103},"event":{"channel":"progress","type":"think_chunk","step":1,"delta":"，我需要先","bookmark":{"seq":10,"timestamp":1766189778103}}}
{"cursor":11,"bookmark":{"seq":11,"timestamp":1766189778136},"event":{"channel":"progress","type":"think_chunk","step":1,"delta":"了解一些基本信息：\n\n","bookmark":{"seq":11,"timestamp":1766189778136}}}
{"cursor":12,"bookmark":{"seq":12,"timestamp":1766189778222},"event":{"channel":"progress","type":"think_chunk","step":1,"delta":"```json\n","bookmark":{"seq":12,"timestamp":1766189778222}}}
{"cursor":13,"bookmark":{"seq":13,"timestamp":1766189778225},"event":{"channel":"progress","type":"think_chunk","step":1,"delta":"{\n  \"thought","bookmark":{"seq":13,"timestamp":1766189778225}}}
{"cursor":14,"bookmark":{"seq":14,"timestamp":1766189778254},"event":{"channel":"progress","type":"think_chunk","step":1,"delta":"\": \"客户","bookmark":{"seq":14,"timestamp":1766189778254}}}
{"cursor":15,"bookmark":{"seq":15,"timestamp":1766189778254},"event":{"channel":"progress","type":"think_chunk","step":1,"delta":"初次接触，需要","bookmark":{"seq":15,"timestamp":1766189778254}}}
{"cursor":16,"bookmark":{"seq":16,"timestamp":1766189778300},"event":{"channel":"progress","type":"think_chunk","step":1,"delta":"收集基础画像信息","bookmark":{"seq":16,"timestamp":1766189778300}}}
{"cursor":17,"bookmark":{"seq":17,"timestamp":1766189778361},"event":{"channel":"progress","type":"think_chunk","step":1,"delta":"以启动","bookmark":{"seq":17,"timestamp":1766189778361}}}
{"cursor":18,"bookmark":{"seq":18,"timestamp":1766189778403},"event":{"channel":"progress","type":"think_chunk","step":1,"delta":"保险策略","bookmark":{"seq":18,"timestamp":1766189778403}}}
{"cursor":19,"bookmark":{"seq":19,"timestamp":1766189778404},"event":{"channel":"progress","type":"think_chunk","step":1,"delta":"分析\",\n  \"","bookmark":{"seq":19,"timestamp":1766189778404}}}
{"cursor":20,"bookmark":{"seq":20,"timestamp":1766189778446},"event":{"channel":"progress","type":"think_chunk","step":1,"delta":"customer_profile\": {\n","bookmark":{"seq":20,"timestamp":1766189778446}}}
{"cursor":21,"bookmark":{"seq":21,"timestamp":1766189778476},"event":{"channel":"progress","type":"think_chunk","step":1,"delta":"    \"","bookmark":{"seq":21,"timestamp":1766189778476}}}
{"cursor":22,"bookmark":{"seq":22,"timestamp":1766189778515},"event":{"channel":"progress","type":"think_chunk","step":1,"delta":"name\": \"待","bookmark":{"seq":22,"timestamp":1766189778515}}}
{"cursor":23,"bookmark":{"seq":23,"timestamp":1766189778515},"event":{"channel":"progress","type":"think_chunk","step":1,"delta":"确认\",\n    \"","bookmark":{"seq":23,"timestamp":1766189778515}}}
{"cursor":24,"bookmark":{"seq":24,"timestamp":1766189778555},"event":{"channel":"progress","type":"think_chunk","step":1,"delta":"role\": \"待","bookmark":{"seq":24,"timestamp":1766189778555}}}
{"cursor":25,"bookmark":{"seq":25,"timestamp":1766189778592},"event":{"channel":"progress","type":"think_chunk","step":1,"delta":"确认\", \n  ","bookmark":{"seq":25,"timestamp":1766189778592}}}
{"cursor":26,"bookmark":{"seq":26,"timestamp":1766189778631},"event":{"channel":"progress","type":"think_chunk","step":1,"delta":"  \"age\": \"","bookmark":{"seq":26,"timestamp":1766189778631}}}
{"cursor":27,"bookmark":{"seq":27,"timestamp":1766189778671},"event":{"channel":"progress","type":"think_chunk","step":1,"delta":"待确认\",\n  ","bookmark":{"seq":27,"timestamp":1766189778671}}}
{"cursor":28,"bookmark":{"seq":28,"timestamp":1766189778709},"event":{"channel":"progress","type":"think_chunk","step":1,"delta":"  \"annual_budget\":","bookmark":{"seq":28,"timestamp":1766189778709}}}
{"cursor":29,"bookmark":{"seq":29,"timestamp":1766189778746},"event":{"channel":"progress","type":"think_chunk","step":1,"delta":" \"待确认\",\n","bookmark":{"seq":29,"timestamp":1766189778746}}}
{"cursor":30,"bookmark":{"seq":30,"timestamp":1766189778787},"event":{"channel":"progress","type":"think_chunk","step":1,"delta":"    \"marital","bookmark":{"seq":30,"timestamp":1766189778787}}}
{"cursor":31,"bookmark":{"seq":31,"timestamp":1766189778787},"event":{"channel":"progress","type":"think_chunk","step":1,"delta":"_status\": \"","bookmark":{"seq":31,"timestamp":1766189778787}}}
{"cursor":32,"bookmark":{"seq":32,"timestamp":1766189778824},"event":{"channel":"progress","type":"think_chunk","step":1,"delta":"待确认\",\n","bookmark":{"seq":32,"timestamp":1766189778824}}}
{"cursor":33,"bookmark":{"seq":33,"timestamp":1766189778862},"event":{"channel":"progress","type":"think_chunk","step":1,"delta":"    \"annual_income","bookmark":{"seq":33,"timestamp":1766189778862}}}
{"cursor":34,"bookmark":{"seq":34,"timestamp":1766189778902},"event":{"channel":"progress","type":"think_chunk","step":1,"delta":"\": \"待确认","bookmark":{"seq":34,"timestamp":1766189778902}}}
{"cursor":35,"bookmark":{"seq":35,"timestamp":1766189778941},"event":{"channel":"progress","type":"think_chunk","step":1,"delta":"\",\n    \"location","bookmark":{"seq":35,"timestamp":1766189778941}}}
{"cursor":36,"bookmark":{"seq":36,"timestamp":1766189778942},"event":{"channel":"progress","type":"think_chunk","step":1,"delta":"\": \"待确认","bookmark":{"seq":36,"timestamp":1766189778942}}}
{"cursor":37,"bookmark":{"seq":37,"timestamp":1766189778978},"event":{"channel":"progress","type":"think_chunk","step":1,"delta":"\",\n    \"risk","bookmark":{"seq":37,"timestamp":1766189778978}}}
{"cursor":38,"bookmark":{"seq":38,"timestamp":1766189779017},"event":{"channel":"progress","type":"think_chunk","step":1,"delta":"_factors\": [\"待","bookmark":{"seq":38,"timestamp":1766189779017}}}
{"cursor":39,"bookmark":{"seq":39,"timestamp":1766189779058},"event":{"channel":"progress","type":"think_chunk","step":1,"delta":"确认\"],\n    \"","bookmark":{"seq":39,"timestamp":1766189779058}}}
{"cursor":40,"bookmark":{"seq":40,"timestamp":1766189779103},"event":{"channel":"progress","type":"think_chunk","step":1,"delta":"needs\": [\"待","bookmark":{"seq":40,"timestamp":1766189779103}}}
{"cursor":41,"bookmark":{"seq":41,"timestamp":1766189779147},"event":{"channel":"progress","type":"think_chunk","step":1,"delta":"确认\"]\n  },\n","bookmark":{"seq":41,"timestamp":1766189779147}}}
{"cursor":42,"bookmark":{"seq":42,"timestamp":1766189779182},"event":{"channel":"progress","type":"think_chunk","step":1,"delta":"  \"insight","bookmark":{"seq":42,"timestamp":1766189779182}}}
{"cursor":43,"bookmark":{"seq":43,"timestamp":1766189779182},"event":{"channel":"progress","type":"think_chunk","step":1,"delta":"_summary\": \"尚未","bookmark":{"seq":43,"timestamp":1766189779182}}}
{"cursor":44,"bookmark":{"seq":44,"timestamp":1766189779218},"event":{"channel":"progress","type":"think_chunk","step":1,"delta":"收集客户","bookmark":{"seq":44,"timestamp":1766189779218}}}
{"cursor":45,"bookmark":{"seq":45,"timestamp":1766189779258},"event":{"channel":"progress","type":"think_chunk","step":1,"delta":"基础信息，","bookmark":{"seq":45,"timestamp":1766189779258}}}
{"cursor":46,"bookmark":{"seq":46,"timestamp":1766189779301},"event":{"channel":"progress","type":"think_chunk","step":1,"delta":"无法进行保险产品","bookmark":{"seq":46,"timestamp":1766189779301}}}
{"cursor":47,"bookmark":{"seq":47,"timestamp":1766189779338},"event":{"channel":"progress","type":"think_chunk","step":1,"delta":"分析和推荐","bookmark":{"seq":47,"timestamp":1766189779338}}}
{"cursor":48,"bookmark":{"seq":48,"timestamp":1766189779338},"event":{"channel":"progress","type":"think_chunk","step":1,"delta":"\",\n","bookmark":{"seq":48,"timestamp":1766189779338}}}
{"cursor":49,"bookmark":{"seq":49,"timestamp":1766189779373},"event":{"channel":"progress","type":"think_chunk","step":1,"delta":"  \"recommend","bookmark":{"seq":49,"timestamp":1766189779373}}}
{"cursor":50,"bookmark":{"seq":50,"timestamp":1766189779373},"event":{"channel":"progress","type":"think_chunk","step":1,"delta":"ations\": [],\n","bookmark":{"seq":50,"timestamp":1766189779373}}}
{"cursor":51,"bookmark":{"seq":51,"timestamp":1766189779411},"event":{"channel":"progress","type":"think_chunk","step":1,"delta":"  \"questions\":","bookmark":{"seq":51,"timestamp":1766189779411}}}
{"cursor":52,"bookmark":{"seq":52,"timestamp":1766189779452},"event":{"channel":"progress","type":"think_chunk","step":1,"delta":" [\n    \"请问","bookmark":{"seq":52,"timestamp":1766189779452}}}
{"cursor":53,"bookmark":{"seq":53,"timestamp":1766189779512},"event":{"channel":"progress","type":"think_chunk","step":1,"delta":"您的姓名和","bookmark":{"seq":53,"timestamp":1766189779512}}}
{"cursor":54,"bookmark":{"seq":54,"timestamp":1766189779528},"event":{"channel":"progress","type":"think_chunk","step":1,"delta":"职业是什么？\",\n","bookmark":{"seq":54,"timestamp":1766189779528}}}
{"cursor":55,"bookmark":{"seq":55,"timestamp":1766189779566},"event":{"channel":"progress","type":"think_chunk","step":1,"delta":"    \"您的年龄","bookmark":{"seq":55,"timestamp":1766189779566}}}
{"cursor":56,"bookmark":{"seq":56,"timestamp":1766189779607},"event":{"channel":"progress","type":"think_chunk","step":1,"delta":"和婚姻状况","bookmark":{"seq":56,"timestamp":1766189779607}}}
{"cursor":57,"bookmark":{"seq":57,"timestamp":1766189779643},"event":{"channel":"progress","type":"think_chunk","step":1,"delta":"如何？\",\n","bookmark":{"seq":57,"timestamp":1766189779643}}}
{"cursor":58,"bookmark":{"seq":58,"timestamp":1766189779682},"event":{"channel":"progress","type":"think_chunk","step":1,"delta":"    \"您预计","bookmark":{"seq":58,"timestamp":1766189779682}}}
{"cursor":59,"bookmark":{"seq":59,"timestamp":1766189779682},"event":{"channel":"progress","type":"think_chunk","step":1,"delta":"的年度保险预算","bookmark":{"seq":59,"timestamp":1766189779682}}}
{"cursor":60,"bookmark":{"seq":60,"timestamp":1766189779721},"event":{"channel":"progress","type":"think_chunk","step":1,"delta":"是多少？\"\n","bookmark":{"seq":60,"timestamp":1766189779721}}}
{"cursor":61,"bookmark":{"seq":61,"timestamp":1766189779762},"event":{"channel":"progress","type":"think_chunk","step":1,"delta":"  ],\n  \"","bookmark":{"seq":61,"timestamp":1766189779762}}}
{"cursor":62,"bookmark":{"seq":62,"timestamp":1766189779798},"event":{"channel":"progress","type":"think_chunk","step":1,"delta":"next_actions\": [\"","bookmark":{"seq":62,"timestamp":1766189779798}}}
{"cursor":63,"bookmark":{"seq":63,"timestamp":1766189779837},"event":{"channel":"progress","type":"think_chunk","step":1,"delta":"等待客户提供","bookmark":{"seq":63,"timestamp":1766189779837}}}
{"cursor":64,"bookmark":{"seq":64,"timestamp":1766189779875},"event":{"channel":"progress","type":"think_chunk","step":1,"delta":"基础信息后，","bookmark":{"seq":64,"timestamp":1766189779875}}}
{"cursor":65,"bookmark":{"seq":65,"timestamp":1766189779915},"event":{"channel":"progress","type":"think_chunk","step":1,"delta":"进一步分析保险","bookmark":{"seq":65,"timestamp":1766189779915}}}
{"cursor":66,"bookmark":{"seq":66,"timestamp":1766189779953},"event":{"channel":"progress","type":"think_chunk","step":1,"delta":"需求\"]\n}\n``","bookmark":{"seq":66,"timestamp":1766189779953}}}
{"cursor":67,"bookmark":{"seq":67,"timestamp":1766189779953},"event":{"channel":"progress","type":"think_chunk","step":1,"delta":"`\n\n请问您可以","bookmark":{"seq":67,"timestamp":1766189779953}}}
{"cursor":68,"bookmark":{"seq":68,"timestamp":1766189779992},"event":{"channel":"progress","type":"think_chunk","step":1,"delta":"先告诉我您的姓名","bookmark":{"seq":68,"timestamp":1766189779992}}}
{"cursor":69,"bookmark":{"seq":69,"timestamp":1766189780029},"event":{"channel":"progress","type":"think_chunk","step":1,"delta":"、职业、年龄","bookmark":{"seq":69,"timestamp":1766189780029}}}
{"cursor":70,"bookmark":{"seq":70,"timestamp":1766189780073},"event":{"channel":"progress","type":"think_chunk","step":1,"delta":"和婚姻状况","bookmark":{"seq":70,"timestamp":1766189780073}}}
{"cursor":71,"bookmark":{"seq":71,"timestamp":1766189780119},"event":{"channel":"progress","type":"think_chunk","step":1,"delta":"吗？这些信息","bookmark":{"seq":71,"timestamp":1766189780119}}}
{"cursor":72,"bookmark":{"seq":72,"timestamp":1766189780146},"event":{"channel":"progress","type":"think_chunk","step":1,"delta":"将帮助我更好地","bookmark":{"seq":72,"timestamp":1766189780146}}}
{"cursor":73,"bookmark":{"seq":73,"timestamp":1766189780146},"event":{"channel":"progress","type":"think_chunk","step":1,"delta":"理解您的","bookmark":{"seq":73,"timestamp":1766189780146}}}
{"cursor":74,"bookmark":{"seq":74,"timestamp":1766189780184},"event":{"channel":"progress","type":"think_chunk","step":1,"delta":"需求并提供","bookmark":{"seq":74,"timestamp":1766189780184}}}
{"cursor":75,"bookmark":{"seq":75,"timestamp":1766189780224},"event":{"channel":"progress","type":"think_chunk","step":1,"delta":"精准的保险","bookmark":{"seq":75,"timestamp":1766189780224}}}
{"cursor":76,"bookmark":{"seq":76,"timestamp":1766189780263},"event":{"channel":"progress","type":"think_chunk","step":1,"delta":"建议。","bookmark":{"seq":76,"timestamp":1766189780263}}}
{"cursor":77,"bookmark":{"seq":77,"timestamp":1766189780429},"event":{"channel":"progress","type":"think_chunk_end","step":1,"bookmark":{"seq":77,"timestamp":1766189780429}}}
{"cursor":79,"bookmark":{"seq":79,"timestamp":1766189780431},"event":{"channel":"progress","type":"done","step":1,"reason":"completed","bookmark":{"seq":79,"timestamp":1766189780431}}}
