{"cursor":4,"bookmark":{"seq":4,"timestamp":1765929178560},"event":{"channel":"progress","type":"think_chunk_start","step":1,"bookmark":{"seq":4,"timestamp":1765929178560}}}
{"cursor":5,"bookmark":{"seq":5,"timestamp":1765929180694},"event":{"channel":"progress","type":"think_chunk","step":1,"delta":"```","bookmark":{"seq":5,"timestamp":1765929180694}}}
{"cursor":6,"bookmark":{"seq":6,"timestamp":1765929180694},"event":{"channel":"progress","type":"think_chunk","step":1,"delta":"json\n","bookmark":{"seq":6,"timestamp":1765929180694}}}
{"cursor":7,"bookmark":{"seq":7,"timestamp":1765929180695},"event":{"channel":"progress","type":"think_chunk","step":1,"delta":"{\n","bookmark":{"seq":7,"timestamp":1765929180695}}}
{"cursor":8,"bookmark":{"seq":8,"timestamp":1765929180800},"event":{"channel":"progress","type":"think_chunk","step":1,"delta":"  \"thought","bookmark":{"seq":8,"timestamp":1765929180800}}}
{"cursor":9,"bookmark":{"seq":9,"timestamp":1765929180801},"event":{"channel":"progress","type":"think_chunk","step":1,"delta":"\": \"","bookmark":{"seq":9,"timestamp":1765929180801}}}
{"cursor":10,"bookmark":{"seq":10,"timestamp":1765929180801},"event":{"channel":"progress","type":"think_chunk","step":1,"delta":"用户打招呼","bookmark":{"seq":10,"timestamp":1765929180801}}}
{"cursor":11,"bookmark":{"seq":11,"timestamp":1765929180858},"event":{"channel":"progress","type":"think_chunk","step":1,"delta":"，我应该","bookmark":{"seq":11,"timestamp":1765929180858}}}
{"cursor":12,"bookmark":{"seq":12,"timestamp":1765929180858},"event":{"channel":"progress","type":"think_chunk","step":1,"delta":"友好","bookmark":{"seq":12,"timestamp":1765929180858}}}
{"cursor":13,"bookmark":{"seq":13,"timestamp":1765929180858},"event":{"channel":"progress","type":"think_chunk","step":1,"delta":"回应并","bookmark":{"seq":13,"timestamp":1765929180858}}}
{"cursor":14,"bookmark":{"seq":14,"timestamp":1765929180858},"event":{"channel":"progress","type":"think_chunk","step":1,"delta":"开始","bookmark":{"seq":14,"timestamp":1765929180858}}}
{"cursor":15,"bookmark":{"seq":15,"timestamp":1765929180942},"event":{"channel":"progress","type":"think_chunk","step":1,"delta":"建立","bookmark":{"seq":15,"timestamp":1765929180942}}}
{"cursor":16,"bookmark":{"seq":16,"timestamp":1765929180942},"event":{"channel":"progress","type":"think_chunk","step":1,"delta":"信任","bookmark":{"seq":16,"timestamp":1765929180942}}}
{"cursor":17,"bookmark":{"seq":17,"timestamp":1765929181028},"event":{"channel":"progress","type":"think_chunk","step":1,"delta":"。","bookmark":{"seq":17,"timestamp":1765929181028}}}
{"cursor":18,"bookmark":{"seq":18,"timestamp":1765929181028},"event":{"channel":"progress","type":"think_chunk","step":1,"delta":"作为","bookmark":{"seq":18,"timestamp":1765929181028}}}
{"cursor":19,"bookmark":{"seq":19,"timestamp":1765929181116},"event":{"channel":"progress","type":"think_chunk","step":1,"delta":"保险销售","bookmark":{"seq":19,"timestamp":1765929181116}}}
{"cursor":20,"bookmark":{"seq":20,"timestamp":1765929181116},"event":{"channel":"progress","type":"think_chunk","step":1,"delta":"助理","bookmark":{"seq":20,"timestamp":1765929181116}}}
{"cursor":21,"bookmark":{"seq":21,"timestamp":1765929181206},"event":{"channel":"progress","type":"think_chunk","step":1,"delta":"，我需要帮助","bookmark":{"seq":21,"timestamp":1765929181206}}}
{"cursor":22,"bookmark":{"seq":22,"timestamp":1765929181295},"event":{"channel":"progress","type":"think_chunk","step":1,"delta":"用户解决","bookmark":{"seq":22,"timestamp":1765929181295}}}
{"cursor":23,"bookmark":{"seq":23,"timestamp":1765929181295},"event":{"channel":"progress","type":"think_chunk","step":1,"delta":"保险需求","bookmark":{"seq":23,"timestamp":1765929181295}}}
{"cursor":24,"bookmark":{"seq":24,"timestamp":1765929181295},"event":{"channel":"progress","type":"think_chunk","step":1,"delta":"，但","bookmark":{"seq":24,"timestamp":1765929181295}}}
{"cursor":25,"bookmark":{"seq":25,"timestamp":1765929181391},"event":{"channel":"progress","type":"think_chunk","step":1,"delta":"首先","bookmark":{"seq":25,"timestamp":1765929181391}}}
{"cursor":26,"bookmark":{"seq":26,"timestamp":1765929181391},"event":{"channel":"progress","type":"think_chunk","step":1,"delta":"需要了解","bookmark":{"seq":26,"timestamp":1765929181391}}}
{"cursor":27,"bookmark":{"seq":27,"timestamp":1765929181476},"event":{"channel":"progress","type":"think_chunk","step":1,"delta":"用户的","bookmark":{"seq":27,"timestamp":1765929181476}}}
{"cursor":28,"bookmark":{"seq":28,"timestamp":1765929181554},"event":{"channel":"progress","type":"think_chunk","step":1,"delta":"背景和","bookmark":{"seq":28,"timestamp":1765929181554}}}
{"cursor":29,"bookmark":{"seq":29,"timestamp":1765929181554},"event":{"channel":"progress","type":"think_chunk","step":1,"delta":"需求。\",\n","bookmark":{"seq":29,"timestamp":1765929181554}}}
{"cursor":30,"bookmark":{"seq":30,"timestamp":1765929181554},"event":{"channel":"progress","type":"think_chunk","step":1,"delta":"  \"","bookmark":{"seq":30,"timestamp":1765929181554}}}
{"cursor":31,"bookmark":{"seq":31,"timestamp":1765929181554},"event":{"channel":"progress","type":"think_chunk","step":1,"delta":"message\":","bookmark":{"seq":31,"timestamp":1765929181554}}}
{"cursor":32,"bookmark":{"seq":32,"timestamp":1765929181630},"event":{"channel":"progress","type":"think_chunk","step":1,"delta":" \"您好","bookmark":{"seq":32,"timestamp":1765929181630}}}
{"cursor":33,"bookmark":{"seq":33,"timestamp":1765929181630},"event":{"channel":"progress","type":"think_chunk","step":1,"delta":"！我是","bookmark":{"seq":33,"timestamp":1765929181630}}}
{"cursor":34,"bookmark":{"seq":34,"timestamp":1765929181630},"event":{"channel":"progress","type":"think_chunk","step":1,"delta":"您的专业","bookmark":{"seq":34,"timestamp":1765929181630}}}
{"cursor":35,"bookmark":{"seq":35,"timestamp":1765929181716},"event":{"channel":"progress","type":"think_chunk","step":1,"delta":"保险顾问","bookmark":{"seq":35,"timestamp":1765929181716}}}
{"cursor":36,"bookmark":{"seq":36,"timestamp":1765929181716},"event":{"channel":"progress","type":"think_chunk","step":1,"delta":"，","bookmark":{"seq":36,"timestamp":1765929181716}}}
{"cursor":37,"bookmark":{"seq":37,"timestamp":1765929181716},"event":{"channel":"progress","type":"think_chunk","step":1,"delta":"很高兴为您服","bookmark":{"seq":37,"timestamp":1765929181716}}}
{"cursor":38,"bookmark":{"seq":38,"timestamp":1765929181805},"event":{"channel":"progress","type":"think_chunk","step":1,"delta":"务。","bookmark":{"seq":38,"timestamp":1765929181805}}}
{"cursor":39,"bookmark":{"seq":39,"timestamp":1765929181805},"event":{"channel":"progress","type":"think_chunk","step":1,"delta":"为了","bookmark":{"seq":39,"timestamp":1765929181805}}}
{"cursor":40,"bookmark":{"seq":40,"timestamp":1765929181805},"event":{"channel":"progress","type":"think_chunk","step":1,"delta":"能","bookmark":{"seq":40,"timestamp":1765929181805}}}
{"cursor":41,"bookmark":{"seq":41,"timestamp":1765929181805},"event":{"channel":"progress","type":"think_chunk","step":1,"delta":"为您提供最","bookmark":{"seq":41,"timestamp":1765929181805}}}
{"cursor":42,"bookmark":{"seq":42,"timestamp":1765929181886},"event":{"channel":"progress","type":"think_chunk","step":1,"delta":"合适的保险","bookmark":{"seq":42,"timestamp":1765929181886}}}
{"cursor":43,"bookmark":{"seq":43,"timestamp":1765929181886},"event":{"channel":"progress","type":"think_chunk","step":1,"delta":"建议，","bookmark":{"seq":43,"timestamp":1765929181886}}}
{"cursor":44,"bookmark":{"seq":44,"timestamp":1765929181886},"event":{"channel":"progress","type":"think_chunk","step":1,"delta":"我可以","bookmark":{"seq":44,"timestamp":1765929181886}}}
{"cursor":45,"bookmark":{"seq":45,"timestamp":1765929182010},"event":{"channel":"progress","type":"think_chunk","step":1,"delta":"先了解一下您","bookmark":{"seq":45,"timestamp":1765929182010}}}
{"cursor":46,"bookmark":{"seq":46,"timestamp":1765929182011},"event":{"channel":"progress","type":"think_chunk","step":1,"delta":"的基本","bookmark":{"seq":46,"timestamp":1765929182011}}}
{"cursor":47,"bookmark":{"seq":47,"timestamp":1765929182080},"event":{"channel":"progress","type":"think_chunk","step":1,"delta":"情况吗","bookmark":{"seq":47,"timestamp":1765929182080}}}
{"cursor":48,"bookmark":{"seq":48,"timestamp":1765929182269},"event":{"channel":"progress","type":"think_chunk","step":1,"delta":"？比如您的年龄、职业以及是否有特定的","bookmark":{"seq":48,"timestamp":1765929182269}}}
{"cursor":49,"bookmark":{"seq":49,"timestamp":1765929182354},"event":{"channel":"progress","type":"think_chunk","step":1,"delta":"保险需求","bookmark":{"seq":49,"timestamp":1765929182354}}}
{"cursor":50,"bookmark":{"seq":50,"timestamp":1765929182354},"event":{"channel":"progress","type":"think_chunk","step":1,"delta":"？\",\n  \"","bookmark":{"seq":50,"timestamp":1765929182354}}}
{"cursor":51,"bookmark":{"seq":51,"timestamp":1765929182439},"event":{"channel":"progress","type":"think_chunk","step":1,"delta":"ui_s","bookmark":{"seq":51,"timestamp":1765929182439}}}
{"cursor":52,"bookmark":{"seq":52,"timestamp":1765929182440},"event":{"channel":"progress","type":"think_chunk","step":1,"delta":"uggestions\":","bookmark":{"seq":52,"timestamp":1765929182440}}}
{"cursor":53,"bookmark":{"seq":53,"timestamp":1765929182440},"event":{"channel":"progress","type":"think_chunk","step":1,"delta":" {\n  ","bookmark":{"seq":53,"timestamp":1765929182440}}}
{"cursor":54,"bookmark":{"seq":54,"timestamp":1765929182530},"event":{"channel":"progress","type":"think_chunk","step":1,"delta":"  \"quick","bookmark":{"seq":54,"timestamp":1765929182530}}}
{"cursor":55,"bookmark":{"seq":55,"timestamp":1765929182531},"event":{"channel":"progress","type":"think_chunk","step":1,"delta":"_replies","bookmark":{"seq":55,"timestamp":1765929182531}}}
{"cursor":56,"bookmark":{"seq":56,"timestamp":1765929182608},"event":{"channel":"progress","type":"think_chunk","step":1,"delta":"\": [\"","bookmark":{"seq":56,"timestamp":1765929182608}}}
{"cursor":57,"bookmark":{"seq":57,"timestamp":1765929182608},"event":{"channel":"progress","type":"think_chunk","step":1,"delta":"想了解","bookmark":{"seq":57,"timestamp":1765929182608}}}
{"cursor":58,"bookmark":{"seq":58,"timestamp":1765929182608},"event":{"channel":"progress","type":"think_chunk","step":1,"delta":"重","bookmark":{"seq":58,"timestamp":1765929182608}}}
{"cursor":59,"bookmark":{"seq":59,"timestamp":1765929182608},"event":{"channel":"progress","type":"think_chunk","step":1,"delta":"疾险","bookmark":{"seq":59,"timestamp":1765929182608}}}
{"cursor":60,"bookmark":{"seq":60,"timestamp":1765929182695},"event":{"channel":"progress","type":"think_chunk","step":1,"delta":"\", \"","bookmark":{"seq":60,"timestamp":1765929182695}}}
{"cursor":61,"bookmark":{"seq":61,"timestamp":1765929182695},"event":{"channel":"progress","type":"think_chunk","step":1,"delta":"需要","bookmark":{"seq":61,"timestamp":1765929182695}}}
{"cursor":62,"bookmark":{"seq":62,"timestamp":1765929182695},"event":{"channel":"progress","type":"think_chunk","step":1,"delta":"意外","bookmark":{"seq":62,"timestamp":1765929182695}}}
{"cursor":63,"bookmark":{"seq":63,"timestamp":1765929182778},"event":{"channel":"progress","type":"think_chunk","step":1,"delta":"险\",","bookmark":{"seq":63,"timestamp":1765929182778}}}
{"cursor":64,"bookmark":{"seq":64,"timestamp":1765929182778},"event":{"channel":"progress","type":"think_chunk","step":1,"delta":" \"家庭","bookmark":{"seq":64,"timestamp":1765929182778}}}
{"cursor":65,"bookmark":{"seq":65,"timestamp":1765929182778},"event":{"channel":"progress","type":"think_chunk","step":1,"delta":"整体","bookmark":{"seq":65,"timestamp":1765929182778}}}
{"cursor":66,"bookmark":{"seq":66,"timestamp":1765929182778},"event":{"channel":"progress","type":"think_chunk","step":1,"delta":"规划","bookmark":{"seq":66,"timestamp":1765929182778}}}
{"cursor":67,"bookmark":{"seq":67,"timestamp":1765929182865},"event":{"channel":"progress","type":"think_chunk","step":1,"delta":"\", \"","bookmark":{"seq":67,"timestamp":1765929182865}}}
{"cursor":68,"bookmark":{"seq":68,"timestamp":1765929182865},"event":{"channel":"progress","type":"think_chunk","step":1,"delta":"预算有限","bookmark":{"seq":68,"timestamp":1765929182865}}}
{"cursor":69,"bookmark":{"seq":69,"timestamp":1765929182948},"event":{"channel":"progress","type":"think_chunk","step":1,"delta":"\"]\n","bookmark":{"seq":69,"timestamp":1765929182948}}}
{"cursor":70,"bookmark":{"seq":70,"timestamp":1765929182948},"event":{"channel":"progress","type":"think_chunk","step":1,"delta":"  },\n","bookmark":{"seq":70,"timestamp":1765929182948}}}
{"cursor":71,"bookmark":{"seq":71,"timestamp":1765929182948},"event":{"channel":"progress","type":"think_chunk","step":1,"delta":"  \"","bookmark":{"seq":71,"timestamp":1765929182948}}}
{"cursor":72,"bookmark":{"seq":72,"timestamp":1765929182948},"event":{"channel":"progress","type":"think_chunk","step":1,"delta":"follow_up","bookmark":{"seq":72,"timestamp":1765929182948}}}
{"cursor":73,"bookmark":{"seq":73,"timestamp":1765929183032},"event":{"channel":"progress","type":"think_chunk","step":1,"delta":"_prompts","bookmark":{"seq":73,"timestamp":1765929183032}}}
{"cursor":74,"bookmark":{"seq":74,"timestamp":1765929183032},"event":{"channel":"progress","type":"think_chunk","step":1,"delta":"\": [\"","bookmark":{"seq":74,"timestamp":1765929183032}}}
{"cursor":75,"bookmark":{"seq":75,"timestamp":1765929183033},"event":{"channel":"progress","type":"think_chunk","step":1,"delta":"您最担心","bookmark":{"seq":75,"timestamp":1765929183033}}}
{"cursor":76,"bookmark":{"seq":76,"timestamp":1765929183117},"event":{"channel":"progress","type":"think_chunk","step":1,"delta":"什么风险","bookmark":{"seq":76,"timestamp":1765929183117}}}
{"cursor":77,"bookmark":{"seq":77,"timestamp":1765929183117},"event":{"channel":"progress","type":"think_chunk","step":1,"delta":"问题","bookmark":{"seq":77,"timestamp":1765929183117}}}
{"cursor":78,"bookmark":{"seq":78,"timestamp":1765929183117},"event":{"channel":"progress","type":"think_chunk","step":1,"delta":"？\",","bookmark":{"seq":78,"timestamp":1765929183117}}}
{"cursor":79,"bookmark":{"seq":79,"timestamp":1765929183117},"event":{"channel":"progress","type":"think_chunk","step":1,"delta":" \"有没有什","bookmark":{"seq":79,"timestamp":1765929183117}}}
{"cursor":80,"bookmark":{"seq":80,"timestamp":1765929183204},"event":{"channel":"progress","type":"think_chunk","step":1,"delta":"么","bookmark":{"seq":80,"timestamp":1765929183204}}}
{"cursor":81,"bookmark":{"seq":81,"timestamp":1765929183204},"event":{"channel":"progress","type":"think_chunk","step":1,"delta":"特定的","bookmark":{"seq":81,"timestamp":1765929183204}}}
{"cursor":82,"bookmark":{"seq":82,"timestamp":1765929183204},"event":{"channel":"progress","type":"think_chunk","step":1,"delta":"保险产品","bookmark":{"seq":82,"timestamp":1765929183204}}}
{"cursor":83,"bookmark":{"seq":83,"timestamp":1765929183204},"event":{"channel":"progress","type":"think_chunk","step":1,"delta":"类型","bookmark":{"seq":83,"timestamp":1765929183204}}}
{"cursor":84,"bookmark":{"seq":84,"timestamp":1765929183294},"event":{"channel":"progress","type":"think_chunk","step":1,"delta":"感兴趣","bookmark":{"seq":84,"timestamp":1765929183294}}}
{"cursor":85,"bookmark":{"seq":85,"timestamp":1765929183294},"event":{"channel":"progress","type":"think_chunk","step":1,"delta":"？\"]\n","bookmark":{"seq":85,"timestamp":1765929183294}}}
{"cursor":86,"bookmark":{"seq":86,"timestamp":1765929183294},"event":{"channel":"progress","type":"think_chunk","step":1,"delta":"}\n```","bookmark":{"seq":86,"timestamp":1765929183294}}}
{"cursor":87,"bookmark":{"seq":87,"timestamp":1765929183500},"event":{"channel":"progress","type":"think_chunk_end","step":1,"bookmark":{"seq":87,"timestamp":1765929183500}}}
{"cursor":89,"bookmark":{"seq":89,"timestamp":1765929183501},"event":{"channel":"progress","type":"done","step":1,"reason":"completed","bookmark":{"seq":89,"timestamp":1765929183501}}}
{"cursor":96,"bookmark":{"seq":96,"timestamp":1765929190863},"event":{"channel":"progress","type":"think_chunk_start","step":3,"bookmark":{"seq":96,"timestamp":1765929190863}}}
{"cursor":97,"bookmark":{"seq":97,"timestamp":1765929199530},"event":{"channel":"progress","type":"think_chunk","step":3,"delta":"```","bookmark":{"seq":97,"timestamp":1765929199530}}}
{"cursor":98,"bookmark":{"seq":98,"timestamp":1765929199563},"event":{"channel":"progress","type":"think_chunk","step":3,"delta":"json\n","bookmark":{"seq":98,"timestamp":1765929199563}}}
{"cursor":99,"bookmark":{"seq":99,"timestamp":1765929199604},"event":{"channel":"progress","type":"think_chunk","step":3,"delta":"{\n","bookmark":{"seq":99,"timestamp":1765929199604}}}
{"cursor":100,"bookmark":{"seq":100,"timestamp":1765929199643},"event":{"channel":"progress","type":"think_chunk","step":3,"delta":"  \"thought","bookmark":{"seq":100,"timestamp":1765929199643}}}
{"cursor":101,"bookmark":{"seq":101,"timestamp":1765929199691},"event":{"channel":"progress","type":"think_chunk","step":3,"delta":"\": \"","bookmark":{"seq":101,"timestamp":1765929199691}}}
{"cursor":102,"bookmark":{"seq":102,"timestamp":1765929199732},"event":{"channel":"progress","type":"think_chunk","step":3,"delta":"用户提到","bookmark":{"seq":102,"timestamp":1765929199732}}}
{"cursor":103,"bookmark":{"seq":103,"timestamp":1765929199779},"event":{"channel":"progress","type":"think_chunk","step":3,"delta":"\"","bookmark":{"seq":103,"timestamp":1765929199779}}}
{"cursor":104,"bookmark":{"seq":104,"timestamp":1765929199828},"event":{"channel":"progress","type":"think_chunk","step":3,"delta":"家庭整体","bookmark":{"seq":104,"timestamp":1765929199828}}}
{"cursor":105,"bookmark":{"seq":105,"timestamp":1765929199850},"event":{"channel":"progress","type":"think_chunk","step":3,"delta":"规划","bookmark":{"seq":105,"timestamp":1765929199850}}}
{"cursor":106,"bookmark":{"seq":106,"timestamp":1765929199905},"event":{"channel":"progress","type":"think_chunk","step":3,"delta":"\"，这","bookmark":{"seq":106,"timestamp":1765929199905}}}
{"cursor":107,"bookmark":{"seq":107,"timestamp":1765929199948},"event":{"channel":"progress","type":"think_chunk","step":3,"delta":"表明他","bookmark":{"seq":107,"timestamp":1765929199948}}}
{"cursor":108,"bookmark":{"seq":108,"timestamp":1765929199990},"event":{"channel":"progress","type":"think_chunk","step":3,"delta":"/她想","bookmark":{"seq":108,"timestamp":1765929199990}}}
{"cursor":109,"bookmark":{"seq":109,"timestamp":1765929200030},"event":{"channel":"progress","type":"think_chunk","step":3,"delta":"为整个","bookmark":{"seq":109,"timestamp":1765929200030}}}
{"cursor":110,"bookmark":{"seq":110,"timestamp":1765929200353},"event":{"channel":"progress","type":"think_chunk","step":3,"delta":"家庭配置","bookmark":{"seq":110,"timestamp":1765929200353}}}
{"cursor":111,"bookmark":{"seq":111,"timestamp":1765929200353},"event":{"channel":"progress","type":"think_chunk","step":3,"delta":"保险。","bookmark":{"seq":111,"timestamp":1765929200353}}}
{"cursor":112,"bookmark":{"seq":112,"timestamp":1765929200353},"event":{"channel":"progress","type":"think_chunk","step":3,"delta":"这是一个很好的","bookmark":{"seq":112,"timestamp":1765929200353}}}
{"cursor":113,"bookmark":{"seq":113,"timestamp":1765929200353},"event":{"channel":"progress","type":"think_chunk","step":3,"delta":"起点，","bookmark":{"seq":113,"timestamp":1765929200353}}}
{"cursor":114,"bookmark":{"seq":114,"timestamp":1765929200353},"event":{"channel":"progress","type":"think_chunk","step":3,"delta":"因为我","bookmark":{"seq":114,"timestamp":1765929200353}}}
{"cursor":115,"bookmark":{"seq":115,"timestamp":1765929200353},"event":{"channel":"progress","type":"think_chunk","step":3,"delta":"需要了解","bookmark":{"seq":115,"timestamp":1765929200353}}}
{"cursor":116,"bookmark":{"seq":116,"timestamp":1765929200397},"event":{"channel":"progress","type":"think_chunk","step":3,"delta":"家庭","bookmark":{"seq":116,"timestamp":1765929200397}}}
{"cursor":117,"bookmark":{"seq":117,"timestamp":1765929200438},"event":{"channel":"progress","type":"think_chunk","step":3,"delta":"结构、","bookmark":{"seq":117,"timestamp":1765929200438}}}
{"cursor":118,"bookmark":{"seq":118,"timestamp":1765929200479},"event":{"channel":"progress","type":"think_chunk","step":3,"delta":"成员","bookmark":{"seq":118,"timestamp":1765929200479}}}
{"cursor":119,"bookmark":{"seq":119,"timestamp":1765929200520},"event":{"channel":"progress","type":"think_chunk","step":3,"delta":"年龄、","bookmark":{"seq":119,"timestamp":1765929200520}}}
{"cursor":120,"bookmark":{"seq":120,"timestamp":1765929200567},"event":{"channel":"progress","type":"think_chunk","step":3,"delta":"职业、","bookmark":{"seq":120,"timestamp":1765929200567}}}
{"cursor":121,"bookmark":{"seq":121,"timestamp":1765929200604},"event":{"channel":"progress","type":"think_chunk","step":3,"delta":"预算","bookmark":{"seq":121,"timestamp":1765929200604}}}
{"cursor":122,"bookmark":{"seq":122,"timestamp":1765929200645},"event":{"channel":"progress","type":"think_chunk","step":3,"delta":"等关键","bookmark":{"seq":122,"timestamp":1765929200645}}}
{"cursor":123,"bookmark":{"seq":123,"timestamp":1765929200690},"event":{"channel":"progress","type":"think_chunk","step":3,"delta":"信息才能","bookmark":{"seq":123,"timestamp":1765929200690}}}
{"cursor":124,"bookmark":{"seq":124,"timestamp":1765929200812},"event":{"channel":"progress","type":"think_chunk","step":3,"delta":"提供有","bookmark":{"seq":124,"timestamp":1765929200812}}}
{"cursor":125,"bookmark":{"seq":125,"timestamp":1765929200849},"event":{"channel":"progress","type":"think_chunk","step":3,"delta":"针对性的建议","bookmark":{"seq":125,"timestamp":1765929200849}}}
{"cursor":126,"bookmark":{"seq":126,"timestamp":1765929200887},"event":{"channel":"progress","type":"think_chunk","step":3,"delta":"。\",\n","bookmark":{"seq":126,"timestamp":1765929200887}}}
{"cursor":127,"bookmark":{"seq":127,"timestamp":1765929200977},"event":{"channel":"progress","type":"think_chunk","step":3,"delta":"  \"","bookmark":{"seq":127,"timestamp":1765929200977}}}
{"cursor":128,"bookmark":{"seq":128,"timestamp":1765929200978},"event":{"channel":"progress","type":"think_chunk","step":3,"delta":"message\":","bookmark":{"seq":128,"timestamp":1765929200978}}}
{"cursor":129,"bookmark":{"seq":129,"timestamp":1765929201009},"event":{"channel":"progress","type":"think_chunk","step":3,"delta":" \"家庭","bookmark":{"seq":129,"timestamp":1765929201009}}}
{"cursor":130,"bookmark":{"seq":130,"timestamp":1765929201075},"event":{"channel":"progress","type":"think_chunk","step":3,"delta":"整体规划","bookmark":{"seq":130,"timestamp":1765929201075}}}
{"cursor":131,"bookmark":{"seq":131,"timestamp":1765929201103},"event":{"channel":"progress","type":"think_chunk","step":3,"delta":"是非常","bookmark":{"seq":131,"timestamp":1765929201103}}}
{"cursor":132,"bookmark":{"seq":132,"timestamp":1765929201142},"event":{"channel":"progress","type":"think_chunk","step":3,"delta":"明智的选择","bookmark":{"seq":132,"timestamp":1765929201142}}}
{"cursor":133,"bookmark":{"seq":133,"timestamp":1765929201187},"event":{"channel":"progress","type":"think_chunk","step":3,"delta":"！要让","bookmark":{"seq":133,"timestamp":1765929201187}}}
{"cursor":134,"bookmark":{"seq":134,"timestamp":1765929201231},"event":{"channel":"progress","type":"think_chunk","step":3,"delta":"整个","bookmark":{"seq":134,"timestamp":1765929201231}}}
{"cursor":135,"bookmark":{"seq":135,"timestamp":1765929201271},"event":{"channel":"progress","type":"think_chunk","step":3,"delta":"家庭得到","bookmark":{"seq":135,"timestamp":1765929201271}}}
{"cursor":136,"bookmark":{"seq":136,"timestamp":1765929201318},"event":{"channel":"progress","type":"think_chunk","step":3,"delta":"全面","bookmark":{"seq":136,"timestamp":1765929201318}}}
{"cursor":137,"bookmark":{"seq":137,"timestamp":1765929201359},"event":{"channel":"progress","type":"think_chunk","step":3,"delta":"保障，","bookmark":{"seq":137,"timestamp":1765929201359}}}
{"cursor":138,"bookmark":{"seq":138,"timestamp":1765929201407},"event":{"channel":"progress","type":"think_chunk","step":3,"delta":"我需要","bookmark":{"seq":138,"timestamp":1765929201407}}}
{"cursor":139,"bookmark":{"seq":139,"timestamp":1765929201446},"event":{"channel":"progress","type":"think_chunk","step":3,"delta":"了解更多","bookmark":{"seq":139,"timestamp":1765929201446}}}
{"cursor":140,"bookmark":{"seq":140,"timestamp":1765929201493},"event":{"channel":"progress","type":"think_chunk","step":3,"delta":"信息：\n\n","bookmark":{"seq":140,"timestamp":1765929201493}}}
{"cursor":141,"bookmark":{"seq":141,"timestamp":1765929201528},"event":{"channel":"progress","type":"think_chunk","step":3,"delta":"1.","bookmark":{"seq":141,"timestamp":1765929201528}}}
{"cursor":142,"bookmark":{"seq":142,"timestamp":1765929201566},"event":{"channel":"progress","type":"think_chunk","step":3,"delta":" 您","bookmark":{"seq":142,"timestamp":1765929201566}}}
{"cursor":143,"bookmark":{"seq":143,"timestamp":1765929201611},"event":{"channel":"progress","type":"think_chunk","step":3,"delta":"的家庭结构","bookmark":{"seq":143,"timestamp":1765929201611}}}
{"cursor":144,"bookmark":{"seq":144,"timestamp":1765929201647},"event":{"channel":"progress","type":"think_chunk","step":3,"delta":"是怎样的？（","bookmark":{"seq":144,"timestamp":1765929201647}}}
{"cursor":145,"bookmark":{"seq":145,"timestamp":1765929201692},"event":{"channel":"progress","type":"think_chunk","step":3,"delta":"例如","bookmark":{"seq":145,"timestamp":1765929201692}}}
{"cursor":146,"bookmark":{"seq":146,"timestamp":1765929201738},"event":{"channel":"progress","type":"think_chunk","step":3,"delta":"：夫妻","bookmark":{"seq":146,"timestamp":1765929201738}}}
{"cursor":147,"bookmark":{"seq":147,"timestamp":1765929201777},"event":{"channel":"progress","type":"think_chunk","step":3,"delta":"、","bookmark":{"seq":147,"timestamp":1765929201777}}}
{"cursor":148,"bookmark":{"seq":148,"timestamp":1765929201809},"event":{"channel":"progress","type":"think_chunk","step":3,"delta":"孩子年龄","bookmark":{"seq":148,"timestamp":1765929201809}}}
{"cursor":149,"bookmark":{"seq":149,"timestamp":1765929201899},"event":{"channel":"progress","type":"think_chunk","step":3,"delta":"、是否","bookmark":{"seq":149,"timestamp":1765929201899}}}
{"cursor":150,"bookmark":{"seq":150,"timestamp":1765929201899},"event":{"channel":"progress","type":"think_chunk","step":3,"delta":"需要赡","bookmark":{"seq":150,"timestamp":1765929201899}}}
{"cursor":151,"bookmark":{"seq":151,"timestamp":1765929201923},"event":{"channel":"progress","type":"think_chunk","step":3,"delta":"养父母","bookmark":{"seq":151,"timestamp":1765929201923}}}
{"cursor":152,"bookmark":{"seq":152,"timestamp":1765929201983},"event":{"channel":"progress","type":"think_chunk","step":3,"delta":"）\n2","bookmark":{"seq":152,"timestamp":1765929201983}}}
{"cursor":153,"bookmark":{"seq":153,"timestamp":1765929202013},"event":{"channel":"progress","type":"think_chunk","step":3,"delta":". 家","bookmark":{"seq":153,"timestamp":1765929202013}}}
{"cursor":154,"bookmark":{"seq":154,"timestamp":1765929202061},"event":{"channel":"progress","type":"think_chunk","step":3,"delta":"人的","bookmark":{"seq":154,"timestamp":1765929202061}}}
{"cursor":155,"bookmark":{"seq":155,"timestamp":1765929202085},"event":{"channel":"progress","type":"think_chunk","step":3,"delta":"年龄","bookmark":{"seq":155,"timestamp":1765929202085}}}
{"cursor":156,"bookmark":{"seq":156,"timestamp":1765929202136},"event":{"channel":"progress","type":"think_chunk","step":3,"delta":"和职业","bookmark":{"seq":156,"timestamp":1765929202136}}}
{"cursor":157,"bookmark":{"seq":157,"timestamp":1765929202164},"event":{"channel":"progress","type":"think_chunk","step":3,"delta":"分别是什么","bookmark":{"seq":157,"timestamp":1765929202164}}}
{"cursor":158,"bookmark":{"seq":158,"timestamp":1765929202209},"event":{"channel":"progress","type":"think_chunk","step":3,"delta":"？\n3","bookmark":{"seq":158,"timestamp":1765929202209}}}
{"cursor":159,"bookmark":{"seq":159,"timestamp":1765929202264},"event":{"channel":"progress","type":"think_chunk","step":3,"delta":". 您","bookmark":{"seq":159,"timestamp":1765929202264}}}
{"cursor":160,"bookmark":{"seq":160,"timestamp":1765929202375},"event":{"channel":"progress","type":"think_chunk","step":3,"delta":"的年度","bookmark":{"seq":160,"timestamp":1765929202375}}}
{"cursor":161,"bookmark":{"seq":161,"timestamp":1765929202407},"event":{"channel":"progress","type":"think_chunk","step":3,"delta":"保险预算","bookmark":{"seq":161,"timestamp":1765929202407}}}
{"cursor":162,"bookmark":{"seq":162,"timestamp":1765929202451},"event":{"channel":"progress","type":"think_chunk","step":3,"delta":"大概是","bookmark":{"seq":162,"timestamp":1765929202451}}}
{"cursor":163,"bookmark":{"seq":163,"timestamp":1765929202496},"event":{"channel":"progress","type":"think_chunk","step":3,"delta":"多少？\n","bookmark":{"seq":163,"timestamp":1765929202496}}}
{"cursor":164,"bookmark":{"seq":164,"timestamp":1765929202525},"event":{"channel":"progress","type":"think_chunk","step":3,"delta":"4.","bookmark":{"seq":164,"timestamp":1765929202525}}}
{"cursor":165,"bookmark":{"seq":165,"timestamp":1765929202576},"event":{"channel":"progress","type":"think_chunk","step":3,"delta":" 您","bookmark":{"seq":165,"timestamp":1765929202576}}}
{"cursor":166,"bookmark":{"seq":166,"timestamp":1765929202601},"event":{"channel":"progress","type":"think_chunk","step":3,"delta":"最关注","bookmark":{"seq":166,"timestamp":1765929202601}}}
{"cursor":167,"bookmark":{"seq":167,"timestamp":1765929202649},"event":{"channel":"progress","type":"think_chunk","step":3,"delta":"哪些","bookmark":{"seq":167,"timestamp":1765929202649}}}
{"cursor":168,"bookmark":{"seq":168,"timestamp":1765929202689},"event":{"channel":"progress","type":"think_chunk","step":3,"delta":"方面的保障","bookmark":{"seq":168,"timestamp":1765929202689}}}
{"cursor":169,"bookmark":{"seq":169,"timestamp":1765929202721},"event":{"channel":"progress","type":"think_chunk","step":3,"delta":"？（如","bookmark":{"seq":169,"timestamp":1765929202721}}}
{"cursor":170,"bookmark":{"seq":170,"timestamp":1765929202761},"event":{"channel":"progress","type":"think_chunk","step":3,"delta":"医疗","bookmark":{"seq":170,"timestamp":1765929202761}}}
{"cursor":171,"bookmark":{"seq":171,"timestamp":1765929202801},"event":{"channel":"progress","type":"think_chunk","step":3,"delta":"、重","bookmark":{"seq":171,"timestamp":1765929202801}}}
{"cursor":172,"bookmark":{"seq":172,"timestamp":1765929202846},"event":{"channel":"progress","type":"think_chunk","step":3,"delta":"疾、","bookmark":{"seq":172,"timestamp":1765929202846}}}
{"cursor":173,"bookmark":{"seq":173,"timestamp":1765929202891},"event":{"channel":"progress","type":"think_chunk","step":3,"delta":"意外等","bookmark":{"seq":173,"timestamp":1765929202891}}}
{"cursor":174,"bookmark":{"seq":174,"timestamp":1765929202916},"event":{"channel":"progress","type":"think_chunk","step":3,"delta":"）","bookmark":{"seq":174,"timestamp":1765929202916}}}
{"cursor":175,"bookmark":{"seq":175,"timestamp":1765929202986},"event":{"channel":"progress","type":"think_chunk","step":3,"delta":"\",\n","bookmark":{"seq":175,"timestamp":1765929202986}}}
{"cursor":176,"bookmark":{"seq":176,"timestamp":1765929202997},"event":{"channel":"progress","type":"think_chunk","step":3,"delta":"  \"ui","bookmark":{"seq":176,"timestamp":1765929202997}}}
{"cursor":177,"bookmark":{"seq":177,"timestamp":1765929203020},"event":{"channel":"progress","type":"think_chunk","step":3,"delta":"_suggestions","bookmark":{"seq":177,"timestamp":1765929203020}}}
{"cursor":178,"bookmark":{"seq":178,"timestamp":1765929203075},"event":{"channel":"progress","type":"think_chunk","step":3,"delta":"\": {\n","bookmark":{"seq":178,"timestamp":1765929203075}}}
{"cursor":179,"bookmark":{"seq":179,"timestamp":1765929203104},"event":{"channel":"progress","type":"think_chunk","step":3,"delta":"    \"","bookmark":{"seq":179,"timestamp":1765929203104}}}
{"cursor":180,"bookmark":{"seq":180,"timestamp":1765929203132},"event":{"channel":"progress","type":"think_chunk","step":3,"delta":"quick_re","bookmark":{"seq":180,"timestamp":1765929203132}}}
{"cursor":181,"bookmark":{"seq":181,"timestamp":1765929203187},"event":{"channel":"progress","type":"think_chunk","step":3,"delta":"plies\":","bookmark":{"seq":181,"timestamp":1765929203187}}}
{"cursor":182,"bookmark":{"seq":182,"timestamp":1765929203205},"event":{"channel":"progress","type":"think_chunk","step":3,"delta":" [\"三","bookmark":{"seq":182,"timestamp":1765929203205}}}
{"cursor":183,"bookmark":{"seq":183,"timestamp":1765929203235},"event":{"channel":"progress","type":"think_chunk","step":3,"delta":"口之家","bookmark":{"seq":183,"timestamp":1765929203235}}}
{"cursor":184,"bookmark":{"seq":184,"timestamp":1765929203286},"event":{"channel":"progress","type":"think_chunk","step":3,"delta":"，","bookmark":{"seq":184,"timestamp":1765929203286}}}
{"cursor":185,"bookmark":{"seq":185,"timestamp":1765929203305},"event":{"channel":"progress","type":"think_chunk","step":3,"delta":"孩子5","bookmark":{"seq":185,"timestamp":1765929203305}}}
{"cursor":186,"bookmark":{"seq":186,"timestamp":1765929203341},"event":{"channel":"progress","type":"think_chunk","step":3,"delta":"岁\",","bookmark":{"seq":186,"timestamp":1765929203341}}}
{"cursor":187,"bookmark":{"seq":187,"timestamp":1765929203375},"event":{"channel":"progress","type":"think_chunk","step":3,"delta":" \"有","bookmark":{"seq":187,"timestamp":1765929203375}}}
{"cursor":188,"bookmark":{"seq":188,"timestamp":1765929203414},"event":{"channel":"progress","type":"think_chunk","step":3,"delta":"老人需要","bookmark":{"seq":188,"timestamp":1765929203414}}}
{"cursor":189,"bookmark":{"seq":189,"timestamp":1765929203443},"event":{"channel":"progress","type":"think_chunk","step":3,"delta":"赡养","bookmark":{"seq":189,"timestamp":1765929203443}}}
{"cursor":190,"bookmark":{"seq":190,"timestamp":1765929203475},"event":{"channel":"progress","type":"think_chunk","step":3,"delta":"\", \"","bookmark":{"seq":190,"timestamp":1765929203475}}}
{"cursor":191,"bookmark":{"seq":191,"timestamp":1765929203511},"event":{"channel":"progress","type":"think_chunk","step":3,"delta":"年度","bookmark":{"seq":191,"timestamp":1765929203511}}}
{"cursor":192,"bookmark":{"seq":192,"timestamp":1765929203544},"event":{"channel":"progress","type":"think_chunk","step":3,"delta":"预算2","bookmark":{"seq":192,"timestamp":1765929203544}}}
{"cursor":193,"bookmark":{"seq":193,"timestamp":1765929203574},"event":{"channel":"progress","type":"think_chunk","step":3,"delta":"-3","bookmark":{"seq":193,"timestamp":1765929203574}}}
{"cursor":194,"bookmark":{"seq":194,"timestamp":1765929203722},"event":{"channel":"progress","type":"think_chunk","step":3,"delta":"万元","bookmark":{"seq":194,"timestamp":1765929203722}}}
{"cursor":195,"bookmark":{"seq":195,"timestamp":1765929203745},"event":{"channel":"progress","type":"think_chunk","step":3,"delta":"\", \"关注重疾和","bookmark":{"seq":195,"timestamp":1765929203745}}}
{"cursor":196,"bookmark":{"seq":196,"timestamp":1765929204113},"event":{"channel":"progress","type":"think_chunk","step":3,"delta":"医疗\"]\n","bookmark":{"seq":196,"timestamp":1765929204113}}}
{"cursor":197,"bookmark":{"seq":197,"timestamp":1765929204113},"event":{"channel":"progress","type":"think_chunk","step":3,"delta":"  },\n","bookmark":{"seq":197,"timestamp":1765929204113}}}
{"cursor":198,"bookmark":{"seq":198,"timestamp":1765929204113},"event":{"channel":"progress","type":"think_chunk","step":3,"delta":"  \"","bookmark":{"seq":198,"timestamp":1765929204113}}}
{"cursor":199,"bookmark":{"seq":199,"timestamp":1765929204113},"event":{"channel":"progress","type":"think_chunk","step":3,"delta":"follow_up","bookmark":{"seq":199,"timestamp":1765929204113}}}
{"cursor":200,"bookmark":{"seq":200,"timestamp":1765929204114},"event":{"channel":"progress","type":"think_chunk","step":3,"delta":"_prompts","bookmark":{"seq":200,"timestamp":1765929204114}}}
{"cursor":201,"bookmark":{"seq":201,"timestamp":1765929204114},"event":{"channel":"progress","type":"think_chunk","step":3,"delta":"\": [\"","bookmark":{"seq":201,"timestamp":1765929204114}}}
{"cursor":202,"bookmark":{"seq":202,"timestamp":1765929204114},"event":{"channel":"progress","type":"think_chunk","step":3,"delta":"目前","bookmark":{"seq":202,"timestamp":1765929204114}}}
{"cursor":203,"bookmark":{"seq":203,"timestamp":1765929204153},"event":{"channel":"progress","type":"think_chunk","step":3,"delta":"家庭成员","bookmark":{"seq":203,"timestamp":1765929204153}}}
{"cursor":204,"bookmark":{"seq":204,"timestamp":1765929204196},"event":{"channel":"progress","type":"think_chunk","step":3,"delta":"都有","bookmark":{"seq":204,"timestamp":1765929204196}}}
{"cursor":205,"bookmark":{"seq":205,"timestamp":1765929204236},"event":{"channel":"progress","type":"think_chunk","step":3,"delta":"哪些基础","bookmark":{"seq":205,"timestamp":1765929204236}}}
{"cursor":206,"bookmark":{"seq":206,"timestamp":1765929204274},"event":{"channel":"progress","type":"think_chunk","step":3,"delta":"保障？","bookmark":{"seq":206,"timestamp":1765929204274}}}
{"cursor":207,"bookmark":{"seq":207,"timestamp":1765929204317},"event":{"channel":"progress","type":"think_chunk","step":3,"delta":"\", \"","bookmark":{"seq":207,"timestamp":1765929204317}}}
{"cursor":208,"bookmark":{"seq":208,"timestamp":1765929204355},"event":{"channel":"progress","type":"think_chunk","step":3,"delta":"主要","bookmark":{"seq":208,"timestamp":1765929204355}}}
{"cursor":209,"bookmark":{"seq":209,"timestamp":1765929204405},"event":{"channel":"progress","type":"think_chunk","step":3,"delta":"担心什么","bookmark":{"seq":209,"timestamp":1765929204405}}}
{"cursor":210,"bookmark":{"seq":210,"timestamp":1765929204451},"event":{"channel":"progress","type":"think_chunk","step":3,"delta":"风险？","bookmark":{"seq":210,"timestamp":1765929204451}}}
{"cursor":211,"bookmark":{"seq":211,"timestamp":1765929204498},"event":{"channel":"progress","type":"think_chunk","step":3,"delta":"\"]\n}\n","bookmark":{"seq":211,"timestamp":1765929204498}}}
{"cursor":212,"bookmark":{"seq":212,"timestamp":1765929204498},"event":{"channel":"progress","type":"think_chunk","step":3,"delta":"```","bookmark":{"seq":212,"timestamp":1765929204498}}}
{"cursor":213,"bookmark":{"seq":213,"timestamp":1765929204603},"event":{"channel":"progress","type":"think_chunk_end","step":3,"bookmark":{"seq":213,"timestamp":1765929204603}}}
{"cursor":215,"bookmark":{"seq":215,"timestamp":1765929204604},"event":{"channel":"progress","type":"done","step":3,"reason":"completed","bookmark":{"seq":215,"timestamp":1765929204604}}}
