{"cursor":4,"bookmark":{"seq":4,"timestamp":1766131892497},"event":{"channel":"progress","type":"think_chunk_start","step":1,"bookmark":{"seq":4,"timestamp":1766131892497}}}
{"cursor":5,"bookmark":{"seq":5,"timestamp":1766131894814},"event":{"channel":"progress","type":"think_chunk","step":1,"delta":"```json\n","bookmark":{"seq":5,"timestamp":1766131894814}}}
{"cursor":6,"bookmark":{"seq":6,"timestamp":1766131894815},"event":{"channel":"progress","type":"think_chunk","step":1,"delta":"{\n","bookmark":{"seq":6,"timestamp":1766131894815}}}
{"cursor":7,"bookmark":{"seq":7,"timestamp":1766131894868},"event":{"channel":"progress","type":"think_chunk","step":1,"delta":"  \"thought","bookmark":{"seq":7,"timestamp":1766131894868}}}
{"cursor":8,"bookmark":{"seq":8,"timestamp":1766131894869},"event":{"channel":"progress","type":"think_chunk","step":1,"delta":"\": \"客户","bookmark":{"seq":8,"timestamp":1766131894869}}}
{"cursor":9,"bookmark":{"seq":9,"timestamp":1766131894869},"event":{"channel":"progress","type":"think_chunk","step":1,"delta":"发送","bookmark":{"seq":9,"timestamp":1766131894869}}}
{"cursor":10,"bookmark":{"seq":10,"timestamp":1766131894930},"event":{"channel":"progress","type":"think_chunk","step":1,"delta":"了简单的","bookmark":{"seq":10,"timestamp":1766131894930}}}
{"cursor":11,"bookmark":{"seq":11,"timestamp":1766131894930},"event":{"channel":"progress","type":"think_chunk","step":1,"delta":"测试信息","bookmark":{"seq":11,"timestamp":1766131894930}}}
{"cursor":12,"bookmark":{"seq":12,"timestamp":1766131895023},"event":{"channel":"progress","type":"think_chunk","step":1,"delta":"，需要","bookmark":{"seq":12,"timestamp":1766131895023}}}
{"cursor":13,"bookmark":{"seq":13,"timestamp":1766131895081},"event":{"channel":"progress","type":"think_chunk","step":1,"delta":"验证工具","bookmark":{"seq":13,"timestamp":1766131895081}}}
{"cursor":14,"bookmark":{"seq":14,"timestamp":1766131895130},"event":{"channel":"progress","type":"think_chunk","step":1,"delta":"功能并","bookmark":{"seq":14,"timestamp":1766131895130}}}
{"cursor":15,"bookmark":{"seq":15,"timestamp":1766131895131},"event":{"channel":"progress","type":"think_chunk","step":1,"delta":"展示保险产品","bookmark":{"seq":15,"timestamp":1766131895131}}}
{"cursor":16,"bookmark":{"seq":16,"timestamp":1766131895214},"event":{"channel":"progress","type":"think_chunk","step":1,"delta":"查询能力","bookmark":{"seq":16,"timestamp":1766131895214}}}
{"cursor":17,"bookmark":{"seq":17,"timestamp":1766131895214},"event":{"channel":"progress","type":"think_chunk","step":1,"delta":"。\",\n  \"","bookmark":{"seq":17,"timestamp":1766131895214}}}
{"cursor":18,"bookmark":{"seq":18,"timestamp":1766131895249},"event":{"channel":"progress","type":"think_chunk","step":1,"delta":"customer_profile","bookmark":{"seq":18,"timestamp":1766131895249}}}
{"cursor":19,"bookmark":{"seq":19,"timestamp":1766131895250},"event":{"channel":"progress","type":"think_chunk","step":1,"delta":"\": {\n","bookmark":{"seq":19,"timestamp":1766131895250}}}
{"cursor":20,"bookmark":{"seq":20,"timestamp":1766131895250},"event":{"channel":"progress","type":"think_chunk","step":1,"delta":"    \"","bookmark":{"seq":20,"timestamp":1766131895250}}}
{"cursor":21,"bookmark":{"seq":21,"timestamp":1766131895311},"event":{"channel":"progress","type":"think_chunk","step":1,"delta":"name\": \"王","bookmark":{"seq":21,"timestamp":1766131895311}}}
{"cursor":22,"bookmark":{"seq":22,"timestamp":1766131895312},"event":{"channel":"progress","type":"think_chunk","step":1,"delta":"志远","bookmark":{"seq":22,"timestamp":1766131895312}}}
{"cursor":23,"bookmark":{"seq":23,"timestamp":1766131895393},"event":{"channel":"progress","type":"think_chunk","step":1,"delta":"\",\n  ","bookmark":{"seq":23,"timestamp":1766131895393}}}
{"cursor":24,"bookmark":{"seq":24,"timestamp":1766131895394},"event":{"channel":"progress","type":"think_chunk","step":1,"delta":"  \"role","bookmark":{"seq":24,"timestamp":1766131895394}}}
{"cursor":25,"bookmark":{"seq":25,"timestamp":1766131895476},"event":{"channel":"progress","type":"think_chunk","step":1,"delta":"\": \"","bookmark":{"seq":25,"timestamp":1766131895476}}}
{"cursor":26,"bookmark":{"seq":26,"timestamp":1766131895476},"event":{"channel":"progress","type":"think_chunk","step":1,"delta":"科技公司 CTO\",\n","bookmark":{"seq":26,"timestamp":1766131895476}}}
{"cursor":27,"bookmark":{"seq":27,"timestamp":1766131895546},"event":{"channel":"progress","type":"think_chunk","step":1,"delta":"    \"","bookmark":{"seq":27,"timestamp":1766131895546}}}
{"cursor":28,"bookmark":{"seq":28,"timestamp":1766131895546},"event":{"channel":"progress","type":"think_chunk","step":1,"delta":"age\":","bookmark":{"seq":28,"timestamp":1766131895546}}}
{"cursor":29,"bookmark":{"seq":29,"timestamp":1766131895547},"event":{"channel":"progress","type":"think_chunk","step":1,"delta":" 42,\n  ","bookmark":{"seq":29,"timestamp":1766131895547}}}
{"cursor":30,"bookmark":{"seq":30,"timestamp":1766131895579},"event":{"channel":"progress","type":"think_chunk","step":1,"delta":"  \"annual_budget\":","bookmark":{"seq":30,"timestamp":1766131895579}}}
{"cursor":31,"bookmark":{"seq":31,"timestamp":1766131895638},"event":{"channel":"progress","type":"think_chunk","step":1,"delta":" \"5","bookmark":{"seq":31,"timestamp":1766131895638}}}
{"cursor":32,"bookmark":{"seq":32,"timestamp":1766131895638},"event":{"channel":"progress","type":"think_chunk","step":1,"delta":"-8万\",\n","bookmark":{"seq":32,"timestamp":1766131895638}}}
{"cursor":33,"bookmark":{"seq":33,"timestamp":1766131895638},"event":{"channel":"progress","type":"think_chunk","step":1,"delta":"    \"","bookmark":{"seq":33,"timestamp":1766131895638}}}
{"cursor":34,"bookmark":{"seq":34,"timestamp":1766131895698},"event":{"channel":"progress","type":"think_chunk","step":1,"delta":"marital","bookmark":{"seq":34,"timestamp":1766131895698}}}
{"cursor":35,"bookmark":{"seq":35,"timestamp":1766131895699},"event":{"channel":"progress","type":"think_chunk","step":1,"delta":"_status\":","bookmark":{"seq":35,"timestamp":1766131895699}}}
{"cursor":36,"bookmark":{"seq":36,"timestamp":1766131895699},"event":{"channel":"progress","type":"think_chunk","step":1,"delta":" \"已婚","bookmark":{"seq":36,"timestamp":1766131895699}}}
{"cursor":37,"bookmark":{"seq":37,"timestamp":1766131895864},"event":{"channel":"progress","type":"think_chunk","step":1,"delta":"已育","bookmark":{"seq":37,"timestamp":1766131895864}}}
{"cursor":38,"bookmark":{"seq":38,"timestamp":1766131895928},"event":{"channel":"progress","type":"think_chunk","step":1,"delta":"\",\n  ","bookmark":{"seq":38,"timestamp":1766131895928}}}
{"cursor":39,"bookmark":{"seq":39,"timestamp":1766131895928},"event":{"channel":"progress","type":"think_chunk","step":1,"delta":"  \"annual_income\"","bookmark":{"seq":39,"timestamp":1766131895928}}}
{"cursor":40,"bookmark":{"seq":40,"timestamp":1766131895929},"event":{"channel":"progress","type":"think_chunk","step":1,"delta":": \"80","bookmark":{"seq":40,"timestamp":1766131895929}}}
{"cursor":41,"bookmark":{"seq":41,"timestamp":1766131895929},"event":{"channel":"progress","type":"think_chunk","step":1,"delta":"万+\",\n","bookmark":{"seq":41,"timestamp":1766131895929}}}
{"cursor":42,"bookmark":{"seq":42,"timestamp":1766131895992},"event":{"channel":"progress","type":"think_chunk","step":1,"delta":"    \"location","bookmark":{"seq":42,"timestamp":1766131895992}}}
{"cursor":43,"bookmark":{"seq":43,"timestamp":1766131895992},"event":{"channel":"progress","type":"think_chunk","step":1,"delta":"\": \"","bookmark":{"seq":43,"timestamp":1766131895992}}}
{"cursor":44,"bookmark":{"seq":44,"timestamp":1766131895992},"event":{"channel":"progress","type":"think_chunk","step":1,"delta":"北京海淀\",\n  ","bookmark":{"seq":44,"timestamp":1766131895992}}}
{"cursor":45,"bookmark":{"seq":45,"timestamp":1766131895993},"event":{"channel":"progress","type":"think_chunk","step":1,"delta":"  \"risk","bookmark":{"seq":45,"timestamp":1766131895993}}}
{"cursor":46,"bookmark":{"seq":46,"timestamp":1766131895993},"event":{"channel":"progress","type":"think_chunk","step":1,"delta":"_factors\":","bookmark":{"seq":46,"timestamp":1766131895993}}}
{"cursor":47,"bookmark":{"seq":47,"timestamp":1766131896046},"event":{"channel":"progress","type":"think_chunk","step":1,"delta":" [\"经常应","bookmark":{"seq":47,"timestamp":1766131896046}}}
{"cursor":48,"bookmark":{"seq":48,"timestamp":1766131896046},"event":{"channel":"progress","type":"think_chunk","step":1,"delta":"酬\", \"","bookmark":{"seq":48,"timestamp":1766131896046}}}
{"cursor":49,"bookmark":{"seq":49,"timestamp":1766131896167},"event":{"channel":"progress","type":"think_chunk","step":1,"delta":"轻度脂肪","bookmark":{"seq":49,"timestamp":1766131896167}}}
{"cursor":50,"bookmark":{"seq":50,"timestamp":1766131896168},"event":{"channel":"progress","type":"think_chunk","step":1,"delta":"肝\",","bookmark":{"seq":50,"timestamp":1766131896168}}}
{"cursor":51,"bookmark":{"seq":51,"timestamp":1766131896169},"event":{"channel":"progress","type":"think_chunk","step":1,"delta":" \"吸烟史","bookmark":{"seq":51,"timestamp":1766131896169}}}
{"cursor":52,"bookmark":{"seq":52,"timestamp":1766131896169},"event":{"channel":"progress","type":"think_chunk","step":1,"delta":"(待","bookmark":{"seq":52,"timestamp":1766131896169}}}
{"cursor":53,"bookmark":{"seq":53,"timestamp":1766131896169},"event":{"channel":"progress","type":"think_chunk","step":1,"delta":"确认)\"],","bookmark":{"seq":53,"timestamp":1766131896169}}}
{"cursor":54,"bookmark":{"seq":54,"timestamp":1766131896232},"event":{"channel":"progress","type":"think_chunk","step":1,"delta":"\n","bookmark":{"seq":54,"timestamp":1766131896232}}}
{"cursor":55,"bookmark":{"seq":55,"timestamp":1766131896232},"event":{"channel":"progress","type":"think_chunk","step":1,"delta":"    \"","bookmark":{"seq":55,"timestamp":1766131896232}}}
{"cursor":56,"bookmark":{"seq":56,"timestamp":1766131896291},"event":{"channel":"progress","type":"think_chunk","step":1,"delta":"needs\": [\"保费","bookmark":{"seq":56,"timestamp":1766131896291}}}
{"cursor":57,"bookmark":{"seq":57,"timestamp":1766131896291},"event":{"channel":"progress","type":"think_chunk","step":1,"delta":"压力\",","bookmark":{"seq":57,"timestamp":1766131896291}}}
{"cursor":58,"bookmark":{"seq":58,"timestamp":1766131896292},"event":{"channel":"progress","type":"think_chunk","step":1,"delta":" \"子女","bookmark":{"seq":58,"timestamp":1766131896292}}}
{"cursor":59,"bookmark":{"seq":59,"timestamp":1766131896349},"event":{"channel":"progress","type":"think_chunk","step":1,"delta":"教育\",","bookmark":{"seq":59,"timestamp":1766131896349}}}
{"cursor":60,"bookmark":{"seq":60,"timestamp":1766131896349},"event":{"channel":"progress","type":"think_chunk","step":1,"delta":" \"隐私防护\"]\n","bookmark":{"seq":60,"timestamp":1766131896349}}}
{"cursor":61,"bookmark":{"seq":61,"timestamp":1766131896411},"event":{"channel":"progress","type":"think_chunk","step":1,"delta":"  },\n","bookmark":{"seq":61,"timestamp":1766131896411}}}
{"cursor":62,"bookmark":{"seq":62,"timestamp":1766131896412},"event":{"channel":"progress","type":"think_chunk","step":1,"delta":"  \"insight","bookmark":{"seq":62,"timestamp":1766131896412}}}
{"cursor":63,"bookmark":{"seq":63,"timestamp":1766131896470},"event":{"channel":"progress","type":"think_chunk","step":1,"delta":"_summary\":","bookmark":{"seq":63,"timestamp":1766131896470}}}
{"cursor":64,"bookmark":{"seq":64,"timestamp":1766131896470},"event":{"channel":"progress","type":"think_chunk","step":1,"delta":" \"测试","bookmark":{"seq":64,"timestamp":1766131896470}}}
{"cursor":65,"bookmark":{"seq":65,"timestamp":1766131896471},"event":{"channel":"progress","type":"think_chunk","step":1,"delta":"阶段","bookmark":{"seq":65,"timestamp":1766131896471}}}
{"cursor":66,"bookmark":{"seq":66,"timestamp":1766131896533},"event":{"channel":"progress","type":"think_chunk","step":1,"delta":"，将","bookmark":{"seq":66,"timestamp":1766131896533}}}
{"cursor":67,"bookmark":{"seq":67,"timestamp":1766131896533},"event":{"channel":"progress","type":"think_chunk","step":1,"delta":"展示不同","bookmark":{"seq":67,"timestamp":1766131896533}}}
{"cursor":68,"bookmark":{"seq":68,"timestamp":1766131896534},"event":{"channel":"progress","type":"think_chunk","step":1,"delta":"类型","bookmark":{"seq":68,"timestamp":1766131896534}}}
{"cursor":69,"bookmark":{"seq":69,"timestamp":1766131896590},"event":{"channel":"progress","type":"think_chunk","step":1,"delta":"保险产品的","bookmark":{"seq":69,"timestamp":1766131896590}}}
{"cursor":70,"bookmark":{"seq":70,"timestamp":1766131896651},"event":{"channel":"progress","type":"think_chunk","step":1,"delta":"查询能力","bookmark":{"seq":70,"timestamp":1766131896651}}}
{"cursor":71,"bookmark":{"seq":71,"timestamp":1766131896651},"event":{"channel":"progress","type":"think_chunk","step":1,"delta":"，以","bookmark":{"seq":71,"timestamp":1766131896651}}}
{"cursor":72,"bookmark":{"seq":72,"timestamp":1766131896652},"event":{"channel":"progress","type":"think_chunk","step":1,"delta":"验证系统","bookmark":{"seq":72,"timestamp":1766131896652}}}
{"cursor":73,"bookmark":{"seq":73,"timestamp":1766131896712},"event":{"channel":"progress","type":"think_chunk","step":1,"delta":"功能。\",\n  \"","bookmark":{"seq":73,"timestamp":1766131896712}}}
{"cursor":74,"bookmark":{"seq":74,"timestamp":1766131896712},"event":{"channel":"progress","type":"think_chunk","step":1,"delta":"recommendations","bookmark":{"seq":74,"timestamp":1766131896712}}}
{"cursor":75,"bookmark":{"seq":75,"timestamp":1766131896775},"event":{"channel":"progress","type":"think_chunk","step":1,"delta":"\": [\n    {\n","bookmark":{"seq":75,"timestamp":1766131896775}}}
{"cursor":76,"bookmark":{"seq":76,"timestamp":1766131896776},"event":{"channel":"progress","type":"think_chunk","step":1,"delta":"      \"","bookmark":{"seq":76,"timestamp":1766131896776}}}
{"cursor":77,"bookmark":{"seq":77,"timestamp":1766131896776},"event":{"channel":"progress","type":"think_chunk","step":1,"delta":"product_id\":","bookmark":{"seq":77,"timestamp":1766131896776}}}
{"cursor":78,"bookmark":{"seq":78,"timestamp":1766131896835},"event":{"channel":"progress","type":"think_chunk","step":1,"delta":" \"","bookmark":{"seq":78,"timestamp":1766131896835}}}
{"cursor":79,"bookmark":{"seq":79,"timestamp":1766131896835},"event":{"channel":"progress","type":"think_chunk","step":1,"delta":"演示数据","bookmark":{"seq":79,"timestamp":1766131896835}}}
{"cursor":80,"bookmark":{"seq":80,"timestamp":1766131896895},"event":{"channel":"progress","type":"think_chunk","step":1,"delta":"\",\n      ","bookmark":{"seq":80,"timestamp":1766131896895}}}
{"cursor":81,"bookmark":{"seq":81,"timestamp":1766131896895},"event":{"channel":"progress","type":"think_chunk","step":1,"delta":"\"product_name","bookmark":{"seq":81,"timestamp":1766131896895}}}
{"cursor":82,"bookmark":{"seq":82,"timestamp":1766131896959},"event":{"channel":"progress","type":"think_chunk","step":1,"delta":"\": \"产品","bookmark":{"seq":82,"timestamp":1766131896959}}}
{"cursor":83,"bookmark":{"seq":83,"timestamp":1766131896960},"event":{"channel":"progress","type":"think_chunk","step":1,"delta":"查询","bookmark":{"seq":83,"timestamp":1766131896960}}}
{"cursor":84,"bookmark":{"seq":84,"timestamp":1766131897016},"event":{"channel":"progress","type":"think_chunk","step":1,"delta":"演示","bookmark":{"seq":84,"timestamp":1766131897016}}}
{"cursor":85,"bookmark":{"seq":85,"timestamp":1766131897016},"event":{"channel":"progress","type":"think_chunk","step":1,"delta":"\",\n      ","bookmark":{"seq":85,"timestamp":1766131897016}}}
{"cursor":86,"bookmark":{"seq":86,"timestamp":1766131897017},"event":{"channel":"progress","type":"think_chunk","step":1,"delta":"\"product","bookmark":{"seq":86,"timestamp":1766131897017}}}
{"cursor":87,"bookmark":{"seq":87,"timestamp":1766131897077},"event":{"channel":"progress","type":"think_chunk","step":1,"delta":"_type\":","bookmark":{"seq":87,"timestamp":1766131897077}}}
{"cursor":88,"bookmark":{"seq":88,"timestamp":1766131897078},"event":{"channel":"progress","type":"think_chunk","step":1,"delta":" \"演示","bookmark":{"seq":88,"timestamp":1766131897078}}}
{"cursor":89,"bookmark":{"seq":89,"timestamp":1766131897078},"event":{"channel":"progress","type":"think_chunk","step":1,"delta":"\",\n    ","bookmark":{"seq":89,"timestamp":1766131897078}}}
{"cursor":90,"bookmark":{"seq":90,"timestamp":1766131897136},"event":{"channel":"progress","type":"think_chunk","step":1,"delta":"  \"customer","bookmark":{"seq":90,"timestamp":1766131897136}}}
{"cursor":91,"bookmark":{"seq":91,"timestamp":1766131897137},"event":{"channel":"progress","type":"think_chunk","step":1,"delta":"_fit\": \"","bookmark":{"seq":91,"timestamp":1766131897137}}}
{"cursor":92,"bookmark":{"seq":92,"timestamp":1766131897197},"event":{"channel":"progress","type":"think_chunk","step":1,"delta":"系统功能正常","bookmark":{"seq":92,"timestamp":1766131897197}}}
{"cursor":93,"bookmark":{"seq":93,"timestamp":1766131897197},"event":{"channel":"progress","type":"think_chunk","step":1,"delta":"，可","bookmark":{"seq":93,"timestamp":1766131897197}}}
{"cursor":94,"bookmark":{"seq":94,"timestamp":1766131897257},"event":{"channel":"progress","type":"think_chunk","step":1,"delta":"进行","bookmark":{"seq":94,"timestamp":1766131897257}}}
{"cursor":95,"bookmark":{"seq":95,"timestamp":1766131897257},"event":{"channel":"progress","type":"think_chunk","step":1,"delta":"保险","bookmark":{"seq":95,"timestamp":1766131897257}}}
{"cursor":96,"bookmark":{"seq":96,"timestamp":1766131897318},"event":{"channel":"progress","type":"think_chunk","step":1,"delta":"产品筛选、","bookmark":{"seq":96,"timestamp":1766131897318}}}
{"cursor":97,"bookmark":{"seq":97,"timestamp":1766131897318},"event":{"channel":"progress","type":"think_chunk","step":1,"delta":"搜索和","bookmark":{"seq":97,"timestamp":1766131897318}}}
{"cursor":98,"bookmark":{"seq":98,"timestamp":1766131897319},"event":{"channel":"progress","type":"think_chunk","step":1,"delta":"详细","bookmark":{"seq":98,"timestamp":1766131897319}}}
{"cursor":99,"bookmark":{"seq":99,"timestamp":1766131897378},"event":{"channel":"progress","type":"think_chunk","step":1,"delta":"查询","bookmark":{"seq":99,"timestamp":1766131897378}}}
{"cursor":100,"bookmark":{"seq":100,"timestamp":1766131897379},"event":{"channel":"progress","type":"think_chunk","step":1,"delta":"。\",\n    ","bookmark":{"seq":100,"timestamp":1766131897379}}}
{"cursor":101,"bookmark":{"seq":101,"timestamp":1766131897379},"event":{"channel":"progress","type":"think_chunk","step":1,"delta":"  \"","bookmark":{"seq":101,"timestamp":1766131897379}}}
{"cursor":102,"bookmark":{"seq":102,"timestamp":1766131897442},"event":{"channel":"progress","type":"think_chunk","step":1,"delta":"coverage_highlights\":","bookmark":{"seq":102,"timestamp":1766131897442}}}
{"cursor":103,"bookmark":{"seq":103,"timestamp":1766131897501},"event":{"channel":"progress","type":"think_chunk","step":1,"delta":" [\"保险产品筛选","bookmark":{"seq":103,"timestamp":1766131897501}}}
{"cursor":104,"bookmark":{"seq":104,"timestamp":1766131897501},"event":{"channel":"progress","type":"think_chunk","step":1,"delta":"功能\", \"关键词","bookmark":{"seq":104,"timestamp":1766131897501}}}
{"cursor":105,"bookmark":{"seq":105,"timestamp":1766131897563},"event":{"channel":"progress","type":"think_chunk","step":1,"delta":"搜索功能","bookmark":{"seq":105,"timestamp":1766131897563}}}
{"cursor":106,"bookmark":{"seq":106,"timestamp":1766131897563},"event":{"channel":"progress","type":"think_chunk","step":1,"delta":"\", \"详细","bookmark":{"seq":106,"timestamp":1766131897563}}}
{"cursor":107,"bookmark":{"seq":107,"timestamp":1766131897644},"event":{"channel":"progress","type":"think_chunk","step":1,"delta":"条款查询","bookmark":{"seq":107,"timestamp":1766131897644}}}
{"cursor":108,"bookmark":{"seq":108,"timestamp":1766131897705},"event":{"channel":"progress","type":"think_chunk","step":1,"delta":"功能\"],\n      \"","bookmark":{"seq":108,"timestamp":1766131897705}}}
{"cursor":109,"bookmark":{"seq":109,"timestamp":1766131897705},"event":{"channel":"progress","type":"think_chunk","step":1,"delta":"tool_e","bookmark":{"seq":109,"timestamp":1766131897705}}}
{"cursor":110,"bookmark":{"seq":110,"timestamp":1766131897706},"event":{"channel":"progress","type":"think_chunk","step":1,"delta":"vidence\":","bookmark":{"seq":110,"timestamp":1766131897706}}}
{"cursor":111,"bookmark":{"seq":111,"timestamp":1766131897706},"event":{"channel":"progress","type":"think_chunk","step":1,"delta":" [\n      ","bookmark":{"seq":111,"timestamp":1766131897706}}}
{"cursor":112,"bookmark":{"seq":112,"timestamp":1766131897767},"event":{"channel":"progress","type":"think_chunk","step":1,"delta":"  {\n          \"tool","bookmark":{"seq":112,"timestamp":1766131897767}}}
{"cursor":113,"bookmark":{"seq":113,"timestamp":1766131897826},"event":{"channel":"progress","type":"think_chunk","step":1,"delta":"\": \"保险","bookmark":{"seq":113,"timestamp":1766131897826}}}
{"cursor":114,"bookmark":{"seq":114,"timestamp":1766131897826},"event":{"channel":"progress","type":"think_chunk","step":1,"delta":"查询","bookmark":{"seq":114,"timestamp":1766131897826}}}
{"cursor":115,"bookmark":{"seq":115,"timestamp":1766131897827},"event":{"channel":"progress","type":"think_chunk","step":1,"delta":"系统\",\n","bookmark":{"seq":115,"timestamp":1766131897827}}}
{"cursor":116,"bookmark":{"seq":116,"timestamp":1766131897887},"event":{"channel":"progress","type":"think_chunk","step":1,"delta":"          \"query","bookmark":{"seq":116,"timestamp":1766131897887}}}
{"cursor":117,"bookmark":{"seq":117,"timestamp":1766131897887},"event":{"channel":"progress","type":"think_chunk","step":1,"delta":"\": \"功能","bookmark":{"seq":117,"timestamp":1766131897887}}}
{"cursor":118,"bookmark":{"seq":118,"timestamp":1766131897949},"event":{"channel":"progress","type":"think_chunk","step":1,"delta":"验证","bookmark":{"seq":118,"timestamp":1766131897949}}}
{"cursor":119,"bookmark":{"seq":119,"timestamp":1766131897949},"event":{"channel":"progress","type":"think_chunk","step":1,"delta":"\",\n        ","bookmark":{"seq":119,"timestamp":1766131897949}}}
{"cursor":120,"bookmark":{"seq":120,"timestamp":1766131898014},"event":{"channel":"progress","type":"think_chunk","step":1,"delta":"  \"evidence","bookmark":{"seq":120,"timestamp":1766131898014}}}
{"cursor":121,"bookmark":{"seq":121,"timestamp":1766131898014},"event":{"channel":"progress","type":"think_chunk","step":1,"delta":"\": \"系统","bookmark":{"seq":121,"timestamp":1766131898014}}}
{"cursor":122,"bookmark":{"seq":122,"timestamp":1766131898074},"event":{"channel":"progress","type":"think_chunk","step":1,"delta":"响应","bookmark":{"seq":122,"timestamp":1766131898074}}}
{"cursor":123,"bookmark":{"seq":123,"timestamp":1766131898074},"event":{"channel":"progress","type":"think_chunk","step":1,"delta":"正常，","bookmark":{"seq":123,"timestamp":1766131898074}}}
{"cursor":124,"bookmark":{"seq":124,"timestamp":1766131898074},"event":{"channel":"progress","type":"think_chunk","step":1,"delta":"可执行","bookmark":{"seq":124,"timestamp":1766131898074}}}
{"cursor":125,"bookmark":{"seq":125,"timestamp":1766131898129},"event":{"channel":"progress","type":"think_chunk","step":1,"delta":"保险","bookmark":{"seq":125,"timestamp":1766131898129}}}
{"cursor":126,"bookmark":{"seq":126,"timestamp":1766131898129},"event":{"channel":"progress","type":"think_chunk","step":1,"delta":"产品相关","bookmark":{"seq":126,"timestamp":1766131898129}}}
{"cursor":127,"bookmark":{"seq":127,"timestamp":1766131898130},"event":{"channel":"progress","type":"think_chunk","step":1,"delta":"查询","bookmark":{"seq":127,"timestamp":1766131898130}}}
{"cursor":128,"bookmark":{"seq":128,"timestamp":1766131898192},"event":{"channel":"progress","type":"think_chunk","step":1,"delta":"操作\"\n","bookmark":{"seq":128,"timestamp":1766131898192}}}
{"cursor":129,"bookmark":{"seq":129,"timestamp":1766131898193},"event":{"channel":"progress","type":"think_chunk","step":1,"delta":"        }\n","bookmark":{"seq":129,"timestamp":1766131898193}}}
{"cursor":130,"bookmark":{"seq":130,"timestamp":1766131898193},"event":{"channel":"progress","type":"think_chunk","step":1,"delta":"      ],\n","bookmark":{"seq":130,"timestamp":1766131898193}}}
{"cursor":131,"bookmark":{"seq":131,"timestamp":1766131898251},"event":{"channel":"progress","type":"think_chunk","step":1,"delta":"      \"","bookmark":{"seq":131,"timestamp":1766131898251}}}
{"cursor":132,"bookmark":{"seq":132,"timestamp":1766131898312},"event":{"channel":"progress","type":"think_chunk","step":1,"delta":"disclaimer\": \"","bookmark":{"seq":132,"timestamp":1766131898312}}}
{"cursor":133,"bookmark":{"seq":133,"timestamp":1766131898312},"event":{"channel":"progress","type":"think_chunk","step":1,"delta":"所有推荐","bookmark":{"seq":133,"timestamp":1766131898312}}}
{"cursor":134,"bookmark":{"seq":134,"timestamp":1766131898371},"event":{"channel":"progress","type":"think_chunk","step":1,"delta":"以实际","bookmark":{"seq":134,"timestamp":1766131898371}}}
{"cursor":135,"bookmark":{"seq":135,"timestamp":1766131898371},"event":{"channel":"progress","type":"think_chunk","step":1,"delta":"核保及条款","bookmark":{"seq":135,"timestamp":1766131898371}}}
{"cursor":136,"bookmark":{"seq":136,"timestamp":1766131898371},"event":{"channel":"progress","type":"think_chunk","step":1,"delta":"为准。\"\n","bookmark":{"seq":136,"timestamp":1766131898371}}}
{"cursor":137,"bookmark":{"seq":137,"timestamp":1766131898433},"event":{"channel":"progress","type":"think_chunk","step":1,"delta":"  ","bookmark":{"seq":137,"timestamp":1766131898433}}}
{"cursor":138,"bookmark":{"seq":138,"timestamp":1766131898434},"event":{"channel":"progress","type":"think_chunk","step":1,"delta":"  }\n","bookmark":{"seq":138,"timestamp":1766131898434}}}
{"cursor":139,"bookmark":{"seq":139,"timestamp":1766131898434},"event":{"channel":"progress","type":"think_chunk","step":1,"delta":"  ],\n","bookmark":{"seq":139,"timestamp":1766131898434}}}
{"cursor":140,"bookmark":{"seq":140,"timestamp":1766131898498},"event":{"channel":"progress","type":"think_chunk","step":1,"delta":"  \"questions\":","bookmark":{"seq":140,"timestamp":1766131898498}}}
{"cursor":141,"bookmark":{"seq":141,"timestamp":1766131898498},"event":{"channel":"progress","type":"think_chunk","step":1,"delta":" [],\n  \"","bookmark":{"seq":141,"timestamp":1766131898498}}}
{"cursor":142,"bookmark":{"seq":142,"timestamp":1766131898553},"event":{"channel":"progress","type":"think_chunk","step":1,"delta":"next_actions","bookmark":{"seq":142,"timestamp":1766131898553}}}
{"cursor":143,"bookmark":{"seq":143,"timestamp":1766131898553},"event":{"channel":"progress","type":"think_chunk","step":1,"delta":"\": [\"","bookmark":{"seq":143,"timestamp":1766131898553}}}
{"cursor":144,"bookmark":{"seq":144,"timestamp":1766131898614},"event":{"channel":"progress","type":"think_chunk","step":1,"delta":"如需","bookmark":{"seq":144,"timestamp":1766131898614}}}
{"cursor":145,"bookmark":{"seq":145,"timestamp":1766131898614},"event":{"channel":"progress","type":"think_chunk","step":1,"delta":"实际","bookmark":{"seq":145,"timestamp":1766131898614}}}
{"cursor":146,"bookmark":{"seq":146,"timestamp":1766131898615},"event":{"channel":"progress","type":"think_chunk","step":1,"delta":"查询","bookmark":{"seq":146,"timestamp":1766131898615}}}
{"cursor":147,"bookmark":{"seq":147,"timestamp":1766131898708},"event":{"channel":"progress","type":"think_chunk","step":1,"delta":"保险产品","bookmark":{"seq":147,"timestamp":1766131898708}}}
{"cursor":148,"bookmark":{"seq":148,"timestamp":1766131898770},"event":{"channel":"progress","type":"think_chunk","step":1,"delta":"，请","bookmark":{"seq":148,"timestamp":1766131898770}}}
{"cursor":149,"bookmark":{"seq":149,"timestamp":1766131898771},"event":{"channel":"progress","type":"think_chunk","step":1,"delta":"提供具体需求","bookmark":{"seq":149,"timestamp":1766131898771}}}
{"cursor":150,"bookmark":{"seq":150,"timestamp":1766131898771},"event":{"channel":"progress","type":"think_chunk","step":1,"delta":"如","bookmark":{"seq":150,"timestamp":1766131898771}}}
{"cursor":151,"bookmark":{"seq":151,"timestamp":1766131898771},"event":{"channel":"progress","type":"think_chunk","step":1,"delta":"年龄、","bookmark":{"seq":151,"timestamp":1766131898771}}}
{"cursor":152,"bookmark":{"seq":152,"timestamp":1766131898771},"event":{"channel":"progress","type":"think_chunk","step":1,"delta":"保险","bookmark":{"seq":152,"timestamp":1766131898771}}}
{"cursor":153,"bookmark":{"seq":153,"timestamp":1766131898772},"event":{"channel":"progress","type":"think_chunk","step":1,"delta":"类型等","bookmark":{"seq":153,"timestamp":1766131898772}}}
{"cursor":154,"bookmark":{"seq":154,"timestamp":1766131898772},"event":{"channel":"progress","type":"think_chunk","step":1,"delta":"\"]\n","bookmark":{"seq":154,"timestamp":1766131898772}}}
{"cursor":155,"bookmark":{"seq":155,"timestamp":1766131898830},"event":{"channel":"progress","type":"think_chunk","step":1,"delta":"}\n```","bookmark":{"seq":155,"timestamp":1766131898830}}}
{"cursor":156,"bookmark":{"seq":156,"timestamp":1766131898958},"event":{"channel":"progress","type":"think_chunk_end","step":1,"bookmark":{"seq":156,"timestamp":1766131898958}}}
{"cursor":158,"bookmark":{"seq":158,"timestamp":1766131898964},"event":{"channel":"progress","type":"done","step":1,"reason":"completed","bookmark":{"seq":158,"timestamp":1766131898964}}}
