{"cursor":0,"bookmark":{"seq":0,"timestamp":1766133118619},"event":{"channel":"monitor","type":"tool_manual_updated","tools":["insurance_filter","insurance_search","insurance_inspect"],"timestamp":1766133118619,"bookmark":{"seq":0,"timestamp":1766133118619}}}
{"cursor":1,"bookmark":{"seq":1,"timestamp":1766133118622},"event":{"channel":"monitor","type":"state_changed","state":"WORKING","bookmark":{"seq":1,"timestamp":1766133118622}}}
{"cursor":2,"bookmark":{"seq":2,"timestamp":1766133118622},"event":{"channel":"monitor","type":"breakpoint_changed","previous":"READY","current":"PRE_MODEL","timestamp":1766133118622,"bookmark":{"seq":2,"timestamp":1766133118622}}}
{"cursor":3,"bookmark":{"seq":3,"timestamp":1766133118623},"event":{"channel":"monitor","type":"breakpoint_changed","previous":"PRE_MODEL","current":"STREAMING_MODEL","timestamp":1766133118623,"bookmark":{"seq":3,"timestamp":1766133118623}}}
{"cursor":51,"bookmark":{"seq":51,"timestamp":1766133122029},"event":{"channel":"monitor","type":"token_usage","inputTokens":1,"outputTokens":182,"totalTokens":183,"bookmark":{"seq":51,"timestamp":1766133122029}}}
{"cursor":53,"bookmark":{"seq":53,"timestamp":1766133122034},"event":{"channel":"monitor","type":"step_complete","step":2,"bookmark":{"seq":53,"timestamp":1766133122034}}}
{"cursor":54,"bookmark":{"seq":54,"timestamp":1766133122034},"event":{"channel":"monitor","type":"state_changed","state":"READY","bookmark":{"seq":54,"timestamp":1766133122034}}}
{"cursor":55,"bookmark":{"seq":55,"timestamp":1766133122034},"event":{"channel":"monitor","type":"breakpoint_changed","previous":"STREAMING_MODEL","current":"READY","timestamp":1766133122034,"bookmark":{"seq":55,"timestamp":1766133122034}}}
{"cursor":56,"bookmark":{"seq":56,"timestamp":1766133129352},"event":{"channel":"monitor","type":"state_changed","state":"WORKING","bookmark":{"seq":56,"timestamp":1766133129352}}}
{"cursor":57,"bookmark":{"seq":57,"timestamp":1766133129352},"event":{"channel":"monitor","type":"breakpoint_changed","previous":"READY","current":"PRE_MODEL","timestamp":1766133129352,"bookmark":{"seq":57,"timestamp":1766133129352}}}
{"cursor":58,"bookmark":{"seq":58,"timestamp":1766133129355},"event":{"channel":"monitor","type":"breakpoint_changed","previous":"PRE_MODEL","current":"STREAMING_MODEL","timestamp":1766133129355,"bookmark":{"seq":58,"timestamp":1766133129355}}}
{"cursor":105,"bookmark":{"seq":105,"timestamp":1766133136023},"event":{"channel":"monitor","type":"token_usage","inputTokens":10,"outputTokens":200,"totalTokens":210,"bookmark":{"seq":105,"timestamp":1766133136023}}}
{"cursor":107,"bookmark":{"seq":107,"timestamp":1766133136024},"event":{"channel":"monitor","type":"step_complete","step":4,"bookmark":{"seq":107,"timestamp":1766133136024}}}
{"cursor":108,"bookmark":{"seq":108,"timestamp":1766133136024},"event":{"channel":"monitor","type":"state_changed","state":"READY","bookmark":{"seq":108,"timestamp":1766133136024}}}
{"cursor":109,"bookmark":{"seq":109,"timestamp":1766133136024},"event":{"channel":"monitor","type":"breakpoint_changed","previous":"STREAMING_MODEL","current":"READY","timestamp":1766133136024,"bookmark":{"seq":109,"timestamp":1766133136024}}}
{"cursor":110,"bookmark":{"seq":110,"timestamp":1766133207507},"event":{"channel":"monitor","type":"state_changed","state":"WORKING","bookmark":{"seq":110,"timestamp":1766133207507}}}
{"cursor":111,"bookmark":{"seq":111,"timestamp":1766133207507},"event":{"channel":"monitor","type":"breakpoint_changed","previous":"READY","current":"PRE_MODEL","timestamp":1766133207507,"bookmark":{"seq":111,"timestamp":1766133207507}}}
{"cursor":112,"bookmark":{"seq":112,"timestamp":1766133207512},"event":{"channel":"monitor","type":"breakpoint_changed","previous":"PRE_MODEL","current":"STREAMING_MODEL","timestamp":1766133207512,"bookmark":{"seq":112,"timestamp":1766133207512}}}
{"cursor":271,"bookmark":{"seq":271,"timestamp":1766133216643},"event":{"channel":"monitor","type":"token_usage","inputTokens":458,"outputTokens":800,"totalTokens":1258,"bookmark":{"seq":271,"timestamp":1766133216643}}}
{"cursor":273,"bookmark":{"seq":273,"timestamp":1766133216647},"event":{"channel":"monitor","type":"step_complete","step":6,"bookmark":{"seq":273,"timestamp":1766133216647}}}
{"cursor":274,"bookmark":{"seq":274,"timestamp":1766133216647},"event":{"channel":"monitor","type":"state_changed","state":"READY","bookmark":{"seq":274,"timestamp":1766133216647}}}
{"cursor":275,"bookmark":{"seq":275,"timestamp":1766133216647},"event":{"channel":"monitor","type":"breakpoint_changed","previous":"STREAMING_MODEL","current":"READY","timestamp":1766133216647,"bookmark":{"seq":275,"timestamp":1766133216647}}}
{"cursor":276,"bookmark":{"seq":276,"timestamp":1766133250905},"event":{"channel":"monitor","type":"state_changed","state":"WORKING","bookmark":{"seq":276,"timestamp":1766133250905}}}
{"cursor":277,"bookmark":{"seq":277,"timestamp":1766133250905},"event":{"channel":"monitor","type":"breakpoint_changed","previous":"READY","current":"PRE_MODEL","timestamp":1766133250905,"bookmark":{"seq":277,"timestamp":1766133250905}}}
{"cursor":278,"bookmark":{"seq":278,"timestamp":1766133250907},"event":{"channel":"monitor","type":"breakpoint_changed","previous":"PRE_MODEL","current":"STREAMING_MODEL","timestamp":1766133250907,"bookmark":{"seq":278,"timestamp":1766133250907}}}
{"cursor":280,"bookmark":{"seq":280,"timestamp":1766133254421},"event":{"channel":"monitor","type":"token_usage","inputTokens":1299,"outputTokens":61,"totalTokens":1360,"bookmark":{"seq":280,"timestamp":1766133254421}}}
{"cursor":281,"bookmark":{"seq":281,"timestamp":1766133254452},"event":{"channel":"monitor","type":"breakpoint_changed","previous":"STREAMING_MODEL","current":"TOOL_PENDING","timestamp":1766133254452,"bookmark":{"seq":281,"timestamp":1766133254452}}}
{"cursor":283,"bookmark":{"seq":283,"timestamp":1766133254470},"event":{"channel":"monitor","type":"breakpoint_changed","previous":"TOOL_PENDING","current":"PRE_TOOL","timestamp":1766133254470,"bookmark":{"seq":283,"timestamp":1766133254470}}}
{"cursor":284,"bookmark":{"seq":284,"timestamp":1766133254470},"event":{"channel":"monitor","type":"breakpoint_changed","previous":"PRE_TOOL","current":"TOOL_EXECUTING","timestamp":1766133254470,"bookmark":{"seq":284,"timestamp":1766133254470}}}
{"cursor":286,"bookmark":{"seq":286,"timestamp":1766133254473},"event":{"channel":"monitor","type":"error","severity":"warn","phase":"tool","message":"Connection failed: request to http://localhost:8000/api/tools/filter?age_min=25&age_max=30&product_type=%E9%87%8D%E7%96%BE%E9%99%A9 failed, reason: ","detail":{"ok":false,"error":"Connection failed: request to http://localhost:8000/api/tools/filter?age_min=25&age_max=30&product_type=%E9%87%8D%E7%96%BE%E9%99%A9 failed, reason: ","errorType":"logical","retryable":true},"bookmark":{"seq":286,"timestamp":1766133254473}}}
{"cursor":287,"bookmark":{"seq":287,"timestamp":1766133254474},"event":{"channel":"monitor","type":"breakpoint_changed","previous":"TOOL_EXECUTING","current":"POST_TOOL","timestamp":1766133254474,"bookmark":{"seq":287,"timestamp":1766133254474}}}
{"cursor":289,"bookmark":{"seq":289,"timestamp":1766133254476},"event":{"channel":"monitor","type":"state_changed","state":"READY","bookmark":{"seq":289,"timestamp":1766133254476}}}
{"cursor":290,"bookmark":{"seq":290,"timestamp":1766133254477},"event":{"channel":"monitor","type":"breakpoint_changed","previous":"POST_TOOL","current":"READY","timestamp":1766133254476,"bookmark":{"seq":290,"timestamp":1766133254477}}}
{"cursor":291,"bookmark":{"seq":291,"timestamp":1766133254477},"event":{"channel":"monitor","type":"state_changed","state":"WORKING","bookmark":{"seq":291,"timestamp":1766133254477}}}
{"cursor":292,"bookmark":{"seq":292,"timestamp":1766133254477},"event":{"channel":"monitor","type":"breakpoint_changed","previous":"READY","current":"PRE_MODEL","timestamp":1766133254477,"bookmark":{"seq":292,"timestamp":1766133254477}}}
{"cursor":293,"bookmark":{"seq":293,"timestamp":1766133254477},"event":{"channel":"monitor","type":"breakpoint_changed","previous":"PRE_MODEL","current":"STREAMING_MODEL","timestamp":1766133254477,"bookmark":{"seq":293,"timestamp":1766133254477}}}
{"cursor":295,"bookmark":{"seq":295,"timestamp":1766133257709},"event":{"channel":"monitor","type":"token_usage","inputTokens":279,"outputTokens":59,"totalTokens":338,"bookmark":{"seq":295,"timestamp":1766133257709}}}
{"cursor":296,"bookmark":{"seq":296,"timestamp":1766133257713},"event":{"channel":"monitor","type":"breakpoint_changed","previous":"STREAMING_MODEL","current":"TOOL_PENDING","timestamp":1766133257713,"bookmark":{"seq":296,"timestamp":1766133257713}}}
{"cursor":298,"bookmark":{"seq":298,"timestamp":1766133257713},"event":{"channel":"monitor","type":"breakpoint_changed","previous":"TOOL_PENDING","current":"PRE_TOOL","timestamp":1766133257713,"bookmark":{"seq":298,"timestamp":1766133257713}}}
{"cursor":299,"bookmark":{"seq":299,"timestamp":1766133257713},"event":{"channel":"monitor","type":"breakpoint_changed","previous":"PRE_TOOL","current":"TOOL_EXECUTING","timestamp":1766133257713,"bookmark":{"seq":299,"timestamp":1766133257713}}}
{"cursor":301,"bookmark":{"seq":301,"timestamp":1766133257716},"event":{"channel":"monitor","type":"error","severity":"warn","phase":"tool","message":"Connection failed: request to http://localhost:8000/api/tools/filter?age_min=25&age_max=30&product_type=%E5%8C%BB%E7%96%97%E9%99%A9 failed, reason: ","detail":{"ok":false,"error":"Connection failed: request to http://localhost:8000/api/tools/filter?age_min=25&age_max=30&product_type=%E5%8C%BB%E7%96%97%E9%99%A9 failed, reason: ","errorType":"logical","retryable":true},"bookmark":{"seq":301,"timestamp":1766133257716}}}
{"cursor":302,"bookmark":{"seq":302,"timestamp":1766133257716},"event":{"channel":"monitor","type":"breakpoint_changed","previous":"TOOL_EXECUTING","current":"POST_TOOL","timestamp":1766133257716,"bookmark":{"seq":302,"timestamp":1766133257716}}}
{"cursor":304,"bookmark":{"seq":304,"timestamp":1766133257720},"event":{"channel":"monitor","type":"state_changed","state":"READY","bookmark":{"seq":304,"timestamp":1766133257720}}}
{"cursor":305,"bookmark":{"seq":305,"timestamp":1766133257720},"event":{"channel":"monitor","type":"breakpoint_changed","previous":"POST_TOOL","current":"READY","timestamp":1766133257720,"bookmark":{"seq":305,"timestamp":1766133257720}}}
{"cursor":306,"bookmark":{"seq":306,"timestamp":1766133257721},"event":{"channel":"monitor","type":"state_changed","state":"WORKING","bookmark":{"seq":306,"timestamp":1766133257721}}}
{"cursor":307,"bookmark":{"seq":307,"timestamp":1766133257721},"event":{"channel":"monitor","type":"breakpoint_changed","previous":"READY","current":"PRE_MODEL","timestamp":1766133257721,"bookmark":{"seq":307,"timestamp":1766133257721}}}
{"cursor":308,"bookmark":{"seq":308,"timestamp":1766133257721},"event":{"channel":"monitor","type":"breakpoint_changed","previous":"PRE_MODEL","current":"STREAMING_MODEL","timestamp":1766133257721,"bookmark":{"seq":308,"timestamp":1766133257721}}}
{"cursor":310,"bookmark":{"seq":310,"timestamp":1766133276147},"event":{"channel":"monitor","type":"token_usage","inputTokens":279,"outputTokens":42,"totalTokens":321,"bookmark":{"seq":310,"timestamp":1766133276147}}}
{"cursor":311,"bookmark":{"seq":311,"timestamp":1766133276150},"event":{"channel":"monitor","type":"breakpoint_changed","previous":"STREAMING_MODEL","current":"TOOL_PENDING","timestamp":1766133276150,"bookmark":{"seq":311,"timestamp":1766133276150}}}
{"cursor":313,"bookmark":{"seq":313,"timestamp":1766133276152},"event":{"channel":"monitor","type":"breakpoint_changed","previous":"TOOL_PENDING","current":"PRE_TOOL","timestamp":1766133276152,"bookmark":{"seq":313,"timestamp":1766133276152}}}
{"cursor":314,"bookmark":{"seq":314,"timestamp":1766133276152},"event":{"channel":"monitor","type":"breakpoint_changed","previous":"PRE_TOOL","current":"TOOL_EXECUTING","timestamp":1766133276152,"bookmark":{"seq":314,"timestamp":1766133276152}}}
{"cursor":316,"bookmark":{"seq":316,"timestamp":1766133276154},"event":{"channel":"monitor","type":"error","severity":"warn","phase":"tool","message":"Connection failed: request to http://localhost:8000/api/tools/search?keyword=%E7%9D%A1%E7%9C%A0%E4%B8%8D%E8%B6%B3&limit=5 failed, reason: ","detail":{"ok":false,"error":"Connection failed: request to http://localhost:8000/api/tools/search?keyword=%E7%9D%A1%E7%9C%A0%E4%B8%8D%E8%B6%B3&limit=5 failed, reason: ","errorType":"logical","retryable":true},"bookmark":{"seq":316,"timestamp":1766133276154}}}
{"cursor":317,"bookmark":{"seq":317,"timestamp":1766133276154},"event":{"channel":"monitor","type":"breakpoint_changed","previous":"TOOL_EXECUTING","current":"POST_TOOL","timestamp":1766133276154,"bookmark":{"seq":317,"timestamp":1766133276154}}}
{"cursor":319,"bookmark":{"seq":319,"timestamp":1766133276157},"event":{"channel":"monitor","type":"state_changed","state":"READY","bookmark":{"seq":319,"timestamp":1766133276157}}}
{"cursor":320,"bookmark":{"seq":320,"timestamp":1766133276157},"event":{"channel":"monitor","type":"breakpoint_changed","previous":"POST_TOOL","current":"READY","timestamp":1766133276157,"bookmark":{"seq":320,"timestamp":1766133276157}}}
{"cursor":321,"bookmark":{"seq":321,"timestamp":1766133276157},"event":{"channel":"monitor","type":"state_changed","state":"WORKING","bookmark":{"seq":321,"timestamp":1766133276157}}}
{"cursor":322,"bookmark":{"seq":322,"timestamp":1766133276157},"event":{"channel":"monitor","type":"breakpoint_changed","previous":"READY","current":"PRE_MODEL","timestamp":1766133276157,"bookmark":{"seq":322,"timestamp":1766133276157}}}
{"cursor":323,"bookmark":{"seq":323,"timestamp":1766133276157},"event":{"channel":"monitor","type":"breakpoint_changed","previous":"PRE_MODEL","current":"STREAMING_MODEL","timestamp":1766133276157,"bookmark":{"seq":323,"timestamp":1766133276157}}}
{"cursor":560,"bookmark":{"seq":560,"timestamp":1766133315281},"event":{"channel":"monitor","type":"token_usage","inputTokens":5000,"outputTokens":1116,"totalTokens":6116,"bookmark":{"seq":560,"timestamp":1766133315281}}}
{"cursor":562,"bookmark":{"seq":562,"timestamp":1766133315289},"event":{"channel":"monitor","type":"step_complete","step":11,"bookmark":{"seq":562,"timestamp":1766133315289}}}
{"cursor":563,"bookmark":{"seq":563,"timestamp":1766133315289},"event":{"channel":"monitor","type":"state_changed","state":"READY","bookmark":{"seq":563,"timestamp":1766133315289}}}
{"cursor":564,"bookmark":{"seq":564,"timestamp":1766133315289},"event":{"channel":"monitor","type":"breakpoint_changed","previous":"STREAMING_MODEL","current":"READY","timestamp":1766133315289,"bookmark":{"seq":564,"timestamp":1766133315289}}}
