{"cursor":4,"bookmark":{"seq":4,"timestamp":1766136933766},"event":{"channel":"progress","type":"think_chunk_start","step":1,"bookmark":{"seq":4,"timestamp":1766136933766}}}
{"cursor":5,"bookmark":{"seq":5,"timestamp":1766136936035},"event":{"channel":"progress","type":"think_chunk","step":1,"delta":"```json\n","bookmark":{"seq":5,"timestamp":1766136936035}}}
{"cursor":6,"bookmark":{"seq":6,"timestamp":1766136936121},"event":{"channel":"progress","type":"think_chunk","step":1,"delta":"{\n  \"thought","bookmark":{"seq":6,"timestamp":1766136936121}}}
{"cursor":7,"bookmark":{"seq":7,"timestamp":1766136936122},"event":{"channel":"progress","type":"think_chunk","step":1,"delta":"\": \"已确认客户的基本信息：","bookmark":{"seq":7,"timestamp":1766136936122}}}
{"cursor":8,"bookmark":{"seq":8,"timestamp":1766136936122},"event":{"channel":"progress","type":"think_chunk","step":1,"delta":"30岁、","bookmark":{"seq":8,"timestamp":1766136936122}}}
{"cursor":9,"bookmark":{"seq":9,"timestamp":1766136936201},"event":{"channel":"progress","type":"think_chunk","step":1,"delta":"上海、","bookmark":{"seq":9,"timestamp":1766136936201}}}
{"cursor":10,"bookmark":{"seq":10,"timestamp":1766136936285},"event":{"channel":"progress","type":"think_chunk","step":1,"delta":"未婚","bookmark":{"seq":10,"timestamp":1766136936285}}}
{"cursor":11,"bookmark":{"seq":11,"timestamp":1766136936285},"event":{"channel":"progress","type":"think_chunk","step":1,"delta":"、互联网","bookmark":{"seq":11,"timestamp":1766136936285}}}
{"cursor":12,"bookmark":{"seq":12,"timestamp":1766136936285},"event":{"channel":"progress","type":"think_chunk","step":1,"delta":"行业、","bookmark":{"seq":12,"timestamp":1766136936285}}}
{"cursor":13,"bookmark":{"seq":13,"timestamp":1766136936286},"event":{"channel":"progress","type":"think_chunk","step":1,"delta":"年收入50","bookmark":{"seq":13,"timestamp":1766136936286}}}
{"cursor":14,"bookmark":{"seq":14,"timestamp":1766136936286},"event":{"channel":"progress","type":"think_chunk","step":1,"delta":"-60","bookmark":{"seq":14,"timestamp":1766136936286}}}
{"cursor":15,"bookmark":{"seq":15,"timestamp":1766136936378},"event":{"channel":"progress","type":"think_chunk","step":1,"delta":"万、","bookmark":{"seq":15,"timestamp":1766136936378}}}
{"cursor":16,"bookmark":{"seq":16,"timestamp":1766136936454},"event":{"channel":"progress","type":"think_chunk","step":1,"delta":"预算5","bookmark":{"seq":16,"timestamp":1766136936454}}}
{"cursor":17,"bookmark":{"seq":17,"timestamp":1766136936454},"event":{"channel":"progress","type":"think_chunk","step":1,"delta":"-6","bookmark":{"seq":17,"timestamp":1766136936454}}}
{"cursor":18,"bookmark":{"seq":18,"timestamp":1766136936455},"event":{"channel":"progress","type":"think_chunk","step":1,"delta":"万、","bookmark":{"seq":18,"timestamp":1766136936455}}}
{"cursor":19,"bookmark":{"seq":19,"timestamp":1766136936455},"event":{"channel":"progress","type":"think_chunk","step":1,"delta":"主要担忧","bookmark":{"seq":19,"timestamp":1766136936455}}}
{"cursor":20,"bookmark":{"seq":20,"timestamp":1766136936455},"event":{"channel":"progress","type":"think_chunk","step":1,"delta":"猝死","bookmark":{"seq":20,"timestamp":1766136936455}}}
{"cursor":21,"bookmark":{"seq":21,"timestamp":1766136936455},"event":{"channel":"progress","type":"think_chunk","step":1,"delta":"风险及睡眠不足","bookmark":{"seq":21,"timestamp":1766136936455}}}
{"cursor":22,"bookmark":{"seq":22,"timestamp":1766136936538},"event":{"channel":"progress","type":"think_chunk","step":1,"delta":"问题","bookmark":{"seq":22,"timestamp":1766136936538}}}
{"cursor":23,"bookmark":{"seq":23,"timestamp":1766136936538},"event":{"channel":"progress","type":"think_chunk","step":1,"delta":"。需要","bookmark":{"seq":23,"timestamp":1766136936538}}}
{"cursor":24,"bookmark":{"seq":24,"timestamp":1766136936538},"event":{"channel":"progress","type":"think_chunk","step":1,"delta":"筛选","bookmark":{"seq":24,"timestamp":1766136936538}}}
{"cursor":25,"bookmark":{"seq":25,"timestamp":1766136936626},"event":{"channel":"progress","type":"think_chunk","step":1,"delta":"适合的重疾险","bookmark":{"seq":25,"timestamp":1766136936626}}}
{"cursor":26,"bookmark":{"seq":26,"timestamp":1766136936728},"event":{"channel":"progress","type":"think_chunk","step":1,"delta":"和定期寿险","bookmark":{"seq":26,"timestamp":1766136936728}}}
{"cursor":27,"bookmark":{"seq":27,"timestamp":1766136936729},"event":{"channel":"progress","type":"think_chunk","step":1,"delta":"产品，","bookmark":{"seq":27,"timestamp":1766136936729}}}
{"cursor":28,"bookmark":{"seq":28,"timestamp":1766136936729},"event":{"channel":"progress","type":"think_chunk","step":1,"delta":"重点关注猝","bookmark":{"seq":28,"timestamp":1766136936729}}}
{"cursor":29,"bookmark":{"seq":29,"timestamp":1766136936729},"event":{"channel":"progress","type":"think_chunk","step":1,"delta":"死保障。\",\n","bookmark":{"seq":29,"timestamp":1766136936729}}}
{"cursor":30,"bookmark":{"seq":30,"timestamp":1766136936823},"event":{"channel":"progress","type":"think_chunk","step":1,"delta":"  \"","bookmark":{"seq":30,"timestamp":1766136936823}}}
{"cursor":31,"bookmark":{"seq":31,"timestamp":1766136936823},"event":{"channel":"progress","type":"think_chunk","step":1,"delta":"customer_profile\":","bookmark":{"seq":31,"timestamp":1766136936823}}}
{"cursor":32,"bookmark":{"seq":32,"timestamp":1766136936823},"event":{"channel":"progress","type":"think_chunk","step":1,"delta":" {\n","bookmark":{"seq":32,"timestamp":1766136936823}}}
{"cursor":33,"bookmark":{"seq":33,"timestamp":1766136936892},"event":{"channel":"progress","type":"think_chunk","step":1,"delta":"    \"name\":","bookmark":{"seq":33,"timestamp":1766136936892}}}
{"cursor":34,"bookmark":{"seq":34,"timestamp":1766136936973},"event":{"channel":"progress","type":"think_chunk","step":1,"delta":" \"王宝强\",\n    \"role\": \"","bookmark":{"seq":34,"timestamp":1766136936973}}}
{"cursor":35,"bookmark":{"seq":35,"timestamp":1766136936974},"event":{"channel":"progress","type":"think_chunk","step":1,"delta":"互联网行业（","bookmark":{"seq":35,"timestamp":1766136936974}}}
{"cursor":36,"bookmark":{"seq":36,"timestamp":1766136936974},"event":{"channel":"progress","type":"think_chunk","step":1,"delta":"具体职","bookmark":{"seq":36,"timestamp":1766136936974}}}
{"cursor":37,"bookmark":{"seq":37,"timestamp":1766136937161},"event":{"channel":"progress","type":"think_chunk","step":1,"delta":"位","bookmark":{"seq":37,"timestamp":1766136937161}}}
{"cursor":38,"bookmark":{"seq":38,"timestamp":1766136937161},"event":{"channel":"progress","type":"think_chunk","step":1,"delta":"待确认","bookmark":{"seq":38,"timestamp":1766136937161}}}
{"cursor":39,"bookmark":{"seq":39,"timestamp":1766136937162},"event":{"channel":"progress","type":"think_chunk","step":1,"delta":"）\",\n    \"","bookmark":{"seq":39,"timestamp":1766136937162}}}
{"cursor":40,"bookmark":{"seq":40,"timestamp":1766136937162},"event":{"channel":"progress","type":"think_chunk","step":1,"delta":"age\":","bookmark":{"seq":40,"timestamp":1766136937162}}}
{"cursor":41,"bookmark":{"seq":41,"timestamp":1766136937163},"event":{"channel":"progress","type":"think_chunk","step":1,"delta":" 30,\n  ","bookmark":{"seq":41,"timestamp":1766136937163}}}
{"cursor":42,"bookmark":{"seq":42,"timestamp":1766136937226},"event":{"channel":"progress","type":"think_chunk","step":1,"delta":"  \"annual_budget\":","bookmark":{"seq":42,"timestamp":1766136937226}}}
{"cursor":43,"bookmark":{"seq":43,"timestamp":1766136937227},"event":{"channel":"progress","type":"think_chunk","step":1,"delta":" \"5-","bookmark":{"seq":43,"timestamp":1766136937227}}}
{"cursor":44,"bookmark":{"seq":44,"timestamp":1766136937228},"event":{"channel":"progress","type":"think_chunk","step":1,"delta":"6万","bookmark":{"seq":44,"timestamp":1766136937228}}}
{"cursor":45,"bookmark":{"seq":45,"timestamp":1766136937312},"event":{"channel":"progress","type":"think_chunk","step":1,"delta":"\",\n    \"mar","bookmark":{"seq":45,"timestamp":1766136937312}}}
{"cursor":46,"bookmark":{"seq":46,"timestamp":1766136937312},"event":{"channel":"progress","type":"think_chunk","step":1,"delta":"ital_status","bookmark":{"seq":46,"timestamp":1766136937312}}}
{"cursor":47,"bookmark":{"seq":47,"timestamp":1766136937312},"event":{"channel":"progress","type":"think_chunk","step":1,"delta":"\": \"","bookmark":{"seq":47,"timestamp":1766136937312}}}
{"cursor":48,"bookmark":{"seq":48,"timestamp":1766136937454},"event":{"channel":"progress","type":"think_chunk","step":1,"delta":"未婚\",\n    \"","bookmark":{"seq":48,"timestamp":1766136937454}}}
{"cursor":49,"bookmark":{"seq":49,"timestamp":1766136937454},"event":{"channel":"progress","type":"think_chunk","step":1,"delta":"annual_income\": \"","bookmark":{"seq":49,"timestamp":1766136937454}}}
{"cursor":50,"bookmark":{"seq":50,"timestamp":1766136937482},"event":{"channel":"progress","type":"think_chunk","step":1,"delta":"50-60万","bookmark":{"seq":50,"timestamp":1766136937482}}}
{"cursor":51,"bookmark":{"seq":51,"timestamp":1766136937482},"event":{"channel":"progress","type":"think_chunk","step":1,"delta":"\",\n    \"location","bookmark":{"seq":51,"timestamp":1766136937482}}}
{"cursor":52,"bookmark":{"seq":52,"timestamp":1766136937482},"event":{"channel":"progress","type":"think_chunk","step":1,"delta":"\": \"","bookmark":{"seq":52,"timestamp":1766136937482}}}
{"cursor":53,"bookmark":{"seq":53,"timestamp":1766136937562},"event":{"channel":"progress","type":"think_chunk","step":1,"delta":"上海\",\n","bookmark":{"seq":53,"timestamp":1766136937562}}}
{"cursor":54,"bookmark":{"seq":54,"timestamp":1766136937563},"event":{"channel":"progress","type":"think_chunk","step":1,"delta":"    \"risk_factors\": [\"","bookmark":{"seq":54,"timestamp":1766136937563}}}
{"cursor":55,"bookmark":{"seq":55,"timestamp":1766136937660},"event":{"channel":"progress","type":"think_chunk","step":1,"delta":"互联网行业\", \"","bookmark":{"seq":55,"timestamp":1766136937660}}}
{"cursor":56,"bookmark":{"seq":56,"timestamp":1766136937660},"event":{"channel":"progress","type":"think_chunk","step":1,"delta":"睡眠不足\", \"","bookmark":{"seq":56,"timestamp":1766136937660}}}
{"cursor":57,"bookmark":{"seq":57,"timestamp":1766136937826},"event":{"channel":"progress","type":"think_chunk","step":1,"delta":"猝死担忧","bookmark":{"seq":57,"timestamp":1766136937826}}}
{"cursor":58,"bookmark":{"seq":58,"timestamp":1766136937827},"event":{"channel":"progress","type":"think_chunk","step":1,"delta":"\"],\n  ","bookmark":{"seq":58,"timestamp":1766136937827}}}
{"cursor":59,"bookmark":{"seq":59,"timestamp":1766136937827},"event":{"channel":"progress","type":"think_chunk","step":1,"delta":"  \"needs\": [\"","bookmark":{"seq":59,"timestamp":1766136937827}}}
{"cursor":60,"bookmark":{"seq":60,"timestamp":1766136937827},"event":{"channel":"progress","type":"think_chunk","step":1,"delta":"猝死","bookmark":{"seq":60,"timestamp":1766136937827}}}
{"cursor":61,"bookmark":{"seq":61,"timestamp":1766136937827},"event":{"channel":"progress","type":"think_chunk","step":1,"delta":"保障\", \"重疾保障","bookmark":{"seq":61,"timestamp":1766136937827}}}
{"cursor":62,"bookmark":{"seq":62,"timestamp":1766136937827},"event":{"channel":"progress","type":"think_chunk","step":1,"delta":"\"]\n  },\n","bookmark":{"seq":62,"timestamp":1766136937827}}}
{"cursor":63,"bookmark":{"seq":63,"timestamp":1766136937906},"event":{"channel":"progress","type":"think_chunk","step":1,"delta":"  \"insight","bookmark":{"seq":63,"timestamp":1766136937906}}}
{"cursor":64,"bookmark":{"seq":64,"timestamp":1766136938122},"event":{"channel":"progress","type":"think_chunk","step":1,"delta":"_summary\": \"王","bookmark":{"seq":64,"timestamp":1766136938122}}}
{"cursor":65,"bookmark":{"seq":65,"timestamp":1766136938130},"event":{"channel":"progress","type":"think_chunk","step":1,"delta":"先生作为互联网","bookmark":{"seq":65,"timestamp":1766136938130}}}
{"cursor":66,"bookmark":{"seq":66,"timestamp":1766136938131},"event":{"channel":"progress","type":"think_chunk","step":1,"delta":"从业者，面临","bookmark":{"seq":66,"timestamp":1766136938131}}}
{"cursor":67,"bookmark":{"seq":67,"timestamp":1766136938131},"event":{"channel":"progress","type":"think_chunk","step":1,"delta":"工作压力大","bookmark":{"seq":67,"timestamp":1766136938131}}}
{"cursor":68,"bookmark":{"seq":68,"timestamp":1766136938133},"event":{"channel":"progress","type":"think_chunk","step":1,"delta":"、睡眠不足的健康","bookmark":{"seq":68,"timestamp":1766136938133}}}
{"cursor":69,"bookmark":{"seq":69,"timestamp":1766136938134},"event":{"channel":"progress","type":"think_chunk","step":1,"delta":"风险，需","bookmark":{"seq":69,"timestamp":1766136938134}}}
{"cursor":70,"bookmark":{"seq":70,"timestamp":1766136938134},"event":{"channel":"progress","type":"think_chunk","step":1,"delta":"重点配置猝死","bookmark":{"seq":70,"timestamp":1766136938134}}}
{"cursor":71,"bookmark":{"seq":71,"timestamp":1766136938203},"event":{"channel":"progress","type":"think_chunk","step":1,"delta":"保障和重疾","bookmark":{"seq":71,"timestamp":1766136938203}}}
{"cursor":72,"bookmark":{"seq":72,"timestamp":1766136938203},"event":{"channel":"progress","type":"think_chunk","step":1,"delta":"保障。预算","bookmark":{"seq":72,"timestamp":1766136938203}}}
{"cursor":73,"bookmark":{"seq":73,"timestamp":1766136938300},"event":{"channel":"progress","type":"think_chunk","step":1,"delta":"5-6","bookmark":{"seq":73,"timestamp":1766136938300}}}
{"cursor":74,"bookmark":{"seq":74,"timestamp":1766136938300},"event":{"channel":"progress","type":"think_chunk","step":1,"delta":"万对","bookmark":{"seq":74,"timestamp":1766136938300}}}
{"cursor":75,"bookmark":{"seq":75,"timestamp":1766136938397},"event":{"channel":"progress","type":"think_chunk","step":1,"delta":"年收入50-60万","bookmark":{"seq":75,"timestamp":1766136938397}}}
{"cursor":76,"bookmark":{"seq":76,"timestamp":1766136938398},"event":{"channel":"progress","type":"think_chunk","step":1,"delta":"而言较为合理，可考虑","bookmark":{"seq":76,"timestamp":1766136938398}}}
{"cursor":77,"bookmark":{"seq":77,"timestamp":1766136938398},"event":{"channel":"progress","type":"think_chunk","step":1,"delta":"配置重疾险","bookmark":{"seq":77,"timestamp":1766136938398}}}
{"cursor":78,"bookmark":{"seq":78,"timestamp":1766136938461},"event":{"channel":"progress","type":"think_chunk","step":1,"delta":"和定期寿险","bookmark":{"seq":78,"timestamp":1766136938461}}}
{"cursor":79,"bookmark":{"seq":79,"timestamp":1766136938461},"event":{"channel":"progress","type":"think_chunk","step":1,"delta":"组合方","bookmark":{"seq":79,"timestamp":1766136938461}}}
{"cursor":80,"bookmark":{"seq":80,"timestamp":1766136938461},"event":{"channel":"progress","type":"think_chunk","step":1,"delta":"案。\",\n","bookmark":{"seq":80,"timestamp":1766136938461}}}
{"cursor":81,"bookmark":{"seq":81,"timestamp":1766136938536},"event":{"channel":"progress","type":"think_chunk","step":1,"delta":"  \"recommendations\":","bookmark":{"seq":81,"timestamp":1766136938536}}}
{"cursor":82,"bookmark":{"seq":82,"timestamp":1766136938536},"event":{"channel":"progress","type":"think_chunk","step":1,"delta":" [\n    {\n    ","bookmark":{"seq":82,"timestamp":1766136938536}}}
{"cursor":83,"bookmark":{"seq":83,"timestamp":1766136938621},"event":{"channel":"progress","type":"think_chunk","step":1,"delta":"  \"product_id\":","bookmark":{"seq":83,"timestamp":1766136938621}}}
{"cursor":84,"bookmark":{"seq":84,"timestamp":1766136938622},"event":{"channel":"progress","type":"think_chunk","step":1,"delta":" \"待确认\",\n","bookmark":{"seq":84,"timestamp":1766136938622}}}
{"cursor":85,"bookmark":{"seq":85,"timestamp":1766136938822},"event":{"channel":"progress","type":"think_chunk","step":1,"delta":"      \"product_name\": \"","bookmark":{"seq":85,"timestamp":1766136938822}}}
{"cursor":86,"bookmark":{"seq":86,"timestamp":1766136938915},"event":{"channel":"progress","type":"think_chunk","step":1,"delta":"待确认\",\n    ","bookmark":{"seq":86,"timestamp":1766136938915}}}
{"cursor":87,"bookmark":{"seq":87,"timestamp":1766136939052},"event":{"channel":"progress","type":"think_chunk","step":1,"delta":"  \"product","bookmark":{"seq":87,"timestamp":1766136939052}}}
{"cursor":88,"bookmark":{"seq":88,"timestamp":1766136939136},"event":{"channel":"progress","type":"think_chunk","step":1,"delta":"_type","bookmark":{"seq":88,"timestamp":1766136939136}}}
{"cursor":89,"bookmark":{"seq":89,"timestamp":1766136939237},"event":{"channel":"progress","type":"think_chunk","step":1,"delta":"\":","bookmark":{"seq":89,"timestamp":1766136939237}}}
{"cursor":90,"bookmark":{"seq":90,"timestamp":1766136939321},"event":{"channel":"progress","type":"think_chunk","step":1,"delta":" \"重疾险","bookmark":{"seq":90,"timestamp":1766136939321}}}
{"cursor":91,"bookmark":{"seq":91,"timestamp":1766136939321},"event":{"channel":"progress","type":"think_chunk","step":1,"delta":"\",\n      \"customer_fit\": \"针对互联网行业","bookmark":{"seq":91,"timestamp":1766136939321}}}
{"cursor":92,"bookmark":{"seq":92,"timestamp":1766136939321},"event":{"channel":"progress","type":"think_chunk","step":1,"delta":"的工作压力和熬夜习惯，提供","bookmark":{"seq":92,"timestamp":1766136939321}}}
{"cursor":93,"bookmark":{"seq":93,"timestamp":1766136939404},"event":{"channel":"progress","type":"think_chunk","step":1,"delta":"全面的重大疾病保障，应包含心脑血管疾病保障\",\n      \"coverage_highlights\":","bookmark":{"seq":93,"timestamp":1766136939404}}}
{"cursor":94,"bookmark":{"seq":94,"timestamp":1766136939404},"event":{"channel":"progress","type":"think_chunk","step":1,"delta":" [\"待确认\"],\n      \"tool_evidence\": [],\n      \"disclaimer\": \"所有推荐以实际核保及条款为准。","bookmark":{"seq":94,"timestamp":1766136939404}}}
{"cursor":95,"bookmark":{"seq":95,"timestamp":1766136939405},"event":{"channel":"progress","type":"think_chunk","step":1,"delta":"\"\n    },\n    {\n      \"product_id\":","bookmark":{"seq":95,"timestamp":1766136939405}}}
{"cursor":96,"bookmark":{"seq":96,"timestamp":1766136939482},"event":{"channel":"progress","type":"think_chunk","step":1,"delta":" \"待确认\",","bookmark":{"seq":96,"timestamp":1766136939482}}}
{"cursor":97,"bookmark":{"seq":97,"timestamp":1766136939483},"event":{"channel":"progress","type":"think_chunk","step":1,"delta":" \n      \"product","bookmark":{"seq":97,"timestamp":1766136939483}}}
{"cursor":98,"bookmark":{"seq":98,"timestamp":1766136939483},"event":{"channel":"progress","type":"think_chunk","step":1,"delta":"_name\": \"待","bookmark":{"seq":98,"timestamp":1766136939483}}}
{"cursor":99,"bookmark":{"seq":99,"timestamp":1766136939567},"event":{"channel":"progress","type":"think_chunk","step":1,"delta":"确认\",\n","bookmark":{"seq":99,"timestamp":1766136939567}}}
{"cursor":100,"bookmark":{"seq":100,"timestamp":1766136939567},"event":{"channel":"progress","type":"think_chunk","step":1,"delta":"      \"product_type","bookmark":{"seq":100,"timestamp":1766136939567}}}
{"cursor":101,"bookmark":{"seq":101,"timestamp":1766136939659},"event":{"channel":"progress","type":"think_chunk","step":1,"delta":"\": \"定期寿","bookmark":{"seq":101,"timestamp":1766136939659}}}
{"cursor":102,"bookmark":{"seq":102,"timestamp":1766136939659},"event":{"channel":"progress","type":"think_chunk","step":1,"delta":"险\",\n      \"","bookmark":{"seq":102,"timestamp":1766136939659}}}
{"cursor":103,"bookmark":{"seq":103,"timestamp":1766136939659},"event":{"channel":"progress","type":"think_chunk","step":1,"delta":"customer_fit","bookmark":{"seq":103,"timestamp":1766136939659}}}
{"cursor":104,"bookmark":{"seq":104,"timestamp":1766136939747},"event":{"channel":"progress","type":"think_chunk","step":1,"delta":"\": \"针对猝","bookmark":{"seq":104,"timestamp":1766136939747}}}
{"cursor":105,"bookmark":{"seq":105,"timestamp":1766136939748},"event":{"channel":"progress","type":"think_chunk","step":1,"delta":"死风险，提供","bookmark":{"seq":105,"timestamp":1766136939748}}}
{"cursor":106,"bookmark":{"seq":106,"timestamp":1766136939817},"event":{"channel":"progress","type":"think_chunk","step":1,"delta":"身故保障","bookmark":{"seq":106,"timestamp":1766136939817}}}
{"cursor":107,"bookmark":{"seq":107,"timestamp":1766136939818},"event":{"channel":"progress","type":"think_chunk","step":1,"delta":"，特别关注包含猝死责任","bookmark":{"seq":107,"timestamp":1766136939818}}}
{"cursor":108,"bookmark":{"seq":108,"timestamp":1766136939917},"event":{"channel":"progress","type":"think_chunk","step":1,"delta":"的产品\",\n","bookmark":{"seq":108,"timestamp":1766136939917}}}
{"cursor":109,"bookmark":{"seq":109,"timestamp":1766136939917},"event":{"channel":"progress","type":"think_chunk","step":1,"delta":"      \"coverage_high","bookmark":{"seq":109,"timestamp":1766136939917}}}
{"cursor":110,"bookmark":{"seq":110,"timestamp":1766136939918},"event":{"channel":"progress","type":"think_chunk","step":1,"delta":"lights\": [\"待","bookmark":{"seq":110,"timestamp":1766136939918}}}
{"cursor":111,"bookmark":{"seq":111,"timestamp":1766136939989},"event":{"channel":"progress","type":"think_chunk","step":1,"delta":"确认\"],\n      \"","bookmark":{"seq":111,"timestamp":1766136939989}}}
{"cursor":112,"bookmark":{"seq":112,"timestamp":1766136939990},"event":{"channel":"progress","type":"think_chunk","step":1,"delta":"tool_e","bookmark":{"seq":112,"timestamp":1766136939990}}}
{"cursor":113,"bookmark":{"seq":113,"timestamp":1766136939990},"event":{"channel":"progress","type":"think_chunk","step":1,"delta":"vidence\": [],\n    ","bookmark":{"seq":113,"timestamp":1766136939990}}}
{"cursor":114,"bookmark":{"seq":114,"timestamp":1766136940071},"event":{"channel":"progress","type":"think_chunk","step":1,"delta":"  \"disclaimer\":","bookmark":{"seq":114,"timestamp":1766136940071}}}
{"cursor":115,"bookmark":{"seq":115,"timestamp":1766136940072},"event":{"channel":"progress","type":"think_chunk","step":1,"delta":" \"所有","bookmark":{"seq":115,"timestamp":1766136940072}}}
{"cursor":116,"bookmark":{"seq":116,"timestamp":1766136940072},"event":{"channel":"progress","type":"think_chunk","step":1,"delta":"推荐以实际核","bookmark":{"seq":116,"timestamp":1766136940072}}}
{"cursor":117,"bookmark":{"seq":117,"timestamp":1766136940158},"event":{"channel":"progress","type":"think_chunk","step":1,"delta":"保及条款为准","bookmark":{"seq":117,"timestamp":1766136940158}}}
{"cursor":118,"bookmark":{"seq":118,"timestamp":1766136940159},"event":{"channel":"progress","type":"think_chunk","step":1,"delta":"。\"\n    }\n","bookmark":{"seq":118,"timestamp":1766136940159}}}
{"cursor":119,"bookmark":{"seq":119,"timestamp":1766136940246},"event":{"channel":"progress","type":"think_chunk","step":1,"delta":"  ],\n  \"","bookmark":{"seq":119,"timestamp":1766136940246}}}
{"cursor":120,"bookmark":{"seq":120,"timestamp":1766136940246},"event":{"channel":"progress","type":"think_chunk","step":1,"delta":"questions\": [\n  ","bookmark":{"seq":120,"timestamp":1766136940246}}}
{"cursor":121,"bookmark":{"seq":121,"timestamp":1766136940246},"event":{"channel":"progress","type":"think_chunk","step":1,"delta":"  \"您具体从事","bookmark":{"seq":121,"timestamp":1766136940246}}}
{"cursor":122,"bookmark":{"seq":122,"timestamp":1766136940323},"event":{"channel":"progress","type":"think_chunk","step":1,"delta":"互联网行业的","bookmark":{"seq":122,"timestamp":1766136940323}}}
{"cursor":123,"bookmark":{"seq":123,"timestamp":1766136940323},"event":{"channel":"progress","type":"think_chunk","step":1,"delta":"哪个职位？技术","bookmark":{"seq":123,"timestamp":1766136940323}}}
{"cursor":124,"bookmark":{"seq":124,"timestamp":1766136940407},"event":{"channel":"progress","type":"think_chunk","step":1,"delta":"、产品","bookmark":{"seq":124,"timestamp":1766136940407}}}
{"cursor":125,"bookmark":{"seq":125,"timestamp":1766136940407},"event":{"channel":"progress","type":"think_chunk","step":1,"delta":"还是运营","bookmark":{"seq":125,"timestamp":1766136940407}}}
{"cursor":126,"bookmark":{"seq":126,"timestamp":1766136940494},"event":{"channel":"progress","type":"think_chunk","step":1,"delta":"？\",\n    \"","bookmark":{"seq":126,"timestamp":1766136940494}}}
{"cursor":127,"bookmark":{"seq":127,"timestamp":1766136940494},"event":{"channel":"progress","type":"think_chunk","step":1,"delta":"您是否已有其他","bookmark":{"seq":127,"timestamp":1766136940494}}}
{"cursor":128,"bookmark":{"seq":128,"timestamp":1766136940584},"event":{"channel":"progress","type":"think_chunk","step":1,"delta":"保险保障？\"\n  ],\n  \"","bookmark":{"seq":128,"timestamp":1766136940584}}}
{"cursor":129,"bookmark":{"seq":129,"timestamp":1766136940584},"event":{"channel":"progress","type":"think_chunk","step":1,"delta":"next_actions","bookmark":{"seq":129,"timestamp":1766136940584}}}
{"cursor":130,"bookmark":{"seq":130,"timestamp":1766136940584},"event":{"channel":"progress","type":"think_chunk","step":1,"delta":"\": [\n    \"","bookmark":{"seq":130,"timestamp":1766136940584}}}
{"cursor":131,"bookmark":{"seq":131,"timestamp":1766136940663},"event":{"channel":"progress","type":"think_chunk","step":1,"delta":"根据您的需求","bookmark":{"seq":131,"timestamp":1766136940663}}}
{"cursor":132,"bookmark":{"seq":132,"timestamp":1766136940663},"event":{"channel":"progress","type":"think_chunk","step":1,"delta":"，我将为您搜索","bookmark":{"seq":132,"timestamp":1766136940663}}}
{"cursor":133,"bookmark":{"seq":133,"timestamp":1766136940744},"event":{"channel":"progress","type":"think_chunk","step":1,"delta":"最适合的","bookmark":{"seq":133,"timestamp":1766136940744}}}
{"cursor":134,"bookmark":{"seq":134,"timestamp":1766136940745},"event":{"channel":"progress","type":"think_chunk","step":1,"delta":"保险产品组合","bookmark":{"seq":134,"timestamp":1766136940745}}}
{"cursor":135,"bookmark":{"seq":135,"timestamp":1766136940745},"event":{"channel":"progress","type":"think_chunk","step":1,"delta":"\",\n","bookmark":{"seq":135,"timestamp":1766136940745}}}
{"cursor":136,"bookmark":{"seq":136,"timestamp":1766136940833},"event":{"channel":"progress","type":"think_chunk","step":1,"delta":"    \"建议您","bookmark":{"seq":136,"timestamp":1766136940833}}}
{"cursor":137,"bookmark":{"seq":137,"timestamp":1766136940833},"event":{"channel":"progress","type":"think_chunk","step":1,"delta":"准备好近","bookmark":{"seq":137,"timestamp":1766136940833}}}
{"cursor":138,"bookmark":{"seq":138,"timestamp":1766136940938},"event":{"channel":"progress","type":"think_chunk","step":1,"delta":"一年的","bookmark":{"seq":138,"timestamp":1766136940938}}}
{"cursor":139,"bookmark":{"seq":139,"timestamp":1766136940939},"event":{"channel":"progress","type":"think_chunk","step":1,"delta":"体检报告以便","bookmark":{"seq":139,"timestamp":1766136940939}}}
{"cursor":140,"bookmark":{"seq":140,"timestamp":1766136940939},"event":{"channel":"progress","type":"think_chunk","step":1,"delta":"核保","bookmark":{"seq":140,"timestamp":1766136940939}}}
{"cursor":141,"bookmark":{"seq":141,"timestamp":1766136940996},"event":{"channel":"progress","type":"think_chunk","step":1,"delta":"\"\n  ]\n}\n","bookmark":{"seq":141,"timestamp":1766136940996}}}
{"cursor":142,"bookmark":{"seq":142,"timestamp":1766136940996},"event":{"channel":"progress","type":"think_chunk","step":1,"delta":"```","bookmark":{"seq":142,"timestamp":1766136940996}}}
{"cursor":143,"bookmark":{"seq":143,"timestamp":1766136941115},"event":{"channel":"progress","type":"think_chunk_end","step":1,"bookmark":{"seq":143,"timestamp":1766136941115}}}
{"cursor":145,"bookmark":{"seq":145,"timestamp":1766136941126},"event":{"channel":"progress","type":"done","step":1,"reason":"completed","bookmark":{"seq":145,"timestamp":1766136941126}}}
