{"cursor":4,"bookmark":{"seq":4,"timestamp":1766132014485},"event":{"channel":"progress","type":"think_chunk_start","step":1,"bookmark":{"seq":4,"timestamp":1766132014485}}}
{"cursor":5,"bookmark":{"seq":5,"timestamp":1766132017323},"event":{"channel":"progress","type":"think_chunk","step":1,"delta":"```json\n","bookmark":{"seq":5,"timestamp":1766132017323}}}
{"cursor":6,"bookmark":{"seq":6,"timestamp":1766132017323},"event":{"channel":"progress","type":"think_chunk","step":1,"delta":"{\n","bookmark":{"seq":6,"timestamp":1766132017323}}}
{"cursor":7,"bookmark":{"seq":7,"timestamp":1766132017325},"event":{"channel":"progress","type":"think_chunk","step":1,"delta":"  \"thought","bookmark":{"seq":7,"timestamp":1766132017325}}}
{"cursor":8,"bookmark":{"seq":8,"timestamp":1766132017357},"event":{"channel":"progress","type":"think_chunk","step":1,"delta":"\": \"","bookmark":{"seq":8,"timestamp":1766132017357}}}
{"cursor":9,"bookmark":{"seq":9,"timestamp":1766132017379},"event":{"channel":"progress","type":"think_chunk","step":1,"delta":"用户纠正","bookmark":{"seq":9,"timestamp":1766132017379}}}
{"cursor":10,"bookmark":{"seq":10,"timestamp":1766132017401},"event":{"channel":"progress","type":"think_chunk","step":1,"delta":"了姓名","bookmark":{"seq":10,"timestamp":1766132017401}}}
{"cursor":11,"bookmark":{"seq":11,"timestamp":1766132017440},"event":{"channel":"progress","type":"think_chunk","step":1,"delta":"信息","bookmark":{"seq":11,"timestamp":1766132017440}}}
{"cursor":12,"bookmark":{"seq":12,"timestamp":1766132017479},"event":{"channel":"progress","type":"think_chunk","step":1,"delta":"，表明他们","bookmark":{"seq":12,"timestamp":1766132017479}}}
{"cursor":13,"bookmark":{"seq":13,"timestamp":1766132017488},"event":{"channel":"progress","type":"think_chunk","step":1,"delta":"并非","bookmark":{"seq":13,"timestamp":1766132017488}}}
{"cursor":14,"bookmark":{"seq":14,"timestamp":1766132017518},"event":{"channel":"progress","type":"think_chunk","step":1,"delta":"之前","bookmark":{"seq":14,"timestamp":1766132017518}}}
{"cursor":15,"bookmark":{"seq":15,"timestamp":1766132017560},"event":{"channel":"progress","type":"think_chunk","step":1,"delta":"描述的客户画像","bookmark":{"seq":15,"timestamp":1766132017560}}}
{"cursor":16,"bookmark":{"seq":16,"timestamp":1766132017602},"event":{"channel":"progress","type":"think_chunk","step":1,"delta":"中的王志远","bookmark":{"seq":16,"timestamp":1766132017602}}}
{"cursor":17,"bookmark":{"seq":17,"timestamp":1766132017622},"event":{"channel":"progress","type":"think_chunk","step":1,"delta":"。需要","bookmark":{"seq":17,"timestamp":1766132017622}}}
{"cursor":18,"bookmark":{"seq":18,"timestamp":1766132017644},"event":{"channel":"progress","type":"think_chunk","step":1,"delta":"确认","bookmark":{"seq":18,"timestamp":1766132017644}}}
{"cursor":19,"bookmark":{"seq":19,"timestamp":1766132017665},"event":{"channel":"progress","type":"think_chunk","step":1,"delta":"客户的","bookmark":{"seq":19,"timestamp":1766132017665}}}
{"cursor":20,"bookmark":{"seq":20,"timestamp":1766132017711},"event":{"channel":"progress","type":"think_chunk","step":1,"delta":"真实身份","bookmark":{"seq":20,"timestamp":1766132017711}}}
{"cursor":21,"bookmark":{"seq":21,"timestamp":1766132017712},"event":{"channel":"progress","type":"think_chunk","step":1,"delta":"信息","bookmark":{"seq":21,"timestamp":1766132017712}}}
{"cursor":22,"bookmark":{"seq":22,"timestamp":1766132017729},"event":{"channel":"progress","type":"think_chunk","step":1,"delta":"，以便","bookmark":{"seq":22,"timestamp":1766132017729}}}
{"cursor":23,"bookmark":{"seq":23,"timestamp":1766132017787},"event":{"channel":"progress","type":"think_chunk","step":1,"delta":"提供","bookmark":{"seq":23,"timestamp":1766132017787}}}
{"cursor":24,"bookmark":{"seq":24,"timestamp":1766132017788},"event":{"channel":"progress","type":"think_chunk","step":1,"delta":"准确的保险","bookmark":{"seq":24,"timestamp":1766132017788}}}
{"cursor":25,"bookmark":{"seq":25,"timestamp":1766132017826},"event":{"channel":"progress","type":"think_chunk","step":1,"delta":"咨询服务","bookmark":{"seq":25,"timestamp":1766132017826}}}
{"cursor":26,"bookmark":{"seq":26,"timestamp":1766132017827},"event":{"channel":"progress","type":"think_chunk","step":1,"delta":"。\",\n  \"cust","bookmark":{"seq":26,"timestamp":1766132017827}}}
{"cursor":27,"bookmark":{"seq":27,"timestamp":1766132017844},"event":{"channel":"progress","type":"think_chunk","step":1,"delta":"omer","bookmark":{"seq":27,"timestamp":1766132017844}}}
{"cursor":28,"bookmark":{"seq":28,"timestamp":1766132017882},"event":{"channel":"progress","type":"think_chunk","step":1,"delta":"_profile\": {\n  ","bookmark":{"seq":28,"timestamp":1766132017882}}}
{"cursor":29,"bookmark":{"seq":29,"timestamp":1766132017901},"event":{"channel":"progress","type":"think_chunk","step":1,"delta":"  \"name","bookmark":{"seq":29,"timestamp":1766132017901}}}
{"cursor":30,"bookmark":{"seq":30,"timestamp":1766132017931},"event":{"channel":"progress","type":"think_chunk","step":1,"delta":"\": \"","bookmark":{"seq":30,"timestamp":1766132017931}}}
{"cursor":31,"bookmark":{"seq":31,"timestamp":1766132017944},"event":{"channel":"progress","type":"think_chunk","step":1,"delta":"jojo","bookmark":{"seq":31,"timestamp":1766132017944}}}
{"cursor":32,"bookmark":{"seq":32,"timestamp":1766132017970},"event":{"channel":"progress","type":"think_chunk","step":1,"delta":"\",\n  ","bookmark":{"seq":32,"timestamp":1766132017970}}}
{"cursor":33,"bookmark":{"seq":33,"timestamp":1766132018011},"event":{"channel":"progress","type":"think_chunk","step":1,"delta":"  \"role\": \"","bookmark":{"seq":33,"timestamp":1766132018011}}}
{"cursor":34,"bookmark":{"seq":34,"timestamp":1766132018051},"event":{"channel":"progress","type":"think_chunk","step":1,"delta":"待确认\",\n  ","bookmark":{"seq":34,"timestamp":1766132018051}}}
{"cursor":35,"bookmark":{"seq":35,"timestamp":1766132018089},"event":{"channel":"progress","type":"think_chunk","step":1,"delta":"  \"age\": \"","bookmark":{"seq":35,"timestamp":1766132018089}}}
{"cursor":36,"bookmark":{"seq":36,"timestamp":1766132018115},"event":{"channel":"progress","type":"think_chunk","step":1,"delta":"待确认","bookmark":{"seq":36,"timestamp":1766132018115}}}
{"cursor":37,"bookmark":{"seq":37,"timestamp":1766132018152},"event":{"channel":"progress","type":"think_chunk","step":1,"delta":"\",\n    \"annual","bookmark":{"seq":37,"timestamp":1766132018152}}}
{"cursor":38,"bookmark":{"seq":38,"timestamp":1766132018175},"event":{"channel":"progress","type":"think_chunk","step":1,"delta":"_budget\":","bookmark":{"seq":38,"timestamp":1766132018175}}}
{"cursor":39,"bookmark":{"seq":39,"timestamp":1766132018208},"event":{"channel":"progress","type":"think_chunk","step":1,"delta":" \"待","bookmark":{"seq":39,"timestamp":1766132018208}}}
{"cursor":40,"bookmark":{"seq":40,"timestamp":1766132018235},"event":{"channel":"progress","type":"think_chunk","step":1,"delta":"确认\",\n    \"","bookmark":{"seq":40,"timestamp":1766132018235}}}
{"cursor":41,"bookmark":{"seq":41,"timestamp":1766132018270},"event":{"channel":"progress","type":"think_chunk","step":1,"delta":"marital","bookmark":{"seq":41,"timestamp":1766132018270}}}
{"cursor":42,"bookmark":{"seq":42,"timestamp":1766132018457},"event":{"channel":"progress","type":"think_chunk","step":1,"delta":"_status\": \"待","bookmark":{"seq":42,"timestamp":1766132018457}}}
{"cursor":43,"bookmark":{"seq":43,"timestamp":1766132018478},"event":{"channel":"progress","type":"think_chunk","step":1,"delta":"确认\",\n","bookmark":{"seq":43,"timestamp":1766132018478}}}
{"cursor":44,"bookmark":{"seq":44,"timestamp":1766132018497},"event":{"channel":"progress","type":"think_chunk","step":1,"delta":"    \"","bookmark":{"seq":44,"timestamp":1766132018497}}}
{"cursor":45,"bookmark":{"seq":45,"timestamp":1766132018523},"event":{"channel":"progress","type":"think_chunk","step":1,"delta":"annual_income","bookmark":{"seq":45,"timestamp":1766132018523}}}
{"cursor":46,"bookmark":{"seq":46,"timestamp":1766132018542},"event":{"channel":"progress","type":"think_chunk","step":1,"delta":"\": \"","bookmark":{"seq":46,"timestamp":1766132018542}}}
{"cursor":47,"bookmark":{"seq":47,"timestamp":1766132018566},"event":{"channel":"progress","type":"think_chunk","step":1,"delta":"待确认","bookmark":{"seq":47,"timestamp":1766132018566}}}
{"cursor":48,"bookmark":{"seq":48,"timestamp":1766132018591},"event":{"channel":"progress","type":"think_chunk","step":1,"delta":"\",\n    ","bookmark":{"seq":48,"timestamp":1766132018591}}}
{"cursor":49,"bookmark":{"seq":49,"timestamp":1766132018605},"event":{"channel":"progress","type":"think_chunk","step":1,"delta":"\"location","bookmark":{"seq":49,"timestamp":1766132018605}}}
{"cursor":50,"bookmark":{"seq":50,"timestamp":1766132018647},"event":{"channel":"progress","type":"think_chunk","step":1,"delta":"\": \"待","bookmark":{"seq":50,"timestamp":1766132018647}}}
{"cursor":51,"bookmark":{"seq":51,"timestamp":1766132018650},"event":{"channel":"progress","type":"think_chunk","step":1,"delta":"确认","bookmark":{"seq":51,"timestamp":1766132018650}}}
{"cursor":52,"bookmark":{"seq":52,"timestamp":1766132018672},"event":{"channel":"progress","type":"think_chunk","step":1,"delta":"\",\n  ","bookmark":{"seq":52,"timestamp":1766132018672}}}
{"cursor":53,"bookmark":{"seq":53,"timestamp":1766132018696},"event":{"channel":"progress","type":"think_chunk","step":1,"delta":"  \"risk","bookmark":{"seq":53,"timestamp":1766132018696}}}
{"cursor":54,"bookmark":{"seq":54,"timestamp":1766132018725},"event":{"channel":"progress","type":"think_chunk","step":1,"delta":"_factors\":","bookmark":{"seq":54,"timestamp":1766132018725}}}
{"cursor":55,"bookmark":{"seq":55,"timestamp":1766132018769},"event":{"channel":"progress","type":"think_chunk","step":1,"delta":" \"待确认\",\n","bookmark":{"seq":55,"timestamp":1766132018769}}}
{"cursor":56,"bookmark":{"seq":56,"timestamp":1766132018782},"event":{"channel":"progress","type":"think_chunk","step":1,"delta":"    \"","bookmark":{"seq":56,"timestamp":1766132018782}}}
{"cursor":57,"bookmark":{"seq":57,"timestamp":1766132018804},"event":{"channel":"progress","type":"think_chunk","step":1,"delta":"needs\": \"","bookmark":{"seq":57,"timestamp":1766132018804}}}
{"cursor":58,"bookmark":{"seq":58,"timestamp":1766132018825},"event":{"channel":"progress","type":"think_chunk","step":1,"delta":"待确认","bookmark":{"seq":58,"timestamp":1766132018825}}}
{"cursor":59,"bookmark":{"seq":59,"timestamp":1766132018858},"event":{"channel":"progress","type":"think_chunk","step":1,"delta":"\"\n","bookmark":{"seq":59,"timestamp":1766132018858}}}
{"cursor":60,"bookmark":{"seq":60,"timestamp":1766132018866},"event":{"channel":"progress","type":"think_chunk","step":1,"delta":"  },\n","bookmark":{"seq":60,"timestamp":1766132018866}}}
{"cursor":61,"bookmark":{"seq":61,"timestamp":1766132018892},"event":{"channel":"progress","type":"think_chunk","step":1,"delta":"  \"","bookmark":{"seq":61,"timestamp":1766132018892}}}
{"cursor":62,"bookmark":{"seq":62,"timestamp":1766132019015},"event":{"channel":"progress","type":"think_chunk","step":1,"delta":"insight_summary\":","bookmark":{"seq":62,"timestamp":1766132019015}}}
{"cursor":63,"bookmark":{"seq":63,"timestamp":1766132019054},"event":{"channel":"progress","type":"think_chunk","step":1,"delta":" \"用户姓名","bookmark":{"seq":63,"timestamp":1766132019054}}}
{"cursor":64,"bookmark":{"seq":64,"timestamp":1766132019083},"event":{"channel":"progress","type":"think_chunk","step":1,"delta":"并非","bookmark":{"seq":64,"timestamp":1766132019083}}}
{"cursor":65,"bookmark":{"seq":65,"timestamp":1766132019099},"event":{"channel":"progress","type":"think_chunk","step":1,"delta":"王志","bookmark":{"seq":65,"timestamp":1766132019099}}}
{"cursor":66,"bookmark":{"seq":66,"timestamp":1766132019137},"event":{"channel":"progress","type":"think_chunk","step":1,"delta":"远，实际","bookmark":{"seq":66,"timestamp":1766132019137}}}
{"cursor":67,"bookmark":{"seq":67,"timestamp":1766132019160},"event":{"channel":"progress","type":"think_chunk","step":1,"delta":"身份","bookmark":{"seq":67,"timestamp":1766132019160}}}
{"cursor":68,"bookmark":{"seq":68,"timestamp":1766132019180},"event":{"channel":"progress","type":"think_chunk","step":1,"delta":"为jo","bookmark":{"seq":68,"timestamp":1766132019180}}}
{"cursor":69,"bookmark":{"seq":69,"timestamp":1766132019209},"event":{"channel":"progress","type":"think_chunk","step":1,"delta":"jo，","bookmark":{"seq":69,"timestamp":1766132019209}}}
{"cursor":70,"bookmark":{"seq":70,"timestamp":1766132019247},"event":{"channel":"progress","type":"think_chunk","step":1,"delta":"需要进一步收集","bookmark":{"seq":70,"timestamp":1766132019247}}}
{"cursor":71,"bookmark":{"seq":71,"timestamp":1766132019291},"event":{"channel":"progress","type":"think_chunk","step":1,"delta":"客户信息","bookmark":{"seq":71,"timestamp":1766132019291}}}
{"cursor":72,"bookmark":{"seq":72,"timestamp":1766132019403},"event":{"channel":"progress","type":"think_chunk","step":1,"delta":"才能提供","bookmark":{"seq":72,"timestamp":1766132019403}}}
{"cursor":73,"bookmark":{"seq":73,"timestamp":1766132019439},"event":{"channel":"progress","type":"think_chunk","step":1,"delta":"定制化保险","bookmark":{"seq":73,"timestamp":1766132019439}}}
{"cursor":74,"bookmark":{"seq":74,"timestamp":1766132019480},"event":{"channel":"progress","type":"think_chunk","step":1,"delta":"建议。\",\n  \"","bookmark":{"seq":74,"timestamp":1766132019480}}}
{"cursor":75,"bookmark":{"seq":75,"timestamp":1766132019506},"event":{"channel":"progress","type":"think_chunk","step":1,"delta":"recommendations","bookmark":{"seq":75,"timestamp":1766132019506}}}
{"cursor":76,"bookmark":{"seq":76,"timestamp":1766132019535},"event":{"channel":"progress","type":"think_chunk","step":1,"delta":"\": [],\n","bookmark":{"seq":76,"timestamp":1766132019535}}}
{"cursor":77,"bookmark":{"seq":77,"timestamp":1766132019650},"event":{"channel":"progress","type":"think_chunk","step":1,"delta":"  \"questions\":","bookmark":{"seq":77,"timestamp":1766132019650}}}
{"cursor":78,"bookmark":{"seq":78,"timestamp":1766132019668},"event":{"channel":"progress","type":"think_chunk","step":1,"delta":" [\n  ","bookmark":{"seq":78,"timestamp":1766132019668}}}
{"cursor":79,"bookmark":{"seq":79,"timestamp":1766132019696},"event":{"channel":"progress","type":"think_chunk","step":1,"delta":"  \"您","bookmark":{"seq":79,"timestamp":1766132019696}}}
{"cursor":80,"bookmark":{"seq":80,"timestamp":1766132019714},"event":{"channel":"progress","type":"think_chunk","step":1,"delta":"能","bookmark":{"seq":80,"timestamp":1766132019714}}}
{"cursor":81,"bookmark":{"seq":81,"timestamp":1766132019733},"event":{"channel":"progress","type":"think_chunk","step":1,"delta":"提供一些","bookmark":{"seq":81,"timestamp":1766132019733}}}
{"cursor":82,"bookmark":{"seq":82,"timestamp":1766132019755},"event":{"channel":"progress","type":"think_chunk","step":1,"delta":"基本信息吗？","bookmark":{"seq":82,"timestamp":1766132019755}}}
{"cursor":83,"bookmark":{"seq":83,"timestamp":1766132019776},"event":{"channel":"progress","type":"think_chunk","step":1,"delta":"如年龄","bookmark":{"seq":83,"timestamp":1766132019776}}}
{"cursor":84,"bookmark":{"seq":84,"timestamp":1766132019797},"event":{"channel":"progress","type":"think_chunk","step":1,"delta":"、职","bookmark":{"seq":84,"timestamp":1766132019797}}}
{"cursor":85,"bookmark":{"seq":85,"timestamp":1766132019832},"event":{"channel":"progress","type":"think_chunk","step":1,"delta":"业、","bookmark":{"seq":85,"timestamp":1766132019832}}}
{"cursor":86,"bookmark":{"seq":86,"timestamp":1766132019851},"event":{"channel":"progress","type":"think_chunk","step":1,"delta":"家庭","bookmark":{"seq":86,"timestamp":1766132019851}}}
{"cursor":87,"bookmark":{"seq":87,"timestamp":1766132019864},"event":{"channel":"progress","type":"think_chunk","step":1,"delta":"状况等","bookmark":{"seq":87,"timestamp":1766132019864}}}
{"cursor":88,"bookmark":{"seq":88,"timestamp":1766132019889},"event":{"channel":"progress","type":"think_chunk","step":1,"delta":"\",\n","bookmark":{"seq":88,"timestamp":1766132019889}}}
{"cursor":89,"bookmark":{"seq":89,"timestamp":1766132019932},"event":{"channel":"progress","type":"think_chunk","step":1,"delta":"    \"您目前","bookmark":{"seq":89,"timestamp":1766132019932}}}
{"cursor":90,"bookmark":{"seq":90,"timestamp":1766132019956},"event":{"channel":"progress","type":"think_chunk","step":1,"delta":"有哪些","bookmark":{"seq":90,"timestamp":1766132019956}}}
{"cursor":91,"bookmark":{"seq":91,"timestamp":1766132019978},"event":{"channel":"progress","type":"think_chunk","step":1,"delta":"保险需求","bookmark":{"seq":91,"timestamp":1766132019978}}}
{"cursor":92,"bookmark":{"seq":92,"timestamp":1766132020005},"event":{"channel":"progress","type":"think_chunk","step":1,"delta":"或想要","bookmark":{"seq":92,"timestamp":1766132020005}}}
{"cursor":93,"bookmark":{"seq":93,"timestamp":1766132020042},"event":{"channel":"progress","type":"think_chunk","step":1,"delta":"了解哪种类型的保险","bookmark":{"seq":93,"timestamp":1766132020042}}}
{"cursor":94,"bookmark":{"seq":94,"timestamp":1766132020061},"event":{"channel":"progress","type":"think_chunk","step":1,"delta":"产品？","bookmark":{"seq":94,"timestamp":1766132020061}}}
{"cursor":95,"bookmark":{"seq":95,"timestamp":1766132020101},"event":{"channel":"progress","type":"think_chunk","step":1,"delta":"\"\n","bookmark":{"seq":95,"timestamp":1766132020101}}}
{"cursor":96,"bookmark":{"seq":96,"timestamp":1766132020130},"event":{"channel":"progress","type":"think_chunk","step":1,"delta":"  ],\n  \"next","bookmark":{"seq":96,"timestamp":1766132020130}}}
{"cursor":97,"bookmark":{"seq":97,"timestamp":1766132020152},"event":{"channel":"progress","type":"think_chunk","step":1,"delta":"_actions\":","bookmark":{"seq":97,"timestamp":1766132020152}}}
{"cursor":98,"bookmark":{"seq":98,"timestamp":1766132020198},"event":{"channel":"progress","type":"think_chunk","step":1,"delta":" [\"根据","bookmark":{"seq":98,"timestamp":1766132020198}}}
{"cursor":99,"bookmark":{"seq":99,"timestamp":1766132020198},"event":{"channel":"progress","type":"think_chunk","step":1,"delta":"客户提供的","bookmark":{"seq":99,"timestamp":1766132020198}}}
{"cursor":100,"bookmark":{"seq":100,"timestamp":1766132020254},"event":{"channel":"progress","type":"think_chunk","step":1,"delta":"详细信息，","bookmark":{"seq":100,"timestamp":1766132020254}}}
{"cursor":101,"bookmark":{"seq":101,"timestamp":1766132020254},"event":{"channel":"progress","type":"think_chunk","step":1,"delta":"进行","bookmark":{"seq":101,"timestamp":1766132020254}}}
{"cursor":102,"bookmark":{"seq":102,"timestamp":1766132020260},"event":{"channel":"progress","type":"think_chunk","step":1,"delta":"保险","bookmark":{"seq":102,"timestamp":1766132020260}}}
{"cursor":103,"bookmark":{"seq":103,"timestamp":1766132020283},"event":{"channel":"progress","type":"think_chunk","step":1,"delta":"产品分析和","bookmark":{"seq":103,"timestamp":1766132020283}}}
{"cursor":104,"bookmark":{"seq":104,"timestamp":1766132020303},"event":{"channel":"progress","type":"think_chunk","step":1,"delta":"推荐","bookmark":{"seq":104,"timestamp":1766132020303}}}
{"cursor":105,"bookmark":{"seq":105,"timestamp":1766132020324},"event":{"channel":"progress","type":"think_chunk","step":1,"delta":"\"]\n}\n","bookmark":{"seq":105,"timestamp":1766132020324}}}
{"cursor":106,"bookmark":{"seq":106,"timestamp":1766132020327},"event":{"channel":"progress","type":"think_chunk","step":1,"delta":"```","bookmark":{"seq":106,"timestamp":1766132020327}}}
{"cursor":107,"bookmark":{"seq":107,"timestamp":1766132020446},"event":{"channel":"progress","type":"think_chunk_end","step":1,"bookmark":{"seq":107,"timestamp":1766132020446}}}
{"cursor":109,"bookmark":{"seq":109,"timestamp":1766132020464},"event":{"channel":"progress","type":"done","step":1,"reason":"completed","bookmark":{"seq":109,"timestamp":1766132020464}}}
