{"cursor":0,"bookmark":{"seq":0,"timestamp":1766137144658},"event":{"channel":"monitor","type":"tool_manual_updated","tools":["insurance_filter","insurance_search","insurance_inspect"],"timestamp":1766137144658,"bookmark":{"seq":0,"timestamp":1766137144658}}}
{"cursor":1,"bookmark":{"seq":1,"timestamp":1766137144660},"event":{"channel":"monitor","type":"state_changed","state":"WORKING","bookmark":{"seq":1,"timestamp":1766137144660}}}
{"cursor":2,"bookmark":{"seq":2,"timestamp":1766137144660},"event":{"channel":"monitor","type":"breakpoint_changed","previous":"READY","current":"PRE_MODEL","timestamp":1766137144660,"bookmark":{"seq":2,"timestamp":1766137144660}}}
{"cursor":3,"bookmark":{"seq":3,"timestamp":1766137144662},"event":{"channel":"monitor","type":"breakpoint_changed","previous":"PRE_MODEL","current":"STREAMING_MODEL","timestamp":1766137144662,"bookmark":{"seq":3,"timestamp":1766137144662}}}
{"cursor":133,"bookmark":{"seq":133,"timestamp":1766137152392},"event":{"channel":"monitor","type":"token_usage","inputTokens":1,"outputTokens":745,"totalTokens":746,"bookmark":{"seq":133,"timestamp":1766137152392}}}
{"cursor":135,"bookmark":{"seq":135,"timestamp":1766137152394},"event":{"channel":"monitor","type":"step_complete","step":2,"bookmark":{"seq":135,"timestamp":1766137152394}}}
{"cursor":136,"bookmark":{"seq":136,"timestamp":1766137152394},"event":{"channel":"monitor","type":"state_changed","state":"READY","bookmark":{"seq":136,"timestamp":1766137152394}}}
{"cursor":137,"bookmark":{"seq":137,"timestamp":1766137152394},"event":{"channel":"monitor","type":"breakpoint_changed","previous":"STREAMING_MODEL","current":"READY","timestamp":1766137152394,"bookmark":{"seq":137,"timestamp":1766137152394}}}
{"cursor":138,"bookmark":{"seq":138,"timestamp":1766137332351},"event":{"channel":"monitor","type":"state_changed","state":"WORKING","bookmark":{"seq":138,"timestamp":1766137332351}}}
{"cursor":139,"bookmark":{"seq":139,"timestamp":1766137332351},"event":{"channel":"monitor","type":"breakpoint_changed","previous":"READY","current":"PRE_MODEL","timestamp":1766137332351,"bookmark":{"seq":139,"timestamp":1766137332351}}}
{"cursor":140,"bookmark":{"seq":140,"timestamp":1766137332353},"event":{"channel":"monitor","type":"breakpoint_changed","previous":"PRE_MODEL","current":"STREAMING_MODEL","timestamp":1766137332353,"bookmark":{"seq":140,"timestamp":1766137332353}}}
{"cursor":142,"bookmark":{"seq":142,"timestamp":1766137360704},"event":{"channel":"monitor","type":"token_usage","inputTokens":3543,"outputTokens":61,"totalTokens":3604,"bookmark":{"seq":142,"timestamp":1766137360704}}}
{"cursor":143,"bookmark":{"seq":143,"timestamp":1766137360707},"event":{"channel":"monitor","type":"breakpoint_changed","previous":"STREAMING_MODEL","current":"TOOL_PENDING","timestamp":1766137360707,"bookmark":{"seq":143,"timestamp":1766137360707}}}
{"cursor":145,"bookmark":{"seq":145,"timestamp":1766137360714},"event":{"channel":"monitor","type":"breakpoint_changed","previous":"TOOL_PENDING","current":"PRE_TOOL","timestamp":1766137360714,"bookmark":{"seq":145,"timestamp":1766137360714}}}
{"cursor":146,"bookmark":{"seq":146,"timestamp":1766137360715},"event":{"channel":"monitor","type":"breakpoint_changed","previous":"PRE_TOOL","current":"TOOL_EXECUTING","timestamp":1766137360715,"bookmark":{"seq":146,"timestamp":1766137360715}}}
{"cursor":147,"bookmark":{"seq":147,"timestamp":1766137360727},"event":{"channel":"monitor","type":"tool_executed","call":{"id":"call_bpqwpgprs6o","name":"insurance_filter","state":"COMPLETED","approval":{"required":false},"result":{"ok":true,"count":4,"products":[{"id":27,"product_name":"友邦附加万全如意 A 款豁免保费重大疾病保险","product_type":"重疾险","age_range":"18周岁至55周岁"},{"id":33,"product_name":"友邦附加盈如意顺心版提前给付重大疾病保险","product_type":"重疾险","age_range":"18周岁至55周岁"},{"id":42,"product_name":"友邦友如意顺心版（2025）重大疾病保险","product_type":"重疾险","age_range":"18周岁至55周岁"},{"id":30,"product_name":"友邦附加爱如意 D 款恶性肿瘤（重度）疾病保险","product_type":"重疾险","age_range":"男性0-50周岁，女性0-45周岁"}]},"durationMs":13,"startedAt":1766137360714,"completedAt":1766137360727,"inputPreview":"{\"age_min\":30,\"age_max\":30,\"product_type\":\"重疾险\"}","auditTrail":[{"state":"PENDING","timestamp":1766137360707},{"state":"EXECUTING","timestamp":1766137360714,"note":"execution start"},{"state":"COMPLETED","timestamp":1766137360727,"note":"execution complete"}]},"bookmark":{"seq":147,"timestamp":1766137360727}}}
{"cursor":148,"bookmark":{"seq":148,"timestamp":1766137360727},"event":{"channel":"monitor","type":"breakpoint_changed","previous":"TOOL_EXECUTING","current":"POST_TOOL","timestamp":1766137360727,"bookmark":{"seq":148,"timestamp":1766137360727}}}
{"cursor":150,"bookmark":{"seq":150,"timestamp":1766137360728},"event":{"channel":"monitor","type":"state_changed","state":"READY","bookmark":{"seq":150,"timestamp":1766137360728}}}
{"cursor":151,"bookmark":{"seq":151,"timestamp":1766137360729},"event":{"channel":"monitor","type":"breakpoint_changed","previous":"POST_TOOL","current":"READY","timestamp":1766137360729,"bookmark":{"seq":151,"timestamp":1766137360729}}}
{"cursor":152,"bookmark":{"seq":152,"timestamp":1766137360729},"event":{"channel":"monitor","type":"state_changed","state":"WORKING","bookmark":{"seq":152,"timestamp":1766137360729}}}
{"cursor":153,"bookmark":{"seq":153,"timestamp":1766137360729},"event":{"channel":"monitor","type":"breakpoint_changed","previous":"READY","current":"PRE_MODEL","timestamp":1766137360729,"bookmark":{"seq":153,"timestamp":1766137360729}}}
{"cursor":154,"bookmark":{"seq":154,"timestamp":1766137360729},"event":{"channel":"monitor","type":"breakpoint_changed","previous":"PRE_MODEL","current":"STREAMING_MODEL","timestamp":1766137360729,"bookmark":{"seq":154,"timestamp":1766137360729}}}
{"cursor":156,"bookmark":{"seq":156,"timestamp":1766137362295},"event":{"channel":"monitor","type":"token_usage","inputTokens":1182,"outputTokens":42,"totalTokens":1224,"bookmark":{"seq":156,"timestamp":1766137362295}}}
{"cursor":157,"bookmark":{"seq":157,"timestamp":1766137362317},"event":{"channel":"monitor","type":"breakpoint_changed","previous":"STREAMING_MODEL","current":"TOOL_PENDING","timestamp":1766137362317,"bookmark":{"seq":157,"timestamp":1766137362317}}}
{"cursor":159,"bookmark":{"seq":159,"timestamp":1766137362319},"event":{"channel":"monitor","type":"breakpoint_changed","previous":"TOOL_PENDING","current":"PRE_TOOL","timestamp":1766137362319,"bookmark":{"seq":159,"timestamp":1766137362319}}}
{"cursor":160,"bookmark":{"seq":160,"timestamp":1766137362319},"event":{"channel":"monitor","type":"breakpoint_changed","previous":"PRE_TOOL","current":"TOOL_EXECUTING","timestamp":1766137362319,"bookmark":{"seq":160,"timestamp":1766137362319}}}
{"cursor":161,"bookmark":{"seq":161,"timestamp":1766137362338},"event":{"channel":"monitor","type":"tool_executed","call":{"id":"call_gim1drlvlyo","name":"insurance_search","state":"COMPLETED","approval":{"required":false},"result":{"ok":true,"products":[{"id":40,"product_name":"友邦友型运动意外伤害保险（互联网专属）","score":80,"matches":{"description":"...包含意外事故保险金、骨折医疗、医药费用补偿及猝死保险金。...","extend_info":"{\"death_payout\": \"意外身故保险金\", \"sudden_death\": \"猝死保险金\", \"disability_payout\": \"意外伤残保险金\"}","coverage":"...• 意外身故保险金：在保险合同有效期内，若被保险人因遭受意外事故，且自该事故发生之日起一百八十日内身故的（不包括猝死），则本公司给付意外身故保险金予身故保险金受益人。 • 意外伤残保险金：在保险合同有效期内，若被保险人因遭受意外事故，且自该事故发生之日起一百八十日内导致伤残，..."}},{"id":7,"product_name":"友邦享运动意外伤害保险（互联网）","score":30,"matches":{"description":"一款包含意外身故、伤残及可选骨折医疗等责任的意外险。...","extend_info":"{\"death_payout\": \"意外身故保险金\", \"sudden_death\": \"猝死保险金\", \"disability_payout\": \"意外伤残保险金\"}","coverage":"...费用补偿金：在保险合同有效期内，若被保险人因遭受意外事故，且自该事故发生之日起一百八十日内因该事故所致伤害而经医院进行必要治疗，则给付意外医药费用补偿金。 • 猝死保险金：在保险合同有效期内，若被保险人发生猝死，则给付猝死保险金。..."}},{"id":29,"product_name":"友邦附加添益（2025）意外伤害保险","score":30,"matches":{"description":"包含一般意外、航空意外等责任的意外伤害保险产品。...","extend_info":"{\"death_payout\": \"一般/航空/特定/重大自然灾害\", \"sudden_death\": \"猝死保险金\", \"disability_payout\": \"一般/航空/特定/重大自然灾害\"}","coverage":"...金：被保险人因九种重大自然灾害的发生而遭受意外事故，且自该事故发生之日起一百八十日内导致伤残，按《人身保险伤残评定及代码》给付重大自然灾害意外伤残保险金。 • 猝死保险金：被保险人猝死，给付猝死保险金。 • 意外医药费用补偿金：被保险人因遭受意外事故，且自该事故发生之日起一百八十日内因该事故所致伤害而经医院进行必要治疗，给..."}},{"id":6,"product_name":"友邦乐运动意外伤害保险（互联网）","score":30,"matches":{"description":"一款包含意外身故、伤残及可选责任的保险产品。...","extend_info":"{\"death_payout\": \"意外身故保险金\", \"sudden_death\": \"猝死保险金\", \"disability_payout\": \"意外伤残保险金\"}","coverage":"...费用补偿金：在保险合同有效期内，若被保险人因遭受意外事故，且自该事故发生之日起一百八十日内因该事故所致伤害而经医院进行必要治疗，则给付意外医药费用补偿金。 • 猝死保险金：在保险合同有效期内，若被保险人发生猝死，则给付猝死保险金。..."}}]},"durationMs":19,"startedAt":1766137362319,"completedAt":1766137362338,"inputPreview":"{\"keyword\":\"猝死\",\"limit\":5}","auditTrail":[{"state":"PENDING","timestamp":1766137362317},{"state":"EXECUTING","timestamp":1766137362319,"note":"execution start"},{"state":"COMPLETED","timestamp":1766137362338,"note":"execution complete"}]},"bookmark":{"seq":161,"timestamp":1766137362338}}}
{"cursor":162,"bookmark":{"seq":162,"timestamp":1766137362338},"event":{"channel":"monitor","type":"breakpoint_changed","previous":"TOOL_EXECUTING","current":"POST_TOOL","timestamp":1766137362338,"bookmark":{"seq":162,"timestamp":1766137362338}}}
{"cursor":164,"bookmark":{"seq":164,"timestamp":1766137362340},"event":{"channel":"monitor","type":"state_changed","state":"READY","bookmark":{"seq":164,"timestamp":1766137362340}}}
{"cursor":165,"bookmark":{"seq":165,"timestamp":1766137362340},"event":{"channel":"monitor","type":"breakpoint_changed","previous":"POST_TOOL","current":"READY","timestamp":1766137362340,"bookmark":{"seq":165,"timestamp":1766137362340}}}
{"cursor":166,"bookmark":{"seq":166,"timestamp":1766137362340},"event":{"channel":"monitor","type":"state_changed","state":"WORKING","bookmark":{"seq":166,"timestamp":1766137362340}}}
{"cursor":167,"bookmark":{"seq":167,"timestamp":1766137362340},"event":{"channel":"monitor","type":"breakpoint_changed","previous":"READY","current":"PRE_MODEL","timestamp":1766137362340,"bookmark":{"seq":167,"timestamp":1766137362340}}}
{"cursor":168,"bookmark":{"seq":168,"timestamp":1766137362340},"event":{"channel":"monitor","type":"breakpoint_changed","previous":"PRE_MODEL","current":"STREAMING_MODEL","timestamp":1766137362340,"bookmark":{"seq":168,"timestamp":1766137362340}}}
{"cursor":170,"bookmark":{"seq":170,"timestamp":1766137363809},"event":{"channel":"monitor","type":"token_usage","inputTokens":2513,"outputTokens":65,"totalTokens":2578,"bookmark":{"seq":170,"timestamp":1766137363809}}}
{"cursor":171,"bookmark":{"seq":171,"timestamp":1766137363813},"event":{"channel":"monitor","type":"breakpoint_changed","previous":"STREAMING_MODEL","current":"TOOL_PENDING","timestamp":1766137363813,"bookmark":{"seq":171,"timestamp":1766137363813}}}
{"cursor":173,"bookmark":{"seq":173,"timestamp":1766137363815},"event":{"channel":"monitor","type":"breakpoint_changed","previous":"TOOL_PENDING","current":"PRE_TOOL","timestamp":1766137363815,"bookmark":{"seq":173,"timestamp":1766137363815}}}
{"cursor":174,"bookmark":{"seq":174,"timestamp":1766137363815},"event":{"channel":"monitor","type":"breakpoint_changed","previous":"PRE_TOOL","current":"TOOL_EXECUTING","timestamp":1766137363815,"bookmark":{"seq":174,"timestamp":1766137363815}}}
{"cursor":175,"bookmark":{"seq":175,"timestamp":1766137363828},"event":{"channel":"monitor","type":"tool_executed","call":{"id":"call_aahyh9t5bf","name":"insurance_inspect","state":"COMPLETED","approval":{"required":false},"result":{"ok":true,"data":{"product_name":"友邦友型运动意外伤害保险（互联网专属）","coverage_keys":["意外身故保险金","意外伤残保险金","意外骨折医疗保险金","意外医药费用补偿金","猝死保险金"],"extend_info_keys":["highlights","table_data","theme_color","accident_features"]}},"durationMs":12,"startedAt":1766137363815,"completedAt":1766137363827,"inputPreview":"{\"product_id\":40,\"fields\":\"product_name,coverage,extend_info\",\"view\":\"summary\"}","auditTrail":[{"state":"PENDING","timestamp":1766137363813},{"state":"EXECUTING","timestamp":1766137363815,"note":"execution start"},{"state":"COMPLETED","timestamp":1766137363827,"note":"execution complete"}]},"bookmark":{"seq":175,"timestamp":1766137363828}}}
{"cursor":176,"bookmark":{"seq":176,"timestamp":1766137363828},"event":{"channel":"monitor","type":"breakpoint_changed","previous":"TOOL_EXECUTING","current":"POST_TOOL","timestamp":1766137363828,"bookmark":{"seq":176,"timestamp":1766137363828}}}
{"cursor":178,"bookmark":{"seq":178,"timestamp":1766137363830},"event":{"channel":"monitor","type":"state_changed","state":"READY","bookmark":{"seq":178,"timestamp":1766137363830}}}
{"cursor":179,"bookmark":{"seq":179,"timestamp":1766137363830},"event":{"channel":"monitor","type":"breakpoint_changed","previous":"POST_TOOL","current":"READY","timestamp":1766137363830,"bookmark":{"seq":179,"timestamp":1766137363830}}}
{"cursor":180,"bookmark":{"seq":180,"timestamp":1766137363830},"event":{"channel":"monitor","type":"state_changed","state":"WORKING","bookmark":{"seq":180,"timestamp":1766137363830}}}
{"cursor":181,"bookmark":{"seq":181,"timestamp":1766137363830},"event":{"channel":"monitor","type":"breakpoint_changed","previous":"READY","current":"PRE_MODEL","timestamp":1766137363830,"bookmark":{"seq":181,"timestamp":1766137363830}}}
{"cursor":182,"bookmark":{"seq":182,"timestamp":1766137363830},"event":{"channel":"monitor","type":"breakpoint_changed","previous":"PRE_MODEL","current":"STREAMING_MODEL","timestamp":1766137363830,"bookmark":{"seq":182,"timestamp":1766137363830}}}
{"cursor":184,"bookmark":{"seq":184,"timestamp":1766137365431},"event":{"channel":"monitor","type":"token_usage","inputTokens":1442,"outputTokens":80,"totalTokens":1522,"bookmark":{"seq":184,"timestamp":1766137365431}}}
{"cursor":185,"bookmark":{"seq":185,"timestamp":1766137365485},"event":{"channel":"monitor","type":"breakpoint_changed","previous":"STREAMING_MODEL","current":"TOOL_PENDING","timestamp":1766137365485,"bookmark":{"seq":185,"timestamp":1766137365485}}}
{"cursor":187,"bookmark":{"seq":187,"timestamp":1766137365485},"event":{"channel":"monitor","type":"breakpoint_changed","previous":"TOOL_PENDING","current":"PRE_TOOL","timestamp":1766137365485,"bookmark":{"seq":187,"timestamp":1766137365485}}}
{"cursor":188,"bookmark":{"seq":188,"timestamp":1766137365485},"event":{"channel":"monitor","type":"breakpoint_changed","previous":"PRE_TOOL","current":"TOOL_EXECUTING","timestamp":1766137365485,"bookmark":{"seq":188,"timestamp":1766137365485}}}
{"cursor":189,"bookmark":{"seq":189,"timestamp":1766137365501},"event":{"channel":"monitor","type":"tool_executed","call":{"id":"call_3lc0cbd5mxr","name":"insurance_inspect","state":"COMPLETED","approval":{"required":false},"result":{"ok":true,"data":{"coverage":{"猝死保险金":"在保险合同有效期内，若被保险人发生猝死，则本公司给付猝死保险金予身故保险金受益人。"},"extend_info.table_data":"{\"rows\": [[\"0-17岁\", \"¥300\"], [\"18-40岁\", \"¥500\"], [\"41-60岁\", \"¥1,200\"]], \"title\": \"费率参考 (示例)\", \"headers\": [\"年龄\", \"年交保费\"]}","extend_info.highlights":"[{\"label\": \"最高保额\", \"value\": \"详见条款\"}, {\"label\": \"保障期限\", \"value\": \"7日、30日\"}, {\"label\": \"等待期\", \"value\": \"无\"}, {\"label\": \"险种类型\", \"value\": \"意外险\"}]"}},"durationMs":16,"startedAt":1766137365485,"completedAt":1766137365501,"inputPreview":"{\"product_id\":40,\"fields\":\"coverage.猝死保险金,extend_info.highlights,extend_info.table_data\",\"view\":\"full\"}","auditTrail":[{"state":"PENDING","timestamp":1766137365485},{"state":"EXECUTING","timestamp":1766137365485,"note":"execution start"},{"state":"COMPLETED","timestamp":1766137365501,"note":"execution complete"}]},"bookmark":{"seq":189,"timestamp":1766137365501}}}
{"cursor":190,"bookmark":{"seq":190,"timestamp":1766137365502},"event":{"channel":"monitor","type":"breakpoint_changed","previous":"TOOL_EXECUTING","current":"POST_TOOL","timestamp":1766137365502,"bookmark":{"seq":190,"timestamp":1766137365502}}}
{"cursor":192,"bookmark":{"seq":192,"timestamp":1766137365503},"event":{"channel":"monitor","type":"state_changed","state":"READY","bookmark":{"seq":192,"timestamp":1766137365503}}}
{"cursor":193,"bookmark":{"seq":193,"timestamp":1766137365503},"event":{"channel":"monitor","type":"breakpoint_changed","previous":"POST_TOOL","current":"READY","timestamp":1766137365503,"bookmark":{"seq":193,"timestamp":1766137365503}}}
{"cursor":194,"bookmark":{"seq":194,"timestamp":1766137365504},"event":{"channel":"monitor","type":"state_changed","state":"WORKING","bookmark":{"seq":194,"timestamp":1766137365504}}}
{"cursor":195,"bookmark":{"seq":195,"timestamp":1766137365504},"event":{"channel":"monitor","type":"breakpoint_changed","previous":"READY","current":"PRE_MODEL","timestamp":1766137365504,"bookmark":{"seq":195,"timestamp":1766137365504}}}
{"cursor":196,"bookmark":{"seq":196,"timestamp":1766137365504},"event":{"channel":"monitor","type":"breakpoint_changed","previous":"PRE_MODEL","current":"STREAMING_MODEL","timestamp":1766137365504,"bookmark":{"seq":196,"timestamp":1766137365504}}}
{"cursor":198,"bookmark":{"seq":198,"timestamp":1766137367513},"event":{"channel":"monitor","type":"token_usage","inputTokens":2240,"outputTokens":61,"totalTokens":2301,"bookmark":{"seq":198,"timestamp":1766137367513}}}
{"cursor":199,"bookmark":{"seq":199,"timestamp":1766137367514},"event":{"channel":"monitor","type":"breakpoint_changed","previous":"STREAMING_MODEL","current":"TOOL_PENDING","timestamp":1766137367514,"bookmark":{"seq":199,"timestamp":1766137367514}}}
{"cursor":201,"bookmark":{"seq":201,"timestamp":1766137367514},"event":{"channel":"monitor","type":"breakpoint_changed","previous":"TOOL_PENDING","current":"PRE_TOOL","timestamp":1766137367514,"bookmark":{"seq":201,"timestamp":1766137367514}}}
{"cursor":202,"bookmark":{"seq":202,"timestamp":1766137367514},"event":{"channel":"monitor","type":"breakpoint_changed","previous":"PRE_TOOL","current":"TOOL_EXECUTING","timestamp":1766137367514,"bookmark":{"seq":202,"timestamp":1766137367514}}}
{"cursor":203,"bookmark":{"seq":203,"timestamp":1766137367521},"event":{"channel":"monitor","type":"tool_executed","call":{"id":"call_riug681a5o","name":"insurance_inspect","state":"COMPLETED","approval":{"required":false},"result":{"ok":true,"data":{"product_name":"友邦友如意顺心版（2025）重大疾病保险","coverage_keys":["重度疾病保险金","中度疾病保险金","轻度疾病保险金","全残保险金","生命终末期保险金","身故保险金"]}},"durationMs":7,"startedAt":1766137367514,"completedAt":1766137367521,"inputPreview":"{\"product_id\":42,\"fields\":\"product_name,coverage\",\"view\":\"summary\"}","auditTrail":[{"state":"PENDING","timestamp":1766137367514},{"state":"EXECUTING","timestamp":1766137367514,"note":"execution start"},{"state":"COMPLETED","timestamp":1766137367521,"note":"execution complete"}]},"bookmark":{"seq":203,"timestamp":1766137367521}}}
{"cursor":204,"bookmark":{"seq":204,"timestamp":1766137367522},"event":{"channel":"monitor","type":"breakpoint_changed","previous":"TOOL_EXECUTING","current":"POST_TOOL","timestamp":1766137367522,"bookmark":{"seq":204,"timestamp":1766137367522}}}
{"cursor":206,"bookmark":{"seq":206,"timestamp":1766137367523},"event":{"channel":"monitor","type":"state_changed","state":"READY","bookmark":{"seq":206,"timestamp":1766137367523}}}
{"cursor":207,"bookmark":{"seq":207,"timestamp":1766137367523},"event":{"channel":"monitor","type":"breakpoint_changed","previous":"POST_TOOL","current":"READY","timestamp":1766137367523,"bookmark":{"seq":207,"timestamp":1766137367523}}}
{"cursor":208,"bookmark":{"seq":208,"timestamp":1766137367523},"event":{"channel":"monitor","type":"state_changed","state":"WORKING","bookmark":{"seq":208,"timestamp":1766137367523}}}
{"cursor":209,"bookmark":{"seq":209,"timestamp":1766137367523},"event":{"channel":"monitor","type":"breakpoint_changed","previous":"READY","current":"PRE_MODEL","timestamp":1766137367523,"bookmark":{"seq":209,"timestamp":1766137367523}}}
{"cursor":210,"bookmark":{"seq":210,"timestamp":1766137367523},"event":{"channel":"monitor","type":"breakpoint_changed","previous":"PRE_MODEL","current":"STREAMING_MODEL","timestamp":1766137367523,"bookmark":{"seq":210,"timestamp":1766137367523}}}
{"cursor":212,"bookmark":{"seq":212,"timestamp":1766137369602},"event":{"channel":"monitor","type":"token_usage","inputTokens":133,"outputTokens":64,"totalTokens":197,"bookmark":{"seq":212,"timestamp":1766137369602}}}
{"cursor":213,"bookmark":{"seq":213,"timestamp":1766137369603},"event":{"channel":"monitor","type":"breakpoint_changed","previous":"STREAMING_MODEL","current":"TOOL_PENDING","timestamp":1766137369603,"bookmark":{"seq":213,"timestamp":1766137369603}}}
{"cursor":215,"bookmark":{"seq":215,"timestamp":1766137369604},"event":{"channel":"monitor","type":"breakpoint_changed","previous":"TOOL_PENDING","current":"PRE_TOOL","timestamp":1766137369604,"bookmark":{"seq":215,"timestamp":1766137369604}}}
{"cursor":216,"bookmark":{"seq":216,"timestamp":1766137369604},"event":{"channel":"monitor","type":"breakpoint_changed","previous":"PRE_TOOL","current":"TOOL_EXECUTING","timestamp":1766137369604,"bookmark":{"seq":216,"timestamp":1766137369604}}}
{"cursor":217,"bookmark":{"seq":217,"timestamp":1766137369613},"event":{"channel":"monitor","type":"tool_executed","call":{"id":"call_pviu5878kcq","name":"insurance_inspect","state":"COMPLETED","approval":{"required":false},"result":{"ok":true,"data":{"coverage":{"身故保险金":"给付金额等于身故时的基本保险金额。"}}},"durationMs":9,"startedAt":1766137369604,"completedAt":1766137369613,"inputPreview":"{\"product_id\":42,\"fields\":\"coverage.身故保险金\",\"view\":\"full\"}","auditTrail":[{"state":"PENDING","timestamp":1766137369603},{"state":"EXECUTING","timestamp":1766137369604,"note":"execution start"},{"state":"COMPLETED","timestamp":1766137369613,"note":"execution complete"}]},"bookmark":{"seq":217,"timestamp":1766137369613}}}
{"cursor":218,"bookmark":{"seq":218,"timestamp":1766137369613},"event":{"channel":"monitor","type":"breakpoint_changed","previous":"TOOL_EXECUTING","current":"POST_TOOL","timestamp":1766137369613,"bookmark":{"seq":218,"timestamp":1766137369613}}}
{"cursor":220,"bookmark":{"seq":220,"timestamp":1766137369614},"event":{"channel":"monitor","type":"state_changed","state":"READY","bookmark":{"seq":220,"timestamp":1766137369614}}}
{"cursor":221,"bookmark":{"seq":221,"timestamp":1766137369614},"event":{"channel":"monitor","type":"breakpoint_changed","previous":"POST_TOOL","current":"READY","timestamp":1766137369614,"bookmark":{"seq":221,"timestamp":1766137369614}}}
{"cursor":222,"bookmark":{"seq":222,"timestamp":1766137369614},"event":{"channel":"monitor","type":"state_changed","state":"WORKING","bookmark":{"seq":222,"timestamp":1766137369614}}}
{"cursor":223,"bookmark":{"seq":223,"timestamp":1766137369614},"event":{"channel":"monitor","type":"breakpoint_changed","previous":"READY","current":"PRE_MODEL","timestamp":1766137369614,"bookmark":{"seq":223,"timestamp":1766137369614}}}
{"cursor":224,"bookmark":{"seq":224,"timestamp":1766137369614},"event":{"channel":"monitor","type":"breakpoint_changed","previous":"PRE_MODEL","current":"STREAMING_MODEL","timestamp":1766137369614,"bookmark":{"seq":224,"timestamp":1766137369614}}}
{"cursor":226,"bookmark":{"seq":226,"timestamp":1766137374068},"event":{"channel":"monitor","type":"token_usage","inputTokens":654,"outputTokens":61,"totalTokens":715,"bookmark":{"seq":226,"timestamp":1766137374068}}}
{"cursor":227,"bookmark":{"seq":227,"timestamp":1766137374072},"event":{"channel":"monitor","type":"breakpoint_changed","previous":"STREAMING_MODEL","current":"TOOL_PENDING","timestamp":1766137374072,"bookmark":{"seq":227,"timestamp":1766137374072}}}
{"cursor":229,"bookmark":{"seq":229,"timestamp":1766137374072},"event":{"channel":"monitor","type":"breakpoint_changed","previous":"TOOL_PENDING","current":"PRE_TOOL","timestamp":1766137374072,"bookmark":{"seq":229,"timestamp":1766137374072}}}
{"cursor":230,"bookmark":{"seq":230,"timestamp":1766137374072},"event":{"channel":"monitor","type":"breakpoint_changed","previous":"PRE_TOOL","current":"TOOL_EXECUTING","timestamp":1766137374072,"bookmark":{"seq":230,"timestamp":1766137374072}}}
{"cursor":231,"bookmark":{"seq":231,"timestamp":1766137374087},"event":{"channel":"monitor","type":"tool_executed","call":{"id":"call_li030c8fx4o","name":"insurance_inspect","state":"COMPLETED","approval":{"required":false},"result":{"ok":true,"data":{"product_name":"友邦附加爱如意 D 款恶性肿瘤（重度）疾病保险","coverage_keys":["等待期","豁免保险费","第一次“恶性肿瘤——重度”保险金","第二次“恶性肿瘤——重度”保险金"]}},"durationMs":15,"startedAt":1766137374072,"completedAt":1766137374087,"inputPreview":"{\"product_id\":30,\"fields\":\"product_name,coverage\",\"view\":\"summary\"}","auditTrail":[{"state":"PENDING","timestamp":1766137374072},{"state":"EXECUTING","timestamp":1766137374072,"note":"execution start"},{"state":"COMPLETED","timestamp":1766137374087,"note":"execution complete"}]},"bookmark":{"seq":231,"timestamp":1766137374087}}}
{"cursor":232,"bookmark":{"seq":232,"timestamp":1766137374087},"event":{"channel":"monitor","type":"breakpoint_changed","previous":"TOOL_EXECUTING","current":"POST_TOOL","timestamp":1766137374087,"bookmark":{"seq":232,"timestamp":1766137374087}}}
{"cursor":234,"bookmark":{"seq":234,"timestamp":1766137374089},"event":{"channel":"monitor","type":"state_changed","state":"READY","bookmark":{"seq":234,"timestamp":1766137374089}}}
{"cursor":235,"bookmark":{"seq":235,"timestamp":1766137374089},"event":{"channel":"monitor","type":"breakpoint_changed","previous":"POST_TOOL","current":"READY","timestamp":1766137374089,"bookmark":{"seq":235,"timestamp":1766137374089}}}
{"cursor":236,"bookmark":{"seq":236,"timestamp":1766137374089},"event":{"channel":"monitor","type":"state_changed","state":"WORKING","bookmark":{"seq":236,"timestamp":1766137374089}}}
{"cursor":237,"bookmark":{"seq":237,"timestamp":1766137374090},"event":{"channel":"monitor","type":"breakpoint_changed","previous":"READY","current":"PRE_MODEL","timestamp":1766137374090,"bookmark":{"seq":237,"timestamp":1766137374090}}}
{"cursor":238,"bookmark":{"seq":238,"timestamp":1766137374090},"event":{"channel":"monitor","type":"breakpoint_changed","previous":"PRE_MODEL","current":"STREAMING_MODEL","timestamp":1766137374090,"bookmark":{"seq":238,"timestamp":1766137374090}}}
{"cursor":240,"bookmark":{"seq":240,"timestamp":1766137396281},"event":{"channel":"monitor","type":"token_usage","inputTokens":124,"outputTokens":59,"totalTokens":183,"bookmark":{"seq":240,"timestamp":1766137396281}}}
{"cursor":241,"bookmark":{"seq":241,"timestamp":1766137396284},"event":{"channel":"monitor","type":"breakpoint_changed","previous":"STREAMING_MODEL","current":"TOOL_PENDING","timestamp":1766137396284,"bookmark":{"seq":241,"timestamp":1766137396284}}}
{"cursor":243,"bookmark":{"seq":243,"timestamp":1766137396284},"event":{"channel":"monitor","type":"breakpoint_changed","previous":"TOOL_PENDING","current":"PRE_TOOL","timestamp":1766137396284,"bookmark":{"seq":243,"timestamp":1766137396284}}}
{"cursor":244,"bookmark":{"seq":244,"timestamp":1766137396284},"event":{"channel":"monitor","type":"breakpoint_changed","previous":"PRE_TOOL","current":"TOOL_EXECUTING","timestamp":1766137396284,"bookmark":{"seq":244,"timestamp":1766137396284}}}
{"cursor":245,"bookmark":{"seq":245,"timestamp":1766137396296},"event":{"channel":"monitor","type":"tool_executed","call":{"id":"call_sh8sfdukbib","name":"insurance_filter","state":"COMPLETED","approval":{"required":false},"result":{"ok":true,"count":7,"products":[{"id":9,"product_name":"友邦优享康惠医疗保险","product_type":"医疗险","age_range":"出生满七日至六十岁（计划一）；十八岁至六十岁（计划二、三）"},{"id":19,"product_name":"友邦深圳专属团体24医疗保险（互联网）","product_type":"医疗险","age_range":"无年龄限制"},{"id":26,"product_name":"友邦长保康惠长期医疗保险（费率可调）","product_type":"医疗险","age_range":"出生满七日至六十五岁，最高可续保至九十九岁"},{"id":35,"product_name":"友邦传世无忧（2024）高端医疗保险","product_type":"医疗险","age_range":"出生满三十日至七十岁，牙科部分为出生满三十日至六十五岁"},{"id":43,"product_name":"友邦友童无忧高端医疗保险","product_type":"医疗险","age_range":"出生满三十日至十二岁，十三岁至十四岁需满足特定条件"},{"id":54,"product_name":"友邦附加友童行住院费用补偿医疗保险","product_type":"医疗险","age_range":"3周岁至30周岁"},{"id":55,"product_name":"友邦附加四海无忧（2025）医疗保险","product_type":"医疗险","age_range":"出生满三十日至八十岁"}]},"durationMs":11,"startedAt":1766137396284,"completedAt":1766137396295,"inputPreview":"{\"age_min\":30,\"age_max\":30,\"product_type\":\"医疗险\"}","auditTrail":[{"state":"PENDING","timestamp":1766137396284},{"state":"EXECUTING","timestamp":1766137396284,"note":"execution start"},{"state":"COMPLETED","timestamp":1766137396295,"note":"execution complete"}]},"bookmark":{"seq":245,"timestamp":1766137396296}}}
{"cursor":246,"bookmark":{"seq":246,"timestamp":1766137396296},"event":{"channel":"monitor","type":"breakpoint_changed","previous":"TOOL_EXECUTING","current":"POST_TOOL","timestamp":1766137396296,"bookmark":{"seq":246,"timestamp":1766137396296}}}
{"cursor":248,"bookmark":{"seq":248,"timestamp":1766137396297},"event":{"channel":"monitor","type":"state_changed","state":"READY","bookmark":{"seq":248,"timestamp":1766137396297}}}
{"cursor":249,"bookmark":{"seq":249,"timestamp":1766137396297},"event":{"channel":"monitor","type":"breakpoint_changed","previous":"POST_TOOL","current":"READY","timestamp":1766137396297,"bookmark":{"seq":249,"timestamp":1766137396297}}}
{"cursor":250,"bookmark":{"seq":250,"timestamp":1766137396298},"event":{"channel":"monitor","type":"state_changed","state":"WORKING","bookmark":{"seq":250,"timestamp":1766137396298}}}
{"cursor":251,"bookmark":{"seq":251,"timestamp":1766137396298},"event":{"channel":"monitor","type":"breakpoint_changed","previous":"READY","current":"PRE_MODEL","timestamp":1766137396298,"bookmark":{"seq":251,"timestamp":1766137396298}}}
{"cursor":252,"bookmark":{"seq":252,"timestamp":1766137396298},"event":{"channel":"monitor","type":"breakpoint_changed","previous":"PRE_MODEL","current":"STREAMING_MODEL","timestamp":1766137396298,"bookmark":{"seq":252,"timestamp":1766137396298}}}
{"cursor":254,"bookmark":{"seq":254,"timestamp":1766137426877},"event":{"channel":"monitor","type":"token_usage","inputTokens":574,"outputTokens":65,"totalTokens":639,"bookmark":{"seq":254,"timestamp":1766137426877}}}
{"cursor":255,"bookmark":{"seq":255,"timestamp":1766137426880},"event":{"channel":"monitor","type":"breakpoint_changed","previous":"STREAMING_MODEL","current":"TOOL_PENDING","timestamp":1766137426880,"bookmark":{"seq":255,"timestamp":1766137426880}}}
{"cursor":257,"bookmark":{"seq":257,"timestamp":1766137426881},"event":{"channel":"monitor","type":"breakpoint_changed","previous":"TOOL_PENDING","current":"PRE_TOOL","timestamp":1766137426881,"bookmark":{"seq":257,"timestamp":1766137426881}}}
{"cursor":258,"bookmark":{"seq":258,"timestamp":1766137426881},"event":{"channel":"monitor","type":"breakpoint_changed","previous":"PRE_TOOL","current":"TOOL_EXECUTING","timestamp":1766137426881,"bookmark":{"seq":258,"timestamp":1766137426881}}}
{"cursor":259,"bookmark":{"seq":259,"timestamp":1766137426903},"event":{"channel":"monitor","type":"tool_executed","call":{"id":"call_tcys7zbxrqg","name":"insurance_inspect","state":"COMPLETED","approval":{"required":false},"result":{"ok":true,"data":{"product_name":"友邦优享康惠医疗保险","coverage_keys":["住院费用补偿金","指定门急诊费用补偿金"],"extend_info_keys":["highlights","table_data","theme_color","coverage_list","medical_features"]}},"durationMs":22,"startedAt":1766137426881,"completedAt":1766137426903,"inputPreview":"{\"product_id\":9,\"fields\":\"product_name,coverage,extend_info\",\"view\":\"summary\"}","auditTrail":[{"state":"PENDING","timestamp":1766137426880},{"state":"EXECUTING","timestamp":1766137426881,"note":"execution start"},{"state":"COMPLETED","timestamp":1766137426903,"note":"execution complete"}]},"bookmark":{"seq":259,"timestamp":1766137426903}}}
{"cursor":260,"bookmark":{"seq":260,"timestamp":1766137426904},"event":{"channel":"monitor","type":"breakpoint_changed","previous":"TOOL_EXECUTING","current":"POST_TOOL","timestamp":1766137426904,"bookmark":{"seq":260,"timestamp":1766137426904}}}
{"cursor":262,"bookmark":{"seq":262,"timestamp":1766137426908},"event":{"channel":"monitor","type":"state_changed","state":"READY","bookmark":{"seq":262,"timestamp":1766137426908}}}
{"cursor":263,"bookmark":{"seq":263,"timestamp":1766137426908},"event":{"channel":"monitor","type":"breakpoint_changed","previous":"POST_TOOL","current":"READY","timestamp":1766137426908,"bookmark":{"seq":263,"timestamp":1766137426908}}}
{"cursor":264,"bookmark":{"seq":264,"timestamp":1766137426908},"event":{"channel":"monitor","type":"state_changed","state":"WORKING","bookmark":{"seq":264,"timestamp":1766137426908}}}
{"cursor":265,"bookmark":{"seq":265,"timestamp":1766137426908},"event":{"channel":"monitor","type":"breakpoint_changed","previous":"READY","current":"PRE_MODEL","timestamp":1766137426908,"bookmark":{"seq":265,"timestamp":1766137426908}}}
{"cursor":266,"bookmark":{"seq":266,"timestamp":1766137426908},"event":{"channel":"monitor","type":"breakpoint_changed","previous":"PRE_MODEL","current":"STREAMING_MODEL","timestamp":1766137426908,"bookmark":{"seq":266,"timestamp":1766137426908}}}
{"cursor":268,"bookmark":{"seq":268,"timestamp":1766137439875},"event":{"channel":"monitor","type":"token_usage","inputTokens":1075,"outputTokens":69,"totalTokens":1144,"bookmark":{"seq":268,"timestamp":1766137439875}}}
{"cursor":269,"bookmark":{"seq":269,"timestamp":1766137439877},"event":{"channel":"monitor","type":"breakpoint_changed","previous":"STREAMING_MODEL","current":"TOOL_PENDING","timestamp":1766137439877,"bookmark":{"seq":269,"timestamp":1766137439877}}}
{"cursor":271,"bookmark":{"seq":271,"timestamp":1766137439877},"event":{"channel":"monitor","type":"breakpoint_changed","previous":"TOOL_PENDING","current":"PRE_TOOL","timestamp":1766137439877,"bookmark":{"seq":271,"timestamp":1766137439877}}}
{"cursor":272,"bookmark":{"seq":272,"timestamp":1766137439877},"event":{"channel":"monitor","type":"breakpoint_changed","previous":"PRE_TOOL","current":"TOOL_EXECUTING","timestamp":1766137439877,"bookmark":{"seq":272,"timestamp":1766137439877}}}
{"cursor":273,"bookmark":{"seq":273,"timestamp":1766137439914},"event":{"channel":"monitor","type":"tool_executed","call":{"id":"call_4dmxlso32pb","name":"insurance_inspect","state":"COMPLETED","approval":{"required":false},"result":{"ok":true,"data":{"extend_info.table_data":"{\"rows\": [[\"0-17岁\", \"¥300\"], [\"18-40岁\", \"¥500\"], [\"41-60岁\", \"¥1,200\"]], \"title\": \"费率参考 (示例)\", \"headers\": [\"年龄\", \"年交保费\"]}","extend_info.highlights":"[{\"label\": \"最高保额\", \"value\": \"详见条款\"}, {\"label\": \"保障期限\", \"value\": \"一年\"}, {\"label\": \"等待期\", \"value\": \"30天；60天\"}, {\"label\": \"险种类型\", \"value\": \"医疗险\"}]"}},"durationMs":37,"startedAt":1766137439877,"completedAt":1766137439914,"inputPreview":"{\"product_id\":9,\"fields\":\"extend_info.highlights,extend_info.table_data\",\"view\":\"full\"}","auditTrail":[{"state":"PENDING","timestamp":1766137439877},{"state":"EXECUTING","timestamp":1766137439877,"note":"execution start"},{"state":"COMPLETED","timestamp":1766137439914,"note":"execution complete"}]},"bookmark":{"seq":273,"timestamp":1766137439914}}}
{"cursor":274,"bookmark":{"seq":274,"timestamp":1766137439914},"event":{"channel":"monitor","type":"breakpoint_changed","previous":"TOOL_EXECUTING","current":"POST_TOOL","timestamp":1766137439914,"bookmark":{"seq":274,"timestamp":1766137439914}}}
{"cursor":276,"bookmark":{"seq":276,"timestamp":1766137439918},"event":{"channel":"monitor","type":"state_changed","state":"READY","bookmark":{"seq":276,"timestamp":1766137439918}}}
{"cursor":277,"bookmark":{"seq":277,"timestamp":1766137439918},"event":{"channel":"monitor","type":"breakpoint_changed","previous":"POST_TOOL","current":"READY","timestamp":1766137439918,"bookmark":{"seq":277,"timestamp":1766137439918}}}
{"cursor":278,"bookmark":{"seq":278,"timestamp":1766137439918},"event":{"channel":"monitor","type":"state_changed","state":"WORKING","bookmark":{"seq":278,"timestamp":1766137439918}}}
{"cursor":279,"bookmark":{"seq":279,"timestamp":1766137439918},"event":{"channel":"monitor","type":"breakpoint_changed","previous":"READY","current":"PRE_MODEL","timestamp":1766137439918,"bookmark":{"seq":279,"timestamp":1766137439918}}}
{"cursor":280,"bookmark":{"seq":280,"timestamp":1766137439918},"event":{"channel":"monitor","type":"breakpoint_changed","previous":"PRE_MODEL","current":"STREAMING_MODEL","timestamp":1766137439918,"bookmark":{"seq":280,"timestamp":1766137439918}}}
{"cursor":282,"bookmark":{"seq":282,"timestamp":1766137487953},"event":{"channel":"monitor","type":"token_usage","inputTokens":266,"outputTokens":65,"totalTokens":331,"bookmark":{"seq":282,"timestamp":1766137487953}}}
{"cursor":283,"bookmark":{"seq":283,"timestamp":1766137487954},"event":{"channel":"monitor","type":"breakpoint_changed","previous":"STREAMING_MODEL","current":"TOOL_PENDING","timestamp":1766137487954,"bookmark":{"seq":283,"timestamp":1766137487954}}}
{"cursor":285,"bookmark":{"seq":285,"timestamp":1766137487955},"event":{"channel":"monitor","type":"breakpoint_changed","previous":"TOOL_PENDING","current":"PRE_TOOL","timestamp":1766137487955,"bookmark":{"seq":285,"timestamp":1766137487955}}}
{"cursor":286,"bookmark":{"seq":286,"timestamp":1766137487955},"event":{"channel":"monitor","type":"breakpoint_changed","previous":"PRE_TOOL","current":"TOOL_EXECUTING","timestamp":1766137487955,"bookmark":{"seq":286,"timestamp":1766137487955}}}
{"cursor":287,"bookmark":{"seq":287,"timestamp":1766137487962},"event":{"channel":"monitor","type":"tool_executed","call":{"id":"call_esdefrc2fyl","name":"insurance_inspect","state":"COMPLETED","approval":{"required":false},"result":{"ok":true,"data":{"product_name":"友邦长保康惠长期医疗保险（费率可调）","coverage_keys":["一般医疗补偿金","重大疾病医疗补偿金","恶性肿瘤 CAR-T 疗法院外药品费补偿金","特别住院津贴保险金"],"extend_info_keys":["highlights","table_data","theme_color","coverage_list","medical_features"]}},"durationMs":7,"startedAt":1766137487955,"completedAt":1766137487962,"inputPreview":"{\"product_id\":26,\"fields\":\"product_name,coverage,extend_info\",\"view\":\"summary\"}","auditTrail":[{"state":"PENDING","timestamp":1766137487955},{"state":"EXECUTING","timestamp":1766137487955,"note":"execution start"},{"state":"COMPLETED","timestamp":1766137487962,"note":"execution complete"}]},"bookmark":{"seq":287,"timestamp":1766137487962}}}
{"cursor":288,"bookmark":{"seq":288,"timestamp":1766137487962},"event":{"channel":"monitor","type":"breakpoint_changed","previous":"TOOL_EXECUTING","current":"POST_TOOL","timestamp":1766137487962,"bookmark":{"seq":288,"timestamp":1766137487962}}}
{"cursor":290,"bookmark":{"seq":290,"timestamp":1766137487964},"event":{"channel":"monitor","type":"state_changed","state":"READY","bookmark":{"seq":290,"timestamp":1766137487964}}}
{"cursor":291,"bookmark":{"seq":291,"timestamp":1766137487964},"event":{"channel":"monitor","type":"breakpoint_changed","previous":"POST_TOOL","current":"READY","timestamp":1766137487964,"bookmark":{"seq":291,"timestamp":1766137487964}}}
{"cursor":292,"bookmark":{"seq":292,"timestamp":1766137487964},"event":{"channel":"monitor","type":"state_changed","state":"WORKING","bookmark":{"seq":292,"timestamp":1766137487964}}}
{"cursor":293,"bookmark":{"seq":293,"timestamp":1766137487964},"event":{"channel":"monitor","type":"breakpoint_changed","previous":"READY","current":"PRE_MODEL","timestamp":1766137487964,"bookmark":{"seq":293,"timestamp":1766137487964}}}
{"cursor":294,"bookmark":{"seq":294,"timestamp":1766137487964},"event":{"channel":"monitor","type":"breakpoint_changed","previous":"PRE_MODEL","current":"STREAMING_MODEL","timestamp":1766137487964,"bookmark":{"seq":294,"timestamp":1766137487964}}}
{"cursor":296,"bookmark":{"seq":296,"timestamp":1766137490005},"event":{"channel":"monitor","type":"token_usage","inputTokens":2463,"outputTokens":69,"totalTokens":2532,"bookmark":{"seq":296,"timestamp":1766137490005}}}
{"cursor":297,"bookmark":{"seq":297,"timestamp":1766137490060},"event":{"channel":"monitor","type":"breakpoint_changed","previous":"STREAMING_MODEL","current":"TOOL_PENDING","timestamp":1766137490060,"bookmark":{"seq":297,"timestamp":1766137490060}}}
{"cursor":299,"bookmark":{"seq":299,"timestamp":1766137490060},"event":{"channel":"monitor","type":"breakpoint_changed","previous":"TOOL_PENDING","current":"PRE_TOOL","timestamp":1766137490060,"bookmark":{"seq":299,"timestamp":1766137490060}}}
{"cursor":300,"bookmark":{"seq":300,"timestamp":1766137490060},"event":{"channel":"monitor","type":"breakpoint_changed","previous":"PRE_TOOL","current":"TOOL_EXECUTING","timestamp":1766137490060,"bookmark":{"seq":300,"timestamp":1766137490060}}}
{"cursor":301,"bookmark":{"seq":301,"timestamp":1766137490075},"event":{"channel":"monitor","type":"tool_executed","call":{"id":"call_9jtbc3fd0wd","name":"insurance_inspect","state":"COMPLETED","approval":{"required":false},"result":{"ok":true,"data":{"extend_info.table_data":"{\"rows\": [[\"0-17岁\", \"¥300\"], [\"18-40岁\", \"¥500\"], [\"41-60岁\", \"¥1,200\"]], \"title\": \"费率参考 (示例)\", \"headers\": [\"年龄\", \"年交保费\"]}","extend_info.highlights":"[{\"label\": \"最高保额\", \"value\": \"详见条款\"}, {\"label\": \"保障期限\", \"value\": \"一年\"}, {\"label\": \"等待期\", \"value\": \"30天\"}, {\"label\": \"险种类型\", \"value\": \"医疗险\"}]"}},"durationMs":15,"startedAt":1766137490060,"completedAt":1766137490075,"inputPreview":"{\"product_id\":26,\"fields\":\"extend_info.highlights,extend_info.table_data\",\"view\":\"full\"}","auditTrail":[{"state":"PENDING","timestamp":1766137490060},{"state":"EXECUTING","timestamp":1766137490060,"note":"execution start"},{"state":"COMPLETED","timestamp":1766137490075,"note":"execution complete"}]},"bookmark":{"seq":301,"timestamp":1766137490075}}}
{"cursor":302,"bookmark":{"seq":302,"timestamp":1766137490075},"event":{"channel":"monitor","type":"breakpoint_changed","previous":"TOOL_EXECUTING","current":"POST_TOOL","timestamp":1766137490075,"bookmark":{"seq":302,"timestamp":1766137490075}}}
{"cursor":304,"bookmark":{"seq":304,"timestamp":1766137490078},"event":{"channel":"monitor","type":"state_changed","state":"READY","bookmark":{"seq":304,"timestamp":1766137490078}}}
{"cursor":305,"bookmark":{"seq":305,"timestamp":1766137490078},"event":{"channel":"monitor","type":"breakpoint_changed","previous":"POST_TOOL","current":"READY","timestamp":1766137490078,"bookmark":{"seq":305,"timestamp":1766137490078}}}
{"cursor":306,"bookmark":{"seq":306,"timestamp":1766137490078},"event":{"channel":"monitor","type":"state_changed","state":"WORKING","bookmark":{"seq":306,"timestamp":1766137490078}}}
{"cursor":307,"bookmark":{"seq":307,"timestamp":1766137490078},"event":{"channel":"monitor","type":"breakpoint_changed","previous":"READY","current":"PRE_MODEL","timestamp":1766137490078,"bookmark":{"seq":307,"timestamp":1766137490078}}}
{"cursor":308,"bookmark":{"seq":308,"timestamp":1766137490078},"event":{"channel":"monitor","type":"breakpoint_changed","previous":"PRE_MODEL","current":"STREAMING_MODEL","timestamp":1766137490078,"bookmark":{"seq":308,"timestamp":1766137490078}}}
{"cursor":563,"bookmark":{"seq":563,"timestamp":1766137500662},"event":{"channel":"monitor","type":"token_usage","inputTokens":1022,"outputTokens":1559,"totalTokens":2581,"bookmark":{"seq":563,"timestamp":1766137500662}}}
{"cursor":565,"bookmark":{"seq":565,"timestamp":1766137500669},"event":{"channel":"monitor","type":"step_complete","step":16,"bookmark":{"seq":565,"timestamp":1766137500669}}}
{"cursor":566,"bookmark":{"seq":566,"timestamp":1766137500669},"event":{"channel":"monitor","type":"state_changed","state":"READY","bookmark":{"seq":566,"timestamp":1766137500669}}}
{"cursor":567,"bookmark":{"seq":567,"timestamp":1766137500669},"event":{"channel":"monitor","type":"breakpoint_changed","previous":"STREAMING_MODEL","current":"READY","timestamp":1766137500669,"bookmark":{"seq":567,"timestamp":1766137500669}}}
