{"cursor":4,"bookmark":{"seq":4,"timestamp":1766137144663},"event":{"channel":"progress","type":"think_chunk_start","step":1,"bookmark":{"seq":4,"timestamp":1766137144663}}}
{"cursor":5,"bookmark":{"seq":5,"timestamp":1766137147770},"event":{"channel":"progress","type":"think_chunk","step":1,"delta":"```json\n{\n","bookmark":{"seq":5,"timestamp":1766137147770}}}
{"cursor":6,"bookmark":{"seq":6,"timestamp":1766137147770},"event":{"channel":"progress","type":"think_chunk","step":1,"delta":"  \"thought\": \"","bookmark":{"seq":6,"timestamp":1766137147770}}}
{"cursor":7,"bookmark":{"seq":7,"timestamp":1766137147810},"event":{"channel":"progress","type":"think_chunk","step":1,"delta":"已收集客户基本信息","bookmark":{"seq":7,"timestamp":1766137147810}}}
{"cursor":8,"bookmark":{"seq":8,"timestamp":1766137147876},"event":{"channel":"progress","type":"think_chunk","step":1,"delta":"：姓名王宝","bookmark":{"seq":8,"timestamp":1766137147876}}}
{"cursor":9,"bookmark":{"seq":9,"timestamp":1766137147904},"event":{"channel":"progress","type":"think_chunk","step":1,"delta":"强，30岁","bookmark":{"seq":9,"timestamp":1766137147904}}}
{"cursor":10,"bookmark":{"seq":10,"timestamp":1766137147904},"event":{"channel":"progress","type":"think_chunk","step":1,"delta":"，上海，","bookmark":{"seq":10,"timestamp":1766137147904}}}
{"cursor":11,"bookmark":{"seq":11,"timestamp":1766137147923},"event":{"channel":"progress","type":"think_chunk","step":1,"delta":"未婚，年收入","bookmark":{"seq":11,"timestamp":1766137147923}}}
{"cursor":12,"bookmark":{"seq":12,"timestamp":1766137148047},"event":{"channel":"progress","type":"think_chunk","step":1,"delta":"50-60万","bookmark":{"seq":12,"timestamp":1766137148047}}}
{"cursor":13,"bookmark":{"seq":13,"timestamp":1766137148048},"event":{"channel":"progress","type":"think_chunk","step":1,"delta":"，预算5-","bookmark":{"seq":13,"timestamp":1766137148048}}}
{"cursor":14,"bookmark":{"seq":14,"timestamp":1766137148048},"event":{"channel":"progress","type":"think_chunk","step":1,"delta":"6万。","bookmark":{"seq":14,"timestamp":1766137148048}}}
{"cursor":15,"bookmark":{"seq":15,"timestamp":1766137148048},"event":{"channel":"progress","type":"think_chunk","step":1,"delta":"客户是","bookmark":{"seq":15,"timestamp":1766137148048}}}
{"cursor":16,"bookmark":{"seq":16,"timestamp":1766137148092},"event":{"channel":"progress","type":"think_chunk","step":1,"delta":"互联网行业从业者，","bookmark":{"seq":16,"timestamp":1766137148092}}}
{"cursor":17,"bookmark":{"seq":17,"timestamp":1766137148198},"event":{"channel":"progress","type":"think_chunk","step":1,"delta":"主要担忧","bookmark":{"seq":17,"timestamp":1766137148198}}}
{"cursor":18,"bookmark":{"seq":18,"timestamp":1766137148219},"event":{"channel":"progress","type":"think_chunk","step":1,"delta":"猝死风险","bookmark":{"seq":18,"timestamp":1766137148219}}}
{"cursor":19,"bookmark":{"seq":19,"timestamp":1766137148220},"event":{"channel":"progress","type":"think_chunk","step":1,"delta":"，有睡眠不足","bookmark":{"seq":19,"timestamp":1766137148220}}}
{"cursor":20,"bookmark":{"seq":20,"timestamp":1766137148252},"event":{"channel":"progress","type":"think_chunk","step":1,"delta":"的情况。需要","bookmark":{"seq":20,"timestamp":1766137148252}}}
{"cursor":21,"bookmark":{"seq":21,"timestamp":1766137148317},"event":{"channel":"progress","type":"think_chunk","step":1,"delta":"进一步了解客户","bookmark":{"seq":21,"timestamp":1766137148317}}}
{"cursor":22,"bookmark":{"seq":22,"timestamp":1766137148318},"event":{"channel":"progress","type":"think_chunk","step":1,"delta":"是否已有其他","bookmark":{"seq":22,"timestamp":1766137148318}}}
{"cursor":23,"bookmark":{"seq":23,"timestamp":1766137148339},"event":{"channel":"progress","type":"think_chunk","step":1,"delta":"保险保障，以及","bookmark":{"seq":23,"timestamp":1766137148339}}}
{"cursor":24,"bookmark":{"seq":24,"timestamp":1766137148370},"event":{"channel":"progress","type":"think_chunk","step":1,"delta":"具体的健康状况","bookmark":{"seq":24,"timestamp":1766137148370}}}
{"cursor":25,"bookmark":{"seq":25,"timestamp":1766137148422},"event":{"channel":"progress","type":"think_chunk","step":1,"delta":"细节。客户画像","bookmark":{"seq":25,"timestamp":1766137148422}}}
{"cursor":26,"bookmark":{"seq":26,"timestamp":1766137148462},"event":{"channel":"progress","type":"think_chunk","step":1,"delta":"中risk","bookmark":{"seq":26,"timestamp":1766137148462}}}
{"cursor":27,"bookmark":{"seq":27,"timestamp":1766137148462},"event":{"channel":"progress","type":"think_chunk","step":1,"delta":"_factors需更新","bookmark":{"seq":27,"timestamp":1766137148462}}}
{"cursor":28,"bookmark":{"seq":28,"timestamp":1766137148462},"event":{"channel":"progress","type":"think_chunk","step":1,"delta":"为互联网行业、","bookmark":{"seq":28,"timestamp":1766137148462}}}
{"cursor":29,"bookmark":{"seq":29,"timestamp":1766137148625},"event":{"channel":"progress","type":"think_chunk","step":1,"delta":"睡眠不足，","bookmark":{"seq":29,"timestamp":1766137148625}}}
{"cursor":30,"bookmark":{"seq":30,"timestamp":1766137148626},"event":{"channel":"progress","type":"think_chunk","step":1,"delta":"needs需更新为","bookmark":{"seq":30,"timestamp":1766137148626}}}
{"cursor":31,"bookmark":{"seq":31,"timestamp":1766137148636},"event":{"channel":"progress","type":"think_chunk","step":1,"delta":"猝死保障。\",\n","bookmark":{"seq":31,"timestamp":1766137148636}}}
{"cursor":32,"bookmark":{"seq":32,"timestamp":1766137148637},"event":{"channel":"progress","type":"think_chunk","step":1,"delta":"  \"customer_profile","bookmark":{"seq":32,"timestamp":1766137148637}}}
{"cursor":33,"bookmark":{"seq":33,"timestamp":1766137148695},"event":{"channel":"progress","type":"think_chunk","step":1,"delta":"\": {\n    \"","bookmark":{"seq":33,"timestamp":1766137148695}}}
{"cursor":34,"bookmark":{"seq":34,"timestamp":1766137148730},"event":{"channel":"progress","type":"think_chunk","step":1,"delta":"name\": \"王","bookmark":{"seq":34,"timestamp":1766137148730}}}
{"cursor":35,"bookmark":{"seq":35,"timestamp":1766137148769},"event":{"channel":"progress","type":"think_chunk","step":1,"delta":"宝强\",\n  ","bookmark":{"seq":35,"timestamp":1766137148769}}}
{"cursor":36,"bookmark":{"seq":36,"timestamp":1766137148808},"event":{"channel":"progress","type":"think_chunk","step":1,"delta":"  \"role\": \"","bookmark":{"seq":36,"timestamp":1766137148808}}}
{"cursor":37,"bookmark":{"seq":37,"timestamp":1766137149115},"event":{"channel":"progress","type":"think_chunk","step":1,"delta":"待确认\",\n  ","bookmark":{"seq":37,"timestamp":1766137149115}}}
{"cursor":38,"bookmark":{"seq":38,"timestamp":1766137149239},"event":{"channel":"progress","type":"think_chunk","step":1,"delta":"  \"age\":","bookmark":{"seq":38,"timestamp":1766137149239}}}
{"cursor":39,"bookmark":{"seq":39,"timestamp":1766137149240},"event":{"channel":"progress","type":"think_chunk","step":1,"delta":" 30,\n    \"","bookmark":{"seq":39,"timestamp":1766137149240}}}
{"cursor":40,"bookmark":{"seq":40,"timestamp":1766137149240},"event":{"channel":"progress","type":"think_chunk","step":1,"delta":"annual_budget\": \"","bookmark":{"seq":40,"timestamp":1766137149240}}}
{"cursor":41,"bookmark":{"seq":41,"timestamp":1766137149240},"event":{"channel":"progress","type":"think_chunk","step":1,"delta":"5-6万","bookmark":{"seq":41,"timestamp":1766137149240}}}
{"cursor":42,"bookmark":{"seq":42,"timestamp":1766137149240},"event":{"channel":"progress","type":"think_chunk","step":1,"delta":"\",\n  ","bookmark":{"seq":42,"timestamp":1766137149240}}}
{"cursor":43,"bookmark":{"seq":43,"timestamp":1766137149240},"event":{"channel":"progress","type":"think_chunk","step":1,"delta":"  \"mar","bookmark":{"seq":43,"timestamp":1766137149240}}}
{"cursor":44,"bookmark":{"seq":44,"timestamp":1766137149241},"event":{"channel":"progress","type":"think_chunk","step":1,"delta":"ital_status\": \"未婚\",\n    \"","bookmark":{"seq":44,"timestamp":1766137149241}}}
{"cursor":45,"bookmark":{"seq":45,"timestamp":1766137149241},"event":{"channel":"progress","type":"think_chunk","step":1,"delta":"annual_income\": \"50-","bookmark":{"seq":45,"timestamp":1766137149241}}}
{"cursor":46,"bookmark":{"seq":46,"timestamp":1766137149241},"event":{"channel":"progress","type":"think_chunk","step":1,"delta":"60万\",\n  ","bookmark":{"seq":46,"timestamp":1766137149241}}}
{"cursor":47,"bookmark":{"seq":47,"timestamp":1766137149241},"event":{"channel":"progress","type":"think_chunk","step":1,"delta":"  \"location\": \"上海\",\n","bookmark":{"seq":47,"timestamp":1766137149241}}}
{"cursor":48,"bookmark":{"seq":48,"timestamp":1766137149267},"event":{"channel":"progress","type":"think_chunk","step":1,"delta":"    \"risk_factors\": [\"","bookmark":{"seq":48,"timestamp":1766137149267}}}
{"cursor":49,"bookmark":{"seq":49,"timestamp":1766137149268},"event":{"channel":"progress","type":"think_chunk","step":1,"delta":"互联网行业\", \"","bookmark":{"seq":49,"timestamp":1766137149268}}}
{"cursor":50,"bookmark":{"seq":50,"timestamp":1766137149268},"event":{"channel":"progress","type":"think_chunk","step":1,"delta":"睡眠不足\"],\n  ","bookmark":{"seq":50,"timestamp":1766137149268}}}
{"cursor":51,"bookmark":{"seq":51,"timestamp":1766137149268},"event":{"channel":"progress","type":"think_chunk","step":1,"delta":"  \"needs\": [\"","bookmark":{"seq":51,"timestamp":1766137149268}}}
{"cursor":52,"bookmark":{"seq":52,"timestamp":1766137149371},"event":{"channel":"progress","type":"think_chunk","step":1,"delta":"猝死保障\"]\n","bookmark":{"seq":52,"timestamp":1766137149371}}}
{"cursor":53,"bookmark":{"seq":53,"timestamp":1766137149371},"event":{"channel":"progress","type":"think_chunk","step":1,"delta":"  },\n  \"","bookmark":{"seq":53,"timestamp":1766137149371}}}
{"cursor":54,"bookmark":{"seq":54,"timestamp":1766137149372},"event":{"channel":"progress","type":"think_chunk","step":1,"delta":"insight_summary\":","bookmark":{"seq":54,"timestamp":1766137149372}}}
{"cursor":55,"bookmark":{"seq":55,"timestamp":1766137149424},"event":{"channel":"progress","type":"think_chunk","step":1,"delta":" \"30岁未婚","bookmark":{"seq":55,"timestamp":1766137149424}}}
{"cursor":56,"bookmark":{"seq":56,"timestamp":1766137149425},"event":{"channel":"progress","type":"think_chunk","step":1,"delta":"互联网从业者，收入","bookmark":{"seq":56,"timestamp":1766137149425}}}
{"cursor":57,"bookmark":{"seq":57,"timestamp":1766137149426},"event":{"channel":"progress","type":"think_chunk","step":1,"delta":"较高但睡眠","bookmark":{"seq":57,"timestamp":1766137149426}}}
{"cursor":58,"bookmark":{"seq":58,"timestamp":1766137149585},"event":{"channel":"progress","type":"think_chunk","step":1,"delta":"不足，对","bookmark":{"seq":58,"timestamp":1766137149585}}}
{"cursor":59,"bookmark":{"seq":59,"timestamp":1766137149585},"event":{"channel":"progress","type":"think_chunk","step":1,"delta":"猝死风险较为","bookmark":{"seq":59,"timestamp":1766137149585}}}
{"cursor":60,"bookmark":{"seq":60,"timestamp":1766137149586},"event":{"channel":"progress","type":"think_chunk","step":1,"delta":"担忧。","bookmark":{"seq":60,"timestamp":1766137149586}}}
{"cursor":61,"bookmark":{"seq":61,"timestamp":1766137149586},"event":{"channel":"progress","type":"think_chunk","step":1,"delta":"预算充足，可以考虑","bookmark":{"seq":61,"timestamp":1766137149586}}}
{"cursor":62,"bookmark":{"seq":62,"timestamp":1766137149587},"event":{"channel":"progress","type":"think_chunk","step":1,"delta":"配置较高","bookmark":{"seq":62,"timestamp":1766137149587}}}
{"cursor":63,"bookmark":{"seq":63,"timestamp":1766137149626},"event":{"channel":"progress","type":"think_chunk","step":1,"delta":"保额的重","bookmark":{"seq":63,"timestamp":1766137149626}}}
{"cursor":64,"bookmark":{"seq":64,"timestamp":1766137149666},"event":{"channel":"progress","type":"think_chunk","step":1,"delta":"疾险和意外","bookmark":{"seq":64,"timestamp":1766137149666}}}
{"cursor":65,"bookmark":{"seq":65,"timestamp":1766137149666},"event":{"channel":"progress","type":"think_chunk","step":1,"delta":"险，","bookmark":{"seq":65,"timestamp":1766137149666}}}
{"cursor":66,"bookmark":{"seq":66,"timestamp":1766137149704},"event":{"channel":"progress","type":"think_chunk","step":1,"delta":"特别是","bookmark":{"seq":66,"timestamp":1766137149704}}}
{"cursor":67,"bookmark":{"seq":67,"timestamp":1766137149736},"event":{"channel":"progress","type":"think_chunk","step":1,"delta":"包含猝死保障的产品。\",\n","bookmark":{"seq":67,"timestamp":1766137149736}}}
{"cursor":68,"bookmark":{"seq":68,"timestamp":1766137149788},"event":{"channel":"progress","type":"think_chunk","step":1,"delta":"  \"recommendations\":","bookmark":{"seq":68,"timestamp":1766137149788}}}
{"cursor":69,"bookmark":{"seq":69,"timestamp":1766137149788},"event":{"channel":"progress","type":"think_chunk","step":1,"delta":" [\n    {\n","bookmark":{"seq":69,"timestamp":1766137149788}}}
{"cursor":70,"bookmark":{"seq":70,"timestamp":1766137149941},"event":{"channel":"progress","type":"think_chunk","step":1,"delta":"      \"product_id","bookmark":{"seq":70,"timestamp":1766137149941}}}
{"cursor":71,"bookmark":{"seq":71,"timestamp":1766137149942},"event":{"channel":"progress","type":"think_chunk","step":1,"delta":"\": \"待确认","bookmark":{"seq":71,"timestamp":1766137149942}}}
{"cursor":72,"bookmark":{"seq":72,"timestamp":1766137149942},"event":{"channel":"progress","type":"think_chunk","step":1,"delta":"\",\n    ","bookmark":{"seq":72,"timestamp":1766137149942}}}
{"cursor":73,"bookmark":{"seq":73,"timestamp":1766137149942},"event":{"channel":"progress","type":"think_chunk","step":1,"delta":"  \"product_name\":","bookmark":{"seq":73,"timestamp":1766137149942}}}
{"cursor":74,"bookmark":{"seq":74,"timestamp":1766137149943},"event":{"channel":"progress","type":"think_chunk","step":1,"delta":" \"待确认\",\n","bookmark":{"seq":74,"timestamp":1766137149943}}}
{"cursor":75,"bookmark":{"seq":75,"timestamp":1766137149961},"event":{"channel":"progress","type":"think_chunk","step":1,"delta":"      \"product_type","bookmark":{"seq":75,"timestamp":1766137149961}}}
{"cursor":76,"bookmark":{"seq":76,"timestamp":1766137149997},"event":{"channel":"progress","type":"think_chunk","step":1,"delta":"\": \"重","bookmark":{"seq":76,"timestamp":1766137149997}}}
{"cursor":77,"bookmark":{"seq":77,"timestamp":1766137149997},"event":{"channel":"progress","type":"think_chunk","step":1,"delta":"疾险\",\n    ","bookmark":{"seq":77,"timestamp":1766137149997}}}
{"cursor":78,"bookmark":{"seq":78,"timestamp":1766137150034},"event":{"channel":"progress","type":"think_chunk","step":1,"delta":"  \"customer_fit\":","bookmark":{"seq":78,"timestamp":1766137150034}}}
{"cursor":79,"bookmark":{"seq":79,"timestamp":1766137150102},"event":{"channel":"progress","type":"think_chunk","step":1,"delta":" \"针对互联网","bookmark":{"seq":79,"timestamp":1766137150102}}}
{"cursor":80,"bookmark":{"seq":80,"timestamp":1766137150263},"event":{"channel":"progress","type":"think_chunk","step":1,"delta":"行业猝死风险","bookmark":{"seq":80,"timestamp":1766137150263}}}
{"cursor":81,"bookmark":{"seq":81,"timestamp":1766137150264},"event":{"channel":"progress","type":"think_chunk","step":1,"delta":"，30岁年龄","bookmark":{"seq":81,"timestamp":1766137150264}}}
{"cursor":82,"bookmark":{"seq":82,"timestamp":1766137150269},"event":{"channel":"progress","type":"think_chunk","step":1,"delta":"适合配置重疾","bookmark":{"seq":82,"timestamp":1766137150269}}}
{"cursor":83,"bookmark":{"seq":83,"timestamp":1766137150270},"event":{"channel":"progress","type":"think_chunk","step":1,"delta":"险\",\n      \"","bookmark":{"seq":83,"timestamp":1766137150270}}}
{"cursor":84,"bookmark":{"seq":84,"timestamp":1766137150270},"event":{"channel":"progress","type":"think_chunk","step":1,"delta":"coverage_highlights\":","bookmark":{"seq":84,"timestamp":1766137150270}}}
{"cursor":85,"bookmark":{"seq":85,"timestamp":1766137150270},"event":{"channel":"progress","type":"think_chunk","step":1,"delta":" [\"待确认\"],\n","bookmark":{"seq":85,"timestamp":1766137150270}}}
{"cursor":86,"bookmark":{"seq":86,"timestamp":1766137150332},"event":{"channel":"progress","type":"think_chunk","step":1,"delta":"      \"tool_e","bookmark":{"seq":86,"timestamp":1766137150332}}}
{"cursor":87,"bookmark":{"seq":87,"timestamp":1766137151267},"event":{"channel":"progress","type":"think_chunk","step":1,"delta":"vidence\": [\n      ","bookmark":{"seq":87,"timestamp":1766137151267}}}
{"cursor":88,"bookmark":{"seq":88,"timestamp":1766137151268},"event":{"channel":"progress","type":"think_chunk","step":1,"delta":"  {\n          \"tool","bookmark":{"seq":88,"timestamp":1766137151268}}}
{"cursor":89,"bookmark":{"seq":89,"timestamp":1766137151268},"event":{"channel":"progress","type":"think_chunk","step":1,"delta":"\": \"","bookmark":{"seq":89,"timestamp":1766137151268}}}
{"cursor":90,"bookmark":{"seq":90,"timestamp":1766137151269},"event":{"channel":"progress","type":"think_chunk","step":1,"delta":"insurance_filter\",\n        ","bookmark":{"seq":90,"timestamp":1766137151269}}}
{"cursor":91,"bookmark":{"seq":91,"timestamp":1766137151269},"event":{"channel":"progress","type":"think_chunk","step":1,"delta":"  \"query\": \"年龄30","bookmark":{"seq":91,"timestamp":1766137151269}}}
{"cursor":92,"bookmark":{"seq":92,"timestamp":1766137151269},"event":{"channel":"progress","type":"think_chunk","step":1,"delta":"岁，产品类型重","bookmark":{"seq":92,"timestamp":1766137151269}}}
{"cursor":93,"bookmark":{"seq":93,"timestamp":1766137151269},"event":{"channel":"progress","type":"think_chunk","step":1,"delta":"疾险\",\n","bookmark":{"seq":93,"timestamp":1766137151269}}}
{"cursor":94,"bookmark":{"seq":94,"timestamp":1766137151270},"event":{"channel":"progress","type":"think_chunk","step":1,"delta":"          \"evidence\":","bookmark":{"seq":94,"timestamp":1766137151270}}}
{"cursor":95,"bookmark":{"seq":95,"timestamp":1766137151270},"event":{"channel":"progress","type":"think_chunk","step":1,"delta":" \"筛选30","bookmark":{"seq":95,"timestamp":1766137151270}}}
{"cursor":96,"bookmark":{"seq":96,"timestamp":1766137151270},"event":{"channel":"progress","type":"think_chunk","step":1,"delta":"岁可投保","bookmark":{"seq":96,"timestamp":1766137151270}}}
{"cursor":97,"bookmark":{"seq":97,"timestamp":1766137151270},"event":{"channel":"progress","type":"think_chunk","step":1,"delta":"的重疾险产品","bookmark":{"seq":97,"timestamp":1766137151270}}}
{"cursor":98,"bookmark":{"seq":98,"timestamp":1766137151827},"event":{"channel":"progress","type":"think_chunk","step":1,"delta":"\"\n        },\n      ","bookmark":{"seq":98,"timestamp":1766137151827}}}
{"cursor":99,"bookmark":{"seq":99,"timestamp":1766137151828},"event":{"channel":"progress","type":"think_chunk","step":1,"delta":"  {\n          \"tool","bookmark":{"seq":99,"timestamp":1766137151828}}}
{"cursor":100,"bookmark":{"seq":100,"timestamp":1766137151828},"event":{"channel":"progress","type":"think_chunk","step":1,"delta":"\": \"insurance_search","bookmark":{"seq":100,"timestamp":1766137151828}}}
{"cursor":101,"bookmark":{"seq":101,"timestamp":1766137151829},"event":{"channel":"progress","type":"think_chunk","step":1,"delta":"\",\n          \"query","bookmark":{"seq":101,"timestamp":1766137151829}}}
{"cursor":102,"bookmark":{"seq":102,"timestamp":1766137151829},"event":{"channel":"progress","type":"think_chunk","step":1,"delta":"\": \"猝","bookmark":{"seq":102,"timestamp":1766137151829}}}
{"cursor":103,"bookmark":{"seq":103,"timestamp":1766137151829},"event":{"channel":"progress","type":"think_chunk","step":1,"delta":"死\",\n          \"e","bookmark":{"seq":103,"timestamp":1766137151829}}}
{"cursor":104,"bookmark":{"seq":104,"timestamp":1766137151829},"event":{"channel":"progress","type":"think_chunk","step":1,"delta":"vidence\": \"搜索包含猝","bookmark":{"seq":104,"timestamp":1766137151829}}}
{"cursor":105,"bookmark":{"seq":105,"timestamp":1766137151831},"event":{"channel":"progress","type":"think_chunk","step":1,"delta":"死保障","bookmark":{"seq":105,"timestamp":1766137151831}}}
{"cursor":106,"bookmark":{"seq":106,"timestamp":1766137151832},"event":{"channel":"progress","type":"think_chunk","step":1,"delta":"的保险产品\"\n        }\n","bookmark":{"seq":106,"timestamp":1766137151832}}}
{"cursor":107,"bookmark":{"seq":107,"timestamp":1766137151832},"event":{"channel":"progress","type":"think_chunk","step":1,"delta":"      ],\n    ","bookmark":{"seq":107,"timestamp":1766137151832}}}
{"cursor":108,"bookmark":{"seq":108,"timestamp":1766137151833},"event":{"channel":"progress","type":"think_chunk","step":1,"delta":"  \"disclaimer","bookmark":{"seq":108,"timestamp":1766137151833}}}
{"cursor":109,"bookmark":{"seq":109,"timestamp":1766137151833},"event":{"channel":"progress","type":"think_chunk","step":1,"delta":"\": \"所有推荐","bookmark":{"seq":109,"timestamp":1766137151833}}}
{"cursor":110,"bookmark":{"seq":110,"timestamp":1766137151833},"event":{"channel":"progress","type":"think_chunk","step":1,"delta":"以实际核保","bookmark":{"seq":110,"timestamp":1766137151833}}}
{"cursor":111,"bookmark":{"seq":111,"timestamp":1766137151833},"event":{"channel":"progress","type":"think_chunk","step":1,"delta":"及条款为","bookmark":{"seq":111,"timestamp":1766137151833}}}
{"cursor":112,"bookmark":{"seq":112,"timestamp":1766137151833},"event":{"channel":"progress","type":"think_chunk","step":1,"delta":"准。\"\n  ","bookmark":{"seq":112,"timestamp":1766137151833}}}
{"cursor":113,"bookmark":{"seq":113,"timestamp":1766137151834},"event":{"channel":"progress","type":"think_chunk","step":1,"delta":"  }\n  ],\n","bookmark":{"seq":113,"timestamp":1766137151834}}}
{"cursor":114,"bookmark":{"seq":114,"timestamp":1766137151834},"event":{"channel":"progress","type":"think_chunk","step":1,"delta":"  \"questions\": [\"您","bookmark":{"seq":114,"timestamp":1766137151834}}}
{"cursor":115,"bookmark":{"seq":115,"timestamp":1766137151834},"event":{"channel":"progress","type":"think_chunk","step":1,"delta":"目前是否已","bookmark":{"seq":115,"timestamp":1766137151834}}}
{"cursor":116,"bookmark":{"seq":116,"timestamp":1766137151835},"event":{"channel":"progress","type":"think_chunk","step":1,"delta":"配置其他","bookmark":{"seq":116,"timestamp":1766137151835}}}
{"cursor":117,"bookmark":{"seq":117,"timestamp":1766137151835},"event":{"channel":"progress","type":"think_chunk","step":1,"delta":"保险产品？请","bookmark":{"seq":117,"timestamp":1766137151835}}}
{"cursor":118,"bookmark":{"seq":118,"timestamp":1766137151835},"event":{"channel":"progress","type":"think_chunk","step":1,"delta":"提供更","bookmark":{"seq":118,"timestamp":1766137151835}}}
{"cursor":119,"bookmark":{"seq":119,"timestamp":1766137151835},"event":{"channel":"progress","type":"think_chunk","step":1,"delta":"详细的健康状况信息（","bookmark":{"seq":119,"timestamp":1766137151835}}}
{"cursor":120,"bookmark":{"seq":120,"timestamp":1766137151835},"event":{"channel":"progress","type":"think_chunk","step":1,"delta":"如是否有高血压","bookmark":{"seq":120,"timestamp":1766137151835}}}
{"cursor":121,"bookmark":{"seq":121,"timestamp":1766137151835},"event":{"channel":"progress","type":"think_chunk","step":1,"delta":"等基础疾病","bookmark":{"seq":121,"timestamp":1766137151835}}}
{"cursor":122,"bookmark":{"seq":122,"timestamp":1766137151835},"event":{"channel":"progress","type":"think_chunk","step":1,"delta":"）\"],\n  \"","bookmark":{"seq":122,"timestamp":1766137151835}}}
{"cursor":123,"bookmark":{"seq":123,"timestamp":1766137151835},"event":{"channel":"progress","type":"think_chunk","step":1,"delta":"next_actions\": [\"","bookmark":{"seq":123,"timestamp":1766137151835}}}
{"cursor":124,"bookmark":{"seq":124,"timestamp":1766137151836},"event":{"channel":"progress","type":"think_chunk","step":1,"delta":"根据您的","bookmark":{"seq":124,"timestamp":1766137151836}}}
{"cursor":125,"bookmark":{"seq":125,"timestamp":1766137151960},"event":{"channel":"progress","type":"think_chunk","step":1,"delta":"收入和预算","bookmark":{"seq":125,"timestamp":1766137151960}}}
{"cursor":126,"bookmark":{"seq":126,"timestamp":1766137151961},"event":{"channel":"progress","type":"think_chunk","step":1,"delta":"，建议配置高","bookmark":{"seq":126,"timestamp":1766137151961}}}
{"cursor":127,"bookmark":{"seq":127,"timestamp":1766137151961},"event":{"channel":"progress","type":"think_chunk","step":1,"delta":"保额重疾","bookmark":{"seq":127,"timestamp":1766137151961}}}
{"cursor":128,"bookmark":{"seq":128,"timestamp":1766137151962},"event":{"channel":"progress","type":"think_chunk","step":1,"delta":"险和意外险，","bookmark":{"seq":128,"timestamp":1766137151962}}}
{"cursor":129,"bookmark":{"seq":129,"timestamp":1766137151969},"event":{"channel":"progress","type":"think_chunk","step":1,"delta":"重点考虑","bookmark":{"seq":129,"timestamp":1766137151969}}}
{"cursor":130,"bookmark":{"seq":130,"timestamp":1766137152062},"event":{"channel":"progress","type":"think_chunk","step":1,"delta":"包含","bookmark":{"seq":130,"timestamp":1766137152062}}}
{"cursor":131,"bookmark":{"seq":131,"timestamp":1766137152130},"event":{"channel":"progress","type":"think_chunk","step":1,"delta":"猝死保障的产品\"]\n}\n```","bookmark":{"seq":131,"timestamp":1766137152130}}}
{"cursor":132,"bookmark":{"seq":132,"timestamp":1766137152347},"event":{"channel":"progress","type":"think_chunk_end","step":1,"bookmark":{"seq":132,"timestamp":1766137152347}}}
{"cursor":134,"bookmark":{"seq":134,"timestamp":1766137152394},"event":{"channel":"progress","type":"done","step":1,"reason":"completed","bookmark":{"seq":134,"timestamp":1766137152394}}}
{"cursor":141,"bookmark":{"seq":141,"timestamp":1766137332353},"event":{"channel":"progress","type":"think_chunk_start","step":3,"bookmark":{"seq":141,"timestamp":1766137332353}}}
{"cursor":144,"bookmark":{"seq":144,"timestamp":1766137360707},"event":{"channel":"progress","type":"tool:start","call":{"id":"call_bpqwpgprs6o","name":"insurance_filter","state":"PENDING","approval":{"required":false},"inputPreview":"{\"age_min\":30,\"age_max\":30,\"product_type\":\"重疾险\"}","auditTrail":[{"state":"PENDING","timestamp":1766137360707}]},"bookmark":{"seq":144,"timestamp":1766137360707}}}
{"cursor":149,"bookmark":{"seq":149,"timestamp":1766137360727},"event":{"channel":"progress","type":"tool:end","call":{"id":"call_bpqwpgprs6o","name":"insurance_filter","state":"COMPLETED","approval":{"required":false},"result":{"ok":true,"count":4,"products":[{"id":27,"product_name":"友邦附加万全如意 A 款豁免保费重大疾病保险","product_type":"重疾险","age_range":"18周岁至55周岁"},{"id":33,"product_name":"友邦附加盈如意顺心版提前给付重大疾病保险","product_type":"重疾险","age_range":"18周岁至55周岁"},{"id":42,"product_name":"友邦友如意顺心版（2025）重大疾病保险","product_type":"重疾险","age_range":"18周岁至55周岁"},{"id":30,"product_name":"友邦附加爱如意 D 款恶性肿瘤（重度）疾病保险","product_type":"重疾险","age_range":"男性0-50周岁，女性0-45周岁"}]},"durationMs":13,"startedAt":1766137360714,"completedAt":1766137360727,"inputPreview":"{\"age_min\":30,\"age_max\":30,\"product_type\":\"重疾险\"}","auditTrail":[{"state":"PENDING","timestamp":1766137360707},{"state":"EXECUTING","timestamp":1766137360714,"note":"execution start"},{"state":"COMPLETED","timestamp":1766137360727,"note":"execution complete"}]},"bookmark":{"seq":149,"timestamp":1766137360727}}}
{"cursor":155,"bookmark":{"seq":155,"timestamp":1766137360729},"event":{"channel":"progress","type":"think_chunk_start","step":4,"bookmark":{"seq":155,"timestamp":1766137360729}}}
{"cursor":158,"bookmark":{"seq":158,"timestamp":1766137362317},"event":{"channel":"progress","type":"tool:start","call":{"id":"call_gim1drlvlyo","name":"insurance_search","state":"PENDING","approval":{"required":false},"inputPreview":"{\"keyword\":\"猝死\",\"limit\":5}","auditTrail":[{"state":"PENDING","timestamp":1766137362317}]},"bookmark":{"seq":158,"timestamp":1766137362317}}}
{"cursor":163,"bookmark":{"seq":163,"timestamp":1766137362338},"event":{"channel":"progress","type":"tool:end","call":{"id":"call_gim1drlvlyo","name":"insurance_search","state":"COMPLETED","approval":{"required":false},"result":{"ok":true,"products":[{"id":40,"product_name":"友邦友型运动意外伤害保险（互联网专属）","score":80,"matches":{"description":"...包含意外事故保险金、骨折医疗、医药费用补偿及猝死保险金。...","extend_info":"{\"death_payout\": \"意外身故保险金\", \"sudden_death\": \"猝死保险金\", \"disability_payout\": \"意外伤残保险金\"}","coverage":"...• 意外身故保险金：在保险合同有效期内，若被保险人因遭受意外事故，且自该事故发生之日起一百八十日内身故的（不包括猝死），则本公司给付意外身故保险金予身故保险金受益人。 • 意外伤残保险金：在保险合同有效期内，若被保险人因遭受意外事故，且自该事故发生之日起一百八十日内导致伤残，..."}},{"id":7,"product_name":"友邦享运动意外伤害保险（互联网）","score":30,"matches":{"description":"一款包含意外身故、伤残及可选骨折医疗等责任的意外险。...","extend_info":"{\"death_payout\": \"意外身故保险金\", \"sudden_death\": \"猝死保险金\", \"disability_payout\": \"意外伤残保险金\"}","coverage":"...费用补偿金：在保险合同有效期内，若被保险人因遭受意外事故，且自该事故发生之日起一百八十日内因该事故所致伤害而经医院进行必要治疗，则给付意外医药费用补偿金。 • 猝死保险金：在保险合同有效期内，若被保险人发生猝死，则给付猝死保险金。..."}},{"id":29,"product_name":"友邦附加添益（2025）意外伤害保险","score":30,"matches":{"description":"包含一般意外、航空意外等责任的意外伤害保险产品。...","extend_info":"{\"death_payout\": \"一般/航空/特定/重大自然灾害\", \"sudden_death\": \"猝死保险金\", \"disability_payout\": \"一般/航空/特定/重大自然灾害\"}","coverage":"...金：被保险人因九种重大自然灾害的发生而遭受意外事故，且自该事故发生之日起一百八十日内导致伤残，按《人身保险伤残评定及代码》给付重大自然灾害意外伤残保险金。 • 猝死保险金：被保险人猝死，给付猝死保险金。 • 意外医药费用补偿金：被保险人因遭受意外事故，且自该事故发生之日起一百八十日内因该事故所致伤害而经医院进行必要治疗，给..."}},{"id":6,"product_name":"友邦乐运动意外伤害保险（互联网）","score":30,"matches":{"description":"一款包含意外身故、伤残及可选责任的保险产品。...","extend_info":"{\"death_payout\": \"意外身故保险金\", \"sudden_death\": \"猝死保险金\", \"disability_payout\": \"意外伤残保险金\"}","coverage":"...费用补偿金：在保险合同有效期内，若被保险人因遭受意外事故，且自该事故发生之日起一百八十日内因该事故所致伤害而经医院进行必要治疗，则给付意外医药费用补偿金。 • 猝死保险金：在保险合同有效期内，若被保险人发生猝死，则给付猝死保险金。..."}}]},"durationMs":19,"startedAt":1766137362319,"completedAt":1766137362338,"inputPreview":"{\"keyword\":\"猝死\",\"limit\":5}","auditTrail":[{"state":"PENDING","timestamp":1766137362317},{"state":"EXECUTING","timestamp":1766137362319,"note":"execution start"},{"state":"COMPLETED","timestamp":1766137362338,"note":"execution complete"}]},"bookmark":{"seq":163,"timestamp":1766137362338}}}
{"cursor":169,"bookmark":{"seq":169,"timestamp":1766137362340},"event":{"channel":"progress","type":"think_chunk_start","step":5,"bookmark":{"seq":169,"timestamp":1766137362340}}}
{"cursor":172,"bookmark":{"seq":172,"timestamp":1766137363813},"event":{"channel":"progress","type":"tool:start","call":{"id":"call_aahyh9t5bf","name":"insurance_inspect","state":"PENDING","approval":{"required":false},"inputPreview":"{\"product_id\":40,\"fields\":\"product_name,coverage,extend_info\",\"view\":\"summary\"}","auditTrail":[{"state":"PENDING","timestamp":1766137363813}]},"bookmark":{"seq":172,"timestamp":1766137363813}}}
{"cursor":177,"bookmark":{"seq":177,"timestamp":1766137363828},"event":{"channel":"progress","type":"tool:end","call":{"id":"call_aahyh9t5bf","name":"insurance_inspect","state":"COMPLETED","approval":{"required":false},"result":{"ok":true,"data":{"product_name":"友邦友型运动意外伤害保险（互联网专属）","coverage_keys":["意外身故保险金","意外伤残保险金","意外骨折医疗保险金","意外医药费用补偿金","猝死保险金"],"extend_info_keys":["highlights","table_data","theme_color","accident_features"]}},"durationMs":12,"startedAt":1766137363815,"completedAt":1766137363827,"inputPreview":"{\"product_id\":40,\"fields\":\"product_name,coverage,extend_info\",\"view\":\"summary\"}","auditTrail":[{"state":"PENDING","timestamp":1766137363813},{"state":"EXECUTING","timestamp":1766137363815,"note":"execution start"},{"state":"COMPLETED","timestamp":1766137363827,"note":"execution complete"}]},"bookmark":{"seq":177,"timestamp":1766137363828}}}
{"cursor":183,"bookmark":{"seq":183,"timestamp":1766137363830},"event":{"channel":"progress","type":"think_chunk_start","step":6,"bookmark":{"seq":183,"timestamp":1766137363830}}}
{"cursor":186,"bookmark":{"seq":186,"timestamp":1766137365485},"event":{"channel":"progress","type":"tool:start","call":{"id":"call_3lc0cbd5mxr","name":"insurance_inspect","state":"PENDING","approval":{"required":false},"inputPreview":"{\"product_id\":40,\"fields\":\"coverage.猝死保险金,extend_info.highlights,extend_info.table_data\",\"view\":\"full\"}","auditTrail":[{"state":"PENDING","timestamp":1766137365485}]},"bookmark":{"seq":186,"timestamp":1766137365485}}}
{"cursor":191,"bookmark":{"seq":191,"timestamp":1766137365502},"event":{"channel":"progress","type":"tool:end","call":{"id":"call_3lc0cbd5mxr","name":"insurance_inspect","state":"COMPLETED","approval":{"required":false},"result":{"ok":true,"data":{"coverage":{"猝死保险金":"在保险合同有效期内，若被保险人发生猝死，则本公司给付猝死保险金予身故保险金受益人。"},"extend_info.table_data":"{\"rows\": [[\"0-17岁\", \"¥300\"], [\"18-40岁\", \"¥500\"], [\"41-60岁\", \"¥1,200\"]], \"title\": \"费率参考 (示例)\", \"headers\": [\"年龄\", \"年交保费\"]}","extend_info.highlights":"[{\"label\": \"最高保额\", \"value\": \"详见条款\"}, {\"label\": \"保障期限\", \"value\": \"7日、30日\"}, {\"label\": \"等待期\", \"value\": \"无\"}, {\"label\": \"险种类型\", \"value\": \"意外险\"}]"}},"durationMs":16,"startedAt":1766137365485,"completedAt":1766137365501,"inputPreview":"{\"product_id\":40,\"fields\":\"coverage.猝死保险金,extend_info.highlights,extend_info.table_data\",\"view\":\"full\"}","auditTrail":[{"state":"PENDING","timestamp":1766137365485},{"state":"EXECUTING","timestamp":1766137365485,"note":"execution start"},{"state":"COMPLETED","timestamp":1766137365501,"note":"execution complete"}]},"bookmark":{"seq":191,"timestamp":1766137365502}}}
{"cursor":197,"bookmark":{"seq":197,"timestamp":1766137365504},"event":{"channel":"progress","type":"think_chunk_start","step":7,"bookmark":{"seq":197,"timestamp":1766137365504}}}
{"cursor":200,"bookmark":{"seq":200,"timestamp":1766137367514},"event":{"channel":"progress","type":"tool:start","call":{"id":"call_riug681a5o","name":"insurance_inspect","state":"PENDING","approval":{"required":false},"inputPreview":"{\"product_id\":42,\"fields\":\"product_name,coverage\",\"view\":\"summary\"}","auditTrail":[{"state":"PENDING","timestamp":1766137367514}]},"bookmark":{"seq":200,"timestamp":1766137367514}}}
{"cursor":205,"bookmark":{"seq":205,"timestamp":1766137367522},"event":{"channel":"progress","type":"tool:end","call":{"id":"call_riug681a5o","name":"insurance_inspect","state":"COMPLETED","approval":{"required":false},"result":{"ok":true,"data":{"product_name":"友邦友如意顺心版（2025）重大疾病保险","coverage_keys":["重度疾病保险金","中度疾病保险金","轻度疾病保险金","全残保险金","生命终末期保险金","身故保险金"]}},"durationMs":7,"startedAt":1766137367514,"completedAt":1766137367521,"inputPreview":"{\"product_id\":42,\"fields\":\"product_name,coverage\",\"view\":\"summary\"}","auditTrail":[{"state":"PENDING","timestamp":1766137367514},{"state":"EXECUTING","timestamp":1766137367514,"note":"execution start"},{"state":"COMPLETED","timestamp":1766137367521,"note":"execution complete"}]},"bookmark":{"seq":205,"timestamp":1766137367522}}}
{"cursor":211,"bookmark":{"seq":211,"timestamp":1766137367523},"event":{"channel":"progress","type":"think_chunk_start","step":8,"bookmark":{"seq":211,"timestamp":1766137367523}}}
{"cursor":214,"bookmark":{"seq":214,"timestamp":1766137369603},"event":{"channel":"progress","type":"tool:start","call":{"id":"call_pviu5878kcq","name":"insurance_inspect","state":"PENDING","approval":{"required":false},"inputPreview":"{\"product_id\":42,\"fields\":\"coverage.身故保险金\",\"view\":\"full\"}","auditTrail":[{"state":"PENDING","timestamp":1766137369603}]},"bookmark":{"seq":214,"timestamp":1766137369603}}}
{"cursor":219,"bookmark":{"seq":219,"timestamp":1766137369613},"event":{"channel":"progress","type":"tool:end","call":{"id":"call_pviu5878kcq","name":"insurance_inspect","state":"COMPLETED","approval":{"required":false},"result":{"ok":true,"data":{"coverage":{"身故保险金":"给付金额等于身故时的基本保险金额。"}}},"durationMs":9,"startedAt":1766137369604,"completedAt":1766137369613,"inputPreview":"{\"product_id\":42,\"fields\":\"coverage.身故保险金\",\"view\":\"full\"}","auditTrail":[{"state":"PENDING","timestamp":1766137369603},{"state":"EXECUTING","timestamp":1766137369604,"note":"execution start"},{"state":"COMPLETED","timestamp":1766137369613,"note":"execution complete"}]},"bookmark":{"seq":219,"timestamp":1766137369613}}}
{"cursor":225,"bookmark":{"seq":225,"timestamp":1766137369614},"event":{"channel":"progress","type":"think_chunk_start","step":9,"bookmark":{"seq":225,"timestamp":1766137369614}}}
{"cursor":228,"bookmark":{"seq":228,"timestamp":1766137374072},"event":{"channel":"progress","type":"tool:start","call":{"id":"call_li030c8fx4o","name":"insurance_inspect","state":"PENDING","approval":{"required":false},"inputPreview":"{\"product_id\":30,\"fields\":\"product_name,coverage\",\"view\":\"summary\"}","auditTrail":[{"state":"PENDING","timestamp":1766137374072}]},"bookmark":{"seq":228,"timestamp":1766137374072}}}
{"cursor":233,"bookmark":{"seq":233,"timestamp":1766137374087},"event":{"channel":"progress","type":"tool:end","call":{"id":"call_li030c8fx4o","name":"insurance_inspect","state":"COMPLETED","approval":{"required":false},"result":{"ok":true,"data":{"product_name":"友邦附加爱如意 D 款恶性肿瘤（重度）疾病保险","coverage_keys":["等待期","豁免保险费","第一次“恶性肿瘤——重度”保险金","第二次“恶性肿瘤——重度”保险金"]}},"durationMs":15,"startedAt":1766137374072,"completedAt":1766137374087,"inputPreview":"{\"product_id\":30,\"fields\":\"product_name,coverage\",\"view\":\"summary\"}","auditTrail":[{"state":"PENDING","timestamp":1766137374072},{"state":"EXECUTING","timestamp":1766137374072,"note":"execution start"},{"state":"COMPLETED","timestamp":1766137374087,"note":"execution complete"}]},"bookmark":{"seq":233,"timestamp":1766137374087}}}
{"cursor":239,"bookmark":{"seq":239,"timestamp":1766137374090},"event":{"channel":"progress","type":"think_chunk_start","step":10,"bookmark":{"seq":239,"timestamp":1766137374090}}}
{"cursor":242,"bookmark":{"seq":242,"timestamp":1766137396284},"event":{"channel":"progress","type":"tool:start","call":{"id":"call_sh8sfdukbib","name":"insurance_filter","state":"PENDING","approval":{"required":false},"inputPreview":"{\"age_min\":30,\"age_max\":30,\"product_type\":\"医疗险\"}","auditTrail":[{"state":"PENDING","timestamp":1766137396284}]},"bookmark":{"seq":242,"timestamp":1766137396284}}}
{"cursor":247,"bookmark":{"seq":247,"timestamp":1766137396296},"event":{"channel":"progress","type":"tool:end","call":{"id":"call_sh8sfdukbib","name":"insurance_filter","state":"COMPLETED","approval":{"required":false},"result":{"ok":true,"count":7,"products":[{"id":9,"product_name":"友邦优享康惠医疗保险","product_type":"医疗险","age_range":"出生满七日至六十岁（计划一）；十八岁至六十岁（计划二、三）"},{"id":19,"product_name":"友邦深圳专属团体24医疗保险（互联网）","product_type":"医疗险","age_range":"无年龄限制"},{"id":26,"product_name":"友邦长保康惠长期医疗保险（费率可调）","product_type":"医疗险","age_range":"出生满七日至六十五岁，最高可续保至九十九岁"},{"id":35,"product_name":"友邦传世无忧（2024）高端医疗保险","product_type":"医疗险","age_range":"出生满三十日至七十岁，牙科部分为出生满三十日至六十五岁"},{"id":43,"product_name":"友邦友童无忧高端医疗保险","product_type":"医疗险","age_range":"出生满三十日至十二岁，十三岁至十四岁需满足特定条件"},{"id":54,"product_name":"友邦附加友童行住院费用补偿医疗保险","product_type":"医疗险","age_range":"3周岁至30周岁"},{"id":55,"product_name":"友邦附加四海无忧（2025）医疗保险","product_type":"医疗险","age_range":"出生满三十日至八十岁"}]},"durationMs":11,"startedAt":1766137396284,"completedAt":1766137396295,"inputPreview":"{\"age_min\":30,\"age_max\":30,\"product_type\":\"医疗险\"}","auditTrail":[{"state":"PENDING","timestamp":1766137396284},{"state":"EXECUTING","timestamp":1766137396284,"note":"execution start"},{"state":"COMPLETED","timestamp":1766137396295,"note":"execution complete"}]},"bookmark":{"seq":247,"timestamp":1766137396296}}}
{"cursor":253,"bookmark":{"seq":253,"timestamp":1766137396298},"event":{"channel":"progress","type":"think_chunk_start","step":11,"bookmark":{"seq":253,"timestamp":1766137396298}}}
{"cursor":256,"bookmark":{"seq":256,"timestamp":1766137426880},"event":{"channel":"progress","type":"tool:start","call":{"id":"call_tcys7zbxrqg","name":"insurance_inspect","state":"PENDING","approval":{"required":false},"inputPreview":"{\"product_id\":9,\"fields\":\"product_name,coverage,extend_info\",\"view\":\"summary\"}","auditTrail":[{"state":"PENDING","timestamp":1766137426880}]},"bookmark":{"seq":256,"timestamp":1766137426880}}}
{"cursor":261,"bookmark":{"seq":261,"timestamp":1766137426904},"event":{"channel":"progress","type":"tool:end","call":{"id":"call_tcys7zbxrqg","name":"insurance_inspect","state":"COMPLETED","approval":{"required":false},"result":{"ok":true,"data":{"product_name":"友邦优享康惠医疗保险","coverage_keys":["住院费用补偿金","指定门急诊费用补偿金"],"extend_info_keys":["highlights","table_data","theme_color","coverage_list","medical_features"]}},"durationMs":22,"startedAt":1766137426881,"completedAt":1766137426903,"inputPreview":"{\"product_id\":9,\"fields\":\"product_name,coverage,extend_info\",\"view\":\"summary\"}","auditTrail":[{"state":"PENDING","timestamp":1766137426880},{"state":"EXECUTING","timestamp":1766137426881,"note":"execution start"},{"state":"COMPLETED","timestamp":1766137426903,"note":"execution complete"}]},"bookmark":{"seq":261,"timestamp":1766137426904}}}
{"cursor":267,"bookmark":{"seq":267,"timestamp":1766137426908},"event":{"channel":"progress","type":"think_chunk_start","step":12,"bookmark":{"seq":267,"timestamp":1766137426908}}}
{"cursor":270,"bookmark":{"seq":270,"timestamp":1766137439877},"event":{"channel":"progress","type":"tool:start","call":{"id":"call_4dmxlso32pb","name":"insurance_inspect","state":"PENDING","approval":{"required":false},"inputPreview":"{\"product_id\":9,\"fields\":\"extend_info.highlights,extend_info.table_data\",\"view\":\"full\"}","auditTrail":[{"state":"PENDING","timestamp":1766137439877}]},"bookmark":{"seq":270,"timestamp":1766137439877}}}
{"cursor":275,"bookmark":{"seq":275,"timestamp":1766137439914},"event":{"channel":"progress","type":"tool:end","call":{"id":"call_4dmxlso32pb","name":"insurance_inspect","state":"COMPLETED","approval":{"required":false},"result":{"ok":true,"data":{"extend_info.table_data":"{\"rows\": [[\"0-17岁\", \"¥300\"], [\"18-40岁\", \"¥500\"], [\"41-60岁\", \"¥1,200\"]], \"title\": \"费率参考 (示例)\", \"headers\": [\"年龄\", \"年交保费\"]}","extend_info.highlights":"[{\"label\": \"最高保额\", \"value\": \"详见条款\"}, {\"label\": \"保障期限\", \"value\": \"一年\"}, {\"label\": \"等待期\", \"value\": \"30天；60天\"}, {\"label\": \"险种类型\", \"value\": \"医疗险\"}]"}},"durationMs":37,"startedAt":1766137439877,"completedAt":1766137439914,"inputPreview":"{\"product_id\":9,\"fields\":\"extend_info.highlights,extend_info.table_data\",\"view\":\"full\"}","auditTrail":[{"state":"PENDING","timestamp":1766137439877},{"state":"EXECUTING","timestamp":1766137439877,"note":"execution start"},{"state":"COMPLETED","timestamp":1766137439914,"note":"execution complete"}]},"bookmark":{"seq":275,"timestamp":1766137439914}}}
{"cursor":281,"bookmark":{"seq":281,"timestamp":1766137439919},"event":{"channel":"progress","type":"think_chunk_start","step":13,"bookmark":{"seq":281,"timestamp":1766137439919}}}
{"cursor":284,"bookmark":{"seq":284,"timestamp":1766137487955},"event":{"channel":"progress","type":"tool:start","call":{"id":"call_esdefrc2fyl","name":"insurance_inspect","state":"PENDING","approval":{"required":false},"inputPreview":"{\"product_id\":26,\"fields\":\"product_name,coverage,extend_info\",\"view\":\"summary\"}","auditTrail":[{"state":"PENDING","timestamp":1766137487955}]},"bookmark":{"seq":284,"timestamp":1766137487955}}}
{"cursor":289,"bookmark":{"seq":289,"timestamp":1766137487962},"event":{"channel":"progress","type":"tool:end","call":{"id":"call_esdefrc2fyl","name":"insurance_inspect","state":"COMPLETED","approval":{"required":false},"result":{"ok":true,"data":{"product_name":"友邦长保康惠长期医疗保险（费率可调）","coverage_keys":["一般医疗补偿金","重大疾病医疗补偿金","恶性肿瘤 CAR-T 疗法院外药品费补偿金","特别住院津贴保险金"],"extend_info_keys":["highlights","table_data","theme_color","coverage_list","medical_features"]}},"durationMs":7,"startedAt":1766137487955,"completedAt":1766137487962,"inputPreview":"{\"product_id\":26,\"fields\":\"product_name,coverage,extend_info\",\"view\":\"summary\"}","auditTrail":[{"state":"PENDING","timestamp":1766137487955},{"state":"EXECUTING","timestamp":1766137487955,"note":"execution start"},{"state":"COMPLETED","timestamp":1766137487962,"note":"execution complete"}]},"bookmark":{"seq":289,"timestamp":1766137487962}}}
{"cursor":295,"bookmark":{"seq":295,"timestamp":1766137487964},"event":{"channel":"progress","type":"think_chunk_start","step":14,"bookmark":{"seq":295,"timestamp":1766137487964}}}
{"cursor":298,"bookmark":{"seq":298,"timestamp":1766137490060},"event":{"channel":"progress","type":"tool:start","call":{"id":"call_9jtbc3fd0wd","name":"insurance_inspect","state":"PENDING","approval":{"required":false},"inputPreview":"{\"product_id\":26,\"fields\":\"extend_info.highlights,extend_info.table_data\",\"view\":\"full\"}","auditTrail":[{"state":"PENDING","timestamp":1766137490060}]},"bookmark":{"seq":298,"timestamp":1766137490060}}}
{"cursor":303,"bookmark":{"seq":303,"timestamp":1766137490075},"event":{"channel":"progress","type":"tool:end","call":{"id":"call_9jtbc3fd0wd","name":"insurance_inspect","state":"COMPLETED","approval":{"required":false},"result":{"ok":true,"data":{"extend_info.table_data":"{\"rows\": [[\"0-17岁\", \"¥300\"], [\"18-40岁\", \"¥500\"], [\"41-60岁\", \"¥1,200\"]], \"title\": \"费率参考 (示例)\", \"headers\": [\"年龄\", \"年交保费\"]}","extend_info.highlights":"[{\"label\": \"最高保额\", \"value\": \"详见条款\"}, {\"label\": \"保障期限\", \"value\": \"一年\"}, {\"label\": \"等待期\", \"value\": \"30天\"}, {\"label\": \"险种类型\", \"value\": \"医疗险\"}]"}},"durationMs":15,"startedAt":1766137490060,"completedAt":1766137490075,"inputPreview":"{\"product_id\":26,\"fields\":\"extend_info.highlights,extend_info.table_data\",\"view\":\"full\"}","auditTrail":[{"state":"PENDING","timestamp":1766137490060},{"state":"EXECUTING","timestamp":1766137490060,"note":"execution start"},{"state":"COMPLETED","timestamp":1766137490075,"note":"execution complete"}]},"bookmark":{"seq":303,"timestamp":1766137490075}}}
{"cursor":309,"bookmark":{"seq":309,"timestamp":1766137490078},"event":{"channel":"progress","type":"think_chunk_start","step":15,"bookmark":{"seq":309,"timestamp":1766137490078}}}
{"cursor":310,"bookmark":{"seq":310,"timestamp":1766137491161},"event":{"channel":"progress","type":"think_chunk","step":15,"delta":"```json\n","bookmark":{"seq":310,"timestamp":1766137491161}}}
{"cursor":311,"bookmark":{"seq":311,"timestamp":1766137491231},"event":{"channel":"progress","type":"think_chunk","step":15,"delta":"{\n  \"thought","bookmark":{"seq":311,"timestamp":1766137491231}}}
{"cursor":312,"bookmark":{"seq":312,"timestamp":1766137491257},"event":{"channel":"progress","type":"think_chunk","step":15,"delta":"\": \"已为客户","bookmark":{"seq":312,"timestamp":1766137491257}}}
{"cursor":313,"bookmark":{"seq":313,"timestamp":1766137491257},"event":{"channel":"progress","type":"think_chunk","step":15,"delta":"王宝","bookmark":{"seq":313,"timestamp":1766137491257}}}
{"cursor":314,"bookmark":{"seq":314,"timestamp":1766137491340},"event":{"channel":"progress","type":"think_chunk","step":15,"delta":"强筛选了","bookmark":{"seq":314,"timestamp":1766137491340}}}
{"cursor":315,"bookmark":{"seq":315,"timestamp":1766137491340},"event":{"channel":"progress","type":"think_chunk","step":15,"delta":"适合30岁人群","bookmark":{"seq":315,"timestamp":1766137491340}}}
{"cursor":316,"bookmark":{"seq":316,"timestamp":1766137491340},"event":{"channel":"progress","type":"think_chunk","step":15,"delta":"的重疾险","bookmark":{"seq":316,"timestamp":1766137491340}}}
{"cursor":317,"bookmark":{"seq":317,"timestamp":1766137491340},"event":{"channel":"progress","type":"think_chunk","step":15,"delta":"、意外险和","bookmark":{"seq":317,"timestamp":1766137491340}}}
{"cursor":318,"bookmark":{"seq":318,"timestamp":1766137491374},"event":{"channel":"progress","type":"think_chunk","step":15,"delta":"医疗险","bookmark":{"seq":318,"timestamp":1766137491374}}}
{"cursor":319,"bookmark":{"seq":319,"timestamp":1766137491442},"event":{"channel":"progress","type":"think_chunk","step":15,"delta":"产品。考虑到","bookmark":{"seq":319,"timestamp":1766137491442}}}
{"cursor":320,"bookmark":{"seq":320,"timestamp":1766137491442},"event":{"channel":"progress","type":"think_chunk","step":15,"delta":"客户","bookmark":{"seq":320,"timestamp":1766137491442}}}
{"cursor":321,"bookmark":{"seq":321,"timestamp":1766137491615},"event":{"channel":"progress","type":"think_chunk","step":15,"delta":"在互联网行业","bookmark":{"seq":321,"timestamp":1766137491615}}}
{"cursor":322,"bookmark":{"seq":322,"timestamp":1766137491704},"event":{"channel":"progress","type":"think_chunk","step":15,"delta":"工作，睡眠少，担心猝死风险，建议优先配置包含","bookmark":{"seq":322,"timestamp":1766137491704}}}
{"cursor":323,"bookmark":{"seq":323,"timestamp":1766137491704},"event":{"channel":"progress","type":"think_chunk","step":15,"delta":"猝死保障的意外险","bookmark":{"seq":323,"timestamp":1766137491704}}}
{"cursor":324,"bookmark":{"seq":324,"timestamp":1766137491704},"event":{"channel":"progress","type":"think_chunk","step":15,"delta":"和重疾险","bookmark":{"seq":324,"timestamp":1766137491704}}}
{"cursor":325,"bookmark":{"seq":325,"timestamp":1766137491718},"event":{"channel":"progress","type":"think_chunk","step":15,"delta":"。预算5","bookmark":{"seq":325,"timestamp":1766137491718}}}
{"cursor":326,"bookmark":{"seq":326,"timestamp":1766137491785},"event":{"channel":"progress","type":"think_chunk","step":15,"delta":"-6万足够","bookmark":{"seq":326,"timestamp":1766137491785}}}
{"cursor":327,"bookmark":{"seq":327,"timestamp":1766137491786},"event":{"channel":"progress","type":"think_chunk","step":15,"delta":"覆盖这些保障","bookmark":{"seq":327,"timestamp":1766137491786}}}
{"cursor":328,"bookmark":{"seq":328,"timestamp":1766137491820},"event":{"channel":"progress","type":"think_chunk","step":15,"delta":"。客户需","bookmark":{"seq":328,"timestamp":1766137491820}}}
{"cursor":329,"bookmark":{"seq":329,"timestamp":1766137491874},"event":{"channel":"progress","type":"think_chunk","step":15,"delta":"提供更具体的","bookmark":{"seq":329,"timestamp":1766137491874}}}
{"cursor":330,"bookmark":{"seq":330,"timestamp":1766137491892},"event":{"channel":"progress","type":"think_chunk","step":15,"delta":"健康状况信息以","bookmark":{"seq":330,"timestamp":1766137491892}}}
{"cursor":331,"bookmark":{"seq":331,"timestamp":1766137491963},"event":{"channel":"progress","type":"think_chunk","step":15,"delta":"完成","bookmark":{"seq":331,"timestamp":1766137491963}}}
{"cursor":332,"bookmark":{"seq":332,"timestamp":1766137491964},"event":{"channel":"progress","type":"think_chunk","step":15,"delta":"最终方案推荐","bookmark":{"seq":332,"timestamp":1766137491964}}}
{"cursor":333,"bookmark":{"seq":333,"timestamp":1766137491984},"event":{"channel":"progress","type":"think_chunk","step":15,"delta":"。\",\n  \"customer","bookmark":{"seq":333,"timestamp":1766137491984}}}
{"cursor":334,"bookmark":{"seq":334,"timestamp":1766137492132},"event":{"channel":"progress","type":"think_chunk","step":15,"delta":"_profile\": {\n  ","bookmark":{"seq":334,"timestamp":1766137492132}}}
{"cursor":335,"bookmark":{"seq":335,"timestamp":1766137492136},"event":{"channel":"progress","type":"think_chunk","step":15,"delta":"  \"name\": \"","bookmark":{"seq":335,"timestamp":1766137492136}}}
{"cursor":336,"bookmark":{"seq":336,"timestamp":1766137492166},"event":{"channel":"progress","type":"think_chunk","step":15,"delta":"王宝强\",\n","bookmark":{"seq":336,"timestamp":1766137492166}}}
{"cursor":337,"bookmark":{"seq":337,"timestamp":1766137492167},"event":{"channel":"progress","type":"think_chunk","step":15,"delta":"    \"role\": \"待","bookmark":{"seq":337,"timestamp":1766137492167}}}
{"cursor":338,"bookmark":{"seq":338,"timestamp":1766137492270},"event":{"channel":"progress","type":"think_chunk","step":15,"delta":"确认\",\n","bookmark":{"seq":338,"timestamp":1766137492270}}}
{"cursor":339,"bookmark":{"seq":339,"timestamp":1766137492270},"event":{"channel":"progress","type":"think_chunk","step":15,"delta":"    \"age\":","bookmark":{"seq":339,"timestamp":1766137492270}}}
{"cursor":340,"bookmark":{"seq":340,"timestamp":1766137492270},"event":{"channel":"progress","type":"think_chunk","step":15,"delta":" 30,\n","bookmark":{"seq":340,"timestamp":1766137492270}}}
{"cursor":341,"bookmark":{"seq":341,"timestamp":1766137492713},"event":{"channel":"progress","type":"think_chunk","step":15,"delta":"    \"annual","bookmark":{"seq":341,"timestamp":1766137492713}}}
{"cursor":342,"bookmark":{"seq":342,"timestamp":1766137492713},"event":{"channel":"progress","type":"think_chunk","step":15,"delta":"_budget\": \"5","bookmark":{"seq":342,"timestamp":1766137492713}}}
{"cursor":343,"bookmark":{"seq":343,"timestamp":1766137492714},"event":{"channel":"progress","type":"think_chunk","step":15,"delta":"-6","bookmark":{"seq":343,"timestamp":1766137492714}}}
{"cursor":344,"bookmark":{"seq":344,"timestamp":1766137492714},"event":{"channel":"progress","type":"think_chunk","step":15,"delta":"万\",\n    \"marital","bookmark":{"seq":344,"timestamp":1766137492714}}}
{"cursor":345,"bookmark":{"seq":345,"timestamp":1766137492714},"event":{"channel":"progress","type":"think_chunk","step":15,"delta":"_status\": \"","bookmark":{"seq":345,"timestamp":1766137492714}}}
{"cursor":346,"bookmark":{"seq":346,"timestamp":1766137492714},"event":{"channel":"progress","type":"think_chunk","step":15,"delta":"未婚\",\n  ","bookmark":{"seq":346,"timestamp":1766137492714}}}
{"cursor":347,"bookmark":{"seq":347,"timestamp":1766137492714},"event":{"channel":"progress","type":"think_chunk","step":15,"delta":"  \"annual_income\":","bookmark":{"seq":347,"timestamp":1766137492714}}}
{"cursor":348,"bookmark":{"seq":348,"timestamp":1766137492714},"event":{"channel":"progress","type":"think_chunk","step":15,"delta":" \"50-","bookmark":{"seq":348,"timestamp":1766137492714}}}
{"cursor":349,"bookmark":{"seq":349,"timestamp":1766137492714},"event":{"channel":"progress","type":"think_chunk","step":15,"delta":"60万\",\n","bookmark":{"seq":349,"timestamp":1766137492714}}}
{"cursor":350,"bookmark":{"seq":350,"timestamp":1766137492714},"event":{"channel":"progress","type":"think_chunk","step":15,"delta":"    \"","bookmark":{"seq":350,"timestamp":1766137492714}}}
{"cursor":351,"bookmark":{"seq":351,"timestamp":1766137492714},"event":{"channel":"progress","type":"think_chunk","step":15,"delta":"location\": \"上海","bookmark":{"seq":351,"timestamp":1766137492714}}}
{"cursor":352,"bookmark":{"seq":352,"timestamp":1766137492714},"event":{"channel":"progress","type":"think_chunk","step":15,"delta":"\",\n  ","bookmark":{"seq":352,"timestamp":1766137492714}}}
{"cursor":353,"bookmark":{"seq":353,"timestamp":1766137492714},"event":{"channel":"progress","type":"think_chunk","step":15,"delta":"  \"risk_factors\":","bookmark":{"seq":353,"timestamp":1766137492714}}}
{"cursor":354,"bookmark":{"seq":354,"timestamp":1766137492851},"event":{"channel":"progress","type":"think_chunk","step":15,"delta":" [\"互联网行业\",","bookmark":{"seq":354,"timestamp":1766137492851}}}
{"cursor":355,"bookmark":{"seq":355,"timestamp":1766137492851},"event":{"channel":"progress","type":"think_chunk","step":15,"delta":" \"睡眠不足\"],\n    \"","bookmark":{"seq":355,"timestamp":1766137492851}}}
{"cursor":356,"bookmark":{"seq":356,"timestamp":1766137492852},"event":{"channel":"progress","type":"think_chunk","step":15,"delta":"needs\": [\"猝","bookmark":{"seq":356,"timestamp":1766137492852}}}
{"cursor":357,"bookmark":{"seq":357,"timestamp":1766137492852},"event":{"channel":"progress","type":"think_chunk","step":15,"delta":"死保障","bookmark":{"seq":357,"timestamp":1766137492852}}}
{"cursor":358,"bookmark":{"seq":358,"timestamp":1766137493696},"event":{"channel":"progress","type":"think_chunk","step":15,"delta":"\",","bookmark":{"seq":358,"timestamp":1766137493696}}}
{"cursor":359,"bookmark":{"seq":359,"timestamp":1766137493697},"event":{"channel":"progress","type":"think_chunk","step":15,"delta":" \"重大疾病保障","bookmark":{"seq":359,"timestamp":1766137493697}}}
{"cursor":360,"bookmark":{"seq":360,"timestamp":1766137493697},"event":{"channel":"progress","type":"think_chunk","step":15,"delta":"\", \"医疗保障","bookmark":{"seq":360,"timestamp":1766137493697}}}
{"cursor":361,"bookmark":{"seq":361,"timestamp":1766137493697},"event":{"channel":"progress","type":"think_chunk","step":15,"delta":"\"]\n  },\n","bookmark":{"seq":361,"timestamp":1766137493697}}}
{"cursor":362,"bookmark":{"seq":362,"timestamp":1766137493697},"event":{"channel":"progress","type":"think_chunk","step":15,"delta":"  \"insight_summary","bookmark":{"seq":362,"timestamp":1766137493697}}}
{"cursor":363,"bookmark":{"seq":363,"timestamp":1766137493698},"event":{"channel":"progress","type":"think_chunk","step":15,"delta":"\": \"30岁","bookmark":{"seq":363,"timestamp":1766137493698}}}
{"cursor":364,"bookmark":{"seq":364,"timestamp":1766137493698},"event":{"channel":"progress","type":"think_chunk","step":15,"delta":"未婚互联网从业者","bookmark":{"seq":364,"timestamp":1766137493698}}}
{"cursor":365,"bookmark":{"seq":365,"timestamp":1766137493698},"event":{"channel":"progress","type":"think_chunk","step":15,"delta":"，收入","bookmark":{"seq":365,"timestamp":1766137493698}}}
{"cursor":366,"bookmark":{"seq":366,"timestamp":1766137493698},"event":{"channel":"progress","type":"think_chunk","step":15,"delta":"较高但睡眠不足","bookmark":{"seq":366,"timestamp":1766137493698}}}
{"cursor":367,"bookmark":{"seq":367,"timestamp":1766137493699},"event":{"channel":"progress","type":"think_chunk","step":15,"delta":"，对","bookmark":{"seq":367,"timestamp":1766137493699}}}
{"cursor":368,"bookmark":{"seq":368,"timestamp":1766137493699},"event":{"channel":"progress","type":"think_chunk","step":15,"delta":"猝死风险较为","bookmark":{"seq":368,"timestamp":1766137493699}}}
{"cursor":369,"bookmark":{"seq":369,"timestamp":1766137493699},"event":{"channel":"progress","type":"think_chunk","step":15,"delta":"担忧。预算充足","bookmark":{"seq":369,"timestamp":1766137493699}}}
{"cursor":370,"bookmark":{"seq":370,"timestamp":1766137493699},"event":{"channel":"progress","type":"think_chunk","step":15,"delta":"，建议配置","bookmark":{"seq":370,"timestamp":1766137493699}}}
{"cursor":371,"bookmark":{"seq":371,"timestamp":1766137493699},"event":{"channel":"progress","type":"think_chunk","step":15,"delta":"包含猝死","bookmark":{"seq":371,"timestamp":1766137493699}}}
{"cursor":372,"bookmark":{"seq":372,"timestamp":1766137493700},"event":{"channel":"progress","type":"think_chunk","step":15,"delta":"保障的意外险","bookmark":{"seq":372,"timestamp":1766137493700}}}
{"cursor":373,"bookmark":{"seq":373,"timestamp":1766137493700},"event":{"channel":"progress","type":"think_chunk","step":15,"delta":"、重疾险","bookmark":{"seq":373,"timestamp":1766137493700}}}
{"cursor":374,"bookmark":{"seq":374,"timestamp":1766137493700},"event":{"channel":"progress","type":"think_chunk","step":15,"delta":"和医疗","bookmark":{"seq":374,"timestamp":1766137493700}}}
{"cursor":375,"bookmark":{"seq":375,"timestamp":1766137493852},"event":{"channel":"progress","type":"think_chunk","step":15,"delta":"险，全面覆盖健康风险。\",\n  \"recommendations\": [\n    {\n      \"","bookmark":{"seq":375,"timestamp":1766137493852}}}
{"cursor":376,"bookmark":{"seq":376,"timestamp":1766137493853},"event":{"channel":"progress","type":"think_chunk","step":15,"delta":"product_id","bookmark":{"seq":376,"timestamp":1766137493853}}}
{"cursor":377,"bookmark":{"seq":377,"timestamp":1766137493853},"event":{"channel":"progress","type":"think_chunk","step":15,"delta":"\": 40,\n","bookmark":{"seq":377,"timestamp":1766137493853}}}
{"cursor":378,"bookmark":{"seq":378,"timestamp":1766137493854},"event":{"channel":"progress","type":"think_chunk","step":15,"delta":"      \"","bookmark":{"seq":378,"timestamp":1766137493854}}}
{"cursor":379,"bookmark":{"seq":379,"timestamp":1766137493854},"event":{"channel":"progress","type":"think_chunk","step":15,"delta":"product_name\": \"","bookmark":{"seq":379,"timestamp":1766137493854}}}
{"cursor":380,"bookmark":{"seq":380,"timestamp":1766137493854},"event":{"channel":"progress","type":"think_chunk","step":15,"delta":"友邦友型","bookmark":{"seq":380,"timestamp":1766137493854}}}
{"cursor":381,"bookmark":{"seq":381,"timestamp":1766137493854},"event":{"channel":"progress","type":"think_chunk","step":15,"delta":"运动意外伤害","bookmark":{"seq":381,"timestamp":1766137493854}}}
{"cursor":382,"bookmark":{"seq":382,"timestamp":1766137493881},"event":{"channel":"progress","type":"think_chunk","step":15,"delta":"保险（","bookmark":{"seq":382,"timestamp":1766137493881}}}
{"cursor":383,"bookmark":{"seq":383,"timestamp":1766137493882},"event":{"channel":"progress","type":"think_chunk","step":15,"delta":"互联网专属）","bookmark":{"seq":383,"timestamp":1766137493882}}}
{"cursor":384,"bookmark":{"seq":384,"timestamp":1766137493883},"event":{"channel":"progress","type":"think_chunk","step":15,"delta":"\",\n      \"produc","bookmark":{"seq":384,"timestamp":1766137493883}}}
{"cursor":385,"bookmark":{"seq":385,"timestamp":1766137493883},"event":{"channel":"progress","type":"think_chunk","step":15,"delta":"t","bookmark":{"seq":385,"timestamp":1766137493883}}}
{"cursor":386,"bookmark":{"seq":386,"timestamp":1766137493946},"event":{"channel":"progress","type":"think_chunk","step":15,"delta":"_type\": \"意外","bookmark":{"seq":386,"timestamp":1766137493946}}}
{"cursor":387,"bookmark":{"seq":387,"timestamp":1766137494023},"event":{"channel":"progress","type":"think_chunk","step":15,"delta":"险\",\n    ","bookmark":{"seq":387,"timestamp":1766137494023}}}
{"cursor":388,"bookmark":{"seq":388,"timestamp":1766137494023},"event":{"channel":"progress","type":"think_chunk","step":15,"delta":"  \"customer_fit","bookmark":{"seq":388,"timestamp":1766137494023}}}
{"cursor":389,"bookmark":{"seq":389,"timestamp":1766137494023},"event":{"channel":"progress","type":"think_chunk","step":15,"delta":"\": \"专为","bookmark":{"seq":389,"timestamp":1766137494023}}}
{"cursor":390,"bookmark":{"seq":390,"timestamp":1766137494023},"event":{"channel":"progress","type":"think_chunk","step":15,"delta":"互联网从业者设计，","bookmark":{"seq":390,"timestamp":1766137494023}}}
{"cursor":391,"bookmark":{"seq":391,"timestamp":1766137494330},"event":{"channel":"progress","type":"think_chunk","step":15,"delta":"包含猝死","bookmark":{"seq":391,"timestamp":1766137494330}}}
{"cursor":392,"bookmark":{"seq":392,"timestamp":1766137494331},"event":{"channel":"progress","type":"think_chunk","step":15,"delta":"保险金，","bookmark":{"seq":392,"timestamp":1766137494331}}}
{"cursor":393,"bookmark":{"seq":393,"timestamp":1766137494332},"event":{"channel":"progress","type":"think_chunk","step":15,"delta":"保障","bookmark":{"seq":393,"timestamp":1766137494332}}}
{"cursor":394,"bookmark":{"seq":394,"timestamp":1766137494362},"event":{"channel":"progress","type":"think_chunk","step":15,"delta":"期限灵活","bookmark":{"seq":394,"timestamp":1766137494362}}}
{"cursor":395,"bookmark":{"seq":395,"timestamp":1766137494362},"event":{"channel":"progress","type":"think_chunk","step":15,"delta":"，等待期无","bookmark":{"seq":395,"timestamp":1766137494362}}}
{"cursor":396,"bookmark":{"seq":396,"timestamp":1766137494458},"event":{"channel":"progress","type":"think_chunk","step":15,"delta":"，","bookmark":{"seq":396,"timestamp":1766137494458}}}
{"cursor":397,"bookmark":{"seq":397,"timestamp":1766137494512},"event":{"channel":"progress","type":"think_chunk","step":15,"delta":"非常适合担心猝死的","bookmark":{"seq":397,"timestamp":1766137494512}}}
{"cursor":398,"bookmark":{"seq":398,"timestamp":1766137494556},"event":{"channel":"progress","type":"think_chunk","step":15,"delta":"客户\",\n      \"","bookmark":{"seq":398,"timestamp":1766137494556}}}
{"cursor":399,"bookmark":{"seq":399,"timestamp":1766137494585},"event":{"channel":"progress","type":"think_chunk","step":15,"delta":"coverage_highlights\":","bookmark":{"seq":399,"timestamp":1766137494585}}}
{"cursor":400,"bookmark":{"seq":400,"timestamp":1766137494608},"event":{"channel":"progress","type":"think_chunk","step":15,"delta":" [\"猝死保险","bookmark":{"seq":400,"timestamp":1766137494608}}}
{"cursor":401,"bookmark":{"seq":401,"timestamp":1766137494609},"event":{"channel":"progress","type":"think_chunk","step":15,"delta":"金\",","bookmark":{"seq":401,"timestamp":1766137494609}}}
{"cursor":402,"bookmark":{"seq":402,"timestamp":1766137494875},"event":{"channel":"progress","type":"think_chunk","step":15,"delta":" \"意外身故","bookmark":{"seq":402,"timestamp":1766137494875}}}
{"cursor":403,"bookmark":{"seq":403,"timestamp":1766137494876},"event":{"channel":"progress","type":"think_chunk","step":15,"delta":"保险金","bookmark":{"seq":403,"timestamp":1766137494876}}}
{"cursor":404,"bookmark":{"seq":404,"timestamp":1766137494876},"event":{"channel":"progress","type":"think_chunk","step":15,"delta":"\", \"意外伤残","bookmark":{"seq":404,"timestamp":1766137494876}}}
{"cursor":405,"bookmark":{"seq":405,"timestamp":1766137494877},"event":{"channel":"progress","type":"think_chunk","step":15,"delta":"保险金\", \"","bookmark":{"seq":405,"timestamp":1766137494877}}}
{"cursor":406,"bookmark":{"seq":406,"timestamp":1766137494877},"event":{"channel":"progress","type":"think_chunk","step":15,"delta":"意外骨折","bookmark":{"seq":406,"timestamp":1766137494877}}}
{"cursor":407,"bookmark":{"seq":407,"timestamp":1766137494877},"event":{"channel":"progress","type":"think_chunk","step":15,"delta":"医疗保险金","bookmark":{"seq":407,"timestamp":1766137494877}}}
{"cursor":408,"bookmark":{"seq":408,"timestamp":1766137494878},"event":{"channel":"progress","type":"think_chunk","step":15,"delta":"\", \"意外医药","bookmark":{"seq":408,"timestamp":1766137494878}}}
{"cursor":409,"bookmark":{"seq":409,"timestamp":1766137494889},"event":{"channel":"progress","type":"think_chunk","step":15,"delta":"费用补偿金\"],\n","bookmark":{"seq":409,"timestamp":1766137494889}}}
{"cursor":410,"bookmark":{"seq":410,"timestamp":1766137494891},"event":{"channel":"progress","type":"think_chunk","step":15,"delta":"      \"tool_e","bookmark":{"seq":410,"timestamp":1766137494891}}}
{"cursor":411,"bookmark":{"seq":411,"timestamp":1766137494891},"event":{"channel":"progress","type":"think_chunk","step":15,"delta":"vidence\": [\n      ","bookmark":{"seq":411,"timestamp":1766137494891}}}
{"cursor":412,"bookmark":{"seq":412,"timestamp":1766137494891},"event":{"channel":"progress","type":"think_chunk","step":15,"delta":"  {\n          \"","bookmark":{"seq":412,"timestamp":1766137494891}}}
{"cursor":413,"bookmark":{"seq":413,"timestamp":1766137494892},"event":{"channel":"progress","type":"think_chunk","step":15,"delta":"tool","bookmark":{"seq":413,"timestamp":1766137494892}}}
{"cursor":414,"bookmark":{"seq":414,"timestamp":1766137495047},"event":{"channel":"progress","type":"think_chunk","step":15,"delta":"\": \"","bookmark":{"seq":414,"timestamp":1766137495047}}}
{"cursor":415,"bookmark":{"seq":415,"timestamp":1766137495047},"event":{"channel":"progress","type":"think_chunk","step":15,"delta":"insurance_search\",\n        ","bookmark":{"seq":415,"timestamp":1766137495047}}}
{"cursor":416,"bookmark":{"seq":416,"timestamp":1766137495047},"event":{"channel":"progress","type":"think_chunk","step":15,"delta":"  \"query\": \"猝死\",\n        ","bookmark":{"seq":416,"timestamp":1766137495047}}}
{"cursor":417,"bookmark":{"seq":417,"timestamp":1766137495048},"event":{"channel":"progress","type":"think_chunk","step":15,"delta":"  \"evidence\":","bookmark":{"seq":417,"timestamp":1766137495048}}}
{"cursor":418,"bookmark":{"seq":418,"timestamp":1766137495048},"event":{"channel":"progress","type":"think_chunk","step":15,"delta":" \"友邦友","bookmark":{"seq":418,"timestamp":1766137495048}}}
{"cursor":419,"bookmark":{"seq":419,"timestamp":1766137495048},"event":{"channel":"progress","type":"think_chunk","step":15,"delta":"型运动","bookmark":{"seq":419,"timestamp":1766137495048}}}
{"cursor":420,"bookmark":{"seq":420,"timestamp":1766137495048},"event":{"channel":"progress","type":"think_chunk","step":15,"delta":"意外伤害保险（","bookmark":{"seq":420,"timestamp":1766137495048}}}
{"cursor":421,"bookmark":{"seq":421,"timestamp":1766137495066},"event":{"channel":"progress","type":"think_chunk","step":15,"delta":"互联网专属","bookmark":{"seq":421,"timestamp":1766137495066}}}
{"cursor":422,"bookmark":{"seq":422,"timestamp":1766137495085},"event":{"channel":"progress","type":"think_chunk","step":15,"delta":"）包含猝死","bookmark":{"seq":422,"timestamp":1766137495085}}}
{"cursor":423,"bookmark":{"seq":423,"timestamp":1766137495120},"event":{"channel":"progress","type":"think_chunk","step":15,"delta":"保险金","bookmark":{"seq":423,"timestamp":1766137495120}}}
{"cursor":424,"bookmark":{"seq":424,"timestamp":1766137495143},"event":{"channel":"progress","type":"think_chunk","step":15,"delta":"条款：","bookmark":{"seq":424,"timestamp":1766137495143}}}
{"cursor":425,"bookmark":{"seq":425,"timestamp":1766137495199},"event":{"channel":"progress","type":"think_chunk","step":15,"delta":"在保险合同","bookmark":{"seq":425,"timestamp":1766137495199}}}
{"cursor":426,"bookmark":{"seq":426,"timestamp":1766137495231},"event":{"channel":"progress","type":"think_chunk","step":15,"delta":"有效期内，若","bookmark":{"seq":426,"timestamp":1766137495231}}}
{"cursor":427,"bookmark":{"seq":427,"timestamp":1766137495271},"event":{"channel":"progress","type":"think_chunk","step":15,"delta":"被保险人发生","bookmark":{"seq":427,"timestamp":1766137495271}}}
{"cursor":428,"bookmark":{"seq":428,"timestamp":1766137495436},"event":{"channel":"progress","type":"think_chunk","step":15,"delta":"猝死，则","bookmark":{"seq":428,"timestamp":1766137495436}}}
{"cursor":429,"bookmark":{"seq":429,"timestamp":1766137495453},"event":{"channel":"progress","type":"think_chunk","step":15,"delta":"本公司给付猝死","bookmark":{"seq":429,"timestamp":1766137495453}}}
{"cursor":430,"bookmark":{"seq":430,"timestamp":1766137495637},"event":{"channel":"progress","type":"think_chunk","step":15,"delta":"保险金予身","bookmark":{"seq":430,"timestamp":1766137495637}}}
{"cursor":431,"bookmark":{"seq":431,"timestamp":1766137495657},"event":{"channel":"progress","type":"think_chunk","step":15,"delta":"故","bookmark":{"seq":431,"timestamp":1766137495657}}}
{"cursor":432,"bookmark":{"seq":432,"timestamp":1766137495675},"event":{"channel":"progress","type":"think_chunk","step":15,"delta":"保险金受益人","bookmark":{"seq":432,"timestamp":1766137495675}}}
{"cursor":433,"bookmark":{"seq":433,"timestamp":1766137495755},"event":{"channel":"progress","type":"think_chunk","step":15,"delta":"\"\n","bookmark":{"seq":433,"timestamp":1766137495755}}}
{"cursor":434,"bookmark":{"seq":434,"timestamp":1766137495770},"event":{"channel":"progress","type":"think_chunk","step":15,"delta":"        }\n      ],\n      \"","bookmark":{"seq":434,"timestamp":1766137495770}}}
{"cursor":435,"bookmark":{"seq":435,"timestamp":1766137495937},"event":{"channel":"progress","type":"think_chunk","step":15,"delta":"dis","bookmark":{"seq":435,"timestamp":1766137495937}}}
{"cursor":436,"bookmark":{"seq":436,"timestamp":1766137495938},"event":{"channel":"progress","type":"think_chunk","step":15,"delta":"claimer\": \"所有推荐以实际核保","bookmark":{"seq":436,"timestamp":1766137495938}}}
{"cursor":437,"bookmark":{"seq":437,"timestamp":1766137496122},"event":{"channel":"progress","type":"think_chunk","step":15,"delta":"及条款为准。\"\n    },\n    {\n      \"product_id\": 42,\n    ","bookmark":{"seq":437,"timestamp":1766137496122}}}
{"cursor":438,"bookmark":{"seq":438,"timestamp":1766137496124},"event":{"channel":"progress","type":"think_chunk","step":15,"delta":"  \"product_name\": \"友邦友如意顺心版（202","bookmark":{"seq":438,"timestamp":1766137496124}}}
{"cursor":439,"bookmark":{"seq":439,"timestamp":1766137496124},"event":{"channel":"progress","type":"think_chunk","step":15,"delta":"5）","bookmark":{"seq":439,"timestamp":1766137496124}}}
{"cursor":440,"bookmark":{"seq":440,"timestamp":1766137496124},"event":{"channel":"progress","type":"think_chunk","step":15,"delta":"重大疾病保险\",\n      \"","bookmark":{"seq":440,"timestamp":1766137496124}}}
{"cursor":441,"bookmark":{"seq":441,"timestamp":1766137496152},"event":{"channel":"progress","type":"think_chunk","step":15,"delta":"product_type\": \"重疾险\",\n","bookmark":{"seq":441,"timestamp":1766137496152}}}
{"cursor":442,"bookmark":{"seq":442,"timestamp":1766137496171},"event":{"channel":"progress","type":"think_chunk","step":15,"delta":"      \"customer_fit","bookmark":{"seq":442,"timestamp":1766137496171}}}
{"cursor":443,"bookmark":{"seq":443,"timestamp":1766137496281},"event":{"channel":"progress","type":"think_chunk","step":15,"delta":"\": \"覆盖","bookmark":{"seq":443,"timestamp":1766137496281}}}
{"cursor":444,"bookmark":{"seq":444,"timestamp":1766137496282},"event":{"channel":"progress","type":"think_chunk","step":15,"delta":"重度、中度","bookmark":{"seq":444,"timestamp":1766137496282}}}
{"cursor":445,"bookmark":{"seq":445,"timestamp":1766137496283},"event":{"channel":"progress","type":"think_chunk","step":15,"delta":"、轻度疾病及","bookmark":{"seq":445,"timestamp":1766137496283}}}
{"cursor":446,"bookmark":{"seq":446,"timestamp":1766137496301},"event":{"channel":"progress","type":"think_chunk","step":15,"delta":"身故风险","bookmark":{"seq":446,"timestamp":1766137496301}}}
{"cursor":447,"bookmark":{"seq":447,"timestamp":1766137496330},"event":{"channel":"progress","type":"think_chunk","step":15,"delta":"，保障全面","bookmark":{"seq":447,"timestamp":1766137496330}}}
{"cursor":448,"bookmark":{"seq":448,"timestamp":1766137496355},"event":{"channel":"progress","type":"think_chunk","step":15,"delta":"，适合","bookmark":{"seq":448,"timestamp":1766137496355}}}
{"cursor":449,"bookmark":{"seq":449,"timestamp":1766137496423},"event":{"channel":"progress","type":"think_chunk","step":15,"delta":"30岁未婚高","bookmark":{"seq":449,"timestamp":1766137496423}}}
{"cursor":450,"bookmark":{"seq":450,"timestamp":1766137496437},"event":{"channel":"progress","type":"think_chunk","step":15,"delta":"收入人群作为","bookmark":{"seq":450,"timestamp":1766137496437}}}
{"cursor":451,"bookmark":{"seq":451,"timestamp":1766137496456},"event":{"channel":"progress","type":"think_chunk","step":15,"delta":"基础健康","bookmark":{"seq":451,"timestamp":1766137496456}}}
{"cursor":452,"bookmark":{"seq":452,"timestamp":1766137496652},"event":{"channel":"progress","type":"think_chunk","step":15,"delta":"保障\",\n      \"","bookmark":{"seq":452,"timestamp":1766137496652}}}
{"cursor":453,"bookmark":{"seq":453,"timestamp":1766137496661},"event":{"channel":"progress","type":"think_chunk","step":15,"delta":"coverage_highlights\":","bookmark":{"seq":453,"timestamp":1766137496661}}}
{"cursor":454,"bookmark":{"seq":454,"timestamp":1766137496662},"event":{"channel":"progress","type":"think_chunk","step":15,"delta":" [\"重度","bookmark":{"seq":454,"timestamp":1766137496662}}}
{"cursor":455,"bookmark":{"seq":455,"timestamp":1766137496680},"event":{"channel":"progress","type":"think_chunk","step":15,"delta":"疾病保险金\", \"中度疾病保险金\", \"轻度疾病保险金","bookmark":{"seq":455,"timestamp":1766137496680}}}
{"cursor":456,"bookmark":{"seq":456,"timestamp":1766137496720},"event":{"channel":"progress","type":"think_chunk","step":15,"delta":"\", \"全","bookmark":{"seq":456,"timestamp":1766137496720}}}
{"cursor":457,"bookmark":{"seq":457,"timestamp":1766137496761},"event":{"channel":"progress","type":"think_chunk","step":15,"delta":"残保险金\",","bookmark":{"seq":457,"timestamp":1766137496761}}}
{"cursor":458,"bookmark":{"seq":458,"timestamp":1766137496821},"event":{"channel":"progress","type":"think_chunk","step":15,"delta":" \"生命终末期","bookmark":{"seq":458,"timestamp":1766137496821}}}
{"cursor":459,"bookmark":{"seq":459,"timestamp":1766137496823},"event":{"channel":"progress","type":"think_chunk","step":15,"delta":"保险金","bookmark":{"seq":459,"timestamp":1766137496823}}}
{"cursor":460,"bookmark":{"seq":460,"timestamp":1766137496852},"event":{"channel":"progress","type":"think_chunk","step":15,"delta":"\", \"身故","bookmark":{"seq":460,"timestamp":1766137496852}}}
{"cursor":461,"bookmark":{"seq":461,"timestamp":1766137496882},"event":{"channel":"progress","type":"think_chunk","step":15,"delta":"保险金","bookmark":{"seq":461,"timestamp":1766137496882}}}
{"cursor":462,"bookmark":{"seq":462,"timestamp":1766137496916},"event":{"channel":"progress","type":"think_chunk","step":15,"delta":"\"],\n      \"tool","bookmark":{"seq":462,"timestamp":1766137496916}}}
{"cursor":463,"bookmark":{"seq":463,"timestamp":1766137496963},"event":{"channel":"progress","type":"think_chunk","step":15,"delta":"_evidence\": [\n","bookmark":{"seq":463,"timestamp":1766137496963}}}
{"cursor":464,"bookmark":{"seq":464,"timestamp":1766137497008},"event":{"channel":"progress","type":"think_chunk","step":15,"delta":"        {\n          \"","bookmark":{"seq":464,"timestamp":1766137497008}}}
{"cursor":465,"bookmark":{"seq":465,"timestamp":1766137497245},"event":{"channel":"progress","type":"think_chunk","step":15,"delta":"tool\": \"insurance","bookmark":{"seq":465,"timestamp":1766137497245}}}
{"cursor":466,"bookmark":{"seq":466,"timestamp":1766137497246},"event":{"channel":"progress","type":"think_chunk","step":15,"delta":"_filter\",\n          \"","bookmark":{"seq":466,"timestamp":1766137497246}}}
{"cursor":467,"bookmark":{"seq":467,"timestamp":1766137497246},"event":{"channel":"progress","type":"think_chunk","step":15,"delta":"query\":","bookmark":{"seq":467,"timestamp":1766137497246}}}
{"cursor":468,"bookmark":{"seq":468,"timestamp":1766137497298},"event":{"channel":"progress","type":"think_chunk","step":15,"delta":" \"年龄30岁","bookmark":{"seq":468,"timestamp":1766137497298}}}
{"cursor":469,"bookmark":{"seq":469,"timestamp":1766137497311},"event":{"channel":"progress","type":"think_chunk","step":15,"delta":"，产品类型重疾险\",\n        ","bookmark":{"seq":469,"timestamp":1766137497311}}}
{"cursor":470,"bookmark":{"seq":470,"timestamp":1766137497345},"event":{"channel":"progress","type":"think_chunk","step":15,"delta":"  \"evidence\": \"筛选","bookmark":{"seq":470,"timestamp":1766137497345}}}
{"cursor":471,"bookmark":{"seq":471,"timestamp":1766137497425},"event":{"channel":"progress","type":"think_chunk","step":15,"delta":"出适合30岁","bookmark":{"seq":471,"timestamp":1766137497425}}}
{"cursor":472,"bookmark":{"seq":472,"timestamp":1766137497549},"event":{"channel":"progress","type":"think_chunk","step":15,"delta":"人群的重疾险","bookmark":{"seq":472,"timestamp":1766137497549}}}
{"cursor":473,"bookmark":{"seq":473,"timestamp":1766137497550},"event":{"channel":"progress","type":"think_chunk","step":15,"delta":"产品\"\n        },\n","bookmark":{"seq":473,"timestamp":1766137497550}}}
{"cursor":474,"bookmark":{"seq":474,"timestamp":1766137497550},"event":{"channel":"progress","type":"think_chunk","step":15,"delta":"        {\n          \"","bookmark":{"seq":474,"timestamp":1766137497550}}}
{"cursor":475,"bookmark":{"seq":475,"timestamp":1766137497550},"event":{"channel":"progress","type":"think_chunk","step":15,"delta":"tool\": \"insuranc","bookmark":{"seq":475,"timestamp":1766137497550}}}
{"cursor":476,"bookmark":{"seq":476,"timestamp":1766137497550},"event":{"channel":"progress","type":"think_chunk","step":15,"delta":"e_inspect","bookmark":{"seq":476,"timestamp":1766137497550}}}
{"cursor":477,"bookmark":{"seq":477,"timestamp":1766137497603},"event":{"channel":"progress","type":"think_chunk","step":15,"delta":"\",\n          \"query","bookmark":{"seq":477,"timestamp":1766137497603}}}
{"cursor":478,"bookmark":{"seq":478,"timestamp":1766137497766},"event":{"channel":"progress","type":"think_chunk","step":15,"delta":"\": \"","bookmark":{"seq":478,"timestamp":1766137497766}}}
{"cursor":479,"bookmark":{"seq":479,"timestamp":1766137497767},"event":{"channel":"progress","type":"think_chunk","step":15,"delta":"身故保险金","bookmark":{"seq":479,"timestamp":1766137497767}}}
{"cursor":480,"bookmark":{"seq":480,"timestamp":1766137497767},"event":{"channel":"progress","type":"think_chunk","step":15,"delta":"\",\n          \"e","bookmark":{"seq":480,"timestamp":1766137497767}}}
{"cursor":481,"bookmark":{"seq":481,"timestamp":1766137497767},"event":{"channel":"progress","type":"think_chunk","step":15,"delta":"vidence\": \"友","bookmark":{"seq":481,"timestamp":1766137497767}}}
{"cursor":482,"bookmark":{"seq":482,"timestamp":1766137497767},"event":{"channel":"progress","type":"think_chunk","step":15,"delta":"邦友","bookmark":{"seq":482,"timestamp":1766137497767}}}
{"cursor":483,"bookmark":{"seq":483,"timestamp":1766137497767},"event":{"channel":"progress","type":"think_chunk","step":15,"delta":"如意顺心版","bookmark":{"seq":483,"timestamp":1766137497767}}}
{"cursor":484,"bookmark":{"seq":484,"timestamp":1766137497821},"event":{"channel":"progress","type":"think_chunk","step":15,"delta":"（2025）","bookmark":{"seq":484,"timestamp":1766137497821}}}
{"cursor":485,"bookmark":{"seq":485,"timestamp":1766137497857},"event":{"channel":"progress","type":"think_chunk","step":15,"delta":"重大疾病保险身","bookmark":{"seq":485,"timestamp":1766137497857}}}
{"cursor":486,"bookmark":{"seq":486,"timestamp":1766137497857},"event":{"channel":"progress","type":"think_chunk","step":15,"delta":"故保险金条款","bookmark":{"seq":486,"timestamp":1766137497857}}}
{"cursor":487,"bookmark":{"seq":487,"timestamp":1766137497885},"event":{"channel":"progress","type":"think_chunk","step":15,"delta":"：给付金额等于身故","bookmark":{"seq":487,"timestamp":1766137497885}}}
{"cursor":488,"bookmark":{"seq":488,"timestamp":1766137497933},"event":{"channel":"progress","type":"think_chunk","step":15,"delta":"时的基本保险","bookmark":{"seq":488,"timestamp":1766137497933}}}
{"cursor":489,"bookmark":{"seq":489,"timestamp":1766137497962},"event":{"channel":"progress","type":"think_chunk","step":15,"delta":"金额\"\n      ","bookmark":{"seq":489,"timestamp":1766137497962}}}
{"cursor":490,"bookmark":{"seq":490,"timestamp":1766137497996},"event":{"channel":"progress","type":"think_chunk","step":15,"delta":"  }\n    ","bookmark":{"seq":490,"timestamp":1766137497996}}}
{"cursor":491,"bookmark":{"seq":491,"timestamp":1766137498014},"event":{"channel":"progress","type":"think_chunk","step":15,"delta":"  ],\n      \"dis","bookmark":{"seq":491,"timestamp":1766137498014}}}
{"cursor":492,"bookmark":{"seq":492,"timestamp":1766137498028},"event":{"channel":"progress","type":"think_chunk","step":15,"delta":"claimer\": \"所有","bookmark":{"seq":492,"timestamp":1766137498028}}}
{"cursor":493,"bookmark":{"seq":493,"timestamp":1766137498064},"event":{"channel":"progress","type":"think_chunk","step":15,"delta":"推荐以实际核","bookmark":{"seq":493,"timestamp":1766137498064}}}
{"cursor":494,"bookmark":{"seq":494,"timestamp":1766137498112},"event":{"channel":"progress","type":"think_chunk","step":15,"delta":"保及","bookmark":{"seq":494,"timestamp":1766137498112}}}
{"cursor":495,"bookmark":{"seq":495,"timestamp":1766137498124},"event":{"channel":"progress","type":"think_chunk","step":15,"delta":"条款为准。\"\n","bookmark":{"seq":495,"timestamp":1766137498124}}}
{"cursor":496,"bookmark":{"seq":496,"timestamp":1766137498164},"event":{"channel":"progress","type":"think_chunk","step":15,"delta":"    },\n    {\n","bookmark":{"seq":496,"timestamp":1766137498164}}}
{"cursor":497,"bookmark":{"seq":497,"timestamp":1766137498300},"event":{"channel":"progress","type":"think_chunk","step":15,"delta":"      \"product_id","bookmark":{"seq":497,"timestamp":1766137498300}}}
{"cursor":498,"bookmark":{"seq":498,"timestamp":1766137498385},"event":{"channel":"progress","type":"think_chunk","step":15,"delta":"\": 26,\n","bookmark":{"seq":498,"timestamp":1766137498385}}}
{"cursor":499,"bookmark":{"seq":499,"timestamp":1766137498386},"event":{"channel":"progress","type":"think_chunk","step":15,"delta":"      \"","bookmark":{"seq":499,"timestamp":1766137498386}}}
{"cursor":500,"bookmark":{"seq":500,"timestamp":1766137498609},"event":{"channel":"progress","type":"think_chunk","step":15,"delta":"product_name\": \"友","bookmark":{"seq":500,"timestamp":1766137498609}}}
{"cursor":501,"bookmark":{"seq":501,"timestamp":1766137498610},"event":{"channel":"progress","type":"think_chunk","step":15,"delta":"邦长保","bookmark":{"seq":501,"timestamp":1766137498610}}}
{"cursor":502,"bookmark":{"seq":502,"timestamp":1766137498610},"event":{"channel":"progress","type":"think_chunk","step":15,"delta":"康惠","bookmark":{"seq":502,"timestamp":1766137498610}}}
{"cursor":503,"bookmark":{"seq":503,"timestamp":1766137498610},"event":{"channel":"progress","type":"think_chunk","step":15,"delta":"长期医疗保险","bookmark":{"seq":503,"timestamp":1766137498610}}}
{"cursor":504,"bookmark":{"seq":504,"timestamp":1766137498610},"event":{"channel":"progress","type":"think_chunk","step":15,"delta":"（费率可","bookmark":{"seq":504,"timestamp":1766137498610}}}
{"cursor":505,"bookmark":{"seq":505,"timestamp":1766137498611},"event":{"channel":"progress","type":"think_chunk","step":15,"delta":"调）\",\n      \"product_type\": \"医疗险\",\n","bookmark":{"seq":505,"timestamp":1766137498611}}}
{"cursor":506,"bookmark":{"seq":506,"timestamp":1766137498657},"event":{"channel":"progress","type":"think_chunk","step":15,"delta":"      \"customer_fit","bookmark":{"seq":506,"timestamp":1766137498657}}}
{"cursor":507,"bookmark":{"seq":507,"timestamp":1766137498658},"event":{"channel":"progress","type":"think_chunk","step":15,"delta":"\": \"包含","bookmark":{"seq":507,"timestamp":1766137498658}}}
{"cursor":508,"bookmark":{"seq":508,"timestamp":1766137498735},"event":{"channel":"progress","type":"think_chunk","step":15,"delta":"一般医疗和重大","bookmark":{"seq":508,"timestamp":1766137498735}}}
{"cursor":509,"bookmark":{"seq":509,"timestamp":1766137498736},"event":{"channel":"progress","type":"think_chunk","step":15,"delta":"疾病医疗","bookmark":{"seq":509,"timestamp":1766137498736}}}
{"cursor":510,"bookmark":{"seq":510,"timestamp":1766137498736},"event":{"channel":"progress","type":"think_chunk","step":15,"delta":"保障，可","bookmark":{"seq":510,"timestamp":1766137498736}}}
{"cursor":511,"bookmark":{"seq":511,"timestamp":1766137498763},"event":{"channel":"progress","type":"think_chunk","step":15,"delta":"续保至99","bookmark":{"seq":511,"timestamp":1766137498763}}}
{"cursor":512,"bookmark":{"seq":512,"timestamp":1766137498796},"event":{"channel":"progress","type":"think_chunk","step":15,"delta":"岁，医疗保障","bookmark":{"seq":512,"timestamp":1766137498796}}}
{"cursor":513,"bookmark":{"seq":513,"timestamp":1766137498814},"event":{"channel":"progress","type":"think_chunk","step":15,"delta":"期限","bookmark":{"seq":513,"timestamp":1766137498814}}}
{"cursor":514,"bookmark":{"seq":514,"timestamp":1766137498858},"event":{"channel":"progress","type":"think_chunk","step":15,"delta":"长，适合长期","bookmark":{"seq":514,"timestamp":1766137498858}}}
{"cursor":515,"bookmark":{"seq":515,"timestamp":1766137498884},"event":{"channel":"progress","type":"think_chunk","step":15,"delta":"健康保障需求","bookmark":{"seq":515,"timestamp":1766137498884}}}
{"cursor":516,"bookmark":{"seq":516,"timestamp":1766137498907},"event":{"channel":"progress","type":"think_chunk","step":15,"delta":"\",\n      \"coverage","bookmark":{"seq":516,"timestamp":1766137498907}}}
{"cursor":517,"bookmark":{"seq":517,"timestamp":1766137499161},"event":{"channel":"progress","type":"think_chunk","step":15,"delta":"_highlights\": [\"","bookmark":{"seq":517,"timestamp":1766137499161}}}
{"cursor":518,"bookmark":{"seq":518,"timestamp":1766137499162},"event":{"channel":"progress","type":"think_chunk","step":15,"delta":"一般医疗补偿金","bookmark":{"seq":518,"timestamp":1766137499162}}}
{"cursor":519,"bookmark":{"seq":519,"timestamp":1766137499162},"event":{"channel":"progress","type":"think_chunk","step":15,"delta":"\", \"重大","bookmark":{"seq":519,"timestamp":1766137499162}}}
{"cursor":520,"bookmark":{"seq":520,"timestamp":1766137499163},"event":{"channel":"progress","type":"think_chunk","step":15,"delta":"疾病医疗补偿金\",","bookmark":{"seq":520,"timestamp":1766137499163}}}
{"cursor":521,"bookmark":{"seq":521,"timestamp":1766137499270},"event":{"channel":"progress","type":"think_chunk","step":15,"delta":" \"恶性肿瘤 CAR-T 疗法院","bookmark":{"seq":521,"timestamp":1766137499270}}}
{"cursor":522,"bookmark":{"seq":522,"timestamp":1766137499342},"event":{"channel":"progress","type":"think_chunk","step":15,"delta":"外药品费补偿金\", \"特别住院津贴保险金\"],\n      \"tool_evidence\": [\n        {\n          \"tool\":","bookmark":{"seq":522,"timestamp":1766137499342}}}
{"cursor":523,"bookmark":{"seq":523,"timestamp":1766137499343},"event":{"channel":"progress","type":"think_chunk","step":15,"delta":" \"insurance_filter\",\n","bookmark":{"seq":523,"timestamp":1766137499343}}}
{"cursor":524,"bookmark":{"seq":524,"timestamp":1766137499605},"event":{"channel":"progress","type":"think_chunk","step":15,"delta":"          \"query\":","bookmark":{"seq":524,"timestamp":1766137499605}}}
{"cursor":525,"bookmark":{"seq":525,"timestamp":1766137499606},"event":{"channel":"progress","type":"think_chunk","step":15,"delta":" \"年龄30岁","bookmark":{"seq":525,"timestamp":1766137499606}}}
{"cursor":526,"bookmark":{"seq":526,"timestamp":1766137499732},"event":{"channel":"progress","type":"think_chunk","step":15,"delta":"，产品类型医疗","bookmark":{"seq":526,"timestamp":1766137499732}}}
{"cursor":527,"bookmark":{"seq":527,"timestamp":1766137499733},"event":{"channel":"progress","type":"think_chunk","step":15,"delta":"险\",\n          \"","bookmark":{"seq":527,"timestamp":1766137499733}}}
{"cursor":528,"bookmark":{"seq":528,"timestamp":1766137499733},"event":{"channel":"progress","type":"think_chunk","step":15,"delta":"evidence\": \"","bookmark":{"seq":528,"timestamp":1766137499733}}}
{"cursor":529,"bookmark":{"seq":529,"timestamp":1766137499733},"event":{"channel":"progress","type":"think_chunk","step":15,"delta":"筛选出适合30","bookmark":{"seq":529,"timestamp":1766137499733}}}
{"cursor":530,"bookmark":{"seq":530,"timestamp":1766137499733},"event":{"channel":"progress","type":"think_chunk","step":15,"delta":"岁人群的医疗险","bookmark":{"seq":530,"timestamp":1766137499733}}}
{"cursor":531,"bookmark":{"seq":531,"timestamp":1766137499733},"event":{"channel":"progress","type":"think_chunk","step":15,"delta":"产品\"\n        },\n","bookmark":{"seq":531,"timestamp":1766137499733}}}
{"cursor":532,"bookmark":{"seq":532,"timestamp":1766137499734},"event":{"channel":"progress","type":"think_chunk","step":15,"delta":"        {\n          \"","bookmark":{"seq":532,"timestamp":1766137499734}}}
{"cursor":533,"bookmark":{"seq":533,"timestamp":1766137499734},"event":{"channel":"progress","type":"think_chunk","step":15,"delta":"tool\": \"insurance","bookmark":{"seq":533,"timestamp":1766137499734}}}
{"cursor":534,"bookmark":{"seq":534,"timestamp":1766137499734},"event":{"channel":"progress","type":"think_chunk","step":15,"delta":"_inspect\",\n        ","bookmark":{"seq":534,"timestamp":1766137499734}}}
{"cursor":535,"bookmark":{"seq":535,"timestamp":1766137499762},"event":{"channel":"progress","type":"think_chunk","step":15,"delta":"  \"query","bookmark":{"seq":535,"timestamp":1766137499762}}}
{"cursor":536,"bookmark":{"seq":536,"timestamp":1766137499763},"event":{"channel":"progress","type":"think_chunk","step":15,"delta":"\": \"医疗保障\",\n          \"evidence\": \"友邦长保康惠长期","bookmark":{"seq":536,"timestamp":1766137499763}}}
{"cursor":537,"bookmark":{"seq":537,"timestamp":1766137499840},"event":{"channel":"progress","type":"think_chunk","step":15,"delta":"医疗保险提供一般医疗和","bookmark":{"seq":537,"timestamp":1766137499840}}}
{"cursor":538,"bookmark":{"seq":538,"timestamp":1766137500177},"event":{"channel":"progress","type":"think_chunk","step":15,"delta":"重大疾病医疗双重","bookmark":{"seq":538,"timestamp":1766137500177}}}
{"cursor":539,"bookmark":{"seq":539,"timestamp":1766137500178},"event":{"channel":"progress","type":"think_chunk","step":15,"delta":"保障\"\n        }\n","bookmark":{"seq":539,"timestamp":1766137500178}}}
{"cursor":540,"bookmark":{"seq":540,"timestamp":1766137500179},"event":{"channel":"progress","type":"think_chunk","step":15,"delta":"      ],\n","bookmark":{"seq":540,"timestamp":1766137500179}}}
{"cursor":541,"bookmark":{"seq":541,"timestamp":1766137500179},"event":{"channel":"progress","type":"think_chunk","step":15,"delta":"      \"disclaimer\": \"","bookmark":{"seq":541,"timestamp":1766137500179}}}
{"cursor":542,"bookmark":{"seq":542,"timestamp":1766137500179},"event":{"channel":"progress","type":"think_chunk","step":15,"delta":"所有推荐以实际","bookmark":{"seq":542,"timestamp":1766137500179}}}
{"cursor":543,"bookmark":{"seq":543,"timestamp":1766137500216},"event":{"channel":"progress","type":"think_chunk","step":15,"delta":"核保及条款为准。","bookmark":{"seq":543,"timestamp":1766137500216}}}
{"cursor":544,"bookmark":{"seq":544,"timestamp":1766137500319},"event":{"channel":"progress","type":"think_chunk","step":15,"delta":"\"\n  ","bookmark":{"seq":544,"timestamp":1766137500319}}}
{"cursor":545,"bookmark":{"seq":545,"timestamp":1766137500320},"event":{"channel":"progress","type":"think_chunk","step":15,"delta":"  }\n  ],\n  \"questions","bookmark":{"seq":545,"timestamp":1766137500320}}}
{"cursor":546,"bookmark":{"seq":546,"timestamp":1766137500320},"event":{"channel":"progress","type":"think_chunk","step":15,"delta":"\": [\"请提供","bookmark":{"seq":546,"timestamp":1766137500320}}}
{"cursor":547,"bookmark":{"seq":547,"timestamp":1766137500321},"event":{"channel":"progress","type":"think_chunk","step":15,"delta":"更详细的健康状况信息","bookmark":{"seq":547,"timestamp":1766137500321}}}
{"cursor":548,"bookmark":{"seq":548,"timestamp":1766137500321},"event":{"channel":"progress","type":"think_chunk","step":15,"delta":"（如是否有高血压","bookmark":{"seq":548,"timestamp":1766137500321}}}
{"cursor":549,"bookmark":{"seq":549,"timestamp":1766137500321},"event":{"channel":"progress","type":"think_chunk","step":15,"delta":"、心脏病","bookmark":{"seq":549,"timestamp":1766137500321}}}
{"cursor":550,"bookmark":{"seq":550,"timestamp":1766137500322},"event":{"channel":"progress","type":"think_chunk","step":15,"delta":"等基础疾病）\", \"","bookmark":{"seq":550,"timestamp":1766137500322}}}
{"cursor":551,"bookmark":{"seq":551,"timestamp":1766137500356},"event":{"channel":"progress","type":"think_chunk","step":15,"delta":"您的职业","bookmark":{"seq":551,"timestamp":1766137500356}}}
{"cursor":552,"bookmark":{"seq":552,"timestamp":1766137500356},"event":{"channel":"progress","type":"think_chunk","step":15,"delta":"具体","bookmark":{"seq":552,"timestamp":1766137500356}}}
{"cursor":553,"bookmark":{"seq":553,"timestamp":1766137500357},"event":{"channel":"progress","type":"think_chunk","step":15,"delta":"是什么（如","bookmark":{"seq":553,"timestamp":1766137500357}}}
{"cursor":554,"bookmark":{"seq":554,"timestamp":1766137500372},"event":{"channel":"progress","type":"think_chunk","step":15,"delta":"程序员、产品经理等","bookmark":{"seq":554,"timestamp":1766137500372}}}
{"cursor":555,"bookmark":{"seq":555,"timestamp":1766137500450},"event":{"channel":"progress","type":"think_chunk","step":15,"delta":"）？\"],\n  \"next_actions\": [\"建议","bookmark":{"seq":555,"timestamp":1766137500450}}}
{"cursor":556,"bookmark":{"seq":556,"timestamp":1766137500451},"event":{"channel":"progress","type":"think_chunk","step":15,"delta":"提交个人健康状况","bookmark":{"seq":556,"timestamp":1766137500451}}}
{"cursor":557,"bookmark":{"seq":557,"timestamp":1766137500452},"event":{"channel":"progress","type":"think_chunk","step":15,"delta":"信息进行核保","bookmark":{"seq":557,"timestamp":1766137500452}}}
{"cursor":558,"bookmark":{"seq":558,"timestamp":1766137500499},"event":{"channel":"progress","type":"think_chunk","step":15,"delta":"评估，定制更","bookmark":{"seq":558,"timestamp":1766137500499}}}
{"cursor":559,"bookmark":{"seq":559,"timestamp":1766137500517},"event":{"channel":"progress","type":"think_chunk","step":15,"delta":"精准的保险","bookmark":{"seq":559,"timestamp":1766137500517}}}
{"cursor":560,"bookmark":{"seq":560,"timestamp":1766137500611},"event":{"channel":"progress","type":"think_chunk","step":15,"delta":"方案\"]\n","bookmark":{"seq":560,"timestamp":1766137500611}}}
{"cursor":561,"bookmark":{"seq":561,"timestamp":1766137500612},"event":{"channel":"progress","type":"think_chunk","step":15,"delta":"}\n```","bookmark":{"seq":561,"timestamp":1766137500612}}}
{"cursor":562,"bookmark":{"seq":562,"timestamp":1766137500662},"event":{"channel":"progress","type":"think_chunk_end","step":15,"bookmark":{"seq":562,"timestamp":1766137500662}}}
{"cursor":564,"bookmark":{"seq":564,"timestamp":1766137500669},"event":{"channel":"progress","type":"done","step":15,"reason":"completed","bookmark":{"seq":564,"timestamp":1766137500669}}}
