{"cursor":4,"bookmark":{"seq":4,"timestamp":1766132893073},"event":{"channel":"progress","type":"think_chunk_start","step":1,"bookmark":{"seq":4,"timestamp":1766132893073}}}
{"cursor":5,"bookmark":{"seq":5,"timestamp":1766132895077},"event":{"channel":"progress","type":"think_chunk","step":1,"delta":"```json\n{\n","bookmark":{"seq":5,"timestamp":1766132895077}}}
{"cursor":6,"bookmark":{"seq":6,"timestamp":1766132895111},"event":{"channel":"progress","type":"think_chunk","step":1,"delta":"  \"thought","bookmark":{"seq":6,"timestamp":1766132895111}}}
{"cursor":7,"bookmark":{"seq":7,"timestamp":1766132895125},"event":{"channel":"progress","type":"think_chunk","step":1,"delta":"\": \"由于","bookmark":{"seq":7,"timestamp":1766132895125}}}
{"cursor":8,"bookmark":{"seq":8,"timestamp":1766132895170},"event":{"channel":"progress","type":"think_chunk","step":1,"delta":"客户尚未提供任何","bookmark":{"seq":8,"timestamp":1766132895170}}}
{"cursor":9,"bookmark":{"seq":9,"timestamp":1766132895183},"event":{"channel":"progress","type":"think_chunk","step":1,"delta":"个人信息，","bookmark":{"seq":9,"timestamp":1766132895183}}}
{"cursor":10,"bookmark":{"seq":10,"timestamp":1766132895208},"event":{"channel":"progress","type":"think_chunk","step":1,"delta":"无法","bookmark":{"seq":10,"timestamp":1766132895208}}}
{"cursor":11,"bookmark":{"seq":11,"timestamp":1766132895381},"event":{"channel":"progress","type":"think_chunk","step":1,"delta":"使用保险工具","bookmark":{"seq":11,"timestamp":1766132895381}}}
{"cursor":12,"bookmark":{"seq":12,"timestamp":1766132895470},"event":{"channel":"progress","type":"think_chunk","step":1,"delta":"进行精准匹配。需要收集基本信息才能","bookmark":{"seq":12,"timestamp":1766132895470}}}
{"cursor":13,"bookmark":{"seq":13,"timestamp":1766132895495},"event":{"channel":"progress","type":"think_chunk","step":1,"delta":"进行产品筛选","bookmark":{"seq":13,"timestamp":1766132895495}}}
{"cursor":14,"bookmark":{"seq":14,"timestamp":1766132895609},"event":{"channel":"progress","type":"think_chunk","step":1,"delta":"和推荐。\",\n","bookmark":{"seq":14,"timestamp":1766132895609}}}
{"cursor":15,"bookmark":{"seq":15,"timestamp":1766132895661},"event":{"channel":"progress","type":"think_chunk","step":1,"delta":"  \"customer_profile\":","bookmark":{"seq":15,"timestamp":1766132895661}}}
{"cursor":16,"bookmark":{"seq":16,"timestamp":1766132895687},"event":{"channel":"progress","type":"think_chunk","step":1,"delta":" {\n    \"name","bookmark":{"seq":16,"timestamp":1766132895687}}}
{"cursor":17,"bookmark":{"seq":17,"timestamp":1766132895721},"event":{"channel":"progress","type":"think_chunk","step":1,"delta":"\": \"","bookmark":{"seq":17,"timestamp":1766132895721}}}
{"cursor":18,"bookmark":{"seq":18,"timestamp":1766132895726},"event":{"channel":"progress","type":"think_chunk","step":1,"delta":"待确认","bookmark":{"seq":18,"timestamp":1766132895726}}}
{"cursor":19,"bookmark":{"seq":19,"timestamp":1766132895756},"event":{"channel":"progress","type":"think_chunk","step":1,"delta":"\",\n  ","bookmark":{"seq":19,"timestamp":1766132895756}}}
{"cursor":20,"bookmark":{"seq":20,"timestamp":1766132895954},"event":{"channel":"progress","type":"think_chunk","step":1,"delta":"  \"role\": \"","bookmark":{"seq":20,"timestamp":1766132895954}}}
{"cursor":21,"bookmark":{"seq":21,"timestamp":1766132895971},"event":{"channel":"progress","type":"think_chunk","step":1,"delta":"待确认\",\n    \"age","bookmark":{"seq":21,"timestamp":1766132895971}}}
{"cursor":22,"bookmark":{"seq":22,"timestamp":1766132895990},"event":{"channel":"progress","type":"think_chunk","step":1,"delta":"\": \"","bookmark":{"seq":22,"timestamp":1766132895990}}}
{"cursor":23,"bookmark":{"seq":23,"timestamp":1766132896023},"event":{"channel":"progress","type":"think_chunk","step":1,"delta":"待确认\",\n  ","bookmark":{"seq":23,"timestamp":1766132896023}}}
{"cursor":24,"bookmark":{"seq":24,"timestamp":1766132896065},"event":{"channel":"progress","type":"think_chunk","step":1,"delta":"  \"annual","bookmark":{"seq":24,"timestamp":1766132896065}}}
{"cursor":25,"bookmark":{"seq":25,"timestamp":1766132896100},"event":{"channel":"progress","type":"think_chunk","step":1,"delta":"_budget\": \"待","bookmark":{"seq":25,"timestamp":1766132896100}}}
{"cursor":26,"bookmark":{"seq":26,"timestamp":1766132896120},"event":{"channel":"progress","type":"think_chunk","step":1,"delta":"确认\",\n","bookmark":{"seq":26,"timestamp":1766132896120}}}
{"cursor":27,"bookmark":{"seq":27,"timestamp":1766132896162},"event":{"channel":"progress","type":"think_chunk","step":1,"delta":"    \"","bookmark":{"seq":27,"timestamp":1766132896162}}}
{"cursor":28,"bookmark":{"seq":28,"timestamp":1766132896237},"event":{"channel":"progress","type":"think_chunk","step":1,"delta":"marital_status\":","bookmark":{"seq":28,"timestamp":1766132896237}}}
{"cursor":29,"bookmark":{"seq":29,"timestamp":1766132896239},"event":{"channel":"progress","type":"think_chunk","step":1,"delta":" \"待","bookmark":{"seq":29,"timestamp":1766132896239}}}
{"cursor":30,"bookmark":{"seq":30,"timestamp":1766132896240},"event":{"channel":"progress","type":"think_chunk","step":1,"delta":"确认\",\n","bookmark":{"seq":30,"timestamp":1766132896240}}}
{"cursor":31,"bookmark":{"seq":31,"timestamp":1766132896260},"event":{"channel":"progress","type":"think_chunk","step":1,"delta":"    \"","bookmark":{"seq":31,"timestamp":1766132896260}}}
{"cursor":32,"bookmark":{"seq":32,"timestamp":1766132896305},"event":{"channel":"progress","type":"think_chunk","step":1,"delta":"annual_income\":","bookmark":{"seq":32,"timestamp":1766132896305}}}
{"cursor":33,"bookmark":{"seq":33,"timestamp":1766132896310},"event":{"channel":"progress","type":"think_chunk","step":1,"delta":" \"","bookmark":{"seq":33,"timestamp":1766132896310}}}
{"cursor":34,"bookmark":{"seq":34,"timestamp":1766132896343},"event":{"channel":"progress","type":"think_chunk","step":1,"delta":"待确认\",\n  ","bookmark":{"seq":34,"timestamp":1766132896343}}}
{"cursor":35,"bookmark":{"seq":35,"timestamp":1766132896438},"event":{"channel":"progress","type":"think_chunk","step":1,"delta":"  \"location","bookmark":{"seq":35,"timestamp":1766132896438}}}
{"cursor":36,"bookmark":{"seq":36,"timestamp":1766132896640},"event":{"channel":"progress","type":"think_chunk","step":1,"delta":"\": \"待确认","bookmark":{"seq":36,"timestamp":1766132896640}}}
{"cursor":37,"bookmark":{"seq":37,"timestamp":1766132896674},"event":{"channel":"progress","type":"think_chunk","step":1,"delta":"\",\n  ","bookmark":{"seq":37,"timestamp":1766132896674}}}
{"cursor":38,"bookmark":{"seq":38,"timestamp":1766132896697},"event":{"channel":"progress","type":"think_chunk","step":1,"delta":"  \"risk","bookmark":{"seq":38,"timestamp":1766132896697}}}
{"cursor":39,"bookmark":{"seq":39,"timestamp":1766132896714},"event":{"channel":"progress","type":"think_chunk","step":1,"delta":"_factors\":","bookmark":{"seq":39,"timestamp":1766132896714}}}
{"cursor":40,"bookmark":{"seq":40,"timestamp":1766132896752},"event":{"channel":"progress","type":"think_chunk","step":1,"delta":" [\"待","bookmark":{"seq":40,"timestamp":1766132896752}}}
{"cursor":41,"bookmark":{"seq":41,"timestamp":1766132896786},"event":{"channel":"progress","type":"think_chunk","step":1,"delta":"确认\"],\n    \"","bookmark":{"seq":41,"timestamp":1766132896786}}}
{"cursor":42,"bookmark":{"seq":42,"timestamp":1766132896819},"event":{"channel":"progress","type":"think_chunk","step":1,"delta":"needs\":","bookmark":{"seq":42,"timestamp":1766132896819}}}
{"cursor":43,"bookmark":{"seq":43,"timestamp":1766132896866},"event":{"channel":"progress","type":"think_chunk","step":1,"delta":" [\"待确认\"]\n","bookmark":{"seq":43,"timestamp":1766132896866}}}
{"cursor":44,"bookmark":{"seq":44,"timestamp":1766132896915},"event":{"channel":"progress","type":"think_chunk","step":1,"delta":"  },\n  \"","bookmark":{"seq":44,"timestamp":1766132896915}}}
{"cursor":45,"bookmark":{"seq":45,"timestamp":1766132896949},"event":{"channel":"progress","type":"think_chunk","step":1,"delta":"insight_summary\":","bookmark":{"seq":45,"timestamp":1766132896949}}}
{"cursor":46,"bookmark":{"seq":46,"timestamp":1766132896980},"event":{"channel":"progress","type":"think_chunk","step":1,"delta":" \"缺少","bookmark":{"seq":46,"timestamp":1766132896980}}}
{"cursor":47,"bookmark":{"seq":47,"timestamp":1766132896997},"event":{"channel":"progress","type":"think_chunk","step":1,"delta":"客户基本信息","bookmark":{"seq":47,"timestamp":1766132896997}}}
{"cursor":48,"bookmark":{"seq":48,"timestamp":1766132897025},"event":{"channel":"progress","type":"think_chunk","step":1,"delta":"，无法","bookmark":{"seq":48,"timestamp":1766132897025}}}
{"cursor":49,"bookmark":{"seq":49,"timestamp":1766132897082},"event":{"channel":"progress","type":"think_chunk","step":1,"delta":"进行精准","bookmark":{"seq":49,"timestamp":1766132897082}}}
{"cursor":50,"bookmark":{"seq":50,"timestamp":1766132897144},"event":{"channel":"progress","type":"think_chunk","step":1,"delta":"保险产品推荐。","bookmark":{"seq":50,"timestamp":1766132897144}}}
{"cursor":51,"bookmark":{"seq":51,"timestamp":1766132897174},"event":{"channel":"progress","type":"think_chunk","step":1,"delta":"需要收集客户的年龄、","bookmark":{"seq":51,"timestamp":1766132897174}}}
{"cursor":52,"bookmark":{"seq":52,"timestamp":1766132897205},"event":{"channel":"progress","type":"think_chunk","step":1,"delta":"职业、家庭","bookmark":{"seq":52,"timestamp":1766132897205}}}
{"cursor":53,"bookmark":{"seq":53,"timestamp":1766132897227},"event":{"channel":"progress","type":"think_chunk","step":1,"delta":"状况、","bookmark":{"seq":53,"timestamp":1766132897227}}}
{"cursor":54,"bookmark":{"seq":54,"timestamp":1766132897246},"event":{"channel":"progress","type":"think_chunk","step":1,"delta":"收入","bookmark":{"seq":54,"timestamp":1766132897246}}}
{"cursor":55,"bookmark":{"seq":55,"timestamp":1766132897273},"event":{"channel":"progress","type":"think_chunk","step":1,"delta":"和","bookmark":{"seq":55,"timestamp":1766132897273}}}
{"cursor":56,"bookmark":{"seq":56,"timestamp":1766132897319},"event":{"channel":"progress","type":"think_chunk","step":1,"delta":"预算等关键信息","bookmark":{"seq":56,"timestamp":1766132897319}}}
{"cursor":57,"bookmark":{"seq":57,"timestamp":1766132897337},"event":{"channel":"progress","type":"think_chunk","step":1,"delta":"。\",\n","bookmark":{"seq":57,"timestamp":1766132897337}}}
{"cursor":58,"bookmark":{"seq":58,"timestamp":1766132897361},"event":{"channel":"progress","type":"think_chunk","step":1,"delta":"  \"recommend","bookmark":{"seq":58,"timestamp":1766132897361}}}
{"cursor":59,"bookmark":{"seq":59,"timestamp":1766132897389},"event":{"channel":"progress","type":"think_chunk","step":1,"delta":"ations\":","bookmark":{"seq":59,"timestamp":1766132897389}}}
{"cursor":60,"bookmark":{"seq":60,"timestamp":1766132897403},"event":{"channel":"progress","type":"think_chunk","step":1,"delta":" [],\n","bookmark":{"seq":60,"timestamp":1766132897403}}}
{"cursor":61,"bookmark":{"seq":61,"timestamp":1766132897424},"event":{"channel":"progress","type":"think_chunk","step":1,"delta":"  \"questions","bookmark":{"seq":61,"timestamp":1766132897424}}}
{"cursor":62,"bookmark":{"seq":62,"timestamp":1766132897518},"event":{"channel":"progress","type":"think_chunk","step":1,"delta":"\": [\n    \"","bookmark":{"seq":62,"timestamp":1766132897518}}}
{"cursor":63,"bookmark":{"seq":63,"timestamp":1766132897570},"event":{"channel":"progress","type":"think_chunk","step":1,"delta":"请问您","bookmark":{"seq":63,"timestamp":1766132897570}}}
{"cursor":64,"bookmark":{"seq":64,"timestamp":1766132897573},"event":{"channel":"progress","type":"think_chunk","step":1,"delta":"大概的","bookmark":{"seq":64,"timestamp":1766132897573}}}
{"cursor":65,"bookmark":{"seq":65,"timestamp":1766132897578},"event":{"channel":"progress","type":"think_chunk","step":1,"delta":"年龄是什么","bookmark":{"seq":65,"timestamp":1766132897578}}}
{"cursor":66,"bookmark":{"seq":66,"timestamp":1766132897848},"event":{"channel":"progress","type":"think_chunk","step":1,"delta":"？这决定了适合","bookmark":{"seq":66,"timestamp":1766132897848}}}
{"cursor":67,"bookmark":{"seq":67,"timestamp":1766132897906},"event":{"channel":"progress","type":"think_chunk","step":1,"delta":"您的保险类型和范围。\",\n    \"您的年收入大概多少？可以","bookmark":{"seq":67,"timestamp":1766132897906}}}
{"cursor":68,"bookmark":{"seq":68,"timestamp":1766132897907},"event":{"channel":"progress","type":"think_chunk","step":1,"delta":"告知","bookmark":{"seq":68,"timestamp":1766132897907}}}
{"cursor":69,"bookmark":{"seq":69,"timestamp":1766132897990},"event":{"channel":"progress","type":"think_chunk","step":1,"delta":"您的","bookmark":{"seq":69,"timestamp":1766132897990}}}
{"cursor":70,"bookmark":{"seq":70,"timestamp":1766132898025},"event":{"channel":"progress","type":"think_chunk","step":1,"delta":"预算","bookmark":{"seq":70,"timestamp":1766132898025}}}
{"cursor":71,"bookmark":{"seq":71,"timestamp":1766132898058},"event":{"channel":"progress","type":"think_chunk","step":1,"delta":"范围吗","bookmark":{"seq":71,"timestamp":1766132898058}}}
{"cursor":72,"bookmark":{"seq":72,"timestamp":1766132898108},"event":{"channel":"progress","type":"think_chunk","step":1,"delta":"？\"\n  ],\n","bookmark":{"seq":72,"timestamp":1766132898108}}}
{"cursor":73,"bookmark":{"seq":73,"timestamp":1766132898109},"event":{"channel":"progress","type":"think_chunk","step":1,"delta":"  \"","bookmark":{"seq":73,"timestamp":1766132898109}}}
{"cursor":74,"bookmark":{"seq":74,"timestamp":1766132898181},"event":{"channel":"progress","type":"think_chunk","step":1,"delta":"next_actions","bookmark":{"seq":74,"timestamp":1766132898181}}}
{"cursor":75,"bookmark":{"seq":75,"timestamp":1766132898181},"event":{"channel":"progress","type":"think_chunk","step":1,"delta":"\": [\"","bookmark":{"seq":75,"timestamp":1766132898181}}}
{"cursor":76,"bookmark":{"seq":76,"timestamp":1766132898182},"event":{"channel":"progress","type":"think_chunk","step":1,"delta":"请提供","bookmark":{"seq":76,"timestamp":1766132898182}}}
{"cursor":77,"bookmark":{"seq":77,"timestamp":1766132898224},"event":{"channel":"progress","type":"think_chunk","step":1,"delta":"基本信息","bookmark":{"seq":77,"timestamp":1766132898224}}}
{"cursor":78,"bookmark":{"seq":78,"timestamp":1766132898244},"event":{"channel":"progress","type":"think_chunk","step":1,"delta":"后","bookmark":{"seq":78,"timestamp":1766132898244}}}
{"cursor":79,"bookmark":{"seq":79,"timestamp":1766132898284},"event":{"channel":"progress","type":"think_chunk","step":1,"delta":"，我将为您量身","bookmark":{"seq":79,"timestamp":1766132898284}}}
{"cursor":80,"bookmark":{"seq":80,"timestamp":1766132898316},"event":{"channel":"progress","type":"think_chunk","step":1,"delta":"定制保险","bookmark":{"seq":80,"timestamp":1766132898316}}}
{"cursor":81,"bookmark":{"seq":81,"timestamp":1766132898361},"event":{"channel":"progress","type":"think_chunk","step":1,"delta":"方案\"]\n","bookmark":{"seq":81,"timestamp":1766132898361}}}
{"cursor":82,"bookmark":{"seq":82,"timestamp":1766132898362},"event":{"channel":"progress","type":"think_chunk","step":1,"delta":"}\n```","bookmark":{"seq":82,"timestamp":1766132898362}}}
{"cursor":83,"bookmark":{"seq":83,"timestamp":1766132898531},"event":{"channel":"progress","type":"think_chunk_end","step":1,"bookmark":{"seq":83,"timestamp":1766132898531}}}
{"cursor":85,"bookmark":{"seq":85,"timestamp":1766132898998},"event":{"channel":"progress","type":"done","step":1,"reason":"completed","bookmark":{"seq":85,"timestamp":1766132898998}}}
