{"cursor":4,"bookmark":{"seq":4,"timestamp":1766133484826},"event":{"channel":"progress","type":"think_chunk_start","step":1,"bookmark":{"seq":4,"timestamp":1766133484826}}}
{"cursor":5,"bookmark":{"seq":5,"timestamp":1766133488267},"event":{"channel":"progress","type":"think_chunk","step":1,"delta":"您好！感谢","bookmark":{"seq":5,"timestamp":1766133488267}}}
{"cursor":6,"bookmark":{"seq":6,"timestamp":1766133488268},"event":{"channel":"progress","type":"think_chunk","step":1,"delta":"您提供","bookmark":{"seq":6,"timestamp":1766133488268}}}
{"cursor":7,"bookmark":{"seq":7,"timestamp":1766133488286},"event":{"channel":"progress","type":"think_chunk","step":1,"delta":"基本信息。作为","bookmark":{"seq":7,"timestamp":1766133488286}}}
{"cursor":8,"bookmark":{"seq":8,"timestamp":1766133488301},"event":{"channel":"progress","type":"think_chunk","step":1,"delta":"30","bookmark":{"seq":8,"timestamp":1766133488301}}}
{"cursor":9,"bookmark":{"seq":9,"timestamp":1766133488334},"event":{"channel":"progress","type":"think_chunk","step":1,"delta":"岁的","bookmark":{"seq":9,"timestamp":1766133488334}}}
{"cursor":10,"bookmark":{"seq":10,"timestamp":1766133488360},"event":{"channel":"progress","type":"think_chunk","step":1,"delta":"程序员，","bookmark":{"seq":10,"timestamp":1766133488360}}}
{"cursor":11,"bookmark":{"seq":11,"timestamp":1766133488412},"event":{"channel":"progress","type":"think_chunk","step":1,"delta":"预算1万元","bookmark":{"seq":11,"timestamp":1766133488412}}}
{"cursor":12,"bookmark":{"seq":12,"timestamp":1766133488430},"event":{"channel":"progress","type":"think_chunk","step":1,"delta":"考虑","bookmark":{"seq":12,"timestamp":1766133488430}}}
{"cursor":13,"bookmark":{"seq":13,"timestamp":1766133488547},"event":{"channel":"progress","type":"think_chunk","step":1,"delta":"重疾","bookmark":{"seq":13,"timestamp":1766133488547}}}
{"cursor":14,"bookmark":{"seq":14,"timestamp":1766133488553},"event":{"channel":"progress","type":"think_chunk","step":1,"delta":"险是很","bookmark":{"seq":14,"timestamp":1766133488553}}}
{"cursor":15,"bookmark":{"seq":15,"timestamp":1766133488558},"event":{"channel":"progress","type":"think_chunk","step":1,"delta":"明智的","bookmark":{"seq":15,"timestamp":1766133488558}}}
{"cursor":16,"bookmark":{"seq":16,"timestamp":1766133488562},"event":{"channel":"progress","type":"think_chunk","step":1,"delta":"财务","bookmark":{"seq":16,"timestamp":1766133488562}}}
{"cursor":17,"bookmark":{"seq":17,"timestamp":1766133488562},"event":{"channel":"progress","type":"think_chunk","step":1,"delta":"规划决策","bookmark":{"seq":17,"timestamp":1766133488562}}}
{"cursor":18,"bookmark":{"seq":18,"timestamp":1766133488569},"event":{"channel":"progress","type":"think_chunk","step":1,"delta":"。为了","bookmark":{"seq":18,"timestamp":1766133488569}}}
{"cursor":19,"bookmark":{"seq":19,"timestamp":1766133488620},"event":{"channel":"progress","type":"think_chunk","step":1,"delta":"给您","bookmark":{"seq":19,"timestamp":1766133488620}}}
{"cursor":20,"bookmark":{"seq":20,"timestamp":1766133488620},"event":{"channel":"progress","type":"think_chunk","step":1,"delta":"提供更","bookmark":{"seq":20,"timestamp":1766133488620}}}
{"cursor":21,"bookmark":{"seq":21,"timestamp":1766133488636},"event":{"channel":"progress","type":"think_chunk","step":1,"delta":"精准的","bookmark":{"seq":21,"timestamp":1766133488636}}}
{"cursor":22,"bookmark":{"seq":22,"timestamp":1766133488657},"event":{"channel":"progress","type":"think_chunk","step":1,"delta":"保险产品","bookmark":{"seq":22,"timestamp":1766133488657}}}
{"cursor":23,"bookmark":{"seq":23,"timestamp":1766133488837},"event":{"channel":"progress","type":"think_chunk","step":1,"delta":"推荐，","bookmark":{"seq":23,"timestamp":1766133488837}}}
{"cursor":24,"bookmark":{"seq":24,"timestamp":1766133488864},"event":{"channel":"progress","type":"think_chunk","step":1,"delta":"我还需要","bookmark":{"seq":24,"timestamp":1766133488864}}}
{"cursor":25,"bookmark":{"seq":25,"timestamp":1766133488891},"event":{"channel":"progress","type":"think_chunk","step":1,"delta":"了解一些","bookmark":{"seq":25,"timestamp":1766133488891}}}
{"cursor":26,"bookmark":{"seq":26,"timestamp":1766133488913},"event":{"channel":"progress","type":"think_chunk","step":1,"delta":"关键信息","bookmark":{"seq":26,"timestamp":1766133488913}}}
{"cursor":27,"bookmark":{"seq":27,"timestamp":1766133488934},"event":{"channel":"progress","type":"think_chunk","step":1,"delta":"：\n\n1","bookmark":{"seq":27,"timestamp":1766133488934}}}
{"cursor":28,"bookmark":{"seq":28,"timestamp":1766133488963},"event":{"channel":"progress","type":"think_chunk","step":1,"delta":". 您","bookmark":{"seq":28,"timestamp":1766133488963}}}
{"cursor":29,"bookmark":{"seq":29,"timestamp":1766133488994},"event":{"channel":"progress","type":"think_chunk","step":1,"delta":"的年收入","bookmark":{"seq":29,"timestamp":1766133488994}}}
{"cursor":30,"bookmark":{"seq":30,"timestamp":1766133489007},"event":{"channel":"progress","type":"think_chunk","step":1,"delta":"大概是","bookmark":{"seq":30,"timestamp":1766133489007}}}
{"cursor":31,"bookmark":{"seq":31,"timestamp":1766133489043},"event":{"channel":"progress","type":"think_chunk","step":1,"delta":"多少？（","bookmark":{"seq":31,"timestamp":1766133489043}}}
{"cursor":32,"bookmark":{"seq":32,"timestamp":1766133489054},"event":{"channel":"progress","type":"think_chunk","step":1,"delta":"有助于","bookmark":{"seq":32,"timestamp":1766133489054}}}
{"cursor":33,"bookmark":{"seq":33,"timestamp":1766133489159},"event":{"channel":"progress","type":"think_chunk","step":1,"delta":"评估保","bookmark":{"seq":33,"timestamp":1766133489159}}}
{"cursor":34,"bookmark":{"seq":34,"timestamp":1766133489160},"event":{"channel":"progress","type":"think_chunk","step":1,"delta":"额需求）\n2","bookmark":{"seq":34,"timestamp":1766133489160}}}
{"cursor":35,"bookmark":{"seq":35,"timestamp":1766133489160},"event":{"channel":"progress","type":"think_chunk","step":1,"delta":". 您","bookmark":{"seq":35,"timestamp":1766133489160}}}
{"cursor":36,"bookmark":{"seq":36,"timestamp":1766133489180},"event":{"channel":"progress","type":"think_chunk","step":1,"delta":"目前的","bookmark":{"seq":36,"timestamp":1766133489180}}}
{"cursor":37,"bookmark":{"seq":37,"timestamp":1766133489200},"event":{"channel":"progress","type":"think_chunk","step":1,"delta":"婚姻状况","bookmark":{"seq":37,"timestamp":1766133489200}}}
{"cursor":38,"bookmark":{"seq":38,"timestamp":1766133489232},"event":{"channel":"progress","type":"think_chunk","step":1,"delta":"如何？\n","bookmark":{"seq":38,"timestamp":1766133489232}}}
{"cursor":39,"bookmark":{"seq":39,"timestamp":1766133489341},"event":{"channel":"progress","type":"think_chunk","step":1,"delta":"3. 您所在的","bookmark":{"seq":39,"timestamp":1766133489341}}}
{"cursor":40,"bookmark":{"seq":40,"timestamp":1766133489390},"event":{"channel":"progress","type":"think_chunk","step":1,"delta":"地区是","bookmark":{"seq":40,"timestamp":1766133489390}}}
{"cursor":41,"bookmark":{"seq":41,"timestamp":1766133489476},"event":{"channel":"progress","type":"think_chunk","step":1,"delta":"哪里？\n","bookmark":{"seq":41,"timestamp":1766133489476}}}
{"cursor":42,"bookmark":{"seq":42,"timestamp":1766133489566},"event":{"channel":"progress","type":"think_chunk","step":1,"delta":"4.","bookmark":{"seq":42,"timestamp":1766133489566}}}
{"cursor":43,"bookmark":{"seq":43,"timestamp":1766133489594},"event":{"channel":"progress","type":"think_chunk","step":1,"delta":" 您有","bookmark":{"seq":43,"timestamp":1766133489594}}}
{"cursor":44,"bookmark":{"seq":44,"timestamp":1766133489594},"event":{"channel":"progress","type":"think_chunk","step":1,"delta":"已","bookmark":{"seq":44,"timestamp":1766133489594}}}
{"cursor":45,"bookmark":{"seq":45,"timestamp":1766133489594},"event":{"channel":"progress","type":"think_chunk","step":1,"delta":"知的健康","bookmark":{"seq":45,"timestamp":1766133489594}}}
{"cursor":46,"bookmark":{"seq":46,"timestamp":1766133489594},"event":{"channel":"progress","type":"think_chunk","step":1,"delta":"问题或","bookmark":{"seq":46,"timestamp":1766133489594}}}
{"cursor":47,"bookmark":{"seq":47,"timestamp":1766133489594},"event":{"channel":"progress","type":"think_chunk","step":1,"delta":"家族病史吗？\n","bookmark":{"seq":47,"timestamp":1766133489594}}}
{"cursor":48,"bookmark":{"seq":48,"timestamp":1766133489595},"event":{"channel":"progress","type":"think_chunk","step":1,"delta":"5.","bookmark":{"seq":48,"timestamp":1766133489595}}}
{"cursor":49,"bookmark":{"seq":49,"timestamp":1766133489595},"event":{"channel":"progress","type":"think_chunk","step":1,"delta":" 除了","bookmark":{"seq":49,"timestamp":1766133489595}}}
{"cursor":50,"bookmark":{"seq":50,"timestamp":1766133489650},"event":{"channel":"progress","type":"think_chunk","step":1,"delta":"重","bookmark":{"seq":50,"timestamp":1766133489650}}}
{"cursor":51,"bookmark":{"seq":51,"timestamp":1766133489650},"event":{"channel":"progress","type":"think_chunk","step":1,"delta":"疾险","bookmark":{"seq":51,"timestamp":1766133489650}}}
{"cursor":52,"bookmark":{"seq":52,"timestamp":1766133489651},"event":{"channel":"progress","type":"think_chunk","step":1,"delta":"外","bookmark":{"seq":52,"timestamp":1766133489651}}}
{"cursor":53,"bookmark":{"seq":53,"timestamp":1766133489651},"event":{"channel":"progress","type":"think_chunk","step":1,"delta":"，您","bookmark":{"seq":53,"timestamp":1766133489651}}}
{"cursor":54,"bookmark":{"seq":54,"timestamp":1766133489656},"event":{"channel":"progress","type":"think_chunk","step":1,"delta":"还有其他","bookmark":{"seq":54,"timestamp":1766133489656}}}
{"cursor":55,"bookmark":{"seq":55,"timestamp":1766133489685},"event":{"channel":"progress","type":"think_chunk","step":1,"delta":"保险","bookmark":{"seq":55,"timestamp":1766133489685}}}
{"cursor":56,"bookmark":{"seq":56,"timestamp":1766133489747},"event":{"channel":"progress","type":"think_chunk","step":1,"delta":"需求吗","bookmark":{"seq":56,"timestamp":1766133489747}}}
{"cursor":57,"bookmark":{"seq":57,"timestamp":1766133489747},"event":{"channel":"progress","type":"think_chunk","step":1,"delta":"？（如","bookmark":{"seq":57,"timestamp":1766133489747}}}
{"cursor":58,"bookmark":{"seq":58,"timestamp":1766133489751},"event":{"channel":"progress","type":"think_chunk","step":1,"delta":"寿","bookmark":{"seq":58,"timestamp":1766133489751}}}
{"cursor":59,"bookmark":{"seq":59,"timestamp":1766133489775},"event":{"channel":"progress","type":"think_chunk","step":1,"delta":"险、","bookmark":{"seq":59,"timestamp":1766133489775}}}
{"cursor":60,"bookmark":{"seq":60,"timestamp":1766133489798},"event":{"channel":"progress","type":"think_chunk","step":1,"delta":"医疗险","bookmark":{"seq":60,"timestamp":1766133489798}}}
{"cursor":61,"bookmark":{"seq":61,"timestamp":1766133489823},"event":{"channel":"progress","type":"think_chunk","step":1,"delta":"等）\n\n","bookmark":{"seq":61,"timestamp":1766133489823}}}
{"cursor":62,"bookmark":{"seq":62,"timestamp":1766133489865},"event":{"channel":"progress","type":"think_chunk","step":1,"delta":"现在","bookmark":{"seq":62,"timestamp":1766133489865}}}
{"cursor":63,"bookmark":{"seq":63,"timestamp":1766133489879},"event":{"channel":"progress","type":"think_chunk","step":1,"delta":"，","bookmark":{"seq":63,"timestamp":1766133489879}}}
{"cursor":64,"bookmark":{"seq":64,"timestamp":1766133489915},"event":{"channel":"progress","type":"think_chunk","step":1,"delta":"我先基于","bookmark":{"seq":64,"timestamp":1766133489915}}}
{"cursor":65,"bookmark":{"seq":65,"timestamp":1766133489924},"event":{"channel":"progress","type":"think_chunk","step":1,"delta":"您","bookmark":{"seq":65,"timestamp":1766133489924}}}
{"cursor":66,"bookmark":{"seq":66,"timestamp":1766133489975},"event":{"channel":"progress","type":"think_chunk","step":1,"delta":"已","bookmark":{"seq":66,"timestamp":1766133489975}}}
{"cursor":67,"bookmark":{"seq":67,"timestamp":1766133489975},"event":{"channel":"progress","type":"think_chunk","step":1,"delta":"提供的信息","bookmark":{"seq":67,"timestamp":1766133489975}}}
{"cursor":68,"bookmark":{"seq":68,"timestamp":1766133489997},"event":{"channel":"progress","type":"think_chunk","step":1,"delta":"，","bookmark":{"seq":68,"timestamp":1766133489997}}}
{"cursor":69,"bookmark":{"seq":69,"timestamp":1766133490019},"event":{"channel":"progress","type":"think_chunk","step":1,"delta":"为您搜索","bookmark":{"seq":69,"timestamp":1766133490019}}}
{"cursor":70,"bookmark":{"seq":70,"timestamp":1766133490080},"event":{"channel":"progress","type":"think_chunk","step":1,"delta":"一些","bookmark":{"seq":70,"timestamp":1766133490080}}}
{"cursor":71,"bookmark":{"seq":71,"timestamp":1766133490080},"event":{"channel":"progress","type":"think_chunk","step":1,"delta":"30岁","bookmark":{"seq":71,"timestamp":1766133490080}}}
{"cursor":72,"bookmark":{"seq":72,"timestamp":1766133490100},"event":{"channel":"progress","type":"think_chunk","step":1,"delta":"年龄段","bookmark":{"seq":72,"timestamp":1766133490100}}}
{"cursor":73,"bookmark":{"seq":73,"timestamp":1766133490125},"event":{"channel":"progress","type":"think_chunk","step":1,"delta":"的重疾","bookmark":{"seq":73,"timestamp":1766133490125}}}
{"cursor":74,"bookmark":{"seq":74,"timestamp":1766133490144},"event":{"channel":"progress","type":"think_chunk","step":1,"delta":"险产品","bookmark":{"seq":74,"timestamp":1766133490144}}}
{"cursor":75,"bookmark":{"seq":75,"timestamp":1766133490222},"event":{"channel":"progress","type":"think_chunk","step":1,"delta":"：\n","bookmark":{"seq":75,"timestamp":1766133490222}}}
{"cursor":76,"bookmark":{"seq":76,"timestamp":1766133490585},"event":{"channel":"progress","type":"think_chunk_end","step":1,"bookmark":{"seq":76,"timestamp":1766133490585}}}
{"cursor":79,"bookmark":{"seq":79,"timestamp":1766133490586},"event":{"channel":"progress","type":"tool:start","call":{"id":"call_wzk43o177vi","name":"insurance_filter","state":"PENDING","approval":{"required":false},"inputPreview":"{\"age_min\":30,\"age_max\":30,\"product_type\":\"重疾险\"}","auditTrail":[{"state":"PENDING","timestamp":1766133490586}]},"bookmark":{"seq":79,"timestamp":1766133490586}}}
{"cursor":84,"bookmark":{"seq":84,"timestamp":1766133490702},"event":{"channel":"progress","type":"tool:end","call":{"id":"call_wzk43o177vi","name":"insurance_filter","state":"COMPLETED","approval":{"required":false},"result":{"ok":true,"count":4,"products":[{"id":27,"product_name":"友邦附加万全如意 A 款豁免保费重大疾病保险","product_type":"重疾险","age_range":"18周岁至55周岁"},{"id":33,"product_name":"友邦附加盈如意顺心版提前给付重大疾病保险","product_type":"重疾险","age_range":"18周岁至55周岁"},{"id":42,"product_name":"友邦友如意顺心版（2025）重大疾病保险","product_type":"重疾险","age_range":"18周岁至55周岁"},{"id":30,"product_name":"友邦附加爱如意 D 款恶性肿瘤（重度）疾病保险","product_type":"重疾险","age_range":"男性0-50周岁，女性0-45周岁"}]},"durationMs":109,"startedAt":1766133490593,"completedAt":1766133490702,"inputPreview":"{\"age_min\":30,\"age_max\":30,\"product_type\":\"重疾险\"}","auditTrail":[{"state":"PENDING","timestamp":1766133490586},{"state":"EXECUTING","timestamp":1766133490593,"note":"execution start"},{"state":"COMPLETED","timestamp":1766133490702,"note":"execution complete"}]},"bookmark":{"seq":84,"timestamp":1766133490702}}}
{"cursor":90,"bookmark":{"seq":90,"timestamp":1766133490704},"event":{"channel":"progress","type":"think_chunk_start","step":2,"bookmark":{"seq":90,"timestamp":1766133490704}}}
{"cursor":93,"bookmark":{"seq":93,"timestamp":1766133492380},"event":{"channel":"progress","type":"tool:start","call":{"id":"call_j5pn1zr3m0f","name":"insurance_inspect","state":"PENDING","approval":{"required":false},"inputPreview":"{\"product_id\":27,\"fields\":\"product_name,product_type,extend_info,coverage\",\"view\":\"summary\"}","auditTrail":[{"state":"PENDING","timestamp":1766133492379}]},"bookmark":{"seq":93,"timestamp":1766133492380}}}
{"cursor":98,"bookmark":{"seq":98,"timestamp":1766133492395},"event":{"channel":"progress","type":"tool:end","call":{"id":"call_j5pn1zr3m0f","name":"insurance_inspect","state":"COMPLETED","approval":{"required":false},"result":{"ok":true,"data":{"product_name":"友邦附加万全如意 A 款豁免保费重大疾病保险","product_type":"重疾险","coverage_keys":["等待期","身故豁免保险费","全残豁免保险费","重度疾病豁免保险费"],"extend_info_keys":["highlights","table_data","theme_color","coverage_list","illness_features"]}},"durationMs":12,"startedAt":1766133492383,"completedAt":1766133492395,"inputPreview":"{\"product_id\":27,\"fields\":\"product_name,product_type,extend_info,coverage\",\"view\":\"summary\"}","auditTrail":[{"state":"PENDING","timestamp":1766133492379},{"state":"EXECUTING","timestamp":1766133492383,"note":"execution start"},{"state":"COMPLETED","timestamp":1766133492395,"note":"execution complete"}]},"bookmark":{"seq":98,"timestamp":1766133492395}}}
{"cursor":104,"bookmark":{"seq":104,"timestamp":1766133492397},"event":{"channel":"progress","type":"think_chunk_start","step":3,"bookmark":{"seq":104,"timestamp":1766133492397}}}
{"cursor":107,"bookmark":{"seq":107,"timestamp":1766133494228},"event":{"channel":"progress","type":"tool:start","call":{"id":"call_oief8e2toe","name":"insurance_inspect","state":"PENDING","approval":{"required":false},"inputPreview":"{\"product_id\":27,\"fields\":\"extend_info.highlights\",\"view\":\"full\"}","auditTrail":[{"state":"PENDING","timestamp":1766133494228}]},"bookmark":{"seq":107,"timestamp":1766133494228}}}
{"cursor":112,"bookmark":{"seq":112,"timestamp":1766133494242},"event":{"channel":"progress","type":"tool:end","call":{"id":"call_oief8e2toe","name":"insurance_inspect","state":"COMPLETED","approval":{"required":false},"result":{"ok":true,"data":{"extend_info.highlights":"[{\"label\": \"最高保额\", \"value\": \"详见条款\"}, {\"label\": \"保障期限\", \"value\": \"与对应批注...\"}, {\"label\": \"等待期\", \"value\": \"90天\"}, {\"label\": \"险种类型\", \"value\": \"重疾险\"}]"}},"durationMs":13,"startedAt":1766133494228,"completedAt":1766133494241,"inputPreview":"{\"product_id\":27,\"fields\":\"extend_info.highlights\",\"view\":\"full\"}","auditTrail":[{"state":"PENDING","timestamp":1766133494228},{"state":"EXECUTING","timestamp":1766133494228,"note":"execution start"},{"state":"COMPLETED","timestamp":1766133494241,"note":"execution complete"}]},"bookmark":{"seq":112,"timestamp":1766133494242}}}
{"cursor":118,"bookmark":{"seq":118,"timestamp":1766133494244},"event":{"channel":"progress","type":"think_chunk_start","step":4,"bookmark":{"seq":118,"timestamp":1766133494244}}}
{"cursor":121,"bookmark":{"seq":121,"timestamp":1766133495554},"event":{"channel":"progress","type":"tool:start","call":{"id":"call_6l6yqiduwdl","name":"insurance_inspect","state":"PENDING","approval":{"required":false},"inputPreview":"{\"product_id\":33,\"fields\":\"extend_info.highlights\",\"view\":\"full\"}","auditTrail":[{"state":"PENDING","timestamp":1766133495554}]},"bookmark":{"seq":121,"timestamp":1766133495554}}}
{"cursor":126,"bookmark":{"seq":126,"timestamp":1766133495564},"event":{"channel":"progress","type":"tool:end","call":{"id":"call_6l6yqiduwdl","name":"insurance_inspect","state":"COMPLETED","approval":{"required":false},"result":{"ok":true,"data":{"extend_info.highlights":"[{\"label\": \"最高保额\", \"value\": \"详见条款\"}, {\"label\": \"保障期限\", \"value\": \"被保险人终身\"}, {\"label\": \"等待期\", \"value\": \"90天\"}, {\"label\": \"险种类型\", \"value\": \"重疾险\"}]"}},"durationMs":10,"startedAt":1766133495554,"completedAt":1766133495564,"inputPreview":"{\"product_id\":33,\"fields\":\"extend_info.highlights\",\"view\":\"full\"}","auditTrail":[{"state":"PENDING","timestamp":1766133495554},{"state":"EXECUTING","timestamp":1766133495554,"note":"execution start"},{"state":"COMPLETED","timestamp":1766133495564,"note":"execution complete"}]},"bookmark":{"seq":126,"timestamp":1766133495564}}}
{"cursor":132,"bookmark":{"seq":132,"timestamp":1766133495565},"event":{"channel":"progress","type":"think_chunk_start","step":5,"bookmark":{"seq":132,"timestamp":1766133495565}}}
{"cursor":135,"bookmark":{"seq":135,"timestamp":1766133496641},"event":{"channel":"progress","type":"tool:start","call":{"id":"call_w6i83yeapr","name":"insurance_inspect","state":"PENDING","approval":{"required":false},"inputPreview":"{\"product_id\":42,\"fields\":\"extend_info.highlights\",\"view\":\"full\"}","auditTrail":[{"state":"PENDING","timestamp":1766133496641}]},"bookmark":{"seq":135,"timestamp":1766133496641}}}
{"cursor":140,"bookmark":{"seq":140,"timestamp":1766133496650},"event":{"channel":"progress","type":"tool:end","call":{"id":"call_w6i83yeapr","name":"insurance_inspect","state":"COMPLETED","approval":{"required":false},"result":{"ok":true,"data":{"extend_info.highlights":"[{\"label\": \"最高保额\", \"value\": \"详见条款\"}, {\"label\": \"保障期限\", \"value\": \"被保险人终身\"}, {\"label\": \"等待期\", \"value\": \"90天\"}, {\"label\": \"险种类型\", \"value\": \"重疾险\"}]"}},"durationMs":9,"startedAt":1766133496641,"completedAt":1766133496650,"inputPreview":"{\"product_id\":42,\"fields\":\"extend_info.highlights\",\"view\":\"full\"}","auditTrail":[{"state":"PENDING","timestamp":1766133496641},{"state":"EXECUTING","timestamp":1766133496641,"note":"execution start"},{"state":"COMPLETED","timestamp":1766133496650,"note":"execution complete"}]},"bookmark":{"seq":140,"timestamp":1766133496650}}}
{"cursor":146,"bookmark":{"seq":146,"timestamp":1766133496652},"event":{"channel":"progress","type":"think_chunk_start","step":6,"bookmark":{"seq":146,"timestamp":1766133496652}}}
{"cursor":149,"bookmark":{"seq":149,"timestamp":1766133498894},"event":{"channel":"progress","type":"tool:start","call":{"id":"call_yvxwojwaer","name":"insurance_inspect","state":"PENDING","approval":{"required":false},"inputPreview":"{\"product_id\":30,\"fields\":\"extend_info.highlights\",\"view\":\"full\"}","auditTrail":[{"state":"PENDING","timestamp":1766133498894}]},"bookmark":{"seq":149,"timestamp":1766133498894}}}
{"cursor":154,"bookmark":{"seq":154,"timestamp":1766133498902},"event":{"channel":"progress","type":"tool:end","call":{"id":"call_yvxwojwaer","name":"insurance_inspect","state":"COMPLETED","approval":{"required":false},"result":{"ok":true,"data":{"extend_info.highlights":"[{\"label\": \"最高保额\", \"value\": \"详见条款\"}, {\"label\": \"保障期限\", \"value\": \"终身\"}, {\"label\": \"等待期\", \"value\": \"90天\"}, {\"label\": \"险种类型\", \"value\": \"重疾险\"}]"}},"durationMs":7,"startedAt":1766133498894,"completedAt":1766133498901,"inputPreview":"{\"product_id\":30,\"fields\":\"extend_info.highlights\",\"view\":\"full\"}","auditTrail":[{"state":"PENDING","timestamp":1766133498894},{"state":"EXECUTING","timestamp":1766133498894,"note":"execution start"},{"state":"COMPLETED","timestamp":1766133498901,"note":"execution complete"}]},"bookmark":{"seq":154,"timestamp":1766133498902}}}
{"cursor":160,"bookmark":{"seq":160,"timestamp":1766133498903},"event":{"channel":"progress","type":"think_chunk_start","step":7,"bookmark":{"seq":160,"timestamp":1766133498903}}}
{"cursor":163,"bookmark":{"seq":163,"timestamp":1766133499988},"event":{"channel":"progress","type":"tool:start","call":{"id":"call_vjcurpbeom","name":"insurance_inspect","state":"PENDING","approval":{"required":false},"inputPreview":"{\"product_id\":42,\"fields\":\"coverage,extend_info.illness_features\",\"view\":\"full\"}","auditTrail":[{"state":"PENDING","timestamp":1766133499988}]},"bookmark":{"seq":163,"timestamp":1766133499988}}}
{"cursor":168,"bookmark":{"seq":168,"timestamp":1766133499997},"event":{"channel":"progress","type":"tool:end","call":{"id":"call_vjcurpbeom","name":"insurance_inspect","state":"COMPLETED","approval":{"required":false},"result":{"ok":true,"data":{"extend_info.illness_features":"{\"basic_rules\": {\"age_limit\": \"18-55周岁\", \"waiting_period\": \"90天\", \"insurance_period\": \"终身\"}, \"heavy_illness\": {\"disease_list\": [\"恶性肿瘤——重度\", \"较重急性心肌梗死\", \"严重脑中风后遗症\", \"重大器官移植术或造血干细胞移植术\", \"冠状动脉搭桥术（或称冠状动脉旁路移植术）\", \"严重慢性肾衰竭\", \"多个肢体缺失\", \"急性重症肝炎或亚急性重症肝炎\", \"严重非恶性颅内肿瘤\", \"严重慢性肝衰竭\", \"严重脑炎后遗症或严重脑膜炎后遗症\", \"深度昏迷\", \"双耳失聪\", \"双目失明\", \"瘫痪\", \"心脏瓣膜手术\", \"严重阿尔茨海默病\", \"严重脑损伤\", \"严重帕金森病\", \"严重Ⅲ度烧伤\", \"严重原发性肺动脉高压\", \"严重运动神经元病\", \"语言能力丧失\", \"重型再生障碍性贫血\", \"主动脉手术\", \"严重慢性呼吸衰竭\", \"严重克罗恩病\", \"严重溃疡性结肠炎\", \"严重心肌病\", \"持续植物人状态\", \"经输血导致的自身免疫缺陷病毒感染\", \"严重肌营养不良症\", \"严重多发性硬化\", \"严重脊髓灰质炎\", \"全身性重症肌无力\", \"严重类风湿性关节炎\", \"严重系统性红斑狼疮性肾病\", \"终末期肺病\", \"重症急性坏死性筋膜炎\", \"艾森门格综合征\", \"严重冠心病\", \"胰腺移植\", \"埃博拉病毒感染\", \"严重继发性肺动脉高压\", \"细菌性脑脊髓膜炎\", \"丝虫病\", \"象皮病\", \"严重心肌炎\", \"严重弥漫性硬皮病\", \"大动脉炎（高安氏病）\", \"严重感染性心内膜炎\", \"骨髓纤维化\", \"严重大疱性表皮松解症\", \"严重面部烧伤\", \"严重瑞氏综合征（Reye综合征）\", \"成骨不全症第三型\", \"室壁瘤切除术\", \"严重肾髓质囊性病\", \"严重特发性肺纤维化\", \"严重自身免疫性肝炎\", \"原发性硬化性胆管炎\", \"严重肝豆状核变性（Wilson病）\", \"破裂脑动脉瘤夹闭手术\", \"严重慢性缩窄性心包炎\", \"出血性登革热\", \"疯牛病\", \"严重手足口病\", \"严重川崎病\", \"严重幼年型类风湿性关节炎\", \"严重脊柱裂\", \"严重哮喘\", \"严重癫痫\", \"持续性植物人状态\", \"溶血性链球菌感染引起的坏疽\", \"严重坏死性筋膜炎\", \"中度帕金森氏症\", \"肾上腺脑白质营养不良\", \"进行性核上性麻痹\", \"亚历山大病\", \"多系统萎缩\", \"脊髓小脑变性症\", \"进行性多灶性白质脑病\", \"亚急性硬化性全脑炎\", \"克雅氏病（CJD、人类疯牛病）\", \"莱姆病\", \"重症手足口病\", \"严重脊髓空洞症\", \"严重肌萎缩侧索硬化症\", \"严重原发性心肌病\", \"严重肺淋巴管肌瘤病\", \"肺泡蛋白质沉积症\", \"严重肺源性心脏病\", \"严重肺结节病\", \"席汉氏综合征\", \"垂体性侏儒症\", \"库欣综合征\", \"肾上腺皮质功能减退症\", \"嗜铬细胞瘤\", \"原发性醛固酮增多症\", \"甲状旁腺功能亢进症\", \"严重甲状腺功能减退症\", \"胰岛细胞瘤\", \"严重糖尿病酮症酸中毒\", \"严重高渗高血糖状态\", \"严重低血糖脑病\", \"尿毒症\", \"溶血尿毒综合征\", \"肾小管间质性肾炎\", \"严重肾病综合征\", \"IgA肾病\", \"膜性肾病\", \"膜增生性肾小球肾炎\", \"局灶节段性肾小球硬化\", \"急进性肾小球肾炎\", \"慢性肾小球肾炎\", \"间质性膀胱炎\", \"严重输尿管狭窄\", \"严重膀胱挛缩\"], \"payout_ratio\": \"100%\", \"disease_count\": \"120种\"}, \"death_disability\": {\"death_payout\": \"100%基本保额\", \"disability_payout\": \"100%基本保额\"}, \"optional_features\": [\"全残保险金\", \"生命终末期保险金\", \"身故保险金\"], \"medium_light_illness\": {\"light_list\": [\"极早期恶性肿瘤或恶性病变\", \"轻度急性心肌梗死\", \"轻度脑中风后遗症\", \"激光心肌血运重建术\", \"微创冠状动脉搭桥手术\", \"心脏瓣膜介入手术\", \"视力严重受损\", \"主动脉内手术（非开胸）\", \"脑垂体瘤、脑囊肿、脑动脉瘤及脑血管瘤\", \"轻度脑损伤\", \"微创颅脑手术\", \"植入大脑内分流器\", \"起搏器或除颤器植入\", \"轻度面部烧伤\", \"轻度III度烧伤\", \"单耳失聪\", \"人工耳蜗植入术\", \"听力严重受损\", \"单眼失明\", \"角膜移植\", \"单侧肾脏切除\", \"肝叶切除\", \"双侧卵巢切除术\", \"双侧睾丸切除术\", \"腔静脉过滤器植入术\", \"心包膜切除术\", \"轻度原发性肺动脉高压\", \"肺功能衰竭\", \"早期系统性红斑狼疮\", \"早期象皮病\", \"早期硬皮病\", \"骨质疏松骨折\", \"轻度瘫痪\", \"轻度肌营养不良症\", \"轻度重症肌无力\", \"轻度脊髓灰质炎\", \"轻度运动神经元病\", \"轻度帕金森氏病\", \"轻度克雅氏病\", \"轻度阿尔茨海默病\"], \"light_count\": \"40种\", \"medium_list\": [\"中度恶性肿瘤\", \"中度急性心肌梗死\", \"中度脑中风后遗症\", \"中度脑损伤\", \"中度肌营养不良症\", \"中度类风湿性关节炎\", \"中度重症肌无力\", \"中度帕金森氏病\", \"中度脊髓灰质炎\", \"中度阿尔茨海默病\", \"中度运动神经元病\", \"中度瘫痪\", \"单侧肺脏切除\", \"于颈动脉进行血管成形术或内膜切除术\", \"单目失明\", \"单耳失聪\", \"轻度面部烧伤\", \"早期象皮病\", \"早期系统性硬皮病\", \"早期原发性心肌病\", \"早期肺源性心脏病\", \"早期肝硬化\", \"慢性肾功能障碍\", \"一侧肾脏切除\", \"单个肢体缺失\"], \"light_payout\": \"不同计划比例不同\", \"medium_count\": \"25种\", \"medium_payout\": \"不同计划比例不同\"}}","coverage":{"重度疾病保险金":"承保120种重度疾病，给付金额等于确诊时的基本保险金额。","中度疾病保险金":"承保25种中度疾病，累计给付五次，每次给付金额根据计划不同而异。","轻度疾病保险金":"承保40种轻度疾病，累计给付五次，每次给付金额根据计划不同而异。","全残保险金":"给付金额等于全残发生时的基本保险金额。","生命终末期保险金":"给付金额等于被认定达到生命终末期状态时的基本保险金额。","身故保险金":"给付金额等于身故时的基本保险金额。"}}},"durationMs":8,"startedAt":1766133499989,"completedAt":1766133499997,"inputPreview":"{\"product_id\":42,\"fields\":\"coverage,extend_info.illness_features\",\"view\":\"full\"}","auditTrail":[{"state":"PENDING","timestamp":1766133499988},{"state":"EXECUTING","timestamp":1766133499989,"note":"execution start"},{"state":"COMPLETED","timestamp":1766133499997,"note":"execution complete"}]},"bookmark":{"seq":168,"timestamp":1766133499997}}}
{"cursor":174,"bookmark":{"seq":174,"timestamp":1766133499999},"event":{"channel":"progress","type":"think_chunk_start","step":8,"bookmark":{"seq":174,"timestamp":1766133499999}}}
{"cursor":177,"bookmark":{"seq":177,"timestamp":1766133501579},"event":{"channel":"progress","type":"tool:start","call":{"id":"call_rponehww98n","name":"insurance_search","state":"PENDING","approval":{"required":false},"inputPreview":"{\"keyword\":\"程序员\",\"limit\":5}","auditTrail":[{"state":"PENDING","timestamp":1766133501579}]},"bookmark":{"seq":177,"timestamp":1766133501579}}}
{"cursor":182,"bookmark":{"seq":182,"timestamp":1766133501613},"event":{"channel":"progress","type":"tool:end","call":{"id":"call_rponehww98n","name":"insurance_search","state":"COMPLETED","approval":{"required":false},"result":{"ok":true,"products":[]},"durationMs":34,"startedAt":1766133501579,"completedAt":1766133501613,"inputPreview":"{\"keyword\":\"程序员\",\"limit\":5}","auditTrail":[{"state":"PENDING","timestamp":1766133501579},{"state":"EXECUTING","timestamp":1766133501579,"note":"execution start"},{"state":"COMPLETED","timestamp":1766133501613,"note":"execution complete"}]},"bookmark":{"seq":182,"timestamp":1766133501613}}}
{"cursor":188,"bookmark":{"seq":188,"timestamp":1766133501615},"event":{"channel":"progress","type":"think_chunk_start","step":9,"bookmark":{"seq":188,"timestamp":1766133501615}}}
{"cursor":191,"bookmark":{"seq":191,"timestamp":1766133502764},"event":{"channel":"progress","type":"tool:start","call":{"id":"call_qb8vygmszl","name":"insurance_search","state":"PENDING","approval":{"required":false},"inputPreview":"{\"keyword\":\"IT从业者\",\"limit\":5}","auditTrail":[{"state":"PENDING","timestamp":1766133502764}]},"bookmark":{"seq":191,"timestamp":1766133502764}}}
{"cursor":196,"bookmark":{"seq":196,"timestamp":1766133502780},"event":{"channel":"progress","type":"tool:end","call":{"id":"call_qb8vygmszl","name":"insurance_search","state":"COMPLETED","approval":{"required":false},"result":{"ok":true,"products":[]},"durationMs":16,"startedAt":1766133502764,"completedAt":1766133502780,"inputPreview":"{\"keyword\":\"IT从业者\",\"limit\":5}","auditTrail":[{"state":"PENDING","timestamp":1766133502764},{"state":"EXECUTING","timestamp":1766133502764,"note":"execution start"},{"state":"COMPLETED","timestamp":1766133502780,"note":"execution complete"}]},"bookmark":{"seq":196,"timestamp":1766133502780}}}
{"cursor":202,"bookmark":{"seq":202,"timestamp":1766133502782},"event":{"channel":"progress","type":"think_chunk_start","step":10,"bookmark":{"seq":202,"timestamp":1766133502782}}}
{"cursor":203,"bookmark":{"seq":203,"timestamp":1766133503871},"event":{"channel":"progress","type":"think_chunk","step":10,"delta":"```json\n","bookmark":{"seq":203,"timestamp":1766133503871}}}
{"cursor":204,"bookmark":{"seq":204,"timestamp":1766133503887},"event":{"channel":"progress","type":"think_chunk","step":10,"delta":"{\n","bookmark":{"seq":204,"timestamp":1766133503887}}}
{"cursor":205,"bookmark":{"seq":205,"timestamp":1766133503943},"event":{"channel":"progress","type":"think_chunk","step":10,"delta":"  \"thought\": \"已根据","bookmark":{"seq":205,"timestamp":1766133503943}}}
{"cursor":206,"bookmark":{"seq":206,"timestamp":1766133503974},"event":{"channel":"progress","type":"think_chunk","step":10,"delta":"30岁年龄段筛选出","bookmark":{"seq":206,"timestamp":1766133503974}}}
{"cursor":207,"bookmark":{"seq":207,"timestamp":1766133504013},"event":{"channel":"progress","type":"think_chunk","step":10,"delta":"4款重疾","bookmark":{"seq":207,"timestamp":1766133504013}}}
{"cursor":208,"bookmark":{"seq":208,"timestamp":1766133504050},"event":{"channel":"progress","type":"think_chunk","step":10,"delta":"险产品，获取","bookmark":{"seq":208,"timestamp":1766133504050}}}
{"cursor":209,"bookmark":{"seq":209,"timestamp":1766133504081},"event":{"channel":"progress","type":"think_chunk","step":10,"delta":"了友邦友","bookmark":{"seq":209,"timestamp":1766133504081}}}
{"cursor":210,"bookmark":{"seq":210,"timestamp":1766133504101},"event":{"channel":"progress","type":"think_chunk","step":10,"delta":"如意顺","bookmark":{"seq":210,"timestamp":1766133504101}}}
{"cursor":211,"bookmark":{"seq":211,"timestamp":1766133504178},"event":{"channel":"progress","type":"think_chunk","step":10,"delta":"心版（202","bookmark":{"seq":211,"timestamp":1766133504178}}}
{"cursor":212,"bookmark":{"seq":212,"timestamp":1766133504178},"event":{"channel":"progress","type":"think_chunk","step":10,"delta":"5）","bookmark":{"seq":212,"timestamp":1766133504178}}}
{"cursor":213,"bookmark":{"seq":213,"timestamp":1766133504213},"event":{"channel":"progress","type":"think_chunk","step":10,"delta":"的详细信息。","bookmark":{"seq":213,"timestamp":1766133504213}}}
{"cursor":214,"bookmark":{"seq":214,"timestamp":1766133504220},"event":{"channel":"progress","type":"think_chunk","step":10,"delta":"但由于","bookmark":{"seq":214,"timestamp":1766133504220}}}
{"cursor":215,"bookmark":{"seq":215,"timestamp":1766133504281},"event":{"channel":"progress","type":"think_chunk","step":10,"delta":"客户年收入","bookmark":{"seq":215,"timestamp":1766133504281}}}
{"cursor":216,"bookmark":{"seq":216,"timestamp":1766133504284},"event":{"channel":"progress","type":"think_chunk","step":10,"delta":"、婚姻","bookmark":{"seq":216,"timestamp":1766133504284}}}
{"cursor":217,"bookmark":{"seq":217,"timestamp":1766133504307},"event":{"channel":"progress","type":"think_chunk","step":10,"delta":"状况、","bookmark":{"seq":217,"timestamp":1766133504307}}}
{"cursor":218,"bookmark":{"seq":218,"timestamp":1766133504355},"event":{"channel":"progress","type":"think_chunk","step":10,"delta":"所在地区、","bookmark":{"seq":218,"timestamp":1766133504355}}}
{"cursor":219,"bookmark":{"seq":219,"timestamp":1766133504368},"event":{"channel":"progress","type":"think_chunk","step":10,"delta":"健康状况","bookmark":{"seq":219,"timestamp":1766133504368}}}
{"cursor":220,"bookmark":{"seq":220,"timestamp":1766133504391},"event":{"channel":"progress","type":"think_chunk","step":10,"delta":"等关键","bookmark":{"seq":220,"timestamp":1766133504391}}}
{"cursor":221,"bookmark":{"seq":221,"timestamp":1766133504409},"event":{"channel":"progress","type":"think_chunk","step":10,"delta":"信息缺失，","bookmark":{"seq":221,"timestamp":1766133504409}}}
{"cursor":222,"bookmark":{"seq":222,"timestamp":1766133504446},"event":{"channel":"progress","type":"think_chunk","step":10,"delta":"无法","bookmark":{"seq":222,"timestamp":1766133504446}}}
{"cursor":223,"bookmark":{"seq":223,"timestamp":1766133504482},"event":{"channel":"progress","type":"think_chunk","step":10,"delta":"进行精准","bookmark":{"seq":223,"timestamp":1766133504482}}}
{"cursor":224,"bookmark":{"seq":224,"timestamp":1766133504529},"event":{"channel":"progress","type":"think_chunk","step":10,"delta":"的","bookmark":{"seq":224,"timestamp":1766133504529}}}
{"cursor":225,"bookmark":{"seq":225,"timestamp":1766133504535},"event":{"channel":"progress","type":"think_chunk","step":10,"delta":"保费","bookmark":{"seq":225,"timestamp":1766133504535}}}
{"cursor":226,"bookmark":{"seq":226,"timestamp":1766133504539},"event":{"channel":"progress","type":"think_chunk","step":10,"delta":"计算和保","bookmark":{"seq":226,"timestamp":1766133504539}}}
{"cursor":227,"bookmark":{"seq":227,"timestamp":1766133504560},"event":{"channel":"progress","type":"think_chunk","step":10,"delta":"额匹配","bookmark":{"seq":227,"timestamp":1766133504560}}}
{"cursor":228,"bookmark":{"seq":228,"timestamp":1766133504595},"event":{"channel":"progress","type":"think_chunk","step":10,"delta":"。预算","bookmark":{"seq":228,"timestamp":1766133504595}}}
{"cursor":229,"bookmark":{"seq":229,"timestamp":1766133504627},"event":{"channel":"progress","type":"think_chunk","step":10,"delta":"1万元需要","bookmark":{"seq":229,"timestamp":1766133504627}}}
{"cursor":230,"bookmark":{"seq":230,"timestamp":1766133504697},"event":{"channel":"progress","type":"think_chunk","step":10,"delta":"结合年收入来确定","bookmark":{"seq":230,"timestamp":1766133504697}}}
{"cursor":231,"bookmark":{"seq":231,"timestamp":1766133504736},"event":{"channel":"progress","type":"think_chunk","step":10,"delta":"是否足够。\",\n","bookmark":{"seq":231,"timestamp":1766133504736}}}
{"cursor":232,"bookmark":{"seq":232,"timestamp":1766133504799},"event":{"channel":"progress","type":"think_chunk","step":10,"delta":"  \"","bookmark":{"seq":232,"timestamp":1766133504799}}}
{"cursor":233,"bookmark":{"seq":233,"timestamp":1766133504864},"event":{"channel":"progress","type":"think_chunk","step":10,"delta":"customer_profile","bookmark":{"seq":233,"timestamp":1766133504864}}}
{"cursor":234,"bookmark":{"seq":234,"timestamp":1766133504868},"event":{"channel":"progress","type":"think_chunk","step":10,"delta":"\": {\n","bookmark":{"seq":234,"timestamp":1766133504868}}}
{"cursor":235,"bookmark":{"seq":235,"timestamp":1766133504880},"event":{"channel":"progress","type":"think_chunk","step":10,"delta":"    \"","bookmark":{"seq":235,"timestamp":1766133504880}}}
{"cursor":236,"bookmark":{"seq":236,"timestamp":1766133504880},"event":{"channel":"progress","type":"think_chunk","step":10,"delta":"name\":","bookmark":{"seq":236,"timestamp":1766133504880}}}
{"cursor":237,"bookmark":{"seq":237,"timestamp":1766133504880},"event":{"channel":"progress","type":"think_chunk","step":10,"delta":" \"待确认","bookmark":{"seq":237,"timestamp":1766133504880}}}
{"cursor":238,"bookmark":{"seq":238,"timestamp":1766133504901},"event":{"channel":"progress","type":"think_chunk","step":10,"delta":"\",\n  ","bookmark":{"seq":238,"timestamp":1766133504901}}}
{"cursor":239,"bookmark":{"seq":239,"timestamp":1766133504927},"event":{"channel":"progress","type":"think_chunk","step":10,"delta":"  \"role\":","bookmark":{"seq":239,"timestamp":1766133504927}}}
{"cursor":240,"bookmark":{"seq":240,"timestamp":1766133504955},"event":{"channel":"progress","type":"think_chunk","step":10,"delta":" \"程序员","bookmark":{"seq":240,"timestamp":1766133504955}}}
{"cursor":241,"bookmark":{"seq":241,"timestamp":1766133504990},"event":{"channel":"progress","type":"think_chunk","step":10,"delta":"\",\n    \"age","bookmark":{"seq":241,"timestamp":1766133504990}}}
{"cursor":242,"bookmark":{"seq":242,"timestamp":1766133505013},"event":{"channel":"progress","type":"think_chunk","step":10,"delta":"\": \"","bookmark":{"seq":242,"timestamp":1766133505013}}}
{"cursor":243,"bookmark":{"seq":243,"timestamp":1766133505038},"event":{"channel":"progress","type":"think_chunk","step":10,"delta":"30\",\n","bookmark":{"seq":243,"timestamp":1766133505038}}}
{"cursor":244,"bookmark":{"seq":244,"timestamp":1766133505074},"event":{"channel":"progress","type":"think_chunk","step":10,"delta":"    \"annual","bookmark":{"seq":244,"timestamp":1766133505074}}}
{"cursor":245,"bookmark":{"seq":245,"timestamp":1766133505141},"event":{"channel":"progress","type":"think_chunk","step":10,"delta":"_budget\": \"","bookmark":{"seq":245,"timestamp":1766133505141}}}
{"cursor":246,"bookmark":{"seq":246,"timestamp":1766133505142},"event":{"channel":"progress","type":"think_chunk","step":10,"delta":"100","bookmark":{"seq":246,"timestamp":1766133505142}}}
{"cursor":247,"bookmark":{"seq":247,"timestamp":1766133505158},"event":{"channel":"progress","type":"think_chunk","step":10,"delta":"00\",\n","bookmark":{"seq":247,"timestamp":1766133505158}}}
{"cursor":248,"bookmark":{"seq":248,"timestamp":1766133505244},"event":{"channel":"progress","type":"think_chunk","step":10,"delta":"    \"","bookmark":{"seq":248,"timestamp":1766133505244}}}
{"cursor":249,"bookmark":{"seq":249,"timestamp":1766133505274},"event":{"channel":"progress","type":"think_chunk","step":10,"delta":"marital_status","bookmark":{"seq":249,"timestamp":1766133505274}}}
{"cursor":250,"bookmark":{"seq":250,"timestamp":1766133505318},"event":{"channel":"progress","type":"think_chunk","step":10,"delta":"\": \"待","bookmark":{"seq":250,"timestamp":1766133505318}}}
{"cursor":251,"bookmark":{"seq":251,"timestamp":1766133505320},"event":{"channel":"progress","type":"think_chunk","step":10,"delta":"确认\",\n  ","bookmark":{"seq":251,"timestamp":1766133505320}}}
{"cursor":252,"bookmark":{"seq":252,"timestamp":1766133505322},"event":{"channel":"progress","type":"think_chunk","step":10,"delta":"  \"annual","bookmark":{"seq":252,"timestamp":1766133505322}}}
{"cursor":253,"bookmark":{"seq":253,"timestamp":1766133505380},"event":{"channel":"progress","type":"think_chunk","step":10,"delta":"_income\": \"待","bookmark":{"seq":253,"timestamp":1766133505380}}}
{"cursor":254,"bookmark":{"seq":254,"timestamp":1766133505419},"event":{"channel":"progress","type":"think_chunk","step":10,"delta":"确认\",\n    \"","bookmark":{"seq":254,"timestamp":1766133505419}}}
{"cursor":255,"bookmark":{"seq":255,"timestamp":1766133505582},"event":{"channel":"progress","type":"think_chunk","step":10,"delta":"location\": \"待确认\",\n","bookmark":{"seq":255,"timestamp":1766133505582}}}
{"cursor":256,"bookmark":{"seq":256,"timestamp":1766133505590},"event":{"channel":"progress","type":"think_chunk","step":10,"delta":"    \"","bookmark":{"seq":256,"timestamp":1766133505590}}}
{"cursor":257,"bookmark":{"seq":257,"timestamp":1766133505629},"event":{"channel":"progress","type":"think_chunk","step":10,"delta":"risk_factors\": [\"","bookmark":{"seq":257,"timestamp":1766133505629}}}
{"cursor":258,"bookmark":{"seq":258,"timestamp":1766133505629},"event":{"channel":"progress","type":"think_chunk","step":10,"delta":"待确认","bookmark":{"seq":258,"timestamp":1766133505629}}}
{"cursor":259,"bookmark":{"seq":259,"timestamp":1766133505629},"event":{"channel":"progress","type":"think_chunk","step":10,"delta":"\"],\n  ","bookmark":{"seq":259,"timestamp":1766133505629}}}
{"cursor":260,"bookmark":{"seq":260,"timestamp":1766133505629},"event":{"channel":"progress","type":"think_chunk","step":10,"delta":"  \"needs\": [\"","bookmark":{"seq":260,"timestamp":1766133505629}}}
{"cursor":261,"bookmark":{"seq":261,"timestamp":1766133505707},"event":{"channel":"progress","type":"think_chunk","step":10,"delta":"重疾","bookmark":{"seq":261,"timestamp":1766133505707}}}
{"cursor":262,"bookmark":{"seq":262,"timestamp":1766133505748},"event":{"channel":"progress","type":"think_chunk","step":10,"delta":"险\"]\n  },\n","bookmark":{"seq":262,"timestamp":1766133505748}}}
{"cursor":263,"bookmark":{"seq":263,"timestamp":1766133505790},"event":{"channel":"progress","type":"think_chunk","step":10,"delta":"  \"insight","bookmark":{"seq":263,"timestamp":1766133505790}}}
{"cursor":264,"bookmark":{"seq":264,"timestamp":1766133505816},"event":{"channel":"progress","type":"think_chunk","step":10,"delta":"_summary\": \"","bookmark":{"seq":264,"timestamp":1766133505816}}}
{"cursor":265,"bookmark":{"seq":265,"timestamp":1766133505850},"event":{"channel":"progress","type":"think_chunk","step":10,"delta":"30岁","bookmark":{"seq":265,"timestamp":1766133505850}}}
{"cursor":266,"bookmark":{"seq":266,"timestamp":1766133506641},"event":{"channel":"progress","type":"think_chunk","step":10,"delta":"男性程序员，","bookmark":{"seq":266,"timestamp":1766133506641}}}
{"cursor":267,"bookmark":{"seq":267,"timestamp":1766133506745},"event":{"channel":"progress","type":"think_chunk","step":10,"delta":"预算1","bookmark":{"seq":267,"timestamp":1766133506745}}}
{"cursor":268,"bookmark":{"seq":268,"timestamp":1766133506757},"event":{"channel":"progress","type":"think_chunk","step":10,"delta":"万元，需要","bookmark":{"seq":268,"timestamp":1766133506757}}}
{"cursor":269,"bookmark":{"seq":269,"timestamp":1766133506757},"event":{"channel":"progress","type":"think_chunk","step":10,"delta":"了解其","bookmark":{"seq":269,"timestamp":1766133506757}}}
{"cursor":270,"bookmark":{"seq":270,"timestamp":1766133506767},"event":{"channel":"progress","type":"think_chunk","step":10,"delta":"年收入以","bookmark":{"seq":270,"timestamp":1766133506767}}}
{"cursor":271,"bookmark":{"seq":271,"timestamp":1766133506798},"event":{"channel":"progress","type":"think_chunk","step":10,"delta":"确定保额合理性","bookmark":{"seq":271,"timestamp":1766133506798}}}
{"cursor":272,"bookmark":{"seq":272,"timestamp":1766133506830},"event":{"channel":"progress","type":"think_chunk","step":10,"delta":"，程序员","bookmark":{"seq":272,"timestamp":1766133506830}}}
{"cursor":273,"bookmark":{"seq":273,"timestamp":1766133506854},"event":{"channel":"progress","type":"think_chunk","step":10,"delta":"职业可能","bookmark":{"seq":273,"timestamp":1766133506854}}}
{"cursor":274,"bookmark":{"seq":274,"timestamp":1766133506887},"event":{"channel":"progress","type":"think_chunk","step":10,"delta":"面临久","bookmark":{"seq":274,"timestamp":1766133506887}}}
{"cursor":275,"bookmark":{"seq":275,"timestamp":1766133506933},"event":{"channel":"progress","type":"think_chunk","step":10,"delta":"坐、压力大","bookmark":{"seq":275,"timestamp":1766133506933}}}
{"cursor":276,"bookmark":{"seq":276,"timestamp":1766133507733},"event":{"channel":"progress","type":"think_chunk","step":10,"delta":"等风险，","bookmark":{"seq":276,"timestamp":1766133507733}}}
{"cursor":277,"bookmark":{"seq":277,"timestamp":1766133507765},"event":{"channel":"progress","type":"think_chunk","step":10,"delta":"重疾","bookmark":{"seq":277,"timestamp":1766133507765}}}
{"cursor":278,"bookmark":{"seq":278,"timestamp":1766133507787},"event":{"channel":"progress","type":"think_chunk","step":10,"delta":"保障","bookmark":{"seq":278,"timestamp":1766133507787}}}
{"cursor":279,"bookmark":{"seq":279,"timestamp":1766133507812},"event":{"channel":"progress","type":"think_chunk","step":10,"delta":"需求较高","bookmark":{"seq":279,"timestamp":1766133507812}}}
{"cursor":280,"bookmark":{"seq":280,"timestamp":1766133507850},"event":{"channel":"progress","type":"think_chunk","step":10,"delta":"。\",\n","bookmark":{"seq":280,"timestamp":1766133507850}}}
{"cursor":281,"bookmark":{"seq":281,"timestamp":1766133507876},"event":{"channel":"progress","type":"think_chunk","step":10,"delta":"  \"recommend","bookmark":{"seq":281,"timestamp":1766133507876}}}
{"cursor":282,"bookmark":{"seq":282,"timestamp":1766133507900},"event":{"channel":"progress","type":"think_chunk","step":10,"delta":"ations\":","bookmark":{"seq":282,"timestamp":1766133507900}}}
{"cursor":283,"bookmark":{"seq":283,"timestamp":1766133507937},"event":{"channel":"progress","type":"think_chunk","step":10,"delta":" [\n  ","bookmark":{"seq":283,"timestamp":1766133507937}}}
{"cursor":284,"bookmark":{"seq":284,"timestamp":1766133507959},"event":{"channel":"progress","type":"think_chunk","step":10,"delta":"  {\n    ","bookmark":{"seq":284,"timestamp":1766133507959}}}
{"cursor":285,"bookmark":{"seq":285,"timestamp":1766133507982},"event":{"channel":"progress","type":"think_chunk","step":10,"delta":"  \"product","bookmark":{"seq":285,"timestamp":1766133507982}}}
{"cursor":286,"bookmark":{"seq":286,"timestamp":1766133508008},"event":{"channel":"progress","type":"think_chunk","step":10,"delta":"_id\":","bookmark":{"seq":286,"timestamp":1766133508008}}}
{"cursor":287,"bookmark":{"seq":287,"timestamp":1766133508039},"event":{"channel":"progress","type":"think_chunk","step":10,"delta":" \"","bookmark":{"seq":287,"timestamp":1766133508039}}}
{"cursor":288,"bookmark":{"seq":288,"timestamp":1766133508068},"event":{"channel":"progress","type":"think_chunk","step":10,"delta":"42\",\n","bookmark":{"seq":288,"timestamp":1766133508068}}}
{"cursor":289,"bookmark":{"seq":289,"timestamp":1766133508095},"event":{"channel":"progress","type":"think_chunk","step":10,"delta":"      \"","bookmark":{"seq":289,"timestamp":1766133508095}}}
{"cursor":290,"bookmark":{"seq":290,"timestamp":1766133508128},"event":{"channel":"progress","type":"think_chunk","step":10,"delta":"product_name","bookmark":{"seq":290,"timestamp":1766133508128}}}
{"cursor":291,"bookmark":{"seq":291,"timestamp":1766133508157},"event":{"channel":"progress","type":"think_chunk","step":10,"delta":"\": \"","bookmark":{"seq":291,"timestamp":1766133508157}}}
{"cursor":292,"bookmark":{"seq":292,"timestamp":1766133508177},"event":{"channel":"progress","type":"think_chunk","step":10,"delta":"友邦","bookmark":{"seq":292,"timestamp":1766133508177}}}
{"cursor":293,"bookmark":{"seq":293,"timestamp":1766133508223},"event":{"channel":"progress","type":"think_chunk","step":10,"delta":"友如意顺心","bookmark":{"seq":293,"timestamp":1766133508223}}}
{"cursor":294,"bookmark":{"seq":294,"timestamp":1766133508257},"event":{"channel":"progress","type":"think_chunk","step":10,"delta":"版（","bookmark":{"seq":294,"timestamp":1766133508257}}}
{"cursor":295,"bookmark":{"seq":295,"timestamp":1766133508373},"event":{"channel":"progress","type":"think_chunk","step":10,"delta":"2025","bookmark":{"seq":295,"timestamp":1766133508373}}}
{"cursor":296,"bookmark":{"seq":296,"timestamp":1766133508383},"event":{"channel":"progress","type":"think_chunk","step":10,"delta":"）重大疾病保险","bookmark":{"seq":296,"timestamp":1766133508383}}}
{"cursor":297,"bookmark":{"seq":297,"timestamp":1766133508410},"event":{"channel":"progress","type":"think_chunk","step":10,"delta":"\",\n    ","bookmark":{"seq":297,"timestamp":1766133508410}}}
{"cursor":298,"bookmark":{"seq":298,"timestamp":1766133508448},"event":{"channel":"progress","type":"think_chunk","step":10,"delta":"  \"product","bookmark":{"seq":298,"timestamp":1766133508448}}}
{"cursor":299,"bookmark":{"seq":299,"timestamp":1766133508539},"event":{"channel":"progress","type":"think_chunk","step":10,"delta":"_type\": \"重","bookmark":{"seq":299,"timestamp":1766133508539}}}
{"cursor":300,"bookmark":{"seq":300,"timestamp":1766133508552},"event":{"channel":"progress","type":"think_chunk","step":10,"delta":"疾险","bookmark":{"seq":300,"timestamp":1766133508552}}}
{"cursor":301,"bookmark":{"seq":301,"timestamp":1766133508571},"event":{"channel":"progress","type":"think_chunk","step":10,"delta":"\",\n    ","bookmark":{"seq":301,"timestamp":1766133508571}}}
{"cursor":302,"bookmark":{"seq":302,"timestamp":1766133508594},"event":{"channel":"progress","type":"think_chunk","step":10,"delta":"  \"customer","bookmark":{"seq":302,"timestamp":1766133508594}}}
{"cursor":303,"bookmark":{"seq":303,"timestamp":1766133508619},"event":{"channel":"progress","type":"think_chunk","step":10,"delta":"_fit\":","bookmark":{"seq":303,"timestamp":1766133508619}}}
{"cursor":304,"bookmark":{"seq":304,"timestamp":1766133508654},"event":{"channel":"progress","type":"think_chunk","step":10,"delta":" \"适合","bookmark":{"seq":304,"timestamp":1766133508654}}}
{"cursor":305,"bookmark":{"seq":305,"timestamp":1766133508678},"event":{"channel":"progress","type":"think_chunk","step":10,"delta":"30岁","bookmark":{"seq":305,"timestamp":1766133508678}}}
{"cursor":306,"bookmark":{"seq":306,"timestamp":1766133508725},"event":{"channel":"progress","type":"think_chunk","step":10,"delta":"年龄段","bookmark":{"seq":306,"timestamp":1766133508725}}}
{"cursor":307,"bookmark":{"seq":307,"timestamp":1766133508742},"event":{"channel":"progress","type":"think_chunk","step":10,"delta":"，保障","bookmark":{"seq":307,"timestamp":1766133508742}}}
{"cursor":308,"bookmark":{"seq":308,"timestamp":1766133508756},"event":{"channel":"progress","type":"think_chunk","step":10,"delta":"期限","bookmark":{"seq":308,"timestamp":1766133508756}}}
{"cursor":309,"bookmark":{"seq":309,"timestamp":1766133508781},"event":{"channel":"progress","type":"think_chunk","step":10,"delta":"终身","bookmark":{"seq":309,"timestamp":1766133508781}}}
{"cursor":310,"bookmark":{"seq":310,"timestamp":1766133508820},"event":{"channel":"progress","type":"think_chunk","step":10,"delta":"，等待","bookmark":{"seq":310,"timestamp":1766133508820}}}
{"cursor":311,"bookmark":{"seq":311,"timestamp":1766133508835},"event":{"channel":"progress","type":"think_chunk","step":10,"delta":"期90","bookmark":{"seq":311,"timestamp":1766133508835}}}
{"cursor":312,"bookmark":{"seq":312,"timestamp":1766133508867},"event":{"channel":"progress","type":"think_chunk","step":10,"delta":"天，覆盖120","bookmark":{"seq":312,"timestamp":1766133508867}}}
{"cursor":313,"bookmark":{"seq":313,"timestamp":1766133508921},"event":{"channel":"progress","type":"think_chunk","step":10,"delta":"种重度","bookmark":{"seq":313,"timestamp":1766133508921}}}
{"cursor":314,"bookmark":{"seq":314,"timestamp":1766133508947},"event":{"channel":"progress","type":"think_chunk","step":10,"delta":"疾病、25种","bookmark":{"seq":314,"timestamp":1766133508947}}}
{"cursor":315,"bookmark":{"seq":315,"timestamp":1766133509013},"event":{"channel":"progress","type":"think_chunk","step":10,"delta":"中度疾病和40","bookmark":{"seq":315,"timestamp":1766133509013}}}
{"cursor":316,"bookmark":{"seq":316,"timestamp":1766133509106},"event":{"channel":"progress","type":"think_chunk","step":10,"delta":"种轻度疾病，多次赔付","bookmark":{"seq":316,"timestamp":1766133509106}}}
{"cursor":317,"bookmark":{"seq":317,"timestamp":1766133509106},"event":{"channel":"progress","type":"think_chunk","step":10,"delta":"特性适合","bookmark":{"seq":317,"timestamp":1766133509106}}}
{"cursor":318,"bookmark":{"seq":318,"timestamp":1766133509118},"event":{"channel":"progress","type":"think_chunk","step":10,"delta":"需要长期保障","bookmark":{"seq":318,"timestamp":1766133509118}}}
{"cursor":319,"bookmark":{"seq":319,"timestamp":1766133509145},"event":{"channel":"progress","type":"think_chunk","step":10,"delta":"的年轻专业人士","bookmark":{"seq":319,"timestamp":1766133509145}}}
{"cursor":320,"bookmark":{"seq":320,"timestamp":1766133509180},"event":{"channel":"progress","type":"think_chunk","step":10,"delta":"。\",\n      \"","bookmark":{"seq":320,"timestamp":1766133509180}}}
{"cursor":321,"bookmark":{"seq":321,"timestamp":1766133509228},"event":{"channel":"progress","type":"think_chunk","step":10,"delta":"coverage_highlights\":","bookmark":{"seq":321,"timestamp":1766133509228}}}
{"cursor":322,"bookmark":{"seq":322,"timestamp":1766133509268},"event":{"channel":"progress","type":"think_chunk","step":10,"delta":" [\"120种重度","bookmark":{"seq":322,"timestamp":1766133509268}}}
{"cursor":323,"bookmark":{"seq":323,"timestamp":1766133509304},"event":{"channel":"progress","type":"think_chunk","step":10,"delta":"疾病\", \"25","bookmark":{"seq":323,"timestamp":1766133509304}}}
{"cursor":324,"bookmark":{"seq":324,"timestamp":1766133509342},"event":{"channel":"progress","type":"think_chunk","step":10,"delta":"种中度疾病\",","bookmark":{"seq":324,"timestamp":1766133509342}}}
{"cursor":325,"bookmark":{"seq":325,"timestamp":1766133509481},"event":{"channel":"progress","type":"think_chunk","step":10,"delta":" \"40种轻度","bookmark":{"seq":325,"timestamp":1766133509481}}}
{"cursor":326,"bookmark":{"seq":326,"timestamp":1766133509492},"event":{"channel":"progress","type":"think_chunk","step":10,"delta":"疾病\",","bookmark":{"seq":326,"timestamp":1766133509492}}}
{"cursor":327,"bookmark":{"seq":327,"timestamp":1766133509535},"event":{"channel":"progress","type":"think_chunk","step":10,"delta":" \"多次赔付机制","bookmark":{"seq":327,"timestamp":1766133509535}}}
{"cursor":328,"bookmark":{"seq":328,"timestamp":1766133509539},"event":{"channel":"progress","type":"think_chunk","step":10,"delta":"\", \"保障","bookmark":{"seq":328,"timestamp":1766133509539}}}
{"cursor":329,"bookmark":{"seq":329,"timestamp":1766133509590},"event":{"channel":"progress","type":"think_chunk","step":10,"delta":"终身\", \"90","bookmark":{"seq":329,"timestamp":1766133509590}}}
{"cursor":330,"bookmark":{"seq":330,"timestamp":1766133509611},"event":{"channel":"progress","type":"think_chunk","step":10,"delta":"天等待期\"],\n","bookmark":{"seq":330,"timestamp":1766133509611}}}
{"cursor":331,"bookmark":{"seq":331,"timestamp":1766133509651},"event":{"channel":"progress","type":"think_chunk","step":10,"delta":"      \"tool_e","bookmark":{"seq":331,"timestamp":1766133509651}}}
{"cursor":332,"bookmark":{"seq":332,"timestamp":1766133509678},"event":{"channel":"progress","type":"think_chunk","step":10,"delta":"vidence\":","bookmark":{"seq":332,"timestamp":1766133509678}}}
{"cursor":333,"bookmark":{"seq":333,"timestamp":1766133509709},"event":{"channel":"progress","type":"think_chunk","step":10,"delta":" [\n        {\n        ","bookmark":{"seq":333,"timestamp":1766133509709}}}
{"cursor":334,"bookmark":{"seq":334,"timestamp":1766133509730},"event":{"channel":"progress","type":"think_chunk","step":10,"delta":"  \"tool\"","bookmark":{"seq":334,"timestamp":1766133509730}}}
{"cursor":335,"bookmark":{"seq":335,"timestamp":1766133509779},"event":{"channel":"progress","type":"think_chunk","step":10,"delta":": \"insurance_filter","bookmark":{"seq":335,"timestamp":1766133509779}}}
{"cursor":336,"bookmark":{"seq":336,"timestamp":1766133509803},"event":{"channel":"progress","type":"think_chunk","step":10,"delta":"\",\n        ","bookmark":{"seq":336,"timestamp":1766133509803}}}
{"cursor":337,"bookmark":{"seq":337,"timestamp":1766133509868},"event":{"channel":"progress","type":"think_chunk","step":10,"delta":"  \"query\": \"","bookmark":{"seq":337,"timestamp":1766133509868}}}
{"cursor":338,"bookmark":{"seq":338,"timestamp":1766133509883},"event":{"channel":"progress","type":"think_chunk","step":10,"delta":"age_min=30","bookmark":{"seq":338,"timestamp":1766133509883}}}
{"cursor":339,"bookmark":{"seq":339,"timestamp":1766133509928},"event":{"channel":"progress","type":"think_chunk","step":10,"delta":", age_max=","bookmark":{"seq":339,"timestamp":1766133509928}}}
{"cursor":340,"bookmark":{"seq":340,"timestamp":1766133509935},"event":{"channel":"progress","type":"think_chunk","step":10,"delta":"30,","bookmark":{"seq":340,"timestamp":1766133509935}}}
{"cursor":341,"bookmark":{"seq":341,"timestamp":1766133509959},"event":{"channel":"progress","type":"think_chunk","step":10,"delta":" product_type=重","bookmark":{"seq":341,"timestamp":1766133509959}}}
{"cursor":342,"bookmark":{"seq":342,"timestamp":1766133509995},"event":{"channel":"progress","type":"think_chunk","step":10,"delta":"疾险\",\n        ","bookmark":{"seq":342,"timestamp":1766133509995}}}
{"cursor":343,"bookmark":{"seq":343,"timestamp":1766133510021},"event":{"channel":"progress","type":"think_chunk","step":10,"delta":"  \"e","bookmark":{"seq":343,"timestamp":1766133510021}}}
{"cursor":344,"bookmark":{"seq":344,"timestamp":1766133510051},"event":{"channel":"progress","type":"think_chunk","step":10,"delta":"vidence\": \"筛选","bookmark":{"seq":344,"timestamp":1766133510051}}}
{"cursor":345,"bookmark":{"seq":345,"timestamp":1766133510077},"event":{"channel":"progress","type":"think_chunk","step":10,"delta":"出4","bookmark":{"seq":345,"timestamp":1766133510077}}}
{"cursor":346,"bookmark":{"seq":346,"timestamp":1766133510106},"event":{"channel":"progress","type":"think_chunk","step":10,"delta":"款适合30岁的","bookmark":{"seq":346,"timestamp":1766133510106}}}
{"cursor":347,"bookmark":{"seq":347,"timestamp":1766133510150},"event":{"channel":"progress","type":"think_chunk","step":10,"delta":"重疾险产品","bookmark":{"seq":347,"timestamp":1766133510150}}}
{"cursor":348,"bookmark":{"seq":348,"timestamp":1766133510189},"event":{"channel":"progress","type":"think_chunk","step":10,"delta":"，包括","bookmark":{"seq":348,"timestamp":1766133510189}}}
{"cursor":349,"bookmark":{"seq":349,"timestamp":1766133510260},"event":{"channel":"progress","type":"think_chunk","step":10,"delta":"友邦友","bookmark":{"seq":349,"timestamp":1766133510260}}}
{"cursor":350,"bookmark":{"seq":350,"timestamp":1766133510292},"event":{"channel":"progress","type":"think_chunk","step":10,"delta":"如意顺心版（202","bookmark":{"seq":350,"timestamp":1766133510292}}}
{"cursor":351,"bookmark":{"seq":351,"timestamp":1766133510345},"event":{"channel":"progress","type":"think_chunk","step":10,"delta":"5）\"\n        },\n      ","bookmark":{"seq":351,"timestamp":1766133510345}}}
{"cursor":352,"bookmark":{"seq":352,"timestamp":1766133510360},"event":{"channel":"progress","type":"think_chunk","step":10,"delta":"  {\n        ","bookmark":{"seq":352,"timestamp":1766133510360}}}
{"cursor":353,"bookmark":{"seq":353,"timestamp":1766133510402},"event":{"channel":"progress","type":"think_chunk","step":10,"delta":"  \"tool\": \"","bookmark":{"seq":353,"timestamp":1766133510402}}}
{"cursor":354,"bookmark":{"seq":354,"timestamp":1766133510413},"event":{"channel":"progress","type":"think_chunk","step":10,"delta":"insurance_ins","bookmark":{"seq":354,"timestamp":1766133510413}}}
{"cursor":355,"bookmark":{"seq":355,"timestamp":1766133510435},"event":{"channel":"progress","type":"think_chunk","step":10,"delta":"pect\",\n","bookmark":{"seq":355,"timestamp":1766133510435}}}
{"cursor":356,"bookmark":{"seq":356,"timestamp":1766133510471},"event":{"channel":"progress","type":"think_chunk","step":10,"delta":"          \"query\":","bookmark":{"seq":356,"timestamp":1766133510471}}}
{"cursor":357,"bookmark":{"seq":357,"timestamp":1766133510507},"event":{"channel":"progress","type":"think_chunk","step":10,"delta":" \"product_id","bookmark":{"seq":357,"timestamp":1766133510507}}}
{"cursor":358,"bookmark":{"seq":358,"timestamp":1766133510544},"event":{"channel":"progress","type":"think_chunk","step":10,"delta":"=42,","bookmark":{"seq":358,"timestamp":1766133510544}}}
{"cursor":359,"bookmark":{"seq":359,"timestamp":1766133510559},"event":{"channel":"progress","type":"think_chunk","step":10,"delta":" fields=coverag","bookmark":{"seq":359,"timestamp":1766133510559}}}
{"cursor":360,"bookmark":{"seq":360,"timestamp":1766133510579},"event":{"channel":"progress","type":"think_chunk","step":10,"delta":"e,","bookmark":{"seq":360,"timestamp":1766133510579}}}
{"cursor":361,"bookmark":{"seq":361,"timestamp":1766133510601},"event":{"channel":"progress","type":"think_chunk","step":10,"delta":"extend_info","bookmark":{"seq":361,"timestamp":1766133510601}}}
{"cursor":362,"bookmark":{"seq":362,"timestamp":1766133510632},"event":{"channel":"progress","type":"think_chunk","step":10,"delta":".ill","bookmark":{"seq":362,"timestamp":1766133510632}}}
{"cursor":363,"bookmark":{"seq":363,"timestamp":1766133510709},"event":{"channel":"progress","type":"think_chunk","step":10,"delta":"ness_features","bookmark":{"seq":363,"timestamp":1766133510709}}}
{"cursor":364,"bookmark":{"seq":364,"timestamp":1766133510709},"event":{"channel":"progress","type":"think_chunk","step":10,"delta":"\",\n        ","bookmark":{"seq":364,"timestamp":1766133510709}}}
{"cursor":365,"bookmark":{"seq":365,"timestamp":1766133510721},"event":{"channel":"progress","type":"think_chunk","step":10,"delta":"  \"evidence\":","bookmark":{"seq":365,"timestamp":1766133510721}}}
{"cursor":366,"bookmark":{"seq":366,"timestamp":1766133510756},"event":{"channel":"progress","type":"think_chunk","step":10,"delta":" \"友邦友","bookmark":{"seq":366,"timestamp":1766133510756}}}
{"cursor":367,"bookmark":{"seq":367,"timestamp":1766133510784},"event":{"channel":"progress","type":"think_chunk","step":10,"delta":"如意顺","bookmark":{"seq":367,"timestamp":1766133510784}}}
{"cursor":368,"bookmark":{"seq":368,"timestamp":1766133510818},"event":{"channel":"progress","type":"think_chunk","step":10,"delta":"心版","bookmark":{"seq":368,"timestamp":1766133510818}}}
{"cursor":369,"bookmark":{"seq":369,"timestamp":1766133510847},"event":{"channel":"progress","type":"think_chunk","step":10,"delta":"（2025）","bookmark":{"seq":369,"timestamp":1766133510847}}}
{"cursor":370,"bookmark":{"seq":370,"timestamp":1766133510871},"event":{"channel":"progress","type":"think_chunk","step":10,"delta":"覆盖120种重","bookmark":{"seq":370,"timestamp":1766133510871}}}
{"cursor":371,"bookmark":{"seq":371,"timestamp":1766133510916},"event":{"channel":"progress","type":"think_chunk","step":10,"delta":"度","bookmark":{"seq":371,"timestamp":1766133510916}}}
{"cursor":372,"bookmark":{"seq":372,"timestamp":1766133510941},"event":{"channel":"progress","type":"think_chunk","step":10,"delta":"疾病、25种","bookmark":{"seq":372,"timestamp":1766133510941}}}
{"cursor":373,"bookmark":{"seq":373,"timestamp":1766133511010},"event":{"channel":"progress","type":"think_chunk","step":10,"delta":"中度疾病","bookmark":{"seq":373,"timestamp":1766133511010}}}
{"cursor":374,"bookmark":{"seq":374,"timestamp":1766133511030},"event":{"channel":"progress","type":"think_chunk","step":10,"delta":"和40种轻度疾病，","bookmark":{"seq":374,"timestamp":1766133511030}}}
{"cursor":375,"bookmark":{"seq":375,"timestamp":1766133511060},"event":{"channel":"progress","type":"think_chunk","step":10,"delta":"有多次赔付","bookmark":{"seq":375,"timestamp":1766133511060}}}
{"cursor":376,"bookmark":{"seq":376,"timestamp":1766133511082},"event":{"channel":"progress","type":"think_chunk","step":10,"delta":"机制\"\n","bookmark":{"seq":376,"timestamp":1766133511082}}}
{"cursor":377,"bookmark":{"seq":377,"timestamp":1766133511111},"event":{"channel":"progress","type":"think_chunk","step":10,"delta":"        }\n","bookmark":{"seq":377,"timestamp":1766133511111}}}
{"cursor":378,"bookmark":{"seq":378,"timestamp":1766133511152},"event":{"channel":"progress","type":"think_chunk","step":10,"delta":"      ],\n      \"","bookmark":{"seq":378,"timestamp":1766133511152}}}
{"cursor":379,"bookmark":{"seq":379,"timestamp":1766133511177},"event":{"channel":"progress","type":"think_chunk","step":10,"delta":"disclaimer","bookmark":{"seq":379,"timestamp":1766133511177}}}
{"cursor":380,"bookmark":{"seq":380,"timestamp":1766133511195},"event":{"channel":"progress","type":"think_chunk","step":10,"delta":"\": \"","bookmark":{"seq":380,"timestamp":1766133511195}}}
{"cursor":381,"bookmark":{"seq":381,"timestamp":1766133511224},"event":{"channel":"progress","type":"think_chunk","step":10,"delta":"所有推荐","bookmark":{"seq":381,"timestamp":1766133511224}}}
{"cursor":382,"bookmark":{"seq":382,"timestamp":1766133511249},"event":{"channel":"progress","type":"think_chunk","step":10,"delta":"以实际","bookmark":{"seq":382,"timestamp":1766133511249}}}
{"cursor":383,"bookmark":{"seq":383,"timestamp":1766133511263},"event":{"channel":"progress","type":"think_chunk","step":10,"delta":"核保","bookmark":{"seq":383,"timestamp":1766133511263}}}
{"cursor":384,"bookmark":{"seq":384,"timestamp":1766133511289},"event":{"channel":"progress","type":"think_chunk","step":10,"delta":"及条款","bookmark":{"seq":384,"timestamp":1766133511289}}}
{"cursor":385,"bookmark":{"seq":385,"timestamp":1766133511483},"event":{"channel":"progress","type":"think_chunk","step":10,"delta":"为准。具体保费","bookmark":{"seq":385,"timestamp":1766133511483}}}
{"cursor":386,"bookmark":{"seq":386,"timestamp":1766133511494},"event":{"channel":"progress","type":"think_chunk","step":10,"delta":"需结合","bookmark":{"seq":386,"timestamp":1766133511494}}}
{"cursor":387,"bookmark":{"seq":387,"timestamp":1766133511500},"event":{"channel":"progress","type":"think_chunk","step":10,"delta":"个人","bookmark":{"seq":387,"timestamp":1766133511500}}}
{"cursor":388,"bookmark":{"seq":388,"timestamp":1766133511502},"event":{"channel":"progress","type":"think_chunk","step":10,"delta":"健康状况、","bookmark":{"seq":388,"timestamp":1766133511502}}}
{"cursor":389,"bookmark":{"seq":389,"timestamp":1766133511509},"event":{"channel":"progress","type":"think_chunk","step":10,"delta":"保额需求和","bookmark":{"seq":389,"timestamp":1766133511509}}}
{"cursor":390,"bookmark":{"seq":390,"timestamp":1766133511510},"event":{"channel":"progress","type":"think_chunk","step":10,"delta":"投保","bookmark":{"seq":390,"timestamp":1766133511510}}}
{"cursor":391,"bookmark":{"seq":391,"timestamp":1766133511520},"event":{"channel":"progress","type":"think_chunk","step":10,"delta":"计划","bookmark":{"seq":391,"timestamp":1766133511520}}}
{"cursor":392,"bookmark":{"seq":392,"timestamp":1766133511524},"event":{"channel":"progress","type":"think_chunk","step":10,"delta":"计算。","bookmark":{"seq":392,"timestamp":1766133511524}}}
{"cursor":393,"bookmark":{"seq":393,"timestamp":1766133511566},"event":{"channel":"progress","type":"think_chunk","step":10,"delta":"\"\n    }\n","bookmark":{"seq":393,"timestamp":1766133511566}}}
{"cursor":394,"bookmark":{"seq":394,"timestamp":1766133511626},"event":{"channel":"progress","type":"think_chunk","step":10,"delta":"  ],\n  \"","bookmark":{"seq":394,"timestamp":1766133511626}}}
{"cursor":395,"bookmark":{"seq":395,"timestamp":1766133511648},"event":{"channel":"progress","type":"think_chunk","step":10,"delta":"questions\": [\n    \"您的","bookmark":{"seq":395,"timestamp":1766133511648}}}
{"cursor":396,"bookmark":{"seq":396,"timestamp":1766133511696},"event":{"channel":"progress","type":"think_chunk","step":10,"delta":"年收入大概是多少？","bookmark":{"seq":396,"timestamp":1766133511696}}}
{"cursor":397,"bookmark":{"seq":397,"timestamp":1766133511735},"event":{"channel":"progress","type":"think_chunk","step":10,"delta":"(有助于","bookmark":{"seq":397,"timestamp":1766133511735}}}
{"cursor":398,"bookmark":{"seq":398,"timestamp":1766133511775},"event":{"channel":"progress","type":"think_chunk","step":10,"delta":"评估合适的保额","bookmark":{"seq":398,"timestamp":1766133511775}}}
{"cursor":399,"bookmark":{"seq":399,"timestamp":1766133511829},"event":{"channel":"progress","type":"think_chunk","step":10,"delta":")\",\n    \"您","bookmark":{"seq":399,"timestamp":1766133511829}}}
{"cursor":400,"bookmark":{"seq":400,"timestamp":1766133511852},"event":{"channel":"progress","type":"think_chunk","step":10,"delta":"是否有已知的","bookmark":{"seq":400,"timestamp":1766133511852}}}
{"cursor":401,"bookmark":{"seq":401,"timestamp":1766133511891},"event":{"channel":"progress","type":"think_chunk","step":10,"delta":"健康问题或家族","bookmark":{"seq":401,"timestamp":1766133511891}}}
{"cursor":402,"bookmark":{"seq":402,"timestamp":1766133511934},"event":{"channel":"progress","type":"think_chunk","step":10,"delta":"病史？\"\n","bookmark":{"seq":402,"timestamp":1766133511934}}}
{"cursor":403,"bookmark":{"seq":403,"timestamp":1766133511953},"event":{"channel":"progress","type":"think_chunk","step":10,"delta":"  ],\n","bookmark":{"seq":403,"timestamp":1766133511953}}}
{"cursor":404,"bookmark":{"seq":404,"timestamp":1766133511992},"event":{"channel":"progress","type":"think_chunk","step":10,"delta":"  \"next_actions\":","bookmark":{"seq":404,"timestamp":1766133511992}}}
{"cursor":405,"bookmark":{"seq":405,"timestamp":1766133512010},"event":{"channel":"progress","type":"think_chunk","step":10,"delta":" [\n  ","bookmark":{"seq":405,"timestamp":1766133512010}}}
{"cursor":406,"bookmark":{"seq":406,"timestamp":1766133512052},"event":{"channel":"progress","type":"think_chunk","step":10,"delta":"  \"建议提供更多信息","bookmark":{"seq":406,"timestamp":1766133512052}}}
{"cursor":407,"bookmark":{"seq":407,"timestamp":1766133512074},"event":{"channel":"progress","type":"think_chunk","step":10,"delta":"以便","bookmark":{"seq":407,"timestamp":1766133512074}}}
{"cursor":408,"bookmark":{"seq":408,"timestamp":1766133512138},"event":{"channel":"progress","type":"think_chunk","step":10,"delta":"计算精确","bookmark":{"seq":408,"timestamp":1766133512138}}}
{"cursor":409,"bookmark":{"seq":409,"timestamp":1766133512159},"event":{"channel":"progress","type":"think_chunk","step":10,"delta":"保费和推荐","bookmark":{"seq":409,"timestamp":1766133512159}}}
{"cursor":410,"bookmark":{"seq":410,"timestamp":1766133512176},"event":{"channel":"progress","type":"think_chunk","step":10,"delta":"合适的保","bookmark":{"seq":410,"timestamp":1766133512176}}}
{"cursor":411,"bookmark":{"seq":411,"timestamp":1766133512198},"event":{"channel":"progress","type":"think_chunk","step":10,"delta":"额","bookmark":{"seq":411,"timestamp":1766133512198}}}
{"cursor":412,"bookmark":{"seq":412,"timestamp":1766133512226},"event":{"channel":"progress","type":"think_chunk","step":10,"delta":"方案","bookmark":{"seq":412,"timestamp":1766133512226}}}
{"cursor":413,"bookmark":{"seq":413,"timestamp":1766133512279},"event":{"channel":"progress","type":"think_chunk","step":10,"delta":"\",\n    \"如","bookmark":{"seq":413,"timestamp":1766133512279}}}
{"cursor":414,"bookmark":{"seq":414,"timestamp":1766133512316},"event":{"channel":"progress","type":"think_chunk","step":10,"delta":"需进一步了解产品","bookmark":{"seq":414,"timestamp":1766133512316}}}
{"cursor":415,"bookmark":{"seq":415,"timestamp":1766133512371},"event":{"channel":"progress","type":"think_chunk","step":10,"delta":"详情，","bookmark":{"seq":415,"timestamp":1766133512371}}}
{"cursor":416,"bookmark":{"seq":416,"timestamp":1766133512412},"event":{"channel":"progress","type":"think_chunk","step":10,"delta":"可查看保险条款或咨询专业","bookmark":{"seq":416,"timestamp":1766133512412}}}
{"cursor":417,"bookmark":{"seq":417,"timestamp":1766133512442},"event":{"channel":"progress","type":"think_chunk","step":10,"delta":"顾问\"\n  ]\n","bookmark":{"seq":417,"timestamp":1766133512442}}}
{"cursor":418,"bookmark":{"seq":418,"timestamp":1766133512467},"event":{"channel":"progress","type":"think_chunk","step":10,"delta":"}\n```","bookmark":{"seq":418,"timestamp":1766133512467}}}
{"cursor":419,"bookmark":{"seq":419,"timestamp":1766133512597},"event":{"channel":"progress","type":"think_chunk_end","step":10,"bookmark":{"seq":419,"timestamp":1766133512597}}}
{"cursor":421,"bookmark":{"seq":421,"timestamp":1766133512608},"event":{"channel":"progress","type":"done","step":10,"reason":"completed","bookmark":{"seq":421,"timestamp":1766133512608}}}
